02-28 18:50:32.038  9186  9186 E TransferService: No notification is passed in the intent. Unable to transition to foreground.
02-28 18:52:19.778  9186  9186 W NearbyFragment: Completed downloading test00.mp4 in 00.856s
02-28 18:52:31.754  9186 14780 W Summariser: 2 active sections found
02-28 18:53:06.246  9186 14780 W Summariser: Summarisation completed
02-28 18:53:06.246  9186 14780 W Summariser:   filename: /storage/emulated/0/Download/Nearby/test00.mp4
02-28 18:53:06.246  9186 14780 W Summariser:   time: 45.299s
02-28 18:53:06.246  9186 14780 W Summariser:   noise tolerance: 60.00
02-28 18:53:06.246  9186 14780 W Summariser:   quality: 23
02-28 18:53:06.246  9186 14780 W Summariser:   speed: medium
02-28 18:53:10.182  9186  9186 W NearbyFragment: Completed downloading test04.mp4 in 03.694s
02-28 18:53:20.577  9186 15830 W Summariser: One active section found
02-28 18:53:20.647  9186 15830 W Summariser: Summarisation completed
02-28 18:53:20.647  9186 15830 W Summariser:   filename: /storage/emulated/0/Download/Nearby/test04.mp4
02-28 18:53:20.647  9186 15830 W Summariser:   time: 10.125s
02-28 18:53:20.647  9186 15830 W Summariser:   noise tolerance: 60.00
02-28 18:53:20.647  9186 15830 W Summariser:   quality: 23
02-28 18:53:20.647  9186 15830 W Summariser:   speed: medium
02-28 18:53:23.137  9186  9186 W NearbyFragment: Completed downloading test05.mp4 in 02.218s
02-28 18:53:35.607  9186 16173 W Summariser: One active section found
02-28 18:53:35.692  9186 16173 W Summariser: Summarisation completed
02-28 18:53:35.692  9186 16173 W Summariser:   filename: /storage/emulated/0/Download/Nearby/test05.mp4
02-28 18:53:35.692  9186 16173 W Summariser:   time: 12.320s
02-28 18:53:35.692  9186 16173 W Summariser:   noise tolerance: 60.00
02-28 18:53:35.692  9186 16173 W Summariser:   quality: 23
02-28 18:53:35.692  9186 16173 W Summariser:   speed: medium
02-28 18:53:36.210  9186  9196 W System  : A resource failed to call close.
02-28 18:53:36.211  9186  9196 W System  : A resource failed to call close.
02-28 18:53:40.554  9186  9186 W NearbyFragment: Completed downloading test06.mp4 in 04.537s
02-28 18:54:01.736  9186 16540 W Summariser: 3 active sections found
02-28 18:57:39.936  9186 16540 W Summariser: Summarisation completed
02-28 18:57:39.936  9186 16540 W Summariser:   filename: /storage/emulated/0/Download/Nearby/test06.mp4
02-28 18:57:39.936  9186 16540 W Summariser:   time: 238.872s
02-28 18:57:39.936  9186 16540 W Summariser:   noise tolerance: 60.00
02-28 18:57:39.936  9186 16540 W Summariser:   quality: 23
02-28 18:57:39.936  9186 16540 W Summariser:   speed: medium
02-28 18:57:42.565  9186  9186 W NearbyFragment: Completed downloading test08.mp4 in 02.045s
02-28 18:59:02.345  9186 22443 W Summariser: One active section found
02-28 18:59:02.486  9186 22443 W Summariser: Summarisation completed
02-28 18:59:02.486  9186 22443 W Summariser:   filename: /storage/emulated/0/Download/Nearby/test08.mp4
02-28 18:59:02.486  9186 22443 W Summariser:   time: 27.943s
02-28 18:59:02.486  9186 22443 W Summariser:   noise tolerance: 60.00
02-28 18:59:02.486  9186 22443 W Summariser:   quality: 23
02-28 18:59:02.486  9186 22443 W Summariser:   speed: medium
02-28 18:59:04.760  9186  9186 W NearbyFragment: Completed downloading test09.mp4 in 01.708s
02-28 18:59:33.320  9186 23534 W Summariser: One active section found
02-28 18:59:33.455  9186 23534 W Summariser: Summarisation completed
02-28 18:59:33.455  9186 23534 W Summariser:   filename: /storage/emulated/0/Download/Nearby/test09.mp4
02-28 18:59:33.455  9186 23534 W Summariser:   time: 28.155s
02-28 18:59:33.455  9186 23534 W Summariser:   noise tolerance: 60.00
02-28 18:59:33.455  9186 23534 W Summariser:   quality: 23
02-28 18:59:33.455  9186 23534 W Summariser:   speed: medium
02-28 18:59:35.742  9186  9186 W NearbyFragment: Completed downloading test10.mp4 in 02.038s
02-28 18:59:48.835  9186  9196 W System  : A resource failed to call close.
02-28 18:59:48.838  9186  9196 W System  : A resource failed to call close.
02-28 19:00:04.600  9186 24003 W Summariser: One active section found
02-28 19:00:04.733  9186 24003 W Summariser: Summarisation completed
02-28 19:00:04.733  9186 24003 W Summariser:   filename: /storage/emulated/0/Download/Nearby/test10.mp4
02-28 19:00:04.733  9186 24003 W Summariser:   time: 28.642s
02-28 19:00:04.733  9186 24003 W Summariser:   noise tolerance: 60.00
02-28 19:00:04.733  9186 24003 W Summariser:   quality: 23
02-28 19:00:04.733  9186 24003 W Summariser:   speed: medium
02-28 19:00:09.372  9186  9186 W NearbyFragment: Completed downloading test11.mp4 in 04.384s
02-28 19:00:43.057  9186 24852 W Summariser: One active section found
02-28 19:00:43.356  9186 24852 W Summariser: Summarisation completed
02-28 19:00:43.356  9186 24852 W Summariser:   filename: /storage/emulated/0/Download/Nearby/test11.mp4
02-28 19:00:43.356  9186 24852 W Summariser:   time: 33.646s
02-28 19:00:43.356  9186 24852 W Summariser:   noise tolerance: 60.00
02-28 19:00:43.356  9186 24852 W Summariser:   quality: 23
02-28 19:00:43.356  9186 24852 W Summariser:   speed: medium
