# ds-sim server S1-06May, 2019 (COMP335@MQ)
# Server-side simulator started with './ds-server -v all -c ds-config2.xml'
# Waiting for connection to port 8096 of IP address 127.0.0.1
RCVD HELO
SENT OK
RCVD AUTH comp335
# Welcome  comp335!
# The system information can be read from 'system.xml'
SENT OK
RCVD REDY
SENT JOBN 83 0 37232 2 500 600
RCVD RESC All
SENT DATA
RCVD OK
SENT medium 0 0 143 2 16000 64000
RCVD OK
SENT medium 1 0 143 2 16000 64000
RCVD OK
SENT small 0 0 143 1 4000 16000
RCVD OK
SENT small 1 0 143 1 4000 16000
RCVD OK
SENT .
RCVD SCHD 0 medium 0
t:         83 job     0 (waiting) on # 0 of server medium (booting) SCHEDULED
SENT OK
RCVD REDY
t:        143 job     0 on # 0 of server medium RUNNING
SENT JOBN 290 1 899 1 400 1200
RCVD RESC All
SENT DATA
RCVD OK
SENT medium 0 3 -1 0 15500 63400
RCVD OK
SENT medium 1 0 350 2 16000 64000
RCVD OK
SENT small 0 0 350 1 4000 16000
RCVD OK
SENT small 1 0 350 1 4000 16000
RCVD OK
SENT .
RCVD SCHD 1 small 0
t:        290 job     1 (waiting) on # 0 of server small (booting) SCHEDULED
SENT OK
RCVD REDY
SENT JOBN 336 2 129 2 2100 2800
RCVD RESC All
SENT DATA
RCVD OK
SENT medium 0 3 -1 0 15500 63400
RCVD OK
SENT medium 1 0 396 2 16000 64000
RCVD OK
SENT small 0 1 -1 0 3600 14800
RCVD OK
SENT small 1 0 396 1 4000 16000
RCVD OK
SENT .
RCVD SCHD 2 medium 1
t:        336 job     2 (waiting) on # 1 of server medium (booting) SCHEDULED
SENT OK
RCVD REDY
t:        350 job     1 on # 0 of server small RUNNING
t:        396 job     2 on # 1 of server medium RUNNING
SENT JOBN 443 3 282 2 500 1100
RCVD RESC All
SENT DATA
RCVD OK
SENT medium 0 3 -1 0 15500 63400
RCVD OK
SENT medium 1 3 -1 0 13900 61200
RCVD OK
SENT small 0 3 -1 0 3600 14800
RCVD OK
SENT small 1 0 503 1 4000 16000
RCVD OK
SENT .
RCVD SCHD 3 medium 0
t:        443 job     3 (waiting) on # 0 of server medium (active) SCHEDULED
SENT OK
RCVD REDY
SENT JOBN 848 4 1431 2 2000 3800
RCVD RESC All
SENT DATA
RCVD OK
SENT medium 0 3 -1 0 15500 63400
RCVD OK
SENT medium 1 3 -1 0 13900 61200
RCVD OK
SENT small 0 3 -1 0 3600 14800
RCVD OK
SENT small 1 0 908 1 4000 16000
RCVD OK
SENT .
RCVD SCHD 4 medium 0
t:        848 job     4 (waiting) on # 0 of server medium (active) SCHEDULED
SENT OK
RCVD REDY
t:       1249 job     1 on # 0 of server small COMPLETED
t:       1341 job     2 on # 1 of server medium COMPLETED
SENT JOBN 1347 5 604 1 800 1400
RCVD RESC All
SENT DATA
RCVD OK
SENT medium 0 3 -1 0 15500 63400
RCVD OK
SENT medium 1 2 1347 2 16000 64000
RCVD OK
SENT small 0 2 1347 1 4000 16000
RCVD OK
SENT small 1 0 1407 1 4000 16000
RCVD OK
SENT .
RCVD SCHD 5 small 0
t:       1347 job     5 (running) on # 0 of server small (active) SCHEDULED
t:       1347 job     5 on # 0 of server small RUNNING
SENT OK
RCVD REDY
SENT JOBN 1830 6 709 1 900 200
RCVD RESC All
SENT DATA
RCVD OK
SENT medium 0 3 -1 0 15500 63400
RCVD OK
SENT medium 1 2 1830 2 16000 64000
RCVD OK
SENT small 0 3 -1 0 3200 14600
RCVD OK
SENT small 1 0 1890 1 4000 16000
RCVD OK
SENT .
RCVD SCHD 6 small 1
t:       1830 job     6 (waiting) on # 1 of server small (booting) SCHEDULED
SENT OK
RCVD REDY
t:       1890 job     6 on # 1 of server small RUNNING
SENT JOBN 1914 7 26259 1 1000 900
RCVD RESC All
SENT DATA
RCVD OK
SENT medium 0 3 -1 0 15500 63400
RCVD OK
SENT medium 1 2 1914 2 16000 64000
RCVD OK
SENT small 0 3 -1 0 3200 14600
RCVD OK
SENT small 1 3 -1 0 3100 15800
RCVD OK
SENT .
RCVD SCHD 7 medium 1
t:       1914 job     7 (running) on # 1 of server medium (active) SCHEDULED
t:       1914 job     7 on # 1 of server medium RUNNING
SENT OK
RCVD REDY
t:       1951 job     5 on # 0 of server small COMPLETED
t:       2288 job     6 on # 1 of server small COMPLETED
SENT JOBN 2602 8 477 1 800 1700
RCVD RESC All
SENT DATA
RCVD OK
SENT medium 0 3 -1 0 15500 63400
RCVD OK
SENT medium 1 3 -1 1 15000 63100
RCVD OK
SENT small 0 2 2602 1 4000 16000
RCVD OK
SENT small 1 2 2602 1 4000 16000
RCVD OK
SENT .
RCVD SCHD 8 small 0
t:       2602 job     8 (running) on # 0 of server small (active) SCHEDULED
t:       2602 job     8 on # 0 of server small RUNNING
SENT OK
RCVD REDY
SENT JOBN 2864 9 47267 2 1500 1000
RCVD RESC All
SENT DATA
RCVD OK
SENT medium 0 3 -1 0 15500 63400
RCVD OK
SENT medium 1 3 -1 1 15000 63100
RCVD OK
SENT small 0 3 -1 0 3200 14300
RCVD OK
SENT small 1 2 2864 1 4000 16000
RCVD OK
SENT .
RCVD SCHD 9 medium 0
t:       2864 job     9 (waiting) on # 0 of server medium (active) SCHEDULED
SENT OK
RCVD REDY
SENT NONE
RCVD QUIT
t:       2962 job     8 on # 0 of server small COMPLETED
t:      19466 job     0 on # 0 of server medium COMPLETED
t:      19466 job     3 on # 0 of server medium RUNNING
t:      19708 job     3 on # 0 of server medium COMPLETED
t:      19708 job     4 on # 0 of server medium RUNNING
t:      24285 job     4 on # 0 of server medium COMPLETED
t:      24285 job     9 on # 0 of server medium RUNNING
t:      73758 job     7 on # 1 of server medium COMPLETED
t:     104842 job     9 on # 0 of server medium COMPLETED
SENT QUIT
# ---------------------------------------------------------------------------
# 2 medium servers used with a utilisation of 99.61 at the cost of $19.72
# 2 small servers used with a utilisation of 85.66 at the cost of $0.13
# ================================ [ Total ] ================================
# Total #servers used: 4, avg utilisation: 92.64 and total cost: $19.85
