# ds-sim server 12-Aug, 2019 @ MQ
# Server-side simulator started with './ds-server -n -v brief -c configs/scheduling/ds-config2.xml'
# Waiting for connection to port 49152 of IP address 127.0.0.1
RCVD HELO
SENT OK
RCVD AUTH jak0723
# Welcome  jak0723!
# The system information can be read from 'system.xml'
SENT OK
RCVD REDY
SENT JOBN 84 0 37232 2 500 600
RCVD SCHD 0 medium 0
t:         84 job     0 (waiting) on # 0 of server medium (booting) SCHEDULED
SENT OK
RCVD REDY
t:        144 job     0 on # 0 of server medium RUNNING
SENT JOBN 292 1 899 1 400 1200
RCVD SCHD 1 medium 1
t:        292 job     1 (waiting) on # 1 of server medium (booting) SCHEDULED
SENT OK
RCVD REDY
SENT JOBN 339 2 129 2 2100 2800
RCVD SCHD 2 medium 0
t:        339 job     2 (waiting) on # 0 of server medium (active) SCHEDULED
SENT OK
RCVD REDY
t:        352 job     1 on # 1 of server medium RUNNING
SENT JOBN 447 3 282 2 500 1100
RCVD SCHD 3 medium 0
t:        447 job     3 (waiting) on # 0 of server medium (active) SCHEDULED
SENT OK
RCVD REDY
SENT JOBN 853 4 1431 2 2000 3800
RCVD SCHD 4 medium 0
t:        853 job     4 (waiting) on # 0 of server medium (active) SCHEDULED
SENT OK
RCVD REDY
t:       1251 job     1 on # 1 of server medium COMPLETED
SENT JOBN 1353 5 604 1 800 1400
RCVD SCHD 5 small 0
t:       1353 job     5 (waiting) on # 0 of server small (booting) SCHEDULED
SENT OK
RCVD REDY
t:       1413 job     5 on # 0 of server small RUNNING
SENT JOBN 1837 6 709 1 900 200
RCVD SCHD 6 small 1
t:       1837 job     6 (waiting) on # 1 of server small (booting) SCHEDULED
SENT OK
RCVD REDY
t:       1897 job     6 on # 1 of server small RUNNING
SENT JOBN 1922 7 26259 1 1000 900
RCVD SCHD 7 medium 1
t:       1922 job     7 (running) on # 1 of server medium (active) SCHEDULED
t:       1922 job     7 on # 1 of server medium RUNNING
SENT OK
RCVD REDY
t:       2017 job     5 on # 0 of server small COMPLETED
t:       2295 job     6 on # 1 of server small COMPLETED
SENT JOBN 2611 8 477 1 800 1700
RCVD SCHD 8 medium 1
t:       2611 job     8 (running) on # 1 of server medium (active) SCHEDULED
t:       2611 job     8 on # 1 of server medium RUNNING
SENT OK
RCVD REDY
SENT JOBN 2874 9 47267 2 1500 1000
RCVD SCHD 9 medium 0
t:       2874 job     9 (waiting) on # 0 of server medium (active) SCHEDULED
SENT OK
RCVD REDY
SENT NONE
RCVD QUIT
t:       2971 job     8 on # 1 of server medium COMPLETED
t:      19467 job     0 on # 0 of server medium COMPLETED
t:      19467 job     2 on # 0 of server medium RUNNING
t:      20412 job     2 on # 0 of server medium COMPLETED
t:      20412 job     3 on # 0 of server medium RUNNING
t:      20654 job     3 on # 0 of server medium COMPLETED
t:      20654 job     4 on # 0 of server medium RUNNING
t:      25231 job     4 on # 0 of server medium COMPLETED
t:      25231 job     9 on # 0 of server medium RUNNING
t:      73766 job     7 on # 1 of server medium COMPLETED
t:     105788 job     9 on # 0 of server medium COMPLETED
SENT QUIT
# ---------------------------------------------------------------------------
# 2 medium servers used with a utilisation of 84.17 at the cost of $23.45
# 2 small servers used with a utilisation of 0.48 at the cost of $11.57
# =============================== [ Overall ] ===============================
# actual simulation end time: 105788
# total #servers used: 4, avg utilisation: 42.33 and total cost: $35.02
# avg waiting time: 8149, avg exec time: 17974 and avg turnaround time: 26124
