# ds-sim server 6Aug, 2019 @ MQ
# Server-side simulator started with './ds-server -n -v brief -c configs/scheduling/personal-config7.xml -f g5k06'
# Waiting for connection to port 49152 of IP address 127.0.0.1
RCVD HELO
SENT OK
RCVD AUTH jak0723
# Welcome  jak0723!
# The system information can be read from 'system.xml'
SENT OK
RCVD REDY
SENT JOBN 83 0 37232 2 500 600
RCVD SCHD 0 tiny 0
t:         83 job     0 (waiting) on # 0 of server tiny (booting) SCHEDULED
SENT OK
RCVD REDY
t:        143 job     0 on # 0 of server tiny RUNNING
SENT JOBN 290 1 899 1 400 1200
RCVD SCHD 1 tiny 2
t:        290 job     1 (waiting) on # 2 of server tiny (booting) SCHEDULED
SENT OK
RCVD REDY
SENT JOBN 336 2 129 5 5300 7100
RCVD SCHD 2 medium 0
t:        336 job     2 (waiting) on # 0 of server medium (booting) SCHEDULED
SENT OK
RCVD REDY
t:        350 job     1 on # 2 of server tiny RUNNING
t:        396 job     2 on # 0 of server medium RUNNING
SENT JOBN 443 3 282 2 500 1100
RCVD SCHD 3 small 0
t:        443 job     3 (waiting) on # 0 of server small (booting) SCHEDULED
SENT OK
RCVD REDY
t:        503 job     3 on # 0 of server small RUNNING
SENT JOBF 648 1 899 1 400 1200
RCVD SCHD 1 small 0
t:        648 job     1 (running) on # 0 of server small (active) SCHEDULED
t:        648 job     1 on # 0 of server small RUNNING
SENT OK
RCVD REDY
SENT JOBN 728 4 1431 8 8000 15400
RCVD SCHD 4 medium 2
t:        728 job     4 (waiting) on # 2 of server medium (booting) SCHEDULED
SENT OK
RCVD REDY
t:        745 job     3 on # 0 of server small COMPLETED
t:        788 job     4 on # 2 of server medium RUNNING
SENT JOBN 867 5 604 1 800 1400
RCVD SCHD 5 tiny 2
t:        867 job     5 (waiting) on # 2 of server tiny (booting) SCHEDULED
SENT OK
RCVD REDY
SENT JOBN 870 6 709 1 900 200
RCVD SCHD 6 small 0
t:        870 job     6 (running) on # 0 of server small (active) SCHEDULED
t:        870 job     6 on # 0 of server small RUNNING
SENT OK
RCVD REDY
t:        927 job     5 on # 2 of server tiny RUNNING
SENT JOBN 954 7 26259 1 1000 900
RCVD SCHD 7 tiny 2
t:        954 job     7 (running) on # 2 of server tiny (active) SCHEDULED
t:        954 job     7 on # 2 of server tiny RUNNING
SENT OK
RCVD REDY
SENT JOBN 1042 8 477 1 800 1700
RCVD SCHD 8 small 0
t:       1042 job     8 (running) on # 0 of server small (active) SCHEDULED
t:       1042 job     8 on # 0 of server small RUNNING
SENT OK
RCVD REDY
SENT JOBF 1044 5 604 1 800 1400
RCVD SCHD 5 small 0
t:       1044 job     5 (running) on # 0 of server small (active) SCHEDULED
t:       1044 job     5 on # 0 of server small RUNNING
SENT OK
RCVD REDY
SENT JOBF 1044 7 26259 1 1000 900
RCVD SCHD 7 tiny 1
t:       1044 job     7 (waiting) on # 1 of server tiny (booting) SCHEDULED
SENT OK
RCVD REDY
SENT JOBN 1064 9 47267 8 6300 4100
RCVD SCHD 9 medium 1
t:       1064 job     9 (waiting) on # 1 of server medium (booting) SCHEDULED
SENT OK
RCVD REDY
t:       1104 job     7 on # 1 of server tiny RUNNING
t:       1124 job     9 on # 1 of server medium RUNNING
SENT JOBF 1238 6 709 1 900 200
RCVD SCHD 6 tiny 1
t:       1238 job     6 (running) on # 1 of server tiny (active) SCHEDULED
t:       1238 job     6 on # 1 of server tiny RUNNING
SENT OK
RCVD REDY
SENT JOBF 1238 8 477 1 800 1700
RCVD SCHD 8 small 1
t:       1238 job     8 (waiting) on # 1 of server small (booting) SCHEDULED
SENT OK
RCVD REDY
SENT JOBF 1238 1 899 1 400 1200
RCVD SCHD 1 small 2
t:       1238 job     1 (waiting) on # 2 of server small (booting) SCHEDULED
SENT OK
RCVD REDY
SENT JOBF 1238 5 604 1 800 1400
RCVD SCHD 5 medium 0
t:       1238 job     5 (running) on # 0 of server medium (active) SCHEDULED
t:       1238 job     5 on # 0 of server medium RUNNING
SENT OK
RCVD REDY
t:       1298 job     8 on # 1 of server small RUNNING
t:       1298 job     1 on # 2 of server small RUNNING
t:       1341 job     2 on # 0 of server medium COMPLETED
t:       1658 job     8 on # 1 of server small COMPLETED
SENT JOBF 1793 6 709 1 900 200
RCVD SCHD 6 small 0
t:       1793 job     6 (waiting) on # 0 of server small (booting) SCHEDULED
SENT OK
RCVD REDY
SENT JOBF 1793 7 26259 1 1000 900
RCVD SCHD 7 tiny 2
t:       1793 job     7 (waiting) on # 2 of server tiny (booting) SCHEDULED
SENT OK
RCVD REDY
t:       1842 job     5 on # 0 of server medium COMPLETED
t:       1853 job     6 on # 0 of server small RUNNING
t:       2197 job     1 on # 2 of server small COMPLETED
t:       2251 job     6 on # 0 of server small COMPLETED
SENT JOBF 2360 7 26259 1 1000 900
RCVD SCHD 7 small 0
t:       2360 job     7 (running) on # 0 of server small (active) SCHEDULED
t:       2360 job     7 on # 0 of server small RUNNING
SENT OK
RCVD REDY
SENT JOBF 2448 7 26259 1 1000 900
RCVD SCHD 7 tiny 1
t:       2448 job     7 (waiting) on # 1 of server tiny (booting) SCHEDULED
SENT OK
RCVD REDY
SENT JOBF 2505 9 47267 8 6300 4100
RCVD SCHD 9 medium 0
t:       2505 job     9 (running) on # 0 of server medium (active) SCHEDULED
t:       2505 job     9 on # 0 of server medium RUNNING
SENT OK
RCVD REDY
t:       2508 job     7 on # 1 of server tiny RUNNING
SENT JOBF 3068 4 1431 8 8000 15400
RCVD SCHD 4 medium 1
t:       3068 job     4 (waiting) on # 1 of server medium (booting) SCHEDULED
SENT OK
RCVD REDY
SENT JOBF 3088 7 26259 1 1000 900
RCVD SCHD 7 small 2
t:       3088 job     7 (waiting) on # 2 of server small (booting) SCHEDULED
SENT OK
RCVD REDY
t:       3148 job     7 on # 2 of server small RUNNING
SENT JOBF 3232 4 1431 8 8000 15400
RCVD SCHD 4 medium 2
t:       3232 job     4 (waiting) on # 2 of server medium (booting) SCHEDULED
SENT OK
RCVD REDY
t:       3292 job     4 on # 2 of server medium RUNNING
SENT JOBF 3336 0 37232 2 500 600
RCVD SCHD 0 small 2
t:       3336 job     0 (running) on # 2 of server small (active) SCHEDULED
t:       3336 job     0 on # 2 of server small RUNNING
SENT OK
RCVD REDY
SENT JOBF 4059 0 37232 2 500 600
RCVD SCHD 0 tiny 0
t:       4059 job     0 (waiting) on # 0 of server tiny (booting) SCHEDULED
SENT OK
RCVD REDY
SENT JOBF 4059 7 26259 1 1000 900
RCVD SCHD 7 medium 1
t:       4059 job     7 (waiting) on # 1 of server medium (booting) SCHEDULED
SENT OK
RCVD REDY
t:       4119 job     0 on # 0 of server tiny RUNNING
t:       4119 job     7 on # 1 of server medium RUNNING
SENT JOBF 4850 4 1431 8 8000 15400
RCVD SCHD 4 medium 1
t:       4850 job     4 (waiting) on # 1 of server medium (active) SCHEDULED
SENT OK
RCVD REDY
SENT JOBF 4882 9 47267 8 6300 4100
RCVD SCHD 9 medium 1
t:       4882 job     9 (waiting) on # 1 of server medium (active) SCHEDULED
SENT OK
RCVD REDY
SENT JOBF 8132 7 26259 1 1000 900
RCVD SCHD 7 medium 0
t:       8132 job     7 (waiting) on # 0 of server medium (booting) SCHEDULED
SENT OK
RCVD REDY
SENT JOBF 8132 4 1431 8 8000 15400
RCVD SCHD 4 medium 2
t:       8132 job     4 (waiting) on # 2 of server medium (booting) SCHEDULED
SENT OK
RCVD REDY
SENT JOBF 8132 9 47267 8 6300 4100
RCVD SCHD 9 medium 0
t:       8132 job     9 (waiting) on # 0 of server medium (booting) SCHEDULED
SENT OK
RCVD REDY
t:       8192 job     7 on # 0 of server medium RUNNING
t:       8192 job     4 on # 2 of server medium RUNNING
SENT JOBF 10247 0 37232 2 500 600
RCVD SCHD 0 small 1
t:      10247 job     0 (waiting) on # 1 of server small (booting) SCHEDULED
SENT OK
RCVD REDY
t:      10307 job     0 on # 1 of server small RUNNING
SENT JOBF 10674 4 1431 8 8000 15400
RCVD SCHD 4 medium 1
t:      10674 job     4 (waiting) on # 1 of server medium (booting) SCHEDULED
SENT OK
RCVD REDY
t:      10734 job     4 on # 1 of server medium RUNNING
SENT JOBF 12297 7 26259 1 1000 900
RCVD SCHD 7 tiny 0
t:      12297 job     7 (waiting) on # 0 of server tiny (booting) SCHEDULED
SENT OK
RCVD REDY
SENT JOBF 12297 9 47267 8 6300 4100
RCVD SCHD 9 medium 1
t:      12297 job     9 (waiting) on # 1 of server medium (active) SCHEDULED
SENT OK
RCVD REDY
SENT JOBF 14275 7 26259 1 1000 900
RCVD SCHD 7 small 1
t:      14275 job     7 (running) on # 1 of server small (active) SCHEDULED
t:      14275 job     7 on # 1 of server small RUNNING
SENT OK
RCVD REDY
SENT JOBF 19596 4 1431 8 8000 15400
RCVD SCHD 4 medium 0
t:      19596 job     4 (waiting) on # 0 of server medium (booting) SCHEDULED
SENT OK
RCVD REDY
SENT JOBF 19596 9 47267 8 6300 4100
RCVD SCHD 9 medium 2
t:      19596 job     9 (waiting) on # 2 of server medium (booting) SCHEDULED
SENT OK
RCVD REDY
SENT JOBF 19651 9 47267 8 6300 4100
RCVD SCHD 9 medium 0
t:      19651 job     9 (waiting) on # 0 of server medium (booting) SCHEDULED
SENT OK
RCVD REDY
t:      19656 job     4 on # 0 of server medium RUNNING
SENT JOBF 20718 0 37232 2 500 600
RCVD SCHD 0 tiny 0
t:      20718 job     0 (waiting) on # 0 of server tiny (booting) SCHEDULED
SENT OK
RCVD REDY
SENT JOBF 20718 7 26259 1 1000 900
RCVD SCHD 7 medium 1
t:      20718 job     7 (waiting) on # 1 of server medium (booting) SCHEDULED
SENT OK
RCVD REDY
t:      20778 job     0 on # 0 of server tiny RUNNING
SENT JOBF 22477 7 26259 1 1000 900
RCVD SCHD 7 small 1
t:      22477 job     7 (waiting) on # 1 of server small (booting) SCHEDULED
SENT OK
RCVD REDY
t:      22537 job     7 on # 1 of server small RUNNING
SENT JOBF 25055 4 1431 8 8000 15400
RCVD SCHD 4 medium 1
t:      25055 job     4 (waiting) on # 1 of server medium (booting) SCHEDULED
SENT OK
RCVD REDY
SENT JOBF 25055 9 47267 8 6300 4100
RCVD SCHD 9 medium 2
t:      25055 job     9 (waiting) on # 2 of server medium (booting) SCHEDULED
SENT OK
RCVD REDY
SENT JOBF 25072 9 47267 8 6300 4100
RCVD SCHD 9 medium 1
t:      25072 job     9 (waiting) on # 1 of server medium (booting) SCHEDULED
SENT OK
RCVD REDY
SENT JOBF 26867 4 1431 8 8000 15400
RCVD SCHD 4 medium 0
t:      26867 job     4 (waiting) on # 0 of server medium (booting) SCHEDULED
SENT OK
RCVD REDY
SENT JOBF 26867 9 47267 8 6300 4100
RCVD SCHD 9 medium 2
t:      26867 job     9 (waiting) on # 2 of server medium (booting) SCHEDULED
SENT OK
RCVD REDY
t:      26927 job     4 on # 0 of server medium RUNNING
SENT JOBF 27920 9 47267 8 6300 4100
RCVD SCHD 9 medium 1
t:      27920 job     9 (waiting) on # 1 of server medium (booting) SCHEDULED
SENT OK
RCVD REDY
t:      27980 job     9 on # 1 of server medium RUNNING
SENT JOBF 28844 7 26259 1 1000 900
RCVD SCHD 7 small 2
t:      28844 job     7 (waiting) on # 2 of server small (booting) SCHEDULED
SENT OK
RCVD REDY
t:      28904 job     7 on # 2 of server small RUNNING
SENT JOBF 29459 9 47267 8 6300 4100
RCVD SCHD 9 medium 2
t:      29459 job     9 (waiting) on # 2 of server medium (booting) SCHEDULED
SENT OK
RCVD REDY
t:      29519 job     9 on # 2 of server medium RUNNING
SENT JOBF 29734 0 37232 2 500 600
RCVD SCHD 0 small 1
t:      29734 job     0 (waiting) on # 1 of server small (booting) SCHEDULED
SENT OK
RCVD REDY
t:      29794 job     0 on # 1 of server small RUNNING
SENT JOBF 29960 7 26259 1 1000 900
RCVD SCHD 7 small 1
t:      29960 job     7 (running) on # 1 of server small (active) SCHEDULED
t:      29960 job     7 on # 1 of server small RUNNING
SENT OK
RCVD REDY
SENT JOBF 30421 4 1431 8 8000 15400
RCVD SCHD 4 medium 1
t:      30421 job     4 (waiting) on # 1 of server medium (booting) SCHEDULED
SENT OK
RCVD REDY
SENT JOBF 30464 9 47267 8 6300 4100
RCVD SCHD 9 medium 1
t:      30464 job     9 (waiting) on # 1 of server medium (booting) SCHEDULED
SENT OK
RCVD REDY
SENT JOBF 30540 4 1431 8 8000 15400
RCVD SCHD 4 medium 0
t:      30540 job     4 (waiting) on # 0 of server medium (booting) SCHEDULED
SENT OK
RCVD REDY
SENT JOBF 30540 9 47267 8 6300 4100
RCVD SCHD 9 medium 0
t:      30540 job     9 (waiting) on # 0 of server medium (booting) SCHEDULED
SENT OK
RCVD REDY
t:      30600 job     4 on # 0 of server medium RUNNING
SENT JOBF 33529 0 37232 2 500 600
RCVD SCHD 0 tiny 0
t:      33529 job     0 (waiting) on # 0 of server tiny (booting) SCHEDULED
SENT OK
RCVD REDY
SENT JOBF 33529 7 26259 1 1000 900
RCVD SCHD 7 small 2
t:      33529 job     7 (waiting) on # 2 of server small (booting) SCHEDULED
SENT OK
RCVD REDY
t:      33589 job     0 on # 0 of server tiny RUNNING
SENT JOBF 34066 7 26259 1 1000 900
RCVD SCHD 7 small 1
t:      34066 job     7 (waiting) on # 1 of server small (booting) SCHEDULED
SENT OK
RCVD REDY
t:      35177 job     4 on # 0 of server medium COMPLETED
t:      35177 job     9 on # 0 of server medium RUNNING
SENT JOBF 39796 7 26259 1 1000 900
RCVD SCHD 7 small 2
t:      39796 job     7 (waiting) on # 2 of server small (booting) SCHEDULED
SENT OK
RCVD REDY
t:      39856 job     7 on # 2 of server small RUNNING
SENT JOBF 41095 0 37232 2 500 600
RCVD SCHD 0 small 1
t:      41095 job     0 (waiting) on # 1 of server small (booting) SCHEDULED
SENT OK
RCVD REDY
t:      41155 job     0 on # 1 of server small RUNNING
SENT JOBF 44795 9 47267 8 6300 4100
RCVD SCHD 9 medium 1
t:      44795 job     9 (waiting) on # 1 of server medium (booting) SCHEDULED
SENT OK
RCVD REDY
t:      44855 job     9 on # 1 of server medium RUNNING
SENT JOBF 46041 0 37232 2 500 600
RCVD SCHD 0 medium 0
t:      46041 job     0 (waiting) on # 0 of server medium (booting) SCHEDULED
SENT OK
RCVD REDY
t:      46101 job     0 on # 0 of server medium RUNNING
SENT JOBF 47756 7 26259 1 1000 900
RCVD SCHD 7 small 1
t:      47756 job     7 (waiting) on # 1 of server small (booting) SCHEDULED
SENT OK
RCVD REDY
t:      47816 job     7 on # 1 of server small RUNNING
SENT JOBF 48099 9 47267 8 6300 4100
RCVD SCHD 9 medium 2
t:      48099 job     9 (waiting) on # 2 of server medium (booting) SCHEDULED
SENT OK
RCVD REDY
t:      48159 job     9 on # 2 of server medium RUNNING
SENT JOBF 51824 7 26259 1 1000 900
RCVD SCHD 7 medium 0
t:      51824 job     7 (running) on # 0 of server medium (active) SCHEDULED
t:      51824 job     7 on # 0 of server medium RUNNING
SENT OK
RCVD REDY
SENT JOBF 57323 9 47267 8 6300 4100
RCVD SCHD 9 medium 1
t:      57323 job     9 (waiting) on # 1 of server medium (booting) SCHEDULED
SENT OK
RCVD REDY
t:      57383 job     9 on # 1 of server medium RUNNING
SENT JOBF 61852 0 37232 2 500 600
RCVD SCHD 0 tiny 0
t:      61852 job     0 (waiting) on # 0 of server tiny (booting) SCHEDULED
SENT OK
RCVD REDY
SENT JOBF 61852 7 26259 1 1000 900
RCVD SCHD 7 small 1
t:      61852 job     7 (waiting) on # 1 of server small (booting) SCHEDULED
SENT OK
RCVD REDY
SENT JOBF 61904 0 37232 2 500 600
RCVD SCHD 0 small 2
t:      61904 job     0 (waiting) on # 2 of server small (booting) SCHEDULED
SENT OK
RCVD REDY
t:      61912 job     7 on # 1 of server small RUNNING
t:      61964 job     0 on # 2 of server small RUNNING
SENT JOBF 62806 9 47267 8 6300 4100
RCVD SCHD 9 medium 0
t:      62806 job     9 (waiting) on # 0 of server medium (booting) SCHEDULED
SENT OK
RCVD REDY
SENT JOBF 63695 9 47267 8 6300 4100
RCVD SCHD 9 medium 1
t:      63695 job     9 (waiting) on # 1 of server medium (booting) SCHEDULED
SENT OK
RCVD REDY
t:      63755 job     9 on # 1 of server medium RUNNING
SENT JOBF 63953 7 26259 1 1000 900
RCVD SCHD 7 medium 0
t:      63953 job     7 (waiting) on # 0 of server medium (booting) SCHEDULED
SENT OK
RCVD REDY
SENT JOBF 64501 7 26259 1 1000 900
RCVD SCHD 7 tiny 0
t:      64501 job     7 (waiting) on # 0 of server tiny (booting) SCHEDULED
SENT OK
RCVD REDY
t:      64561 job     7 on # 0 of server tiny RUNNING
SENT JOBF 65731 0 37232 2 500 600
RCVD SCHD 0 medium 0
t:      65731 job     0 (waiting) on # 0 of server medium (booting) SCHEDULED
SENT OK
RCVD REDY
t:      65791 job     0 on # 0 of server medium RUNNING
SENT JOBF 66634 7 26259 1 1000 900
RCVD SCHD 7 medium 0
t:      66634 job     7 (running) on # 0 of server medium (active) SCHEDULED
t:      66634 job     7 on # 0 of server medium RUNNING
SENT OK
RCVD REDY
SENT JOBF 67516 9 47267 8 6300 4100
RCVD SCHD 9 medium 2
t:      67516 job     9 (waiting) on # 2 of server medium (booting) SCHEDULED
SENT OK
RCVD REDY
SENT JOBF 72700 9 47267 8 6300 4100
RCVD SCHD 9 medium 1
t:      72700 job     9 (waiting) on # 1 of server medium (booting) SCHEDULED
SENT OK
RCVD REDY
SENT JOBF 81771 9 47267 8 6300 4100
RCVD SCHD 9 medium 2
t:      81771 job     9 (waiting) on # 2 of server medium (booting) SCHEDULED
SENT OK
RCVD REDY
SENT NONE
RCVD QUIT
t:      81831 job     9 on # 2 of server medium RUNNING
t:      85114 job     0 on # 0 of server medium COMPLETED
t:     138478 job     7 on # 0 of server medium COMPLETED
t:     162388 job     9 on # 2 of server medium COMPLETED
# ---------------------------------------------------------------------------
# 0 tiny servers used with a utilisation of 0.00 at the cost of $0.00
# 3 small servers used with a utilisation of 0.10 at the cost of $319.33
# 2 medium servers used with a utilisation of 27.42 at the cost of $245.73
# =============================== [ Overall ] ===============================
# total #servers used: 5, avg utilisation: 11.03 and total cost: $565.07
# avg waiting time: 24476, avg exec time: 17974 and avg turnaround time: 42451
