# ds-sim server 6Aug, 2019 @ MQ
# Server-side simulator started with './ds-server -n -v brief -c configs/scheduling/personal-config7.xml -f g5k06'
# Waiting for connection to port 49152 of IP address 127.0.0.1
RCVD HELO
SENT OK
RCVD AUTH jak0723
# Welcome  jak0723!
# The system information can be read from 'system.xml'
SENT OK
RCVD REDY
SENT JOBN 83 0 37232 2 500 600
RCVD SCHD 0 tiny 0
t:         83 job     0 (waiting) on # 0 of server tiny (booting) SCHEDULED
SENT OK
RCVD REDY
t:        143 job     0 on # 0 of server tiny RUNNING
SENT JOBN 290 1 899 1 400 1200
RCVD SCHD 1 tiny 2
t:        290 job     1 (waiting) on # 2 of server tiny (booting) SCHEDULED
SENT OK
RCVD REDY
SENT JOBN 336 2 129 5 5300 7100
RCVD SCHD 2 medium 0
t:        336 job     2 (waiting) on # 0 of server medium (booting) SCHEDULED
SENT OK
RCVD REDY
t:        350 job     1 on # 2 of server tiny RUNNING
t:        396 job     2 on # 0 of server medium RUNNING
SENT JOBN 443 3 282 2 500 1100
RCVD SCHD 3 tiny 1
t:        443 job     3 (waiting) on # 1 of server tiny (booting) SCHEDULED
SENT OK
RCVD REDY
t:        503 job     3 on # 1 of server tiny RUNNING
SENT JOBF 648 1 899 1 400 1200
RCVD SCHD 1 small 0
t:        648 job     1 (waiting) on # 0 of server small (booting) SCHEDULED
SENT OK
RCVD REDY
SENT JOBF 674 3 282 2 500 1100
RCVD SCHD 3 small 0
t:        674 job     3 (waiting) on # 0 of server small (booting) SCHEDULED
SENT OK
RCVD REDY
t:        708 job     1 on # 0 of server small RUNNING
t:        708 job     3 on # 0 of server small RUNNING
SENT JOBN 728 4 1431 8 8000 15400
RCVD SCHD 4 medium 1
t:        728 job     4 (waiting) on # 1 of server medium (booting) SCHEDULED
SENT OK
RCVD REDY
t:        788 job     4 on # 1 of server medium RUNNING
SENT JOBN 867 5 604 1 800 1400
RCVD SCHD 5 tiny 1
t:        867 job     5 (waiting) on # 1 of server tiny (booting) SCHEDULED
SENT OK
RCVD REDY
SENT JOBN 870 6 709 1 900 200
RCVD SCHD 6 tiny 1
t:        870 job     6 (waiting) on # 1 of server tiny (booting) SCHEDULED
SENT OK
RCVD REDY
t:        927 job     5 on # 1 of server tiny RUNNING
t:        927 job     6 on # 1 of server tiny RUNNING
t:        950 job     3 on # 0 of server small COMPLETED
SENT JOBN 954 7 26259 1 1000 900
RCVD SCHD 7 tiny 2
t:        954 job     7 (waiting) on # 2 of server tiny (booting) SCHEDULED
SENT OK
RCVD REDY
t:       1014 job     7 on # 2 of server tiny RUNNING
SENT JOBN 1042 8 477 1 800 1700
RCVD SCHD 8 tiny 2
t:       1042 job     8 (running) on # 2 of server tiny (active) SCHEDULED
t:       1042 job     8 on # 2 of server tiny RUNNING
SENT OK
RCVD REDY
SENT JOBF 1044 8 477 1 800 1700
RCVD SCHD 8 small 0
t:       1044 job     8 (running) on # 0 of server small (active) SCHEDULED
t:       1044 job     8 on # 0 of server small RUNNING
SENT OK
RCVD REDY
SENT JOBF 1044 7 26259 1 1000 900
RCVD SCHD 7 small 0
t:       1044 job     7 (running) on # 0 of server small (active) SCHEDULED
t:       1044 job     7 on # 0 of server small RUNNING
SENT OK
RCVD REDY
SENT JOBN 1064 9 47267 8 6300 4100
RCVD SCHD 9 medium 2
t:       1064 job     9 (waiting) on # 2 of server medium (booting) SCHEDULED
SENT OK
RCVD REDY
t:       1124 job     9 on # 2 of server medium RUNNING
SENT JOBF 1238 8 477 1 800 1700
RCVD SCHD 8 small 1
t:       1238 job     8 (waiting) on # 1 of server small (booting) SCHEDULED
SENT OK
RCVD REDY
SENT JOBF 1238 1 899 1 400 1200
RCVD SCHD 1 small 1
t:       1238 job     1 (waiting) on # 1 of server small (booting) SCHEDULED
SENT OK
RCVD REDY
SENT JOBF 1238 7 26259 1 1000 900
RCVD SCHD 7 small 1
t:       1238 job     7 (waiting) on # 1 of server small (booting) SCHEDULED
SENT OK
RCVD REDY
t:       1298 job     8 on # 1 of server small RUNNING
t:       1298 job     1 on # 1 of server small RUNNING
t:       1298 job     7 on # 1 of server small RUNNING
t:       1341 job     2 on # 0 of server medium COMPLETED
t:       1658 job     8 on # 1 of server small COMPLETED
SENT JOBF 1793 6 709 1 900 200
RCVD SCHD 6 tiny 2
t:       1793 job     6 (waiting) on # 2 of server tiny (booting) SCHEDULED
SENT OK
RCVD REDY
SENT JOBF 1793 5 604 1 800 1400
RCVD SCHD 5 tiny 2
t:       1793 job     5 (waiting) on # 2 of server tiny (booting) SCHEDULED
SENT OK
RCVD REDY
t:       2197 job     1 on # 1 of server small COMPLETED
SENT JOBF 2360 6 709 1 900 200
RCVD SCHD 6 tiny 1
t:       2360 job     6 (waiting) on # 1 of server tiny (booting) SCHEDULED
SENT OK
RCVD REDY
SENT JOBF 2360 5 604 1 800 1400
RCVD SCHD 5 tiny 1
t:       2360 job     5 (waiting) on # 1 of server tiny (booting) SCHEDULED
SENT OK
RCVD REDY
t:       2420 job     6 on # 1 of server tiny RUNNING
t:       2420 job     5 on # 1 of server tiny RUNNING
SENT JOBF 2505 4 1431 8 8000 15400
RCVD SCHD 4 medium 0
t:       2505 job     4 (running) on # 0 of server medium (active) SCHEDULED
t:       2505 job     4 on # 0 of server medium RUNNING
SENT OK
RCVD REDY
t:       2818 job     6 on # 1 of server tiny COMPLETED
t:       3024 job     5 on # 1 of server tiny COMPLETED
SENT JOBF 3068 9 47267 8 6300 4100
RCVD SCHD 9 medium 1
t:       3068 job     9 (waiting) on # 1 of server medium (booting) SCHEDULED
SENT OK
RCVD REDY
SENT JOBF 3232 9 47267 8 6300 4100
RCVD SCHD 9 medium 2
t:       3232 job     9 (waiting) on # 2 of server medium (booting) SCHEDULED
SENT OK
RCVD REDY
t:       3292 job     9 on # 2 of server medium RUNNING
SENT JOBF 3336 0 37232 2 500 600
RCVD SCHD 0 tiny 1
t:       3336 job     0 (waiting) on # 1 of server tiny (booting) SCHEDULED
SENT OK
RCVD REDY
t:       3396 job     0 on # 1 of server tiny RUNNING
SENT JOBF 4667 7 26259 1 1000 900
RCVD SCHD 7 tiny 0
t:       4667 job     7 (waiting) on # 0 of server tiny (booting) SCHEDULED
SENT OK
RCVD REDY
t:       4727 job     7 on # 0 of server tiny RUNNING
SENT JOBF 4850 9 47267 8 6300 4100
RCVD SCHD 9 medium 1
t:       4850 job     9 (waiting) on # 1 of server medium (booting) SCHEDULED
SENT OK
RCVD REDY
SENT JOBF 4880 0 37232 2 500 600
RCVD SCHD 0 tiny 2
t:       4880 job     0 (waiting) on # 2 of server tiny (booting) SCHEDULED
SENT OK
RCVD REDY
SENT JOBF 4882 4 1431 8 8000 15400
RCVD SCHD 4 medium 1
t:       4882 job     4 (waiting) on # 1 of server medium (booting) SCHEDULED
SENT OK
RCVD REDY
t:       4910 job     9 on # 1 of server medium RUNNING
SENT JOBF 5623 0 37232 2 500 600
RCVD SCHD 0 tiny 1
t:       5623 job     0 (waiting) on # 1 of server tiny (booting) SCHEDULED
SENT OK
RCVD REDY
SENT JOBF 6674 0 37232 2 500 600
RCVD SCHD 0 small 0
t:       6674 job     0 (waiting) on # 0 of server small (booting) SCHEDULED
SENT OK
RCVD REDY
SENT JOBF 7516 0 37232 2 500 600
RCVD SCHD 0 tiny 1
t:       7516 job     0 (waiting) on # 1 of server tiny (booting) SCHEDULED
SENT OK
RCVD REDY
t:       7576 job     0 on # 1 of server tiny RUNNING
SENT JOBF 8132 9 47267 8 6300 4100
RCVD SCHD 9 medium 0
t:       8132 job     9 (waiting) on # 0 of server medium (booting) SCHEDULED
SENT OK
RCVD REDY
SENT JOBF 8132 4 1431 8 8000 15400
RCVD SCHD 4 medium 2
t:       8132 job     4 (waiting) on # 2 of server medium (booting) SCHEDULED
SENT OK
RCVD REDY
t:       8192 job     9 on # 0 of server medium RUNNING
t:       8192 job     4 on # 2 of server medium RUNNING
SENT JOBF 10247 7 26259 1 1000 900
RCVD SCHD 7 small 0
t:      10247 job     7 (waiting) on # 0 of server small (booting) SCHEDULED
SENT OK
RCVD REDY
t:      10307 job     7 on # 0 of server small RUNNING
SENT JOBF 10603 0 37232 2 500 600
RCVD SCHD 0 tiny 0
t:      10603 job     0 (waiting) on # 0 of server tiny (booting) SCHEDULED
SENT OK
RCVD REDY
t:      10663 job     0 on # 0 of server tiny RUNNING
SENT JOBF 10674 4 1431 8 8000 15400
RCVD SCHD 4 medium 1
t:      10674 job     4 (waiting) on # 1 of server medium (booting) SCHEDULED
SENT OK
RCVD REDY
t:      10734 job     4 on # 1 of server medium RUNNING
SENT JOBF 11708 7 26259 1 1000 900
RCVD SCHD 7 tiny 2
t:      11708 job     7 (waiting) on # 2 of server tiny (booting) SCHEDULED
SENT OK
RCVD REDY
SENT JOBF 12113 7 26259 1 1000 900
RCVD SCHD 7 tiny 1
t:      12113 job     7 (waiting) on # 1 of server tiny (booting) SCHEDULED
SENT OK
RCVD REDY
t:      12173 job     7 on # 1 of server tiny RUNNING
SENT JOBF 12297 9 47267 8 6300 4100
RCVD SCHD 9 medium 1
t:      12297 job     9 (waiting) on # 1 of server medium (active) SCHEDULED
SENT OK
RCVD REDY
SENT JOBF 12319 7 26259 1 1000 900
RCVD SCHD 7 tiny 2
t:      12319 job     7 (waiting) on # 2 of server tiny (booting) SCHEDULED
SENT OK
RCVD REDY
SENT JOBF 12717 7 26259 1 1000 900
RCVD SCHD 7 tiny 1
t:      12717 job     7 (waiting) on # 1 of server tiny (booting) SCHEDULED
SENT OK
RCVD REDY
SENT JOBF 12874 7 26259 1 1000 900
RCVD SCHD 7 tiny 2
t:      12874 job     7 (waiting) on # 2 of server tiny (booting) SCHEDULED
SENT OK
RCVD REDY
SENT JOBF 13060 7 26259 1 1000 900
RCVD SCHD 7 tiny 1
t:      13060 job     7 (waiting) on # 1 of server tiny (booting) SCHEDULED
SENT OK
RCVD REDY
SENT JOBF 13282 7 26259 1 1000 900
RCVD SCHD 7 small 0
t:      13282 job     7 (waiting) on # 0 of server small (booting) SCHEDULED
SENT OK
RCVD REDY
t:      13342 job     7 on # 0 of server small RUNNING
SENT JOBF 14275 0 37232 2 500 600
RCVD SCHD 0 tiny 1
t:      14275 job     0 (waiting) on # 1 of server tiny (booting) SCHEDULED
SENT OK
RCVD REDY
SENT JOBF 14553 0 37232 2 500 600
RCVD SCHD 0 tiny 0
t:      14553 job     0 (waiting) on # 0 of server tiny (booting) SCHEDULED
SENT OK
RCVD REDY
t:      14613 job     0 on # 0 of server tiny RUNNING
t:      15311 job     4 on # 1 of server medium COMPLETED
t:      15311 job     9 on # 1 of server medium RUNNING
SENT JOBF 18586 7 26259 1 1000 900
RCVD SCHD 7 tiny 1
t:      18586 job     7 (waiting) on # 1 of server tiny (booting) SCHEDULED
SENT OK
RCVD REDY
t:      18646 job     7 on # 1 of server tiny RUNNING
SENT JOBF 19596 9 47267 8 6300 4100
RCVD SCHD 9 medium 0
t:      19596 job     9 (waiting) on # 0 of server medium (booting) SCHEDULED
SENT OK
RCVD REDY
SENT JOBF 19620 7 26259 1 1000 900
RCVD SCHD 7 tiny 2
t:      19620 job     7 (waiting) on # 2 of server tiny (booting) SCHEDULED
SENT OK
RCVD REDY
t:      19656 job     9 on # 0 of server medium RUNNING
SENT JOBF 19913 7 26259 1 1000 900
RCVD SCHD 7 tiny 1
t:      19913 job     7 (waiting) on # 1 of server tiny (booting) SCHEDULED
SENT OK
RCVD REDY
SENT JOBF 25018 7 26259 1 1000 900
RCVD SCHD 7 tiny 2
t:      25018 job     7 (waiting) on # 2 of server tiny (booting) SCHEDULED
SENT OK
RCVD REDY
SENT JOBF 25055 9 47267 8 6300 4100
RCVD SCHD 9 medium 1
t:      25055 job     9 (waiting) on # 1 of server medium (booting) SCHEDULED
SENT OK
RCVD REDY
t:      25115 job     9 on # 1 of server medium RUNNING
SENT JOBF 25129 7 26259 1 1000 900
RCVD SCHD 7 small 0
t:      25129 job     7 (waiting) on # 0 of server small (booting) SCHEDULED
SENT OK
RCVD REDY
SENT JOBF 26809 7 26259 1 1000 900
RCVD SCHD 7 tiny 1
t:      26809 job     7 (waiting) on # 1 of server tiny (booting) SCHEDULED
SENT OK
RCVD REDY
SENT JOBF 26867 9 47267 8 6300 4100
RCVD SCHD 9 medium 0
t:      26867 job     9 (waiting) on # 0 of server medium (booting) SCHEDULED
SENT OK
RCVD REDY
t:      26927 job     9 on # 0 of server medium RUNNING
SENT JOBF 27905 7 26259 1 1000 900
RCVD SCHD 7 tiny 2
t:      27905 job     7 (waiting) on # 2 of server tiny (booting) SCHEDULED
SENT OK
RCVD REDY
SENT JOBF 27952 7 26259 1 1000 900
RCVD SCHD 7 small 0
t:      27952 job     7 (waiting) on # 0 of server small (booting) SCHEDULED
SENT OK
RCVD REDY
SENT JOBF 29482 7 26259 1 1000 900
RCVD SCHD 7 tiny 1
t:      29482 job     7 (waiting) on # 1 of server tiny (booting) SCHEDULED
SENT OK
RCVD REDY
t:      29542 job     7 on # 1 of server tiny RUNNING
SENT JOBF 29734 0 37232 2 500 600
RCVD SCHD 0 small 0
t:      29734 job     0 (waiting) on # 0 of server small (booting) SCHEDULED
SENT OK
RCVD REDY
SENT JOBF 29865 0 37232 2 500 600
RCVD SCHD 0 tiny 2
t:      29865 job     0 (waiting) on # 2 of server tiny (booting) SCHEDULED
SENT OK
RCVD REDY
SENT JOBF 30120 0 37232 2 500 600
RCVD SCHD 0 tiny 0
t:      30120 job     0 (waiting) on # 0 of server tiny (booting) SCHEDULED
SENT OK
RCVD REDY
t:      30180 job     0 on # 0 of server tiny RUNNING
SENT JOBF 30421 9 47267 8 6300 4100
RCVD SCHD 9 medium 1
t:      30421 job     9 (waiting) on # 1 of server medium (booting) SCHEDULED
SENT OK
RCVD REDY
SENT JOBF 30436 7 26259 1 1000 900
RCVD SCHD 7 tiny 2
t:      30436 job     7 (waiting) on # 2 of server tiny (booting) SCHEDULED
SENT OK
RCVD REDY
SENT JOBF 30457 7 26259 1 1000 900
RCVD SCHD 7 small 0
t:      30457 job     7 (waiting) on # 0 of server small (booting) SCHEDULED
SENT OK
RCVD REDY
t:      30481 job     9 on # 1 of server medium RUNNING
SENT JOBF 30523 7 26259 1 1000 900
RCVD SCHD 7 small 1
t:      30523 job     7 (waiting) on # 1 of server small (booting) SCHEDULED
SENT OK
RCVD REDY
SENT JOBF 30540 9 47267 8 6300 4100
RCVD SCHD 9 medium 0
t:      30540 job     9 (waiting) on # 0 of server medium (booting) SCHEDULED
SENT OK
RCVD REDY
t:      30583 job     7 on # 1 of server small RUNNING
t:      30600 job     9 on # 0 of server medium RUNNING
SENT JOBF 30998 0 37232 2 500 600
RCVD SCHD 0 tiny 1
t:      30998 job     0 (waiting) on # 1 of server tiny (booting) SCHEDULED
SENT OK
RCVD REDY
t:      31058 job     0 on # 1 of server tiny RUNNING
SENT JOBF 33529 7 26259 1 1000 900
RCVD SCHD 7 tiny 0
t:      33529 job     7 (waiting) on # 0 of server tiny (booting) SCHEDULED
SENT OK
RCVD REDY
t:      33589 job     7 on # 0 of server tiny RUNNING
SENT JOBF 33794 0 37232 2 500 600
RCVD SCHD 0 tiny 2
t:      33794 job     0 (waiting) on # 2 of server tiny (booting) SCHEDULED
SENT OK
RCVD REDY
SENT JOBF 33879 0 37232 2 500 600
RCVD SCHD 0 small 0
t:      33879 job     0 (waiting) on # 0 of server small (booting) SCHEDULED
SENT OK
RCVD REDY
SENT JOBF 37996 0 37232 2 500 600
RCVD SCHD 0 tiny 1
t:      37996 job     0 (waiting) on # 1 of server tiny (booting) SCHEDULED
SENT OK
RCVD REDY
SENT JOBF 38103 0 37232 2 500 600
RCVD SCHD 0 small 1
t:      38103 job     0 (waiting) on # 1 of server small (booting) SCHEDULED
SENT OK
RCVD REDY
SENT JOBF 39796 0 37232 2 500 600
RCVD SCHD 0 small 0
t:      39796 job     0 (waiting) on # 0 of server small (booting) SCHEDULED
SENT OK
RCVD REDY
SENT JOBF 40833 0 37232 2 500 600
RCVD SCHD 0 tiny 1
t:      40833 job     0 (waiting) on # 1 of server tiny (booting) SCHEDULED
SENT OK
RCVD REDY
t:      40893 job     0 on # 1 of server tiny RUNNING
SENT JOBF 41095 7 26259 1 1000 900
RCVD SCHD 7 tiny 2
t:      41095 job     7 (waiting) on # 2 of server tiny (booting) SCHEDULED
SENT OK
RCVD REDY
SENT JOBF 41577 7 26259 1 1000 900
RCVD SCHD 7 tiny 0
t:      41577 job     7 (waiting) on # 0 of server tiny (booting) SCHEDULED
SENT OK
RCVD REDY
t:      41637 job     7 on # 0 of server tiny RUNNING
SENT JOBF 43395 0 37232 2 500 600
RCVD SCHD 0 tiny 2
t:      43395 job     0 (waiting) on # 2 of server tiny (booting) SCHEDULED
SENT OK
RCVD REDY
SENT JOBF 43789 0 37232 2 500 600
RCVD SCHD 0 tiny 1
t:      43789 job     0 (waiting) on # 1 of server tiny (booting) SCHEDULED
SENT OK
RCVD REDY
SENT JOBF 43796 0 37232 2 500 600
RCVD SCHD 0 small 1
t:      43796 job     0 (waiting) on # 1 of server small (booting) SCHEDULED
SENT OK
RCVD REDY
t:      43856 job     0 on # 1 of server small RUNNING
SENT JOBF 44795 9 47267 8 6300 4100
RCVD SCHD 9 medium 1
t:      44795 job     9 (waiting) on # 1 of server medium (booting) SCHEDULED
SENT OK
RCVD REDY
t:      44855 job     9 on # 1 of server medium RUNNING
SENT JOBF 46041 0 37232 2 500 600
RCVD SCHD 0 tiny 1
t:      46041 job     0 (waiting) on # 1 of server tiny (booting) SCHEDULED
SENT OK
RCVD REDY
t:      46101 job     0 on # 1 of server tiny RUNNING
SENT JOBF 48099 9 47267 8 6300 4100
RCVD SCHD 9 medium 0
t:      48099 job     9 (waiting) on # 0 of server medium (booting) SCHEDULED
SENT OK
RCVD REDY
t:      48159 job     9 on # 0 of server medium RUNNING
SENT JOBF 48587 0 37232 2 500 600
RCVD SCHD 0 tiny 2
t:      48587 job     0 (waiting) on # 2 of server tiny (booting) SCHEDULED
SENT OK
RCVD REDY
SENT JOBF 48685 0 37232 2 500 600
RCVD SCHD 0 tiny 1
t:      48685 job     0 (waiting) on # 1 of server tiny (booting) SCHEDULED
SENT OK
RCVD REDY
SENT JOBF 51331 0 37232 2 500 600
RCVD SCHD 0 tiny 2
t:      51331 job     0 (waiting) on # 2 of server tiny (booting) SCHEDULED
SENT OK
RCVD REDY
SENT JOBF 51405 0 37232 2 500 600
RCVD SCHD 0 small 0
t:      51405 job     0 (waiting) on # 0 of server small (booting) SCHEDULED
SENT OK
RCVD REDY
SENT JOBF 51577 0 37232 2 500 600
RCVD SCHD 0 tiny 1
t:      51577 job     0 (waiting) on # 1 of server tiny (booting) SCHEDULED
SENT OK
RCVD REDY
t:      51637 job     0 on # 1 of server tiny RUNNING
SENT JOBF 52312 7 26259 1 1000 900
RCVD SCHD 7 tiny 2
t:      52312 job     7 (waiting) on # 2 of server tiny (booting) SCHEDULED
SENT OK
RCVD REDY
SENT JOBF 52316 7 26259 1 1000 900
RCVD SCHD 7 small 1
t:      52316 job     7 (waiting) on # 1 of server small (booting) SCHEDULED
SENT OK
RCVD REDY
SENT JOBF 54091 7 26259 1 1000 900
RCVD SCHD 7 tiny 0
t:      54091 job     7 (waiting) on # 0 of server tiny (booting) SCHEDULED
SENT OK
RCVD REDY
t:      54151 job     7 on # 0 of server tiny RUNNING
SENT JOBF 54908 0 37232 2 500 600
RCVD SCHD 0 tiny 2
t:      54908 job     0 (waiting) on # 2 of server tiny (booting) SCHEDULED
SENT OK
RCVD REDY
SENT JOBF 55048 0 37232 2 500 600
RCVD SCHD 0 tiny 1
t:      55048 job     0 (waiting) on # 1 of server tiny (booting) SCHEDULED
SENT OK
RCVD REDY
SENT JOBF 56233 0 37232 2 500 600
RCVD SCHD 0 tiny 2
t:      56233 job     0 (waiting) on # 2 of server tiny (booting) SCHEDULED
SENT OK
RCVD REDY
SENT JOBF 56381 0 37232 2 500 600
RCVD SCHD 0 tiny 1
t:      56381 job     0 (waiting) on # 1 of server tiny (booting) SCHEDULED
SENT OK
RCVD REDY
SENT JOBF 57214 0 37232 2 500 600
RCVD SCHD 0 small 0
t:      57214 job     0 (waiting) on # 0 of server small (booting) SCHEDULED
SENT OK
RCVD REDY
SENT JOBF 57429 0 37232 2 500 600
RCVD SCHD 0 tiny 2
t:      57429 job     0 (waiting) on # 2 of server tiny (booting) SCHEDULED
SENT OK
RCVD REDY
SENT JOBF 57445 0 37232 2 500 600
RCVD SCHD 0 tiny 1
t:      57445 job     0 (waiting) on # 1 of server tiny (booting) SCHEDULED
SENT OK
RCVD REDY
SENT JOBF 58235 0 37232 2 500 600
RCVD SCHD 0 small 0
t:      58235 job     0 (waiting) on # 0 of server small (booting) SCHEDULED
SENT OK
RCVD REDY
SENT JOBF 58369 0 37232 2 500 600
RCVD SCHD 0 tiny 2
t:      58369 job     0 (waiting) on # 2 of server tiny (booting) SCHEDULED
SENT OK
RCVD REDY
SENT JOBF 59251 0 37232 2 500 600
RCVD SCHD 0 tiny 1
t:      59251 job     0 (waiting) on # 1 of server tiny (booting) SCHEDULED
SENT OK
RCVD REDY
SENT JOBF 59942 0 37232 2 500 600
RCVD SCHD 0 tiny 2
t:      59942 job     0 (waiting) on # 2 of server tiny (booting) SCHEDULED
SENT OK
RCVD REDY
SENT JOBF 60086 0 37232 2 500 600
RCVD SCHD 0 small 0
t:      60086 job     0 (waiting) on # 0 of server small (booting) SCHEDULED
SENT OK
RCVD REDY
t:      60146 job     0 on # 0 of server small RUNNING
SENT JOBF 61852 9 47267 8 6300 4100
RCVD SCHD 9 medium 1
t:      61852 job     9 (waiting) on # 1 of server medium (booting) SCHEDULED
SENT OK
RCVD REDY
SENT JOBF 61884 0 37232 2 500 600
RCVD SCHD 0 tiny 1
t:      61884 job     0 (waiting) on # 1 of server tiny (booting) SCHEDULED
SENT OK
RCVD REDY
SENT JOBF 61891 0 37232 2 500 600
RCVD SCHD 0 tiny 2
t:      61891 job     0 (waiting) on # 2 of server tiny (booting) SCHEDULED
SENT OK
RCVD REDY
SENT JOBF 61904 7 26259 1 1000 900
RCVD SCHD 7 small 1
t:      61904 job     7 (waiting) on # 1 of server small (booting) SCHEDULED
SENT OK
RCVD REDY
t:      61912 job     9 on # 1 of server medium RUNNING
t:      61964 job     7 on # 1 of server small RUNNING
SENT JOBF 62092 0 37232 2 500 600
RCVD SCHD 0 tiny 0
t:      62092 job     0 (waiting) on # 0 of server tiny (booting) SCHEDULED
SENT OK
RCVD REDY
t:      62152 job     0 on # 0 of server tiny RUNNING
SENT JOBF 62806 9 47267 8 6300 4100
RCVD SCHD 9 medium 0
t:      62806 job     9 (waiting) on # 0 of server medium (booting) SCHEDULED
SENT OK
RCVD REDY
SENT NONE
RCVD QUIT
t:      62866 job     9 on # 0 of server medium RUNNING
t:      81475 job     0 on # 0 of server tiny COMPLETED
t:     133808 job     7 on # 1 of server small COMPLETED
t:     143423 job     9 on # 0 of server medium COMPLETED
# ---------------------------------------------------------------------------
# 2 tiny servers used with a utilisation of 4.46 at the cost of $31.97
# 2 small servers used with a utilisation of 8.72 at the cost of $147.82
# 2 medium servers used with a utilisation of 27.27 at the cost of $139.58
# =============================== [ Overall ] ===============================
# total #servers used: 6, avg utilisation: 13.48 and total cost: $319.37
# avg waiting time: 19957, avg exec time: 17974 and avg turnaround time: 37932
