# ds-sim server 12-Aug, 2019 @ MQ
# Server-side simulator started with './ds-server -n -v brief -c configs/scheduling/personal-config8.xml -f g5k06'
# Waiting for connection to port 49152 of IP address 127.0.0.1
RCVD HELO
SENT OK
RCVD AUTH jak0723
# Welcome  jak0723!
# The system information can be read from 'system.xml'
SENT OK
RCVD REDY
SENT JOBN 83 0 37232 4 1100 1200
RCVD SCHD 0 medium 0
t:         83 job     0 (waiting) on # 0 of server medium (booting) SCHEDULED
SENT OK
RCVD REDY
t:        143 job     0 on # 0 of server medium RUNNING
SENT JOBN 290 1 899 1 400 1200
RCVD SCHD 1 tiny 0
t:        290 job     1 (waiting) on # 0 of server tiny (booting) SCHEDULED
SENT OK
RCVD REDY
SENT JOBN 336 2 129 4 4200 5700
RCVD SCHD 2 medium 1
t:        336 job     2 (waiting) on # 1 of server medium (booting) SCHEDULED
SENT OK
RCVD REDY
t:        350 job     1 on # 0 of server tiny RUNNING
t:        396 job     2 on # 1 of server medium RUNNING
SENT JOBN 443 3 282 2 500 1100
RCVD SCHD 3 small 0
t:        443 job     3 (waiting) on # 0 of server small (booting) SCHEDULED
SENT OK
RCVD REDY
t:        503 job     3 on # 0 of server small RUNNING
SENT JOBN 728 4 1431 4 4000 7700
RCVD SCHD 4 medium 2
t:        728 job     4 (waiting) on # 2 of server medium (booting) SCHEDULED
SENT OK
RCVD REDY
t:        745 job     3 on # 0 of server small COMPLETED
t:        788 job     4 on # 2 of server medium RUNNING
SENT JOBN 867 5 604 1 800 1400
RCVD SCHD 5 tiny 1
t:        867 job     5 (waiting) on # 1 of server tiny (booting) SCHEDULED
SENT OK
RCVD REDY
SENT JOBN 870 6 709 1 900 200
RCVD SCHD 6 tiny 2
t:        870 job     6 (waiting) on # 2 of server tiny (booting) SCHEDULED
SENT OK
RCVD REDY
t:        927 job     5 on # 1 of server tiny RUNNING
SENT JOBF 1044 6 709 1 900 200
RCVD SCHD 6 small 0
t:       1044 job     6 (running) on # 0 of server small (active) SCHEDULED
t:       1044 job     6 on # 0 of server small RUNNING
SENT OK
RCVD REDY
SENT JOBN 1134 7 26259 1 1000 900
RCVD SCHD 7 small 0
t:       1134 job     7 (running) on # 0 of server small (active) SCHEDULED
t:       1134 job     7 on # 0 of server small RUNNING
SENT OK
RCVD REDY
SENT JOBF 1238 6 709 1 900 200
RCVD SCHD 6 small 1
t:       1238 job     6 (waiting) on # 1 of server small (booting) SCHEDULED
SENT OK
RCVD REDY
SENT JOBF 1238 7 26259 1 1000 900
RCVD SCHD 7 small 1
t:       1238 job     7 (waiting) on # 1 of server small (booting) SCHEDULED
SENT OK
RCVD REDY
t:       1249 job     1 on # 0 of server tiny COMPLETED
t:       1298 job     6 on # 1 of server small RUNNING
t:       1298 job     7 on # 1 of server small RUNNING
t:       1341 job     2 on # 1 of server medium COMPLETED
SENT JOBN 1342 8 477 1 800 1700
RCVD SCHD 8 tiny 0
t:       1342 job     8 (running) on # 0 of server tiny (active) SCHEDULED
t:       1342 job     8 on # 0 of server tiny RUNNING
SENT OK
RCVD REDY
t:       1531 job     5 on # 1 of server tiny COMPLETED
SENT JOBN 1664 9 47267 4 3100 2000
RCVD SCHD 9 medium 1
t:       1664 job     9 (running) on # 1 of server medium (active) SCHEDULED
t:       1664 job     9 on # 1 of server medium RUNNING
SENT OK
RCVD REDY
t:       1696 job     6 on # 1 of server small COMPLETED
t:       1702 job     8 on # 0 of server tiny COMPLETED
SENT JOBF 2505 9 47267 4 3100 2000
RCVD SCHD 9 medium 0
t:       2505 job     9 (waiting) on # 0 of server medium (active) SCHEDULED
SENT OK
RCVD REDY
SENT JOBF 3068 4 1431 4 4000 7700
RCVD SCHD 4 medium 1
t:       3068 job     4 (waiting) on # 1 of server medium (booting) SCHEDULED
SENT OK
RCVD REDY
SENT JOBF 3232 4 1431 4 4000 7700
RCVD SCHD 4 medium 2
t:       3232 job     4 (waiting) on # 2 of server medium (booting) SCHEDULED
SENT OK
RCVD REDY
t:       3292 job     4 on # 2 of server medium RUNNING
SENT JOBF 4667 7 26259 1 1000 900
RCVD SCHD 7 tiny 0
t:       4667 job     7 (waiting) on # 0 of server tiny (booting) SCHEDULED
SENT OK
RCVD REDY
t:       4727 job     7 on # 0 of server tiny RUNNING
SENT JOBF 4850 4 1431 4 4000 7700
RCVD SCHD 4 medium 1
t:       4850 job     4 (waiting) on # 1 of server medium (booting) SCHEDULED
SENT OK
RCVD REDY
SENT JOBF 4882 0 37232 4 1100 1200
RCVD SCHD 0 medium 1
t:       4882 job     0 (waiting) on # 1 of server medium (booting) SCHEDULED
SENT OK
RCVD REDY
SENT JOBF 4882 9 47267 4 3100 2000
RCVD SCHD 9 medium 1
t:       4882 job     9 (waiting) on # 1 of server medium (booting) SCHEDULED
SENT OK
RCVD REDY
SENT JOBF 8132 4 1431 4 4000 7700
RCVD SCHD 4 medium 0
t:       8132 job     4 (waiting) on # 0 of server medium (booting) SCHEDULED
SENT OK
RCVD REDY
SENT JOBF 8132 0 37232 4 1100 1200
RCVD SCHD 0 medium 2
t:       8132 job     0 (waiting) on # 2 of server medium (booting) SCHEDULED
SENT OK
RCVD REDY
SENT JOBF 8132 9 47267 4 3100 2000
RCVD SCHD 9 medium 0
t:       8132 job     9 (waiting) on # 0 of server medium (booting) SCHEDULED
SENT OK
RCVD REDY
t:       8192 job     4 on # 0 of server medium RUNNING
t:       8192 job     0 on # 2 of server medium RUNNING
SENT JOBF 10247 7 26259 1 1000 900
RCVD SCHD 7 tiny 1
t:      10247 job     7 (waiting) on # 1 of server tiny (booting) SCHEDULED
SENT OK
RCVD REDY
SENT JOBF 10603 7 26259 1 1000 900
RCVD SCHD 7 tiny 0
t:      10603 job     7 (waiting) on # 0 of server tiny (booting) SCHEDULED
SENT OK
RCVD REDY
t:      10663 job     7 on # 0 of server tiny RUNNING
SENT JOBF 10674 0 37232 4 1100 1200
RCVD SCHD 0 medium 1
t:      10674 job     0 (waiting) on # 1 of server medium (booting) SCHEDULED
SENT OK
RCVD REDY
t:      10734 job     0 on # 1 of server medium RUNNING
SENT JOBF 12297 4 1431 4 4000 7700
RCVD SCHD 4 medium 1
t:      12297 job     4 (waiting) on # 1 of server medium (active) SCHEDULED
SENT OK
RCVD REDY
SENT JOBF 12297 9 47267 4 3100 2000
RCVD SCHD 9 medium 1
t:      12297 job     9 (waiting) on # 1 of server medium (active) SCHEDULED
SENT OK
RCVD REDY
SENT JOBF 14275 7 26259 1 1000 900
RCVD SCHD 7 tiny 1
t:      14275 job     7 (waiting) on # 1 of server tiny (booting) SCHEDULED
SENT OK
RCVD REDY
SENT JOBF 14553 7 26259 1 1000 900
RCVD SCHD 7 tiny 0
t:      14553 job     7 (waiting) on # 0 of server tiny (booting) SCHEDULED
SENT OK
RCVD REDY
t:      14613 job     7 on # 0 of server tiny RUNNING
SENT JOBF 19596 0 37232 4 1100 1200
RCVD SCHD 0 medium 0
t:      19596 job     0 (waiting) on # 0 of server medium (booting) SCHEDULED
SENT OK
RCVD REDY
SENT JOBF 19596 4 1431 4 4000 7700
RCVD SCHD 4 medium 2
t:      19596 job     4 (waiting) on # 2 of server medium (booting) SCHEDULED
SENT OK
RCVD REDY
SENT JOBF 19596 9 47267 4 3100 2000
RCVD SCHD 9 medium 0
t:      19596 job     9 (waiting) on # 0 of server medium (booting) SCHEDULED
SENT OK
RCVD REDY
SENT JOBF 19651 4 1431 4 4000 7700
RCVD SCHD 4 medium 0
t:      19651 job     4 (waiting) on # 0 of server medium (booting) SCHEDULED
SENT OK
RCVD REDY
SENT JOBF 25055 0 37232 4 1100 1200
RCVD SCHD 0 medium 1
t:      25055 job     0 (waiting) on # 1 of server medium (booting) SCHEDULED
SENT OK
RCVD REDY
SENT JOBF 25055 9 47267 4 3100 2000
RCVD SCHD 9 medium 2
t:      25055 job     9 (waiting) on # 2 of server medium (booting) SCHEDULED
SENT OK
RCVD REDY
SENT JOBF 25055 4 1431 4 4000 7700
RCVD SCHD 4 medium 1
t:      25055 job     4 (waiting) on # 1 of server medium (booting) SCHEDULED
SENT OK
RCVD REDY
SENT JOBF 25072 9 47267 4 3100 2000
RCVD SCHD 9 medium 1
t:      25072 job     9 (waiting) on # 1 of server medium (booting) SCHEDULED
SENT OK
RCVD REDY
SENT JOBF 26867 0 37232 4 1100 1200
RCVD SCHD 0 medium 0
t:      26867 job     0 (waiting) on # 0 of server medium (booting) SCHEDULED
SENT OK
RCVD REDY
SENT JOBF 26867 4 1431 4 4000 7700
RCVD SCHD 4 medium 2
t:      26867 job     4 (waiting) on # 2 of server medium (booting) SCHEDULED
SENT OK
RCVD REDY
SENT JOBF 26867 9 47267 4 3100 2000
RCVD SCHD 9 medium 0
t:      26867 job     9 (waiting) on # 0 of server medium (booting) SCHEDULED
SENT OK
RCVD REDY
t:      26927 job     0 on # 0 of server medium RUNNING
SENT JOBF 27920 4 1431 4 4000 7700
RCVD SCHD 4 medium 1
t:      27920 job     4 (waiting) on # 1 of server medium (booting) SCHEDULED
SENT OK
RCVD REDY
SENT JOBF 29459 4 1431 4 4000 7700
RCVD SCHD 4 medium 2
t:      29459 job     4 (waiting) on # 2 of server medium (booting) SCHEDULED
SENT OK
RCVD REDY
t:      29519 job     4 on # 2 of server medium RUNNING
SENT JOBF 29734 7 26259 1 1000 900
RCVD SCHD 7 tiny 1
t:      29734 job     7 (waiting) on # 1 of server tiny (booting) SCHEDULED
SENT OK
RCVD REDY
t:      29794 job     7 on # 1 of server tiny RUNNING
SENT JOBF 30421 0 37232 4 1100 1200
RCVD SCHD 0 medium 1
t:      30421 job     0 (waiting) on # 1 of server medium (booting) SCHEDULED
SENT OK
RCVD REDY
SENT JOBF 30421 9 47267 4 3100 2000
RCVD SCHD 9 medium 1
t:      30421 job     9 (waiting) on # 1 of server medium (booting) SCHEDULED
SENT OK
RCVD REDY
SENT JOBF 30436 7 26259 1 1000 900
RCVD SCHD 7 tiny 0
t:      30436 job     7 (waiting) on # 0 of server tiny (booting) SCHEDULED
SENT OK
RCVD REDY
SENT JOBF 30464 4 1431 4 4000 7700
RCVD SCHD 4 medium 1
t:      30464 job     4 (waiting) on # 1 of server medium (booting) SCHEDULED
SENT OK
RCVD REDY
t:      30496 job     7 on # 0 of server tiny RUNNING
SENT JOBF 30540 0 37232 4 1100 1200
RCVD SCHD 0 medium 0
t:      30540 job     0 (waiting) on # 0 of server medium (booting) SCHEDULED
SENT OK
RCVD REDY
SENT JOBF 30540 9 47267 4 3100 2000
RCVD SCHD 9 medium 0
t:      30540 job     9 (waiting) on # 0 of server medium (booting) SCHEDULED
SENT OK
RCVD REDY
SENT JOBF 30540 4 1431 4 4000 7700
RCVD SCHD 4 medium 0
t:      30540 job     4 (waiting) on # 0 of server medium (booting) SCHEDULED
SENT OK
RCVD REDY
t:      30600 job     0 on # 0 of server medium RUNNING
SENT JOBF 30998 7 26259 1 1000 900
RCVD SCHD 7 tiny 1
t:      30998 job     7 (waiting) on # 1 of server tiny (booting) SCHEDULED
SENT OK
RCVD REDY
SENT JOBF 33794 7 26259 1 1000 900
RCVD SCHD 7 tiny 0
t:      33794 job     7 (waiting) on # 0 of server tiny (booting) SCHEDULED
SENT OK
RCVD REDY
SENT JOBF 41095 7 26259 1 1000 900
RCVD SCHD 7 tiny 1
t:      41095 job     7 (waiting) on # 1 of server tiny (booting) SCHEDULED
SENT OK
RCVD REDY
SENT JOBF 43395 7 26259 1 1000 900
RCVD SCHD 7 tiny 0
t:      43395 job     7 (waiting) on # 0 of server tiny (booting) SCHEDULED
SENT OK
RCVD REDY
t:      43455 job     7 on # 0 of server tiny RUNNING
SENT JOBF 44795 0 37232 4 1100 1200
RCVD SCHD 0 medium 1
t:      44795 job     0 (waiting) on # 1 of server medium (booting) SCHEDULED
SENT OK
RCVD REDY
SENT JOBF 44795 9 47267 4 3100 2000
RCVD SCHD 9 medium 2
t:      44795 job     9 (waiting) on # 2 of server medium (booting) SCHEDULED
SENT OK
RCVD REDY
SENT JOBF 44795 4 1431 4 4000 7700
RCVD SCHD 4 medium 1
t:      44795 job     4 (waiting) on # 1 of server medium (booting) SCHEDULED
SENT OK
RCVD REDY
SENT JOBF 44808 9 47267 4 3100 2000
RCVD SCHD 9 medium 1
t:      44808 job     9 (waiting) on # 1 of server medium (booting) SCHEDULED
SENT OK
RCVD REDY
SENT JOBF 48099 0 37232 4 1100 1200
RCVD SCHD 0 medium 0
t:      48099 job     0 (waiting) on # 0 of server medium (booting) SCHEDULED
SENT OK
RCVD REDY
SENT JOBF 48099 4 1431 4 4000 7700
RCVD SCHD 4 medium 2
t:      48099 job     4 (waiting) on # 2 of server medium (booting) SCHEDULED
SENT OK
RCVD REDY
SENT JOBF 48099 9 47267 4 3100 2000
RCVD SCHD 9 medium 0
t:      48099 job     9 (waiting) on # 0 of server medium (booting) SCHEDULED
SENT OK
RCVD REDY
t:      48159 job     0 on # 0 of server medium RUNNING
t:      48159 job     4 on # 2 of server medium RUNNING
SENT JOBF 52312 7 26259 1 1000 900
RCVD SCHD 7 tiny 1
t:      52312 job     7 (waiting) on # 1 of server tiny (booting) SCHEDULED
SENT OK
RCVD REDY
t:      52736 job     4 on # 2 of server medium COMPLETED
SENT JOBF 54908 7 26259 1 1000 900
RCVD SCHD 7 tiny 0
t:      54908 job     7 (waiting) on # 0 of server tiny (booting) SCHEDULED
SENT OK
RCVD REDY
t:      54968 job     7 on # 0 of server tiny RUNNING
SENT JOBF 61852 0 37232 4 1100 1200
RCVD SCHD 0 medium 1
t:      61852 job     0 (waiting) on # 1 of server medium (booting) SCHEDULED
SENT OK
RCVD REDY
SENT JOBF 61852 9 47267 4 3100 2000
RCVD SCHD 9 medium 2
t:      61852 job     9 (waiting) on # 2 of server medium (booting) SCHEDULED
SENT OK
RCVD REDY
SENT JOBF 61904 7 26259 1 1000 900
RCVD SCHD 7 tiny 2
t:      61904 job     7 (waiting) on # 2 of server tiny (booting) SCHEDULED
SENT OK
RCVD REDY
t:      61912 job     0 on # 1 of server medium RUNNING
SENT JOBF 61917 9 47267 4 3100 2000
RCVD SCHD 9 medium 1
t:      61917 job     9 (waiting) on # 1 of server medium (active) SCHEDULED
SENT OK
RCVD REDY
SENT JOBF 62092 7 26259 1 1000 900
RCVD SCHD 7 tiny 0
t:      62092 job     7 (waiting) on # 0 of server tiny (booting) SCHEDULED
SENT OK
RCVD REDY
t:      62152 job     7 on # 0 of server tiny RUNNING
SENT JOBF 62806 0 37232 4 1100 1200
RCVD SCHD 0 medium 0
t:      62806 job     0 (waiting) on # 0 of server medium (booting) SCHEDULED
SENT OK
RCVD REDY
SENT JOBF 62806 9 47267 4 3100 2000
RCVD SCHD 9 medium 2
t:      62806 job     9 (waiting) on # 2 of server medium (booting) SCHEDULED
SENT OK
RCVD REDY
t:      62866 job     0 on # 0 of server medium RUNNING
t:      62866 job     9 on # 2 of server medium RUNNING
SENT JOBF 63331 7 26259 1 1000 900
RCVD SCHD 7 tiny 1
t:      63331 job     7 (waiting) on # 1 of server tiny (booting) SCHEDULED
SENT OK
RCVD REDY
t:      63391 job     7 on # 1 of server tiny RUNNING
SENT JOBF 63680 9 47267 4 3100 2000
RCVD SCHD 9 medium 1
t:      63680 job     9 (waiting) on # 1 of server medium (booting) SCHEDULED
SENT OK
RCVD REDY
SENT JOBF 63695 0 37232 4 1100 1200
RCVD SCHD 0 medium 1
t:      63695 job     0 (waiting) on # 1 of server medium (booting) SCHEDULED
SENT OK
RCVD REDY
SENT JOBF 63717 7 26259 1 1000 900
RCVD SCHD 7 tiny 0
t:      63717 job     7 (waiting) on # 0 of server tiny (booting) SCHEDULED
SENT OK
RCVD REDY
t:      63740 job     9 on # 1 of server medium RUNNING
SENT JOBF 66634 7 26259 1 1000 900
RCVD SCHD 7 tiny 1
t:      66634 job     7 (waiting) on # 1 of server tiny (booting) SCHEDULED
SENT OK
RCVD REDY
t:      66694 job     7 on # 1 of server tiny RUNNING
SENT JOBF 67516 9 47267 4 3100 2000
RCVD SCHD 9 medium 0
t:      67516 job     9 (waiting) on # 0 of server medium (booting) SCHEDULED
SENT OK
RCVD REDY
SENT JOBF 67516 0 37232 4 1100 1200
RCVD SCHD 0 medium 2
t:      67516 job     0 (waiting) on # 2 of server medium (booting) SCHEDULED
SENT OK
RCVD REDY
t:      67576 job     9 on # 0 of server medium RUNNING
t:      67576 job     0 on # 2 of server medium RUNNING
SENT JOBF 69172 7 26259 1 1000 900
RCVD SCHD 7 tiny 0
t:      69172 job     7 (waiting) on # 0 of server tiny (booting) SCHEDULED
SENT OK
RCVD REDY
t:      69232 job     7 on # 0 of server tiny RUNNING
SENT JOBF 72700 0 37232 4 1100 1200
RCVD SCHD 0 medium 1
t:      72700 job     0 (waiting) on # 1 of server medium (booting) SCHEDULED
SENT OK
RCVD REDY
t:      72760 job     0 on # 1 of server medium RUNNING
SENT JOBF 78159 7 26259 1 1000 900
RCVD SCHD 7 tiny 1
t:      78159 job     7 (waiting) on # 1 of server tiny (booting) SCHEDULED
SENT OK
RCVD REDY
SENT JOBF 81429 7 26259 1 1000 900
RCVD SCHD 7 tiny 0
t:      81429 job     7 (waiting) on # 0 of server tiny (booting) SCHEDULED
SENT OK
RCVD REDY
t:      81489 job     7 on # 0 of server tiny RUNNING
SENT JOBF 81771 0 37232 4 1100 1200
RCVD SCHD 0 medium 2
t:      81771 job     0 (waiting) on # 2 of server medium (booting) SCHEDULED
SENT OK
RCVD REDY
t:      81831 job     0 on # 2 of server medium RUNNING
SENT JOBF 85017 7 26259 1 1000 900
RCVD SCHD 7 tiny 1
t:      85017 job     7 (waiting) on # 1 of server tiny (booting) SCHEDULED
SENT OK
RCVD REDY
SENT JOBF 86375 7 26259 1 1000 900
RCVD SCHD 7 tiny 0
t:      86375 job     7 (waiting) on # 0 of server tiny (booting) SCHEDULED
SENT OK
RCVD REDY
SENT NONE
RCVD QUIT
t:      86435 job     7 on # 0 of server tiny RUNNING
t:     101154 job     0 on # 2 of server medium COMPLETED
t:     148133 job     9 on # 0 of server medium COMPLETED
t:     158279 job     7 on # 0 of server tiny COMPLETED
SENT QUIT
# ---------------------------------------------------------------------------
# 2 tiny servers used with a utilisation of 12.50 at the cost of $109.15
# 2 small servers used with a utilisation of 0.03 at the cost of $296.99
# 3 medium servers used with a utilisation of 13.17 at the cost of $336.32
# =============================== [ Overall ] ===============================
# actual simulation end time: 158279
# total #servers used: 7, avg utilisation: 9.22 and total cost: $742.46
# avg waiting time: 28106, avg exec time: 17974 and avg turnaround time: 46080
