# ds-sim server 6Aug, 2019 @ MQ
# Server-side simulator started with './ds-server -n -v brief -c configs/scheduling/personal-config7.xml -f ldns04'
# Waiting for connection to port 49152 of IP address 127.0.0.1
RCVD HELO
SENT OK
RCVD AUTH jak0723
# Welcome  jak0723!
# The system information can be read from 'system.xml'
SENT OK
RCVD REDY
SENT JOBN 83 0 37232 2 500 600
RCVD SCHD 0 tiny 0
t:         83 job     0 (waiting) on # 0 of server tiny (booting) SCHEDULED
SENT OK
RCVD REDY
t:        143 job     0 on # 0 of server tiny RUNNING
SENT JOBN 290 1 899 1 400 1200
RCVD SCHD 1 tiny 1
t:        290 job     1 (waiting) on # 1 of server tiny (booting) SCHEDULED
SENT OK
RCVD REDY
SENT JOBN 336 2 129 5 5300 7100
RCVD SCHD 2 medium 0
t:        336 job     2 (waiting) on # 0 of server medium (booting) SCHEDULED
SENT OK
RCVD REDY
t:        350 job     1 on # 1 of server tiny RUNNING
t:        396 job     2 on # 0 of server medium RUNNING
SENT JOBN 443 3 282 2 500 1100
RCVD SCHD 3 medium 0
t:        443 job     3 (running) on # 0 of server medium (active) SCHEDULED
t:        443 job     3 on # 0 of server medium RUNNING
SENT OK
RCVD REDY
t:        685 job     3 on # 0 of server medium COMPLETED
SENT JOBN 728 4 1431 8 8000 15400
RCVD SCHD 4 medium 1
t:        728 job     4 (waiting) on # 1 of server medium (booting) SCHEDULED
SENT OK
RCVD REDY
t:        788 job     4 on # 1 of server medium RUNNING
SENT JOBN 867 5 604 1 800 1400
RCVD SCHD 5 medium 0
t:        867 job     5 (running) on # 0 of server medium (active) SCHEDULED
t:        867 job     5 on # 0 of server medium RUNNING
SENT OK
RCVD REDY
SENT JOBN 870 6 709 1 900 200
RCVD SCHD 6 medium 0
t:        870 job     6 (running) on # 0 of server medium (active) SCHEDULED
t:        870 job     6 on # 0 of server medium RUNNING
SENT OK
RCVD REDY
SENT JOBN 954 7 26259 1 1000 900
RCVD SCHD 7 medium 0
t:        954 job     7 (running) on # 0 of server medium (active) SCHEDULED
t:        954 job     7 on # 0 of server medium RUNNING
SENT OK
RCVD REDY
SENT JOBN 1042 8 477 1 800 1700
RCVD SCHD 8 tiny 1
t:       1042 job     8 (running) on # 1 of server tiny (active) SCHEDULED
t:       1042 job     8 on # 1 of server tiny RUNNING
SENT OK
RCVD REDY
SENT JOBN 1064 9 47267 8 6300 4100
RCVD SCHD 9 medium 2
t:       1064 job     9 (waiting) on # 2 of server medium (booting) SCHEDULED
SENT OK
RCVD REDY
t:       1124 job     9 on # 2 of server medium RUNNING
t:       1249 job     1 on # 1 of server tiny COMPLETED
t:       1402 job     8 on # 1 of server tiny COMPLETED
SENT JOBF 1674 6 709 1 900 200
RCVD SCHD 6 tiny 1
t:       1674 job     6 (running) on # 1 of server tiny (active) SCHEDULED
t:       1674 job     6 on # 1 of server tiny RUNNING
SENT OK
RCVD REDY
SENT JOBF 1674 2 129 5 5300 7100
RCVD SCHD 2 medium 1
t:       1674 job     2 (waiting) on # 1 of server medium (active) SCHEDULED
SENT OK
RCVD REDY
SENT JOBF 1674 5 604 1 800 1400
RCVD SCHD 5 tiny 1
t:       1674 job     5 (running) on # 1 of server tiny (active) SCHEDULED
t:       1674 job     5 on # 1 of server tiny RUNNING
SENT OK
RCVD REDY
SENT JOBF 1674 7 26259 1 1000 900
RCVD SCHD 7 tiny 2
t:       1674 job     7 (waiting) on # 2 of server tiny (booting) SCHEDULED
SENT OK
RCVD REDY
t:       1734 job     7 on # 2 of server tiny RUNNING
t:       2072 job     6 on # 1 of server tiny COMPLETED
t:       2278 job     5 on # 1 of server tiny COMPLETED
SENT JOBF 4658 0 37232 2 500 600
RCVD SCHD 0 small 2
t:       4658 job     0 (waiting) on # 2 of server small (booting) SCHEDULED
SENT OK
RCVD REDY
SENT JOBF 5121 0 37232 2 500 600
RCVD SCHD 0 tiny 0
t:       5121 job     0 (waiting) on # 0 of server tiny (booting) SCHEDULED
SENT OK
RCVD REDY
t:       5365 job     4 on # 1 of server medium COMPLETED
t:       5365 job     2 on # 1 of server medium RUNNING
SENT JOBF 6067 0 37232 2 500 600
RCVD SCHD 0 small 0
t:       6067 job     0 (waiting) on # 0 of server small (booting) SCHEDULED
SENT OK
RCVD REDY
t:       6310 job     2 on # 1 of server medium COMPLETED
SENT JOBF 62841 0 37232 2 500 600
RCVD SCHD 0 small 2
t:      62841 job     0 (waiting) on # 2 of server small (booting) SCHEDULED
SENT OK
RCVD REDY
SENT JOBF 68369 0 37232 2 500 600
RCVD SCHD 0 small 0
t:      68369 job     0 (waiting) on # 0 of server small (booting) SCHEDULED
SENT OK
RCVD REDY
SENT NONE
RCVD QUIT
t:      68429 job     0 on # 0 of server small RUNNING
t:      73578 job     7 on # 2 of server tiny COMPLETED
t:      81681 job     9 on # 2 of server medium COMPLETED
t:      87752 job     0 on # 0 of server small COMPLETED
# ---------------------------------------------------------------------------
# 2 tiny servers used with a utilisation of 42.71 at the cost of $9.63
# 1 small servers used with a utilisation of 83.25 at the cost of $2.58
# 3 medium servers used with a utilisation of 33.12 at the cost of $813.40
# =============================== [ Overall ] ===============================
# total #servers used: 6, avg utilisation: 44.67 and total cost: $825.61
# avg waiting time: 7594, avg exec time: 17974 and avg turnaround time: 25569
