# ds-sim server 12-Aug, 2019 @ MQ
# Server-side simulator started with './ds-server -n -v brief -c configs/scheduling/personal-config16.xml -f g5k06'
# Waiting for connection to port 49152 of IP address 127.0.0.1
RCVD HELO
SENT OK
RCVD AUTH jak0723
# Welcome  jak0723!
# The system information can be read from 'system.xml'
SENT OK
RCVD REDY
SENT JOBN 84 0 586 1 200 300
RCVD SCHD 0 tiny 0
t:         84 job     0 (waiting) on # 0 of server tiny (booting) SCHEDULED
SENT OK
RCVD REDY
t:        114 job     0 on # 0 of server tiny RUNNING
SENT JOBN 292 1 292 1 400 1200
RCVD SCHD 1 tiny 1
t:        292 job     1 (waiting) on # 1 of server tiny (booting) SCHEDULED
SENT OK
RCVD REDY
t:        322 job     1 on # 1 of server tiny RUNNING
SENT JOBN 339 2 96 2 2100 2800
RCVD SCHD 2 small 0
t:        339 job     2 (waiting) on # 0 of server small (booting) SCHEDULED
SENT OK
RCVD REDY
t:        369 job     2 on # 0 of server small RUNNING
SENT JOBF 394 1 292 1 400 1200
RCVD SCHD 1 small 1
t:        394 job     1 (waiting) on # 1 of server small (booting) SCHEDULED
SENT OK
RCVD REDY
t:        424 job     1 on # 1 of server small RUNNING
SENT JOBN 447 3 282 2 500 1100
RCVD SCHD 3 medium 0
t:        447 job     3 (waiting) on # 0 of server medium (booting) SCHEDULED
SENT OK
RCVD REDY
t:        477 job     3 on # 0 of server medium RUNNING
t:        668 job     0 on # 0 of server tiny COMPLETED
SENT JOBF 709 2 96 2 2100 2800
RCVD SCHD 2 medium 0
t:        709 job     2 (running) on # 0 of server medium (active) SCHEDULED
t:        709 job     2 on # 0 of server medium RUNNING
SENT OK
RCVD REDY
t:        719 job     3 on # 0 of server medium COMPLETED
SENT JOBN 733 4 256 1 1000 1900
RCVD SCHD 4 small 1
t:        733 job     4 (running) on # 1 of server small (active) SCHEDULED
t:        733 job     4 on # 1 of server small RUNNING
SENT OK
RCVD REDY
t:        739 job     1 on # 1 of server small COMPLETED
t:        811 job     2 on # 0 of server medium COMPLETED
SENT JOBN 873 5 453 1 800 1400
RCVD SCHD 5 small 1
t:        873 job     5 (running) on # 1 of server small (active) SCHEDULED
t:        873 job     5 on # 1 of server small RUNNING
SENT OK
RCVD REDY
SENT JOBN 877 6 65 1 900 200
RCVD SCHD 6 tiny 0
t:        877 job     6 (running) on # 0 of server tiny (active) SCHEDULED
t:        877 job     6 on # 0 of server tiny RUNNING
SENT OK
RCVD REDY
t:        911 job     6 on # 0 of server tiny COMPLETED
SENT JOBN 962 7 57 1 1000 900
RCVD SCHD 7 tiny 0
t:        962 job     7 (running) on # 0 of server tiny (active) SCHEDULED
t:        962 job     7 on # 0 of server tiny RUNNING
SENT OK
RCVD REDY
SENT JOBN 1051 8 441 1 800 1700
RCVD SCHD 8 tiny 1
t:       1051 job     8 (waiting) on # 1 of server tiny (booting) SCHEDULED
SENT OK
RCVD REDY
t:       1081 job     8 on # 1 of server tiny RUNNING
SENT JOBN 1194 9 82 2 1500 1000
RCVD SCHD 9 small 0
t:       1194 job     9 (waiting) on # 0 of server small (booting) SCHEDULED
SENT OK
RCVD REDY
t:       1224 job     9 on # 0 of server small RUNNING
t:       1348 job     7 on # 0 of server tiny COMPLETED
t:       1517 job     8 on # 1 of server tiny COMPLETED
SENT JOBF 1610 5 453 1 800 1400
RCVD SCHD 5 tiny 0
t:       1610 job     5 (running) on # 0 of server tiny (active) SCHEDULED
t:       1610 job     5 on # 0 of server tiny RUNNING
SENT OK
RCVD REDY
SENT JOBF 1610 4 256 1 1000 1900
RCVD SCHD 4 tiny 1
t:       1610 job     4 (running) on # 1 of server tiny (active) SCHEDULED
t:       1610 job     4 on # 1 of server tiny RUNNING
SENT OK
RCVD REDY
t:       1861 job     9 on # 0 of server small COMPLETED
SENT JOBF 2119 4 256 1 1000 1900
RCVD SCHD 4 small 0
t:       2119 job     4 (running) on # 0 of server small (active) SCHEDULED
t:       2119 job     4 on # 0 of server small RUNNING
SENT OK
RCVD REDY
t:       2145 job     5 on # 0 of server tiny COMPLETED
SENT JOBF 2614 4 256 1 1000 1900
RCVD SCHD 4 tiny 0
t:       2614 job     4 (running) on # 0 of server tiny (active) SCHEDULED
t:       2614 job     4 on # 0 of server tiny RUNNING
SENT OK
RCVD REDY
SENT JOBF 4673 4 256 1 1000 1900
RCVD SCHD 4 tiny 1
t:       4673 job     4 (waiting) on # 1 of server tiny (booting) SCHEDULED
SENT OK
RCVD REDY
SENT JOBF 5913 4 256 1 1000 1900
RCVD SCHD 4 tiny 0
t:       5913 job     4 (waiting) on # 0 of server tiny (booting) SCHEDULED
SENT OK
RCVD REDY
SENT JOBF 20730 4 256 1 1000 1900
RCVD SCHD 4 tiny 1
t:      20730 job     4 (waiting) on # 1 of server tiny (booting) SCHEDULED
SENT OK
RCVD REDY
SENT JOBF 22155 4 256 1 1000 1900
RCVD SCHD 4 tiny 0
t:      22155 job     4 (waiting) on # 0 of server tiny (booting) SCHEDULED
SENT OK
RCVD REDY
SENT JOBF 28857 4 256 1 1000 1900
RCVD SCHD 4 tiny 1
t:      28857 job     4 (waiting) on # 1 of server tiny (booting) SCHEDULED
SENT OK
RCVD REDY
SENT JOBF 29713 4 256 1 1000 1900
RCVD SCHD 4 tiny 0
t:      29713 job     4 (waiting) on # 0 of server tiny (booting) SCHEDULED
SENT OK
RCVD REDY
SENT JOBF 33576 4 256 1 1000 1900
RCVD SCHD 4 tiny 1
t:      33576 job     4 (waiting) on # 1 of server tiny (booting) SCHEDULED
SENT OK
RCVD REDY
SENT JOBF 33782 4 256 1 1000 1900
RCVD SCHD 4 tiny 0
t:      33782 job     4 (waiting) on # 0 of server tiny (booting) SCHEDULED
SENT OK
RCVD REDY
SENT JOBF 39767 4 256 1 1000 1900
RCVD SCHD 4 tiny 1
t:      39767 job     4 (waiting) on # 1 of server tiny (booting) SCHEDULED
SENT OK
RCVD REDY
SENT JOBF 40256 4 256 1 1000 1900
RCVD SCHD 4 tiny 0
t:      40256 job     4 (waiting) on # 0 of server tiny (booting) SCHEDULED
SENT OK
RCVD REDY
SENT JOBF 46075 4 256 1 1000 1900
RCVD SCHD 4 tiny 1
t:      46075 job     4 (waiting) on # 1 of server tiny (booting) SCHEDULED
SENT OK
RCVD REDY
SENT JOBF 46866 4 256 1 1000 1900
RCVD SCHD 4 tiny 0
t:      46866 job     4 (waiting) on # 0 of server tiny (booting) SCHEDULED
SENT OK
RCVD REDY
SENT JOBF 51814 4 256 1 1000 1900
RCVD SCHD 4 tiny 1
t:      51814 job     4 (waiting) on # 1 of server tiny (booting) SCHEDULED
SENT OK
RCVD REDY
SENT JOBF 51951 4 256 1 1000 1900
RCVD SCHD 4 small 0
t:      51951 job     4 (waiting) on # 0 of server small (booting) SCHEDULED
SENT OK
RCVD REDY
SENT JOBF 52013 4 256 1 1000 1900
RCVD SCHD 4 tiny 0
t:      52013 job     4 (waiting) on # 0 of server tiny (booting) SCHEDULED
SENT OK
RCVD REDY
SENT JOBF 54038 4 256 1 1000 1900
RCVD SCHD 4 tiny 1
t:      54038 job     4 (waiting) on # 1 of server tiny (booting) SCHEDULED
SENT OK
RCVD REDY
SENT JOBF 56004 4 256 1 1000 1900
RCVD SCHD 4 tiny 0
t:      56004 job     4 (waiting) on # 0 of server tiny (booting) SCHEDULED
SENT OK
RCVD REDY
SENT JOBF 56335 4 256 1 1000 1900
RCVD SCHD 4 tiny 1
t:      56335 job     4 (waiting) on # 1 of server tiny (booting) SCHEDULED
SENT OK
RCVD REDY
SENT JOBF 57555 4 256 1 1000 1900
RCVD SCHD 4 tiny 0
t:      57555 job     4 (waiting) on # 0 of server tiny (booting) SCHEDULED
SENT OK
RCVD REDY
SENT JOBF 57900 4 256 1 1000 1900
RCVD SCHD 4 tiny 1
t:      57900 job     4 (waiting) on # 1 of server tiny (booting) SCHEDULED
SENT OK
RCVD REDY
SENT JOBF 57920 4 256 1 1000 1900
RCVD SCHD 4 small 0
t:      57920 job     4 (waiting) on # 0 of server small (booting) SCHEDULED
SENT OK
RCVD REDY
SENT JOBF 58390 4 256 1 1000 1900
RCVD SCHD 4 tiny 0
t:      58390 job     4 (waiting) on # 0 of server tiny (booting) SCHEDULED
SENT OK
RCVD REDY
SENT JOBF 63944 4 256 1 1000 1900
RCVD SCHD 4 tiny 1
t:      63944 job     4 (waiting) on # 1 of server tiny (booting) SCHEDULED
SENT OK
RCVD REDY
SENT JOBF 64176 4 256 1 1000 1900
RCVD SCHD 4 tiny 0
t:      64176 job     4 (waiting) on # 0 of server tiny (booting) SCHEDULED
SENT OK
RCVD REDY
SENT JOBF 67891 4 256 1 1000 1900
RCVD SCHD 4 tiny 1
t:      67891 job     4 (waiting) on # 1 of server tiny (booting) SCHEDULED
SENT OK
RCVD REDY
SENT JOBF 68082 4 256 1 1000 1900
RCVD SCHD 4 tiny 0
t:      68082 job     4 (waiting) on # 0 of server tiny (booting) SCHEDULED
SENT OK
RCVD REDY
SENT JOBF 70114 4 256 1 1000 1900
RCVD SCHD 4 tiny 1
t:      70114 job     4 (waiting) on # 1 of server tiny (booting) SCHEDULED
SENT OK
RCVD REDY
SENT JOBF 71999 4 256 1 1000 1900
RCVD SCHD 4 tiny 0
t:      71999 job     4 (waiting) on # 0 of server tiny (booting) SCHEDULED
SENT OK
RCVD REDY
SENT JOBF 89079 4 256 1 1000 1900
RCVD SCHD 4 small 0
t:      89079 job     4 (waiting) on # 0 of server small (booting) SCHEDULED
SENT OK
RCVD REDY
SENT JOBF 90327 4 256 1 1000 1900
RCVD SCHD 4 tiny 0
t:      90327 job     4 (waiting) on # 0 of server tiny (booting) SCHEDULED
SENT OK
RCVD REDY
SENT JOBF 90796 4 256 1 1000 1900
RCVD SCHD 4 tiny 1
t:      90796 job     4 (waiting) on # 1 of server tiny (booting) SCHEDULED
SENT OK
RCVD REDY
SENT JOBF 93670 4 256 1 1000 1900
RCVD SCHD 4 tiny 0
t:      93670 job     4 (waiting) on # 0 of server tiny (booting) SCHEDULED
SENT OK
RCVD REDY
SENT JOBF 93994 4 256 1 1000 1900
RCVD SCHD 4 tiny 1
t:      93994 job     4 (waiting) on # 1 of server tiny (booting) SCHEDULED
SENT OK
RCVD REDY
SENT JOBF 95373 4 256 1 1000 1900
RCVD SCHD 4 tiny 0
t:      95373 job     4 (waiting) on # 0 of server tiny (booting) SCHEDULED
SENT OK
RCVD REDY
SENT JOBF 97154 4 256 1 1000 1900
RCVD SCHD 4 small 0
t:      97154 job     4 (waiting) on # 0 of server small (booting) SCHEDULED
SENT OK
RCVD REDY
SENT JOBF 97732 4 256 1 1000 1900
RCVD SCHD 4 tiny 0
t:      97732 job     4 (waiting) on # 0 of server tiny (booting) SCHEDULED
SENT OK
RCVD REDY
SENT JOBF 98153 4 256 1 1000 1900
RCVD SCHD 4 tiny 1
t:      98153 job     4 (waiting) on # 1 of server tiny (booting) SCHEDULED
SENT OK
RCVD REDY
SENT JOBF 98500 4 256 1 1000 1900
RCVD SCHD 4 tiny 0
t:      98500 job     4 (waiting) on # 0 of server tiny (booting) SCHEDULED
SENT OK
RCVD REDY
SENT JOBF 106528 4 256 1 1000 1900
RCVD SCHD 4 tiny 1
t:     106528 job     4 (waiting) on # 1 of server tiny (booting) SCHEDULED
SENT OK
RCVD REDY
SENT JOBF 106626 4 256 1 1000 1900
RCVD SCHD 4 small 0
t:     106626 job     4 (waiting) on # 0 of server small (booting) SCHEDULED
SENT OK
RCVD REDY
SENT JOBF 107003 4 256 1 1000 1900
RCVD SCHD 4 tiny 0
t:     107003 job     4 (waiting) on # 0 of server tiny (booting) SCHEDULED
SENT OK
RCVD REDY
SENT JOBF 112280 4 256 1 1000 1900
RCVD SCHD 4 tiny 1
t:     112280 job     4 (waiting) on # 1 of server tiny (booting) SCHEDULED
SENT OK
RCVD REDY
SENT JOBF 112614 4 256 1 1000 1900
RCVD SCHD 4 tiny 0
t:     112614 job     4 (waiting) on # 0 of server tiny (booting) SCHEDULED
SENT OK
RCVD REDY
SENT JOBF 112991 4 256 1 1000 1900
RCVD SCHD 4 tiny 1
t:     112991 job     4 (waiting) on # 1 of server tiny (booting) SCHEDULED
SENT OK
RCVD REDY
SENT JOBF 113092 4 256 1 1000 1900
RCVD SCHD 4 small 1
t:     113092 job     4 (waiting) on # 1 of server small (booting) SCHEDULED
SENT OK
RCVD REDY
SENT JOBF 113492 4 256 1 1000 1900
RCVD SCHD 4 tiny 0
t:     113492 job     4 (waiting) on # 0 of server tiny (booting) SCHEDULED
SENT OK
RCVD REDY
SENT JOBF 120194 4 256 1 1000 1900
RCVD SCHD 4 tiny 1
t:     120194 job     4 (waiting) on # 1 of server tiny (booting) SCHEDULED
SENT OK
RCVD REDY
SENT JOBF 120512 4 256 1 1000 1900
RCVD SCHD 4 tiny 0
t:     120512 job     4 (waiting) on # 0 of server tiny (booting) SCHEDULED
SENT OK
RCVD REDY
SENT JOBF 122323 4 256 1 1000 1900
RCVD SCHD 4 tiny 1
t:     122323 job     4 (waiting) on # 1 of server tiny (booting) SCHEDULED
SENT OK
RCVD REDY
SENT JOBF 122520 4 256 1 1000 1900
RCVD SCHD 4 tiny 0
t:     122520 job     4 (waiting) on # 0 of server tiny (booting) SCHEDULED
SENT OK
RCVD REDY
SENT NONE
RCVD QUIT
t:     122550 job     4 on # 0 of server tiny RUNNING
t:     123395 job     4 on # 0 of server tiny COMPLETED
SENT QUIT
# ---------------------------------------------------------------------------
# 2 tiny servers used with a utilisation of 0.39 at the cost of $339.56
# 2 small servers used with a utilisation of 0.01 at the cost of $1654.16
# 1 medium servers used with a utilisation of 0.01 at the cost of $1100.10
# =============================== [ Overall ] ===============================
# actual simulation end time: 123395
# total #servers used: 5, avg utilisation: 0.16 and total cost: $3093.82
# avg waiting time: 12317, avg exec time: 408 and avg turnaround time: 12726
