# ds-sim server 5-August, 2020 @ MQ - client-server
# Server-side simulator started with './ds-server -c configs/personal/personal-config17.xml -f teragrid -v brief'
# Waiting for connection to port 50000 of IP address 127.0.0.1
RCVD HELO
SENT OK
RCVD AUTH jak0723
# Welcome  jak0723!
# The system information can be read from 'ds-system.xml'
SENT OK
RCVD REDY
SENT JOBN 37 0 197 2 500 2500
RCVD SCHD 0 medium 0
t:         37 job     0 (waiting) on # 0 of server medium (booting) SCHEDULED
SENT OK
RCVD REDY
SENT JOBN 60 1 521 1 700 1400
RCVD SCHD 1 medium 1
t:         60 job     1 (waiting) on # 1 of server medium (booting) SCHEDULED
SENT OK
RCVD REDY
t:         67 job     0 on # 0 of server medium RUNNING
t:         90 job     1 on # 1 of server medium RUNNING
SENT JOBN 96 2 83 1 700 1000
RCVD SCHD 2 medium 1
t:         96 job     2 (running) on # 1 of server medium (active) SCHEDULED
t:         96 job     2 on # 1 of server medium RUNNING
SENT OK
RCVD REDY
SENT JOBN 126 3 479 2 900 2500
RCVD SCHD 3 medium 0
t:        126 job     3 (running) on # 0 of server medium (active) SCHEDULED
t:        126 job     3 on # 0 of server medium RUNNING
SENT OK
RCVD REDY
SENT JOBN 162 4 111 1 100 2000
RCVD SCHD 4 medium 1
t:        162 job     4 (running) on # 1 of server medium (active) SCHEDULED
t:        162 job     4 on # 1 of server medium RUNNING
SENT OK
RCVD REDY
SENT JOBN 201 5 29 2 1800 1700
RCVD SCHD 5 small 0
t:        201 job     5 (waiting) on # 0 of server small (booting) SCHEDULED
SENT OK
RCVD REDY
t:        231 job     5 on # 0 of server small RUNNING
SENT RESF small 1 282
RCVD REDY
t:        328 job     4 on # 1 of server medium COMPLETED
SENT JCPL 328 4 medium 1
RCVD REDY
SENT JOBN 342 6 383 2 2000 3800
RCVD SCHD 6 medium 1
t:        342 job     6 (running) on # 1 of server medium (active) SCHEDULED
t:        342 job     6 on # 1 of server medium RUNNING
SENT OK
RCVD REDY
SENT RESR small 1 408
RCVD REDY
t:        418 job     2 on # 1 of server medium COMPLETED
SENT JCPL 418 2 medium 1
RCVD REDY
t:        428 job     1 on # 1 of server medium COMPLETED
SENT JCPL 428 1 medium 1
RCVD REDY
SENT JOBN 453 7 69 2 400 500
RCVD SCHD 7 medium 1
t:        453 job     7 (running) on # 1 of server medium (active) SCHEDULED
t:        453 job     7 on # 1 of server medium RUNNING
SENT OK
RCVD REDY
SENT JOBN 465 8 462 2 400 2100
RCVD SCHD 8 medium 0
t:        465 job     8 (waiting) on # 0 of server medium (active) SCHEDULED
SENT OK
RCVD REDY
t:        495 job     0 on # 0 of server medium COMPLETED
t:        495 job     8 on # 0 of server medium RUNNING
SENT JCPL 495 0 medium 0
RCVD REDY
t:        552 job     5 on # 0 of server small COMPLETED
SENT JCPL 552 5 small 0
RCVD REDY
SENT JOBN 570 9 1429 1 400 800
RCVD SCHD 9 small 0
t:        570 job     9 (running) on # 0 of server small (active) SCHEDULED
t:        570 job     9 on # 0 of server small RUNNING
SENT OK
RCVD REDY
t:        653 job     6 on # 1 of server medium COMPLETED
SENT JCPL 653 6 medium 1
RCVD REDY
SENT JOBN 658 10 234 1 100 1600
RCVD SCHD 10 medium 1
t:        658 job    10 (running) on # 1 of server medium (active) SCHEDULED
t:        658 job    10 on # 1 of server medium RUNNING
SENT OK
RCVD REDY
t:        690 job     3 on # 0 of server medium COMPLETED
SENT JCPL 690 3 medium 0
RCVD REDY
SENT JOBN 763 11 530 2 600 1400
RCVD SCHD 11 medium 0
t:        763 job    11 (running) on # 0 of server medium (active) SCHEDULED
t:        763 job    11 on # 0 of server medium RUNNING
SENT OK
RCVD REDY
SENT JOBN 829 12 387 2 200 1300
RCVD SCHD 12 medium 0
t:        829 job    12 (waiting) on # 0 of server medium (active) SCHEDULED
SENT OK
RCVD REDY
t:        845 job     8 on # 0 of server medium COMPLETED
t:        845 job    12 on # 0 of server medium RUNNING
SENT JCPL 845 8 medium 0
RCVD REDY
SENT JOBN 862 13 161 2 1400 1700
RCVD SCHD 13 medium 0
t:        862 job    13 (waiting) on # 0 of server medium (active) SCHEDULED
SENT OK
RCVD REDY
t:        880 job    10 on # 1 of server medium COMPLETED
SENT JCPL 880 10 medium 1
RCVD REDY
t:       1032 job     7 on # 1 of server medium COMPLETED
SENT JCPL 1032 7 medium 1
RCVD REDY
SENT JOBN 1113 14 950 4 800 8000
RCVD SCHD 14 medium 1
t:       1113 job    14 (running) on # 1 of server medium (active) SCHEDULED
t:       1113 job    14 on # 1 of server medium RUNNING
SENT OK
RCVD REDY
t:       1207 job    11 on # 0 of server medium COMPLETED
t:       1207 job    13 on # 0 of server medium RUNNING
SENT JCPL 1207 11 medium 0
RCVD REDY
SENT JOBN 1220 15 183 3 1800 6100
RCVD SCHD 15 medium 0
t:       1220 job    15 (waiting) on # 0 of server medium (active) SCHEDULED
SENT OK
RCVD REDY
t:       1230 job    12 on # 0 of server medium COMPLETED
SENT JCPL 1230 12 medium 0
RCVD REDY
t:       1351 job     9 on # 0 of server small COMPLETED
SENT JCPL 1351 9 small 0
RCVD REDY
SENT JOBN 1357 16 115 1 800 1200
RCVD SCHD 16 small 0
t:       1357 job    16 (running) on # 0 of server small (active) SCHEDULED
t:       1357 job    16 on # 0 of server small RUNNING
SENT OK
RCVD REDY
t:       1396 job    13 on # 0 of server medium COMPLETED
t:       1396 job    15 on # 0 of server medium RUNNING
SENT JCPL 1396 13 medium 0
RCVD REDY
SENT JOBN 1558 17 388 2 1200 2800
RCVD SCHD 17 medium 0
t:       1558 job    17 (waiting) on # 0 of server medium (active) SCHEDULED
SENT OK
RCVD REDY
SENT JOBN 1650 18 528 2 1300 1800
RCVD SCHD 18 medium 0
t:       1650 job    18 (waiting) on # 0 of server medium (active) SCHEDULED
SENT OK
RCVD REDY
t:       1668 job    16 on # 0 of server small COMPLETED
SENT JCPL 1668 16 small 0
RCVD REDY
t:       1698 job    15 on # 0 of server medium COMPLETED
t:       1698 job    17 on # 0 of server medium RUNNING
t:       1698 job    18 on # 0 of server medium RUNNING
SENT JCPL 1698 15 medium 0
RCVD REDY
SENT JOBN 1751 19 140 1 700 600
RCVD SCHD 19 small 0
t:       1751 job    19 (running) on # 0 of server small (active) SCHEDULED
t:       1751 job    19 on # 0 of server small RUNNING
SENT OK
RCVD REDY
t:       1767 job    14 on # 1 of server medium COMPLETED
SENT JCPL 1767 14 medium 1
RCVD REDY
SENT RESF small 1 1835
RCVD REDY
SENT JOBN 1885 20 252 2 1200 2500
RCVD SCHD 20 medium 1
t:       1885 job    20 (running) on # 1 of server medium (active) SCHEDULED
t:       1885 job    20 on # 1 of server medium RUNNING
SENT OK
RCVD REDY
SENT JOBN 1899 21 782 4 800 1100
RCVD SCHD 21 medium 0
t:       1899 job    21 (waiting) on # 0 of server medium (active) SCHEDULED
SENT OK
RCVD REDY
t:       2103 job    17 on # 0 of server medium COMPLETED
SENT JCPL 2103 17 medium 0
RCVD REDY
t:       2145 job    19 on # 0 of server small COMPLETED
SENT JCPL 2145 19 small 0
RCVD REDY
SENT JOBN 2160 22 38 3 1100 3400
RCVD SCHD 22 medium 0
t:       2160 job    22 (waiting) on # 0 of server medium (active) SCHEDULED
SENT OK
RCVD REDY
t:       2225 job    18 on # 0 of server medium COMPLETED
t:       2225 job    21 on # 0 of server medium RUNNING
SENT JCPL 2225 18 medium 0
RCVD REDY
t:       2275 job    20 on # 1 of server medium COMPLETED
SENT JCPL 2275 20 medium 1
RCVD REDY
SENT JOBN 2287 23 204 2 2100 700
RCVD SCHD 23 medium 1
t:       2287 job    23 (running) on # 1 of server medium (active) SCHEDULED
t:       2287 job    23 on # 1 of server medium RUNNING
SENT OK
RCVD REDY
SENT JOBN 2386 24 520 1 500 2000
RCVD SCHD 24 small 0
t:       2386 job    24 (running) on # 0 of server small (active) SCHEDULED
t:       2386 job    24 on # 0 of server small RUNNING
SENT OK
RCVD REDY
SENT JOBN 2458 25 732 3 500 1700
RCVD SCHD 25 medium 0
t:       2458 job    25 (waiting) on # 0 of server medium (active) SCHEDULED
SENT OK
RCVD REDY
SENT JOBN 2528 26 69 2 500 2000
RCVD SCHD 26 medium 1
t:       2528 job    26 (running) on # 1 of server medium (active) SCHEDULED
t:       2528 job    26 on # 1 of server medium RUNNING
SENT OK
RCVD REDY
t:       2706 job    26 on # 1 of server medium COMPLETED
SENT JCPL 2706 26 medium 1
RCVD REDY
t:       2779 job    23 on # 1 of server medium COMPLETED
SENT JCPL 2779 23 medium 1
RCVD REDY
t:       2780 job    21 on # 0 of server medium COMPLETED
t:       2780 job    22 on # 0 of server medium RUNNING
SENT JCPL 2780 21 medium 0
RCVD REDY
SENT JOBN 2811 27 223 1 1000 1500
RCVD SCHD 27 medium 1
t:       2811 job    27 (running) on # 1 of server medium (active) SCHEDULED
t:       2811 job    27 on # 1 of server medium RUNNING
SENT OK
RCVD REDY
t:       2818 job    22 on # 0 of server medium COMPLETED
t:       2818 job    25 on # 0 of server medium RUNNING
SENT JCPL 2818 22 medium 0
RCVD REDY
t:       2919 job    24 on # 0 of server small COMPLETED
SENT JCPL 2919 24 small 0
RCVD REDY
SENT RESR small 1 2968
RCVD REDY
SENT JOBN 2973 28 441 2 500 600
RCVD SCHD 28 medium 1
t:       2973 job    28 (running) on # 1 of server medium (active) SCHEDULED
t:       2973 job    28 on # 1 of server medium RUNNING
SENT OK
RCVD REDY
SENT JOBN 3162 29 251 1 300 1000
RCVD SCHD 29 small 0
t:       3162 job    29 (running) on # 0 of server small (active) SCHEDULED
t:       3162 job    29 on # 0 of server small RUNNING
SENT OK
RCVD REDY
SENT JOBN 3232 30 16 1 300 1200
RCVD SCHD 30 small 0
t:       3232 job    30 (running) on # 0 of server small (active) SCHEDULED
t:       3232 job    30 on # 0 of server small RUNNING
SENT OK
RCVD REDY
t:       3284 job    25 on # 0 of server medium COMPLETED
SENT JCPL 3284 25 medium 0
RCVD REDY
t:       3339 job    29 on # 0 of server small COMPLETED
SENT JCPL 3339 29 small 0
RCVD REDY
t:       3344 job    27 on # 1 of server medium COMPLETED
SENT JCPL 3344 27 medium 1
RCVD REDY
t:       3356 job    28 on # 1 of server medium COMPLETED
SENT JCPL 3356 28 medium 1
RCVD REDY
SENT JOBN 3388 31 386 2 600 2900
RCVD SCHD 31 medium 0
t:       3388 job    31 (running) on # 0 of server medium (active) SCHEDULED
t:       3388 job    31 on # 0 of server medium RUNNING
SENT OK
RCVD REDY
SENT JOBN 3528 32 854 2 1900 2900
RCVD SCHD 32 medium 1
t:       3528 job    32 (running) on # 1 of server medium (active) SCHEDULED
t:       3528 job    32 on # 1 of server medium RUNNING
SENT OK
RCVD REDY
SENT RESF small 1 3560
RCVD REDY
SENT JOBN 3606 33 534 1 100 400
RCVD SCHD 33 medium 0
t:       3606 job    33 (running) on # 0 of server medium (active) SCHEDULED
t:       3606 job    33 on # 0 of server medium RUNNING
SENT OK
RCVD REDY
SENT JOBN 3662 34 60 2 600 400
RCVD SCHD 34 medium 1
t:       3662 job    34 (running) on # 1 of server medium (active) SCHEDULED
t:       3662 job    34 on # 1 of server medium RUNNING
SENT OK
RCVD REDY
t:       3716 job    34 on # 1 of server medium COMPLETED
SENT JCPL 3716 34 medium 1
RCVD REDY
t:       3717 job    30 on # 0 of server small COMPLETED
SENT JCPL 3717 30 small 0
RCVD REDY
SENT JOBN 3788 35 197 1 400 1900
RCVD SCHD 35 small 0
t:       3788 job    35 (running) on # 0 of server small (active) SCHEDULED
t:       3788 job    35 on # 0 of server small RUNNING
SENT OK
RCVD REDY
t:       3794 job    31 on # 0 of server medium COMPLETED
SENT JCPL 3794 31 medium 0
RCVD REDY
SENT RESR small 1 3822
RCVD REDY
SENT JOBN 3991 36 849 2 1800 1200
RCVD SCHD 36 medium 0
t:       3991 job    36 (running) on # 0 of server medium (active) SCHEDULED
t:       3991 job    36 on # 0 of server medium RUNNING
SENT OK
RCVD REDY
SENT JOBN 4034 37 571 2 200 3500
RCVD SCHD 37 medium 1
t:       4034 job    37 (running) on # 1 of server medium (active) SCHEDULED
t:       4034 job    37 on # 1 of server medium RUNNING
SENT OK
RCVD REDY
t:       4052 job    32 on # 1 of server medium COMPLETED
SENT JCPL 4052 32 medium 1
RCVD REDY
SENT RESF small 1 4185
RCVD REDY
t:       4190 job    33 on # 0 of server medium COMPLETED
SENT JCPL 4190 33 medium 0
RCVD REDY
SENT JOBN 4197 38 275 1 200 1300
RCVD SCHD 38 medium 0
t:       4197 job    38 (running) on # 0 of server medium (active) SCHEDULED
t:       4197 job    38 on # 0 of server medium RUNNING
SENT OK
RCVD REDY
SENT JOBN 4352 39 772 2 1200 3100
RCVD SCHD 39 medium 1
t:       4352 job    39 (running) on # 1 of server medium (active) SCHEDULED
t:       4352 job    39 on # 1 of server medium RUNNING
SENT OK
RCVD REDY
SENT RESR small 1 4374
RCVD REDY
SENT JOBN 4378 40 338 1 900 1200
RCVD SCHD 40 small 0
t:       4378 job    40 (running) on # 0 of server small (active) SCHEDULED
t:       4378 job    40 on # 0 of server small RUNNING
SENT OK
RCVD REDY
t:       4493 job    36 on # 0 of server medium COMPLETED
SENT JCPL 4493 36 medium 0
RCVD REDY
t:       4517 job    38 on # 0 of server medium COMPLETED
SENT JCPL 4517 38 medium 0
RCVD REDY
SENT JOBN 4526 41 298 1 100 1700
RCVD SCHD 41 medium 0
t:       4526 job    41 (running) on # 0 of server medium (active) SCHEDULED
t:       4526 job    41 on # 0 of server medium RUNNING
SENT OK
RCVD REDY
t:       4618 job    40 on # 0 of server small COMPLETED
SENT JCPL 4618 40 small 0
RCVD REDY
t:       4632 job    35 on # 0 of server small COMPLETED
SENT JCPL 4632 35 small 0
RCVD REDY
SENT JOBN 4645 42 848 1 600 600
RCVD SCHD 42 medium 0
t:       4645 job    42 (running) on # 0 of server medium (active) SCHEDULED
t:       4645 job    42 on # 0 of server medium RUNNING
SENT OK
RCVD REDY
SENT JOBN 4662 43 857 2 900 2700
RCVD SCHD 43 small 0
t:       4662 job    43 (running) on # 0 of server small (active) SCHEDULED
t:       4662 job    43 on # 0 of server small RUNNING
SENT OK
RCVD REDY
t:       4740 job    41 on # 0 of server medium COMPLETED
SENT JCPL 4740 41 medium 0
RCVD REDY
SENT JOBN 4740 44 233 1 500 900
RCVD SCHD 44 medium 0
t:       4740 job    44 (running) on # 0 of server medium (active) SCHEDULED
t:       4740 job    44 on # 0 of server medium RUNNING
SENT OK
RCVD REDY
SENT JOBN 4761 45 724 1 400 1000
RCVD SCHD 45 medium 0
t:       4761 job    45 (running) on # 0 of server medium (active) SCHEDULED
t:       4761 job    45 on # 0 of server medium RUNNING
SENT OK
RCVD REDY
t:       4893 job    37 on # 1 of server medium COMPLETED
SENT JCPL 4893 37 medium 1
RCVD REDY
t:       4943 job    39 on # 1 of server medium COMPLETED
SENT JCPL 4943 39 medium 1
RCVD REDY
t:       4958 job    44 on # 0 of server medium COMPLETED
SENT JCPL 4958 44 medium 0
RCVD REDY
SENT JOBN 4990 46 485 1 800 1700
RCVD SCHD 46 medium 1
t:       4990 job    46 (running) on # 1 of server medium (active) SCHEDULED
t:       4990 job    46 on # 1 of server medium RUNNING
SENT OK
RCVD REDY
SENT JOBN 4992 47 203 1 800 600
RCVD SCHD 47 medium 1
t:       4992 job    47 (running) on # 1 of server medium (active) SCHEDULED
t:       4992 job    47 on # 1 of server medium RUNNING
SENT OK
RCVD REDY
SENT JOBN 5103 48 77 1 900 1000
RCVD SCHD 48 medium 0
t:       5103 job    48 (running) on # 0 of server medium (active) SCHEDULED
t:       5103 job    48 on # 0 of server medium RUNNING
SENT OK
RCVD REDY
t:       5216 job    45 on # 0 of server medium COMPLETED
SENT JCPL 5216 45 medium 0
RCVD REDY
t:       5232 job    43 on # 0 of server small COMPLETED
SENT JCPL 5232 43 small 0
RCVD REDY
t:       5235 job    42 on # 0 of server medium COMPLETED
SENT JCPL 5235 42 medium 0
RCVD REDY
SENT JOBN 5306 49 6 1 400 1100
RCVD SCHD 49 medium 0
t:       5306 job    49 (running) on # 0 of server medium (active) SCHEDULED
t:       5306 job    49 on # 0 of server medium RUNNING
SENT OK
RCVD REDY
t:       5351 job    49 on # 0 of server medium COMPLETED
SENT JCPL 5351 49 medium 0
RCVD REDY
t:       5376 job    46 on # 1 of server medium COMPLETED
SENT JCPL 5376 46 medium 1
RCVD REDY
t:       5523 job    48 on # 0 of server medium COMPLETED
SENT JCPL 5523 48 medium 0
RCVD REDY
t:       5567 job    47 on # 1 of server medium COMPLETED
SENT JCPL 5567 47 medium 1
RCVD REDY
SENT NONE
RCVD QUIT
SENT QUIT
# -------------------------------------------------------------------------------------
# 0 tiny servers used with a utilisation of 0.00 at the cost of $0.00
# 1 small servers used with a utilisation of 86.16 at the cost of $0.56
# 2 medium servers used with a utilisation of 94.75 at the cost of $2.43
# ==================================== [ Summary ] ====================================
# actual simulation end time: 5567, #jobs: 50 (failed 0 times)
# total #servers used: 3, avg util: 91.89% (ef. usage: 92.05%), total cost: $2.99
# avg waiting time: 43, avg exec time: 412, avg turnaround time: 455
