# ds-sim server 5-August, 2020 @ MQ - client-server
# Server-side simulator started with './ds-server -c configs/personal/personal-config16.xml -f pl05 -v brief'
# Waiting for connection to port 50000 of IP address 127.0.0.1
RCVD HELO
SENT OK
RCVD AUTH jak0723
# Welcome  jak0723!
# The system information can be read from 'ds-system.xml'
SENT OK
RCVD REDY
SENT RESF small 1 0
RCVD REDY
SENT JOBN 37 0 197 2 500 2500
RCVD SCHD 0 small 0
t:         37 job     0 (waiting) on # 0 of server small (booting) SCHEDULED
SENT OK
RCVD REDY
SENT JOBN 60 1 521 1 700 1400
RCVD SCHD 1 tiny 0
t:         60 job     1 (waiting) on # 0 of server tiny (booting) SCHEDULED
SENT OK
RCVD REDY
t:         67 job     0 on # 0 of server small RUNNING
SENT RESF medium 0 75
RCVD REDY
t:         90 job     1 on # 0 of server tiny RUNNING
SENT JOBN 96 2 83 1 700 1000
RCVD SCHD 2 tiny 1
t:         96 job     2 (waiting) on # 1 of server tiny (booting) SCHEDULED
SENT OK
RCVD REDY
t:        126 job     2 on # 1 of server tiny RUNNING
SENT JOBN 126 3 479 2 900 2500
RCVD SCHD 3 medium 1
t:        126 job     3 (waiting) on # 1 of server medium (booting) SCHEDULED
SENT OK
RCVD REDY
t:        156 job     3 on # 1 of server medium RUNNING
SENT JOBN 162 4 111 1 100 2000
RCVD SCHD 4 medium 1
t:        162 job     4 (running) on # 1 of server medium (active) SCHEDULED
t:        162 job     4 on # 1 of server medium RUNNING
SENT OK
RCVD REDY
SENT JOBN 201 5 29 2 1800 1700
RCVD SCHD 5 small 0
t:        201 job     5 (waiting) on # 0 of server small (active) SCHEDULED
SENT OK
RCVD REDY
t:        253 job     2 on # 1 of server tiny failed
SENT RESF tiny 1 253
RCVD REDY
SENT JOBP 253 2 83 1 700 1000
RCVD SCHD 2 medium 1
t:        253 job     2 (running) on # 1 of server medium (active) SCHEDULED
t:        253 job     2 on # 1 of server medium RUNNING
SENT OK
RCVD REDY
t:        328 job     4 on # 1 of server medium COMPLETED
SENT JCPL 328 4 medium 1
RCVD REDY
SENT JOBN 342 6 383 2 2000 3800
RCVD SCHD 6 small 0
t:        342 job     6 (waiting) on # 0 of server small (active) SCHEDULED
SENT OK
RCVD REDY
t:        428 job     1 on # 0 of server tiny COMPLETED
SENT JCPL 428 1 tiny 0
RCVD REDY
SENT JOBN 453 7 69 2 400 500
RCVD SCHD 7 small 0
t:        453 job     7 (waiting) on # 0 of server small (active) SCHEDULED
SENT OK
RCVD REDY
SENT JOBN 465 8 462 2 400 2100
RCVD SCHD 8 small 0
t:        465 job     8 (waiting) on # 0 of server small (active) SCHEDULED
SENT OK
RCVD REDY
t:        495 job     0 on # 0 of server small COMPLETED
t:        495 job     5 on # 0 of server small RUNNING
SENT JCPL 495 0 small 0
RCVD REDY
SENT JOBN 570 9 1429 1 400 800
RCVD SCHD 9 tiny 0
t:        570 job     9 (running) on # 0 of server tiny (active) SCHEDULED
t:        570 job     9 on # 0 of server tiny RUNNING
SENT OK
RCVD REDY
t:        575 job     2 on # 1 of server medium COMPLETED
SENT JCPL 575 2 medium 1
RCVD REDY
SENT RESR medium 0 592
RCVD REDY
t:        720 job     3 on # 1 of server medium COMPLETED
SENT JCPL 720 3 medium 1
RCVD REDY
SENT RESF medium 0 735
RCVD REDY
SENT RESR tiny 1 754
RCVD REDY
SENT RESR small 1 787
RCVD REDY
t:        816 job     5 on # 0 of server small COMPLETED
t:        816 job     6 on # 0 of server small RUNNING
SENT JCPL 816 5 small 0
RCVD REDY
SENT RESR medium 0 943
RCVD REDY
SENT RESF small 1 1084
RCVD REDY
t:       1127 job     6 on # 0 of server small COMPLETED
t:       1127 job     7 on # 0 of server small RUNNING
SENT JCPL 1127 6 small 0
RCVD REDY
t:       1351 job     9 on # 0 of server tiny COMPLETED
SENT JCPL 1351 9 tiny 0
RCVD REDY
SENT RESF tiny 1 1428
RCVD REDY
SENT RESF tiny 0 1641
RCVD REDY
t:       1706 job     7 on # 0 of server small COMPLETED
t:       1706 job     8 on # 0 of server small RUNNING
SENT JCPL 1706 7 small 0
RCVD REDY
SENT RESF medium 0 1753
RCVD REDY
SENT RESR tiny 0 1866
RCVD REDY
SENT RESR medium 0 2003
RCVD REDY
t:       2056 job     8 on # 0 of server small COMPLETED
SENT JCPL 2056 8 small 0
RCVD REDY
SENT NONE
RCVD QUIT
SENT QUIT
# -------------------------------------------------------------------------------------
# 2 tiny servers used with a utilisation of 86.07 at the cost of $0.09
# 1 small servers used with a utilisation of 100.00 at the cost of $0.22
# 1 medium servers used with a utilisation of 100.00 at the cost of $0.13
# ==================================== [ Summary ] ====================================
# actual simulation end time: 2056, #jobs: 10 (failed 1 times)
# total #servers used: 4, avg util: 93.04% (ef. usage: 86.79%), total cost: $0.44
# avg waiting time: 293, avg exec time: 416, avg turnaround time: 709
