# ds-sim server 10Jul, 2019 @ MQ
# Server-side simulator started with './ds-server -n -v all -c configs/failure/personal-config6-fail.xml'
# Waiting for connection to port 8096 of IP address 127.0.0.1
RCVD HELO
SENT OK
RCVD AUTH jak0723
# Welcome  jak0723!
# The system information can be read from 'system.xml'
SENT OK
RCVD REDY
SENT JOBN 83 0 37232 2 500 600
RCVD RESC All
SENT DATA
RCVD OK
SENT tiny 0 0 143 2 2000 8000
RCVD OK
SENT tiny 1 0 143 2 2000 8000
RCVD OK
SENT small 0 0 143 4 4000 16000
RCVD OK
SENT small 1 0 143 4 4000 16000
RCVD OK
SENT medium 0 0 143 8 8000 32000
RCVD OK
SENT medium 1 0 143 8 8000 32000
RCVD OK
SENT .
RCVD SCHD 0 tiny 0
t:         83 job     0 (waiting) on # 0 of server tiny (booting) SCHEDULED
SENT OK
RCVD REDY
SENT RESF tiny 1 240
RCVD REDY
SENT RESF small 0 240
RCVD REDY
t:        143 job     0 on # 0 of server tiny RUNNING
SENT JOBN 290 1 899 1 400 1200
RCVD RESC All
SENT DATA
RCVD OK
SENT tiny 0 3 -1 0 1500 7400
RCVD OK
SENT tiny 1 4 -1 0 0 0
RCVD OK
SENT small 0 4 -1 0 0 0
RCVD OK
SENT small 1 0 350 4 4000 16000
RCVD OK
SENT medium 0 0 350 8 8000 32000
RCVD OK
SENT medium 1 0 350 8 8000 32000
RCVD OK
SENT .
RCVD SCHD 1 small 1
t:        290 job     1 (waiting) on # 1 of server small (booting) SCHEDULED
SENT OK
RCVD REDY
SENT RESF medium 1 300
RCVD REDY
SENT JOBN 336 2 129 5 5300 7100
RCVD RESC All
SENT DATA
RCVD OK
SENT tiny 0 3 -1 0 1500 7400
RCVD OK
SENT tiny 1 4 -1 0 0 0
RCVD OK
SENT small 0 4 -1 0 0 0
RCVD OK
SENT small 1 1 -1 3 3600 14800
RCVD OK
SENT medium 0 0 396 8 8000 32000
RCVD OK
SENT medium 1 4 -1 0 0 0
RCVD OK
SENT .
RCVD SCHD 2 medium 0
t:        336 job     2 (waiting) on # 0 of server medium (booting) SCHEDULED
SENT OK
RCVD REDY
SENT RESR tiny 1 360
RCVD REDY
SENT RESR small 0 360
RCVD REDY
SENT RESR medium 1 360
RCVD REDY
SENT RESF tiny 1 420
RCVD REDY
SENT RESF small 0 420
RCVD REDY
SENT RESF medium 1 420
RCVD REDY
t:        350 job     1 on # 1 of server small RUNNING
t:        396 job     2 on # 0 of server medium RUNNING
SENT JOBN 443 3 282 2 500 1100
RCVD RESC All
SENT DATA
RCVD OK
SENT tiny 0 3 -1 0 1500 7400
RCVD OK
SENT tiny 1 4 -1 0 0 0
RCVD OK
SENT small 0 4 -1 0 0 0
RCVD OK
SENT small 1 3 -1 3 3600 14800
RCVD OK
SENT medium 0 3 -1 3 2700 24900
RCVD OK
SENT medium 1 4 -1 0 0 0
RCVD OK
SENT .
RCVD SCHD 3 small 1
t:        443 job     3 (running) on # 1 of server small (active) SCHEDULED
t:        443 job     3 on # 1 of server small RUNNING
SENT OK
RCVD REDY
SENT RESR medium 1 480
RCVD REDY
SENT RESR tiny 1 600
RCVD REDY
SENT RESR small 0 600
RCVD REDY
t:        685 job     3 on # 1 of server small COMPLETED
SENT JOBN 728 4 1431 8 8000 15400
RCVD RESC All
SENT DATA
RCVD OK
SENT tiny 0 3 -1 0 1500 7400
RCVD OK
SENT tiny 1 0 788 2 2000 8000
RCVD OK
SENT small 0 0 788 4 4000 16000
RCVD OK
SENT small 1 3 -1 3 3600 14800
RCVD OK
SENT medium 0 3 -1 3 2700 24900
RCVD OK
SENT medium 1 0 788 8 8000 32000
RCVD OK
SENT .
RCVD SCHD 4 medium 1
t:        728 job     4 (waiting) on # 1 of server medium (booting) SCHEDULED
SENT OK
RCVD REDY
t:        788 job     4 on # 1 of server medium RUNNING
SENT JOBN 867 5 604 1 800 1400
RCVD RESC All
SENT DATA
RCVD OK
SENT tiny 0 3 -1 0 1500 7400
RCVD OK
SENT tiny 1 0 927 2 2000 8000
RCVD OK
SENT small 0 0 927 4 4000 16000
RCVD OK
SENT small 1 3 -1 3 3600 14800
RCVD OK
SENT medium 0 3 -1 3 2700 24900
RCVD OK
SENT medium 1 3 -1 0 0 16600
RCVD OK
SENT .
RCVD SCHD 5 tiny 1
t:        867 job     5 (waiting) on # 1 of server tiny (booting) SCHEDULED
SENT OK
RCVD REDY
SENT JOBN 870 6 709 1 900 200
RCVD RESC All
SENT DATA
RCVD OK
SENT tiny 0 3 -1 0 1500 7400
RCVD OK
SENT tiny 1 1 -1 1 1200 6600
RCVD OK
SENT small 0 0 930 4 4000 16000
RCVD OK
SENT small 1 3 -1 3 3600 14800
RCVD OK
SENT medium 0 3 -1 3 2700 24900
RCVD OK
SENT medium 1 3 -1 0 0 16600
RCVD OK
SENT .
RCVD SCHD 6 tiny 1
t:        870 job     6 (waiting) on # 1 of server tiny (booting) SCHEDULED
SENT OK
RCVD REDY
SENT RESF tiny 0 960
RCVD REDY
SENT RESF tiny 1 960
RCVD REDY
SENT RESF small 0 960
RCVD REDY
SENT RESF small 1 960
RCVD REDY
SENT JOBF 960 0 37232 2 500 600
RCVD RESC All
SENT DATA
RCVD OK
SENT tiny 0 4 -1 0 0 0
RCVD OK
SENT tiny 1 4 -1 0 0 0
RCVD OK
SENT small 0 4 -1 0 0 0
RCVD OK
SENT small 1 4 -1 0 0 0
RCVD OK
SENT medium 0 3 -1 3 2700 24900
RCVD OK
SENT medium 1 3 -1 0 0 16600
RCVD OK
SENT .
RCVD SCHD 0 medium 0
t:        960 job     0 (running) on # 0 of server medium (active) SCHEDULED
t:        960 job     0 on # 0 of server medium RUNNING
SENT OK
RCVD REDY
SENT JOBF 960 5 604 1 800 1400
RCVD RESC All
SENT DATA
RCVD OK
SENT tiny 0 4 -1 0 0 0
RCVD OK
SENT tiny 1 4 -1 0 0 0
RCVD OK
SENT small 0 4 -1 0 0 0
RCVD OK
SENT small 1 4 -1 0 0 0
RCVD OK
SENT medium 0 3 -1 1 2200 24300
RCVD OK
SENT medium 1 3 -1 0 0 16600
RCVD OK
SENT .
RCVD SCHD 5 medium 0
t:        960 job     5 (running) on # 0 of server medium (active) SCHEDULED
t:        960 job     5 on # 0 of server medium RUNNING
SENT OK
RCVD REDY
SENT JOBF 960 6 709 1 900 200
RCVD RESC All
SENT DATA
RCVD OK
SENT tiny 0 4 -1 0 0 0
RCVD OK
SENT tiny 1 4 -1 0 0 0
RCVD OK
SENT small 0 4 -1 0 0 0
RCVD OK
SENT small 1 4 -1 0 0 0
RCVD OK
SENT medium 0 3 -1 0 1400 22900
RCVD OK
SENT medium 1 3 -1 0 0 16600
RCVD OK
SENT .
RCVD SCHD 6 medium 0
t:        960 job     6 (waiting) on # 0 of server medium (active) SCHEDULED
SENT OK
RCVD REDY
SENT JOBF 960 1 899 1 400 1200
RCVD RESC All
SENT DATA
RCVD OK
SENT tiny 0 4 -1 0 0 0
RCVD OK
SENT tiny 1 4 -1 0 0 0
RCVD OK
SENT small 0 4 -1 0 0 0
RCVD OK
SENT small 1 4 -1 0 0 0
RCVD OK
SENT medium 0 3 -1 0 1400 22900
RCVD OK
SENT medium 1 3 -1 0 0 16600
RCVD OK
SENT .
RCVD SCHD 1 medium 0
t:        960 job     1 (waiting) on # 0 of server medium (active) SCHEDULED
SENT OK
RCVD REDY
SENT RESR tiny 0 1020
RCVD REDY
SENT RESR small 1 1020
RCVD REDY
SENT RESR tiny 1 1080
RCVD REDY
SENT RESR small 0 1080
RCVD REDY
SENT JOBN 1134 7 26259 1 1000 900
RCVD RESC All
SENT DATA
RCVD OK
SENT tiny 0 0 1194 2 2000 8000
RCVD OK
SENT tiny 1 0 1194 2 2000 8000
RCVD OK
SENT small 0 0 1194 4 4000 16000
RCVD OK
SENT small 1 0 1194 4 4000 16000
RCVD OK
SENT medium 0 3 -1 0 1400 22900
RCVD OK
SENT medium 1 3 -1 0 0 16600
RCVD OK
SENT .
RCVD SCHD 7 tiny 0
t:       1134 job     7 (waiting) on # 0 of server tiny (booting) SCHEDULED
SENT OK
RCVD REDY
t:       1194 job     7 on # 0 of server tiny RUNNING
t:       1341 job     2 on # 0 of server medium COMPLETED
t:       1341 job     6 on # 0 of server medium RUNNING
t:       1341 job     1 on # 0 of server medium RUNNING
SENT JOBN 1462 8 477 1 800 1700
RCVD RESC All
SENT DATA
RCVD OK
SENT tiny 0 3 -1 1 1000 7100
RCVD OK
SENT tiny 1 0 1522 2 2000 8000
RCVD OK
SENT small 0 0 1522 4 4000 16000
RCVD OK
SENT small 1 0 1522 4 4000 16000
RCVD OK
SENT medium 0 3 -1 3 5400 28600
RCVD OK
SENT medium 1 3 -1 0 0 16600
RCVD OK
SENT .
RCVD SCHD 8 tiny 0
t:       1462 job     8 (running) on # 0 of server tiny (active) SCHEDULED
t:       1462 job     8 on # 0 of server tiny RUNNING
SENT OK
RCVD REDY
SENT RESF tiny 1 1500
RCVD REDY
SENT RESF small 0 1500
RCVD REDY
SENT RESR tiny 1 1560
RCVD REDY
SENT RESR small 0 1560
RCVD REDY
SENT RESF tiny 0 1680
RCVD REDY
SENT RESF small 1 1680
RCVD REDY
SENT RESF medium 0 1680
RCVD REDY
SENT JOBF 1680 8 477 1 800 1700
RCVD RESC All
SENT DATA
RCVD OK
SENT tiny 0 4 -1 0 0 0
RCVD OK
SENT tiny 1 0 1740 2 2000 8000
RCVD OK
SENT small 0 0 1740 4 4000 16000
RCVD OK
SENT small 1 4 -1 0 0 0
RCVD OK
SENT medium 0 4 -1 0 0 0
RCVD OK
SENT medium 1 3 -1 0 0 16600
RCVD OK
SENT .
RCVD SCHD 8 tiny 1
t:       1680 job     8 (waiting) on # 1 of server tiny (booting) SCHEDULED
SENT OK
RCVD REDY
SENT JOBF 1680 7 26259 1 1000 900
RCVD RESC All
SENT DATA
RCVD OK
SENT tiny 0 4 -1 0 0 0
RCVD OK
SENT tiny 1 1 -1 1 1200 6300
RCVD OK
SENT small 0 0 1740 4 4000 16000
RCVD OK
SENT small 1 4 -1 0 0 0
RCVD OK
SENT medium 0 4 -1 0 0 0
RCVD OK
SENT medium 1 3 -1 0 0 16600
RCVD OK
SENT .
RCVD SCHD 7 tiny 1
t:       1680 job     7 (waiting) on # 1 of server tiny (booting) SCHEDULED
SENT OK
RCVD REDY
SENT JOBF 1680 5 604 1 800 1400
RCVD RESC All
SENT DATA
RCVD OK
SENT tiny 0 4 -1 0 0 0
RCVD OK
SENT tiny 1 1 -1 0 200 5400
RCVD OK
SENT small 0 0 1740 4 4000 16000
RCVD OK
SENT small 1 4 -1 0 0 0
RCVD OK
SENT medium 0 4 -1 0 0 0
RCVD OK
SENT medium 1 3 -1 0 0 16600
RCVD OK
SENT .
RCVD SCHD 5 small 0
t:       1680 job     5 (waiting) on # 0 of server small (booting) SCHEDULED
SENT OK
RCVD REDY
SENT JOBF 1680 6 709 1 900 200
RCVD RESC All
SENT DATA
RCVD OK
SENT tiny 0 4 -1 0 0 0
RCVD OK
SENT tiny 1 1 -1 0 200 5400
RCVD OK
SENT small 0 1 -1 3 3200 14600
RCVD OK
SENT small 1 4 -1 0 0 0
RCVD OK
SENT medium 0 4 -1 0 0 0
RCVD OK
SENT medium 1 3 -1 0 0 16600
RCVD OK
SENT .
RCVD SCHD 6 small 0
t:       1680 job     6 (waiting) on # 0 of server small (booting) SCHEDULED
SENT OK
RCVD REDY
SENT JOBF 1680 1 899 1 400 1200
RCVD RESC All
SENT DATA
RCVD OK
SENT tiny 0 4 -1 0 0 0
RCVD OK
SENT tiny 1 1 -1 0 200 5400
RCVD OK
SENT small 0 1 -1 2 2300 14400
RCVD OK
SENT small 1 4 -1 0 0 0
RCVD OK
SENT medium 0 4 -1 0 0 0
RCVD OK
SENT medium 1 3 -1 0 0 16600
RCVD OK
SENT .
RCVD SCHD 1 small 0
t:       1680 job     1 (waiting) on # 0 of server small (booting) SCHEDULED
SENT OK
RCVD REDY
SENT JOBF 1680 0 37232 2 500 600
RCVD RESC All
SENT DATA
RCVD OK
SENT tiny 0 4 -1 0 0 0
RCVD OK
SENT tiny 1 1 -1 0 200 5400
RCVD OK
SENT small 0 1 -1 1 1900 13200
RCVD OK
SENT small 1 4 -1 0 0 0
RCVD OK
SENT medium 0 4 -1 0 0 0
RCVD OK
SENT medium 1 3 -1 0 0 16600
RCVD OK
SENT .
RCVD SCHD 0 tiny 1
t:       1680 job     0 (waiting) on # 1 of server tiny (booting) SCHEDULED
SENT OK
RCVD REDY
SENT JOBN 1724 9 47267 8 6300 4100
RCVD RESC All
SENT DATA
RCVD OK
SENT tiny 0 4 -1 0 0 0
RCVD OK
SENT tiny 1 1 -1 0 200 5400
RCVD OK
SENT small 0 1 -1 1 1900 13200
RCVD OK
SENT small 1 4 -1 0 0 0
RCVD OK
SENT medium 0 4 -1 0 0 0
RCVD OK
SENT medium 1 3 -1 0 0 16600
RCVD OK
SENT .
RCVD SCHD 9 medium 1
t:       1724 job     9 (waiting) on # 1 of server medium (active) SCHEDULED
SENT OK
RCVD REDY
SENT NONE
RCVD QUIT
t:       1740 job     8 on # 1 of server tiny RUNNING
t:       1740 job     7 on # 1 of server tiny RUNNING
t:       1740 job     5 on # 0 of server small RUNNING
t:       1740 job     6 on # 0 of server small RUNNING
t:       1740 job     1 on # 0 of server small RUNNING
t:       2100 job     8 on # 1 of server tiny COMPLETED
t:       2138 job     6 on # 0 of server small COMPLETED
t:       2344 job     5 on # 0 of server small COMPLETED
t:       2639 job     1 on # 0 of server small COMPLETED
t:       5365 job     4 on # 1 of server medium COMPLETED
t:       5365 job     9 on # 1 of server medium RUNNING
t:      73584 job     7 on # 1 of server tiny COMPLETED
t:      73584 job     0 on # 1 of server tiny RUNNING
t:      85922 job     9 on # 1 of server medium COMPLETED
t:      92907 job     0 on # 1 of server tiny COMPLETED
SENT QUIT
# ---------------------------------------------------------------------------
# 1 tiny servers used with a utilisation of 97.68 at the cost of $5.18
# 2 small servers used with a utilisation of 5.76 at the cost of $10.73
# 2 medium servers used with a utilisation of 82.65 at the cost of $20.92
# =============================== [ Overall ] ===============================
# total #servers used: 5, avg utilisation: 54.90 and total cost: $36.83
# avg waiting time: 8133, avg exec time: 17974 and avg turnaround time: 26108
