# ds-sim server 23-Sep, 2019 @ MQ
# Server-side simulator started with './ds-server -n -v brief -c configs/scheduling/personal-config16.xml -f pl05'
# Waiting for connection to port 50000 of IP address 127.0.0.1
RCVD HELO
SENT OK
RCVD AUTH jak0723
# Welcome  jak0723!
# The system information can be read from 'system.xml'
SENT OK
RCVD REDY
SENT JOBN 84 0 586 1 200 300
RCVD SCHD 0 tiny 0
t:         84 job     0 (waiting) on # 0 of server tiny (booting) SCHEDULED
SENT OK
RCVD REDY
t:        114 job     0 on # 0 of server tiny RUNNING
SENT JOBN 292 1 292 1 400 1200
RCVD SCHD 1 tiny 1
t:        292 job     1 (waiting) on # 1 of server tiny (booting) SCHEDULED
SENT OK
RCVD REDY
t:        322 job     1 on # 1 of server tiny RUNNING
SENT JOBN 339 2 96 2 2100 2800
RCVD SCHD 2 small 0
t:        339 job     2 (waiting) on # 0 of server small (booting) SCHEDULED
SENT OK
RCVD REDY
t:        369 job     2 on # 0 of server small RUNNING
SENT JOBP 441 1 292 1 400 1200
SENT JOBP 442 1 292 1 400 1200
SENT JOBN 447 3 282 2 500 1100
SENT JOBP 448 1 292 1 400 1200
SENT JOBP 449 3 282 2 500 1100
SENT JOBP 450 1 292 1 400 1200
SENT JOBP 451 3 282 2 500 1100
SENT JOBP 452 1 292 1 400 1200
SENT JOBP 453 3 282 2 500 1100
SENT JOBP 454 1 292 1 400 1200
SENT JOBP 455 3 282 2 500 1100
SENT JOBP 456 1 292 1 400 1200
SENT JOBP 457 3 282 2 500 1100
SENT JOBP 458 1 292 1 400 1200
SENT JOBP 459 3 282 2 500 1100
SENT JOBP 460 1 292 1 400 1200
SENT JOBP 461 3 282 2 500 1100
SENT JOBP 462 1 292 1 400 1200
SENT JOBP 463 3 282 2 500 1100
SENT JOBP 464 1 292 1 400 1200
SENT JOBP 465 3 282 2 500 1100
SENT JOBP 466 1 292 1 400 1200
SENT JOBP 467 3 282 2 500 1100
SENT JOBP 468 1 292 1 400 1200
SENT JOBP 469 3 282 2 500 1100
SENT JOBP 470 1 292 1 400 1200
t:        471 job     2 on # 0 of server small COMPLETED
SENT JOBP 471 3 282 2 500 1100
RCVD SCHD 3 small 0
t:        471 job     3 (running) on # 0 of server small (active) SCHEDULED
t:        471 job     3 on # 0 of server small RUNNING
SENT OK
RCVD REDY
SENT JOBP 472 1 292 1 400 1200
SENT JOBP 473 1 292 1 400 1200
t:        668 job     0 on # 0 of server tiny COMPLETED
t:        713 job     3 on # 0 of server small COMPLETED
SENT JOBN 733 4 256 1 1000 1900
RCVD SCHD 4 tiny 1
t:        733 job     4 (waiting) on # 1 of server tiny (booting) SCHEDULED
SENT OK
RCVD REDY
SENT JOBP 734 1 292 1 400 1200
RCVD SCHD 1 medium 0
t:        734 job     1 (waiting) on # 0 of server medium (booting) SCHEDULED
SENT OK
RCVD REDY
t:        763 job     4 on # 1 of server tiny RUNNING
t:        764 job     1 on # 0 of server medium RUNNING
SENT JOBN 873 5 453 1 800 1400
RCVD SCHD 5 medium 0
t:        873 job     5 (running) on # 0 of server medium (active) SCHEDULED
t:        873 job     5 on # 0 of server medium RUNNING
SENT OK
RCVD REDY
SENT JOBN 877 6 65 1 900 200
RCVD SCHD 6 medium 0
t:        877 job     6 (running) on # 0 of server medium (active) SCHEDULED
t:        877 job     6 on # 0 of server medium RUNNING
SENT OK
RCVD REDY
t:        911 job     6 on # 0 of server medium COMPLETED
SENT JOBN 962 7 57 1 1000 900
RCVD SCHD 7 medium 0
t:        962 job     7 (running) on # 0 of server medium (active) SCHEDULED
t:        962 job     7 on # 0 of server medium RUNNING
SENT OK
RCVD REDY
SENT JOBN 1051 8 441 1 800 1700
RCVD SCHD 8 medium 0
t:       1051 job     8 (running) on # 0 of server medium (active) SCHEDULED
t:       1051 job     8 on # 0 of server medium RUNNING
SENT OK
RCVD REDY
t:       1079 job     1 on # 0 of server medium COMPLETED
SENT JOBN 1194 9 82 2 1500 1000
RCVD SCHD 9 small 1
t:       1194 job     9 (waiting) on # 1 of server small (booting) SCHEDULED
SENT OK
RCVD REDY
t:       1224 job     9 on # 1 of server small RUNNING
t:       1348 job     7 on # 0 of server medium COMPLETED
t:       1408 job     5 on # 0 of server medium COMPLETED
t:       1487 job     8 on # 0 of server medium COMPLETED
SENT JOBP 1606 9 82 2 1500 1000
RCVD SCHD 9 medium 1
t:       1606 job     9 (waiting) on # 1 of server medium (booting) SCHEDULED
SENT OK
RCVD REDY
t:       1608 job     4 on # 1 of server tiny COMPLETED
t:       1636 job     9 on # 1 of server medium RUNNING
t:       2273 job     9 on # 1 of server medium COMPLETED
SENT NONE
RCVD QUIT
SENT QUIT
# ---------------------------------------------------------------------------
# 2 tiny servers used with a utilisation of -214.40 at the cost of $0.08
# 1 small servers used with a utilisation of 100.00 at the cost of $0.04
# 2 medium servers used with a utilisation of 51.60 at the cost of $0.54
# =============================== [ Overall ] ===============================
# actual simulation end time: 1487
# total #servers used: 5, avg utilisation: -45.12 and total cost: $0.66
# avg waiting time: 102, avg exec time: 408 and avg turnaround time: 511
