# ds-sim server 5-August, 2020 @ MQ - client-server
# Server-side simulator started with './ds-server -c configs/personal/personal-config16.xml -f nd07cpu -v brief'
# Waiting for connection to port 50000 of IP address 127.0.0.1
RCVD HELO
SENT OK
RCVD AUTH jak0723
# Welcome  jak0723!
# The system information can be read from 'ds-system.xml'
SENT OK
RCVD REDY
SENT RESF small 1 0
RCVD REDY
SENT JOBN 37 0 197 2 500 2500
RCVD SCHD 0 small 0
t:         37 job     0 (waiting) on # 0 of server small (booting) SCHEDULED
SENT OK
RCVD REDY
SENT RESF medium 0 54
RCVD REDY
SENT JOBN 60 1 521 1 700 1400
RCVD SCHD 1 tiny 0
t:         60 job     1 (waiting) on # 0 of server tiny (booting) SCHEDULED
SENT OK
RCVD REDY
t:         67 job     0 on # 0 of server small RUNNING
t:         90 job     1 on # 0 of server tiny RUNNING
SENT RESF tiny 1 93
RCVD REDY
SENT JOBN 96 2 83 1 700 1000
RCVD SCHD 2 medium 1
t:         96 job     2 (waiting) on # 1 of server medium (booting) SCHEDULED
SENT OK
RCVD REDY
t:        126 job     2 on # 1 of server medium RUNNING
SENT JOBN 126 3 479 2 900 2500
RCVD SCHD 3 medium 1
t:        126 job     3 (running) on # 1 of server medium (active) SCHEDULED
t:        126 job     3 on # 1 of server medium RUNNING
SENT OK
RCVD REDY
SENT JOBN 162 4 111 1 100 2000
RCVD SCHD 4 medium 1
t:        162 job     4 (running) on # 1 of server medium (active) SCHEDULED
t:        162 job     4 on # 1 of server medium RUNNING
SENT OK
RCVD REDY
SENT JOBN 201 5 29 2 1800 1700
RCVD SCHD 5 small 0
t:        201 job     5 (waiting) on # 0 of server small (active) SCHEDULED
SENT OK
RCVD REDY
t:        328 job     4 on # 1 of server medium COMPLETED
SENT JCPL 328 4 medium 1
RCVD REDY
SENT JOBN 342 6 383 2 2000 3800
RCVD SCHD 6 small 0
t:        342 job     6 (waiting) on # 0 of server small (active) SCHEDULED
SENT OK
RCVD REDY
SENT RESR medium 0 361
RCVD REDY
t:        428 job     1 on # 0 of server tiny COMPLETED
SENT JCPL 428 1 tiny 0
RCVD REDY
t:        448 job     2 on # 1 of server medium COMPLETED
SENT JCPL 448 2 medium 1
RCVD REDY
SENT JOBN 453 7 69 2 400 500
RCVD SCHD 7 medium 1
t:        453 job     7 (running) on # 1 of server medium (active) SCHEDULED
t:        453 job     7 on # 1 of server medium RUNNING
SENT OK
RCVD REDY
SENT JOBN 465 8 462 2 400 2100
RCVD SCHD 8 small 0
t:        465 job     8 (waiting) on # 0 of server small (active) SCHEDULED
SENT OK
RCVD REDY
t:        495 job     0 on # 0 of server small COMPLETED
t:        495 job     5 on # 0 of server small RUNNING
SENT JCPL 495 0 small 0
RCVD REDY
SENT JOBN 570 9 1429 1 400 800
RCVD SCHD 9 tiny 0
t:        570 job     9 (running) on # 0 of server tiny (active) SCHEDULED
t:        570 job     9 on # 0 of server tiny RUNNING
SENT OK
RCVD REDY
SENT RESR small 1 653
RCVD REDY
t:        690 job     3 on # 1 of server medium COMPLETED
SENT JCPL 690 3 medium 1
RCVD REDY
SENT RESR tiny 1 752
RCVD REDY
SENT RESF medium 0 808
RCVD REDY
t:        816 job     5 on # 0 of server small COMPLETED
t:        816 job     6 on # 0 of server small RUNNING
SENT JCPL 816 5 small 0
RCVD REDY
SENT RESR medium 0 1008
RCVD REDY
t:       1032 job     7 on # 1 of server medium COMPLETED
SENT JCPL 1032 7 medium 1
RCVD REDY
t:       1127 job     6 on # 0 of server small COMPLETED
t:       1127 job     8 on # 0 of server small RUNNING
SENT JCPL 1127 6 small 0
RCVD REDY
SENT RESF small 1 1135
RCVD REDY
SENT RESF tiny 1 1239
RCVD REDY
t:       1351 job     9 on # 0 of server tiny COMPLETED
SENT JCPL 1351 9 tiny 0
RCVD REDY
t:       1477 job     8 on # 0 of server small COMPLETED
SENT JCPL 1477 8 small 0
RCVD REDY
SENT NONE
RCVD QUIT
SENT QUIT
# -------------------------------------------------------------------------------------
# 1 tiny servers used with a utilisation of 88.74 at the cost of $0.07
# 1 small servers used with a utilisation of 100.00 at the cost of $0.16
# 1 medium servers used with a utilisation of 100.00 at the cost of $0.20
# ==================================== [ Summary ] ====================================
# actual simulation end time: 1477, #jobs: 10 (failed 0 times)
# total #servers used: 3, avg util: 96.25% (ef. usage: 96.03%), total cost: $0.43
# avg waiting time: 152, avg exec time: 416, avg turnaround time: 568
