# ds-sim server 5-August, 2020 @ MQ - client-server
# Server-side simulator started with './ds-server -c configs/personal/personal-config18.xml -f websites02 -v brief'
# Waiting for connection to port 50000 of IP address 127.0.0.1
RCVD HELO
SENT OK
RCVD AUTH jak0723
# Welcome  jak0723!
# The system information can be read from 'ds-system.xml'
SENT OK
RCVD REDY
SENT RESF medium 0 0
RCVD REDY
SENT JOBN 37 0 197 2 500 2500
RCVD SCHD 0 medium 1
t:         37 job     0 (waiting) on # 1 of server medium (booting) SCHEDULED
SENT OK
RCVD REDY
SENT RESR medium 0 51
RCVD REDY
SENT JOBN 60 1 521 1 700 1400
RCVD SCHD 1 small 0
t:         60 job     1 (waiting) on # 0 of server small (booting) SCHEDULED
SENT OK
RCVD REDY
t:         67 job     0 on # 1 of server medium RUNNING
t:         90 job     1 on # 0 of server small RUNNING
SENT JOBN 96 2 83 1 700 1000
RCVD SCHD 2 medium 1
t:         96 job     2 (running) on # 1 of server medium (active) SCHEDULED
t:         96 job     2 on # 1 of server medium RUNNING
SENT OK
RCVD REDY
SENT JOBN 126 3 479 2 900 2500
RCVD SCHD 3 small 1
t:        126 job     3 (waiting) on # 1 of server small (booting) SCHEDULED
SENT OK
RCVD REDY
t:        156 job     3 on # 1 of server small RUNNING
SENT JOBN 162 4 111 1 100 2000
RCVD SCHD 4 small 0
t:        162 job     4 (running) on # 0 of server small (active) SCHEDULED
t:        162 job     4 on # 0 of server small RUNNING
SENT OK
RCVD REDY
SENT JOBN 201 5 29 2 1800 1700
RCVD SCHD 5 medium 1
t:        201 job     5 (waiting) on # 1 of server medium (active) SCHEDULED
SENT OK
RCVD REDY
t:        328 job     4 on # 0 of server small COMPLETED
SENT JCPL 328 4 small 0
RCVD REDY
SENT JOBN 342 6 383 2 2000 3800
RCVD SCHD 6 medium 1
t:        342 job     6 (waiting) on # 1 of server medium (active) SCHEDULED
SENT OK
RCVD REDY
t:        418 job     2 on # 1 of server medium COMPLETED
t:        418 job     5 on # 1 of server medium RUNNING
SENT JCPL 418 2 medium 1
RCVD REDY
t:        428 job     1 on # 0 of server small COMPLETED
SENT JCPL 428 1 small 0
RCVD REDY
SENT JOBN 453 7 69 2 400 500
RCVD SCHD 7 small 0
t:        453 job     7 (running) on # 0 of server small (active) SCHEDULED
t:        453 job     7 on # 0 of server small RUNNING
SENT OK
RCVD REDY
SENT JOBN 465 8 462 2 400 2100
RCVD SCHD 8 medium 1
t:        465 job     8 (waiting) on # 1 of server medium (active) SCHEDULED
SENT OK
RCVD REDY
t:        495 job     0 on # 1 of server medium COMPLETED
t:        495 job     6 on # 1 of server medium RUNNING
SENT JCPL 495 0 medium 1
RCVD REDY
SENT JOBN 570 9 1429 1 400 800
RCVD SCHD 9 tiny 0
t:        570 job     9 (waiting) on # 0 of server tiny (booting) SCHEDULED
SENT OK
RCVD REDY
t:        600 job     9 on # 0 of server tiny RUNNING
SENT RESF medium 0 642
RCVD REDY
SENT JOBN 658 10 234 1 100 1600
RCVD SCHD 10 tiny 1
t:        658 job    10 (waiting) on # 1 of server tiny (booting) SCHEDULED
SENT OK
RCVD REDY
t:        688 job    10 on # 1 of server tiny RUNNING
t:        720 job     3 on # 1 of server small COMPLETED
SENT JCPL 720 3 small 1
RCVD REDY
t:        739 job     5 on # 1 of server medium COMPLETED
t:        739 job     8 on # 1 of server medium RUNNING
SENT JCPL 739 5 medium 1
RCVD REDY
SENT JOBN 763 11 530 2 600 1400
RCVD SCHD 11 small 1
t:        763 job    11 (running) on # 1 of server small (active) SCHEDULED
t:        763 job    11 on # 1 of server small RUNNING
SENT OK
RCVD REDY
t:        787 job    10 on # 1 of server tiny failed
SENT RESF tiny 1 787
RCVD REDY
SENT JOBP 787 10 234 1 100 1600
RCVD SCHD 10 medium 1
t:        787 job    10 (waiting) on # 1 of server medium (active) SCHEDULED
SENT OK
RCVD REDY
t:        806 job     6 on # 1 of server medium COMPLETED
t:        806 job    10 on # 1 of server medium RUNNING
SENT JCPL 806 6 medium 1
RCVD REDY
SENT JOBN 829 12 387 2 200 1300
RCVD SCHD 12 medium 1
t:        829 job    12 (waiting) on # 1 of server medium (active) SCHEDULED
SENT OK
RCVD REDY
SENT JOBN 862 13 161 2 1400 1700
RCVD SCHD 13 medium 1
t:        862 job    13 (waiting) on # 1 of server medium (active) SCHEDULED
SENT OK
RCVD REDY
t:        873 job     9 on # 0 of server tiny failed
SENT RESF tiny 0 873
RCVD REDY
SENT JOBP 873 9 1429 1 400 800
RCVD SCHD 9 medium 1
t:        873 job     9 (waiting) on # 1 of server medium (active) SCHEDULED
SENT OK
RCVD REDY
t:       1028 job    10 on # 1 of server medium COMPLETED
t:       1028 job    12 on # 1 of server medium RUNNING
SENT JCPL 1028 10 medium 1
RCVD REDY
t:       1032 job     7 on # 0 of server small COMPLETED
SENT JCPL 1032 7 small 0
RCVD REDY
SENT RESR medium 0 1034
RCVD REDY
SENT RESR tiny 0 1046
RCVD REDY
SENT RESR tiny 1 1084
RCVD REDY
t:       1089 job     8 on # 1 of server medium COMPLETED
t:       1089 job    13 on # 1 of server medium RUNNING
SENT JCPL 1089 8 medium 1
RCVD REDY
SENT JOBN 1113 14 950 4 800 8000
RCVD SCHD 14 medium 1
t:       1113 job    14 (waiting) on # 1 of server medium (active) SCHEDULED
SENT OK
RCVD REDY
t:       1207 job    11 on # 1 of server small COMPLETED
SENT JCPL 1207 11 small 1
RCVD REDY
SENT JOBN 1220 15 183 3 1800 6100
RCVD SCHD 15 medium 1
t:       1220 job    15 (waiting) on # 1 of server medium (active) SCHEDULED
SENT OK
RCVD REDY
t:       1278 job    13 on # 1 of server medium COMPLETED
t:       1278 job     9 on # 1 of server medium RUNNING
SENT JCPL 1278 13 medium 1
RCVD REDY
SENT JOBN 1357 16 115 1 800 1200
RCVD SCHD 16 small 0
t:       1357 job    16 (running) on # 0 of server small (active) SCHEDULED
t:       1357 job    16 on # 0 of server small RUNNING
SENT OK
RCVD REDY
SENT RESF tiny 1 1401
RCVD REDY
t:       1413 job    12 on # 1 of server medium COMPLETED
SENT JCPL 1413 12 medium 1
RCVD REDY
SENT RESF tiny 0 1421
RCVD REDY
SENT RESR tiny 1 1551
RCVD REDY
SENT JOBN 1558 17 388 2 1200 2800
RCVD SCHD 17 medium 1
t:       1558 job    17 (waiting) on # 1 of server medium (active) SCHEDULED
SENT OK
RCVD REDY
SENT JOBN 1650 18 528 2 1300 1800
RCVD SCHD 18 medium 1
t:       1650 job    18 (waiting) on # 1 of server medium (active) SCHEDULED
SENT OK
RCVD REDY
t:       1668 job    16 on # 0 of server small COMPLETED
SENT JCPL 1668 16 small 0
RCVD REDY
SENT JOBN 1751 19 140 1 700 600
RCVD SCHD 19 medium 1
t:       1751 job    19 (waiting) on # 1 of server medium (active) SCHEDULED
SENT OK
RCVD REDY
SENT RESR tiny 0 1799
RCVD REDY
SENT JOBN 1885 20 252 2 1200 2500
RCVD SCHD 20 medium 1
t:       1885 job    20 (waiting) on # 1 of server medium (active) SCHEDULED
SENT OK
RCVD REDY
SENT JOBN 1899 21 782 4 800 1100
RCVD SCHD 21 medium 1
t:       1899 job    21 (waiting) on # 1 of server medium (active) SCHEDULED
SENT OK
RCVD REDY
t:       2059 job     9 on # 1 of server medium COMPLETED
t:       2059 job    14 on # 1 of server medium RUNNING
SENT JCPL 2059 9 medium 1
RCVD REDY
SENT JOBN 2160 22 38 3 1100 3400
RCVD SCHD 22 medium 1
t:       2160 job    22 (waiting) on # 1 of server medium (active) SCHEDULED
SENT OK
RCVD REDY
SENT JOBN 2287 23 204 2 2100 700
RCVD SCHD 23 small 0
t:       2287 job    23 (running) on # 0 of server small (active) SCHEDULED
t:       2287 job    23 on # 0 of server small RUNNING
SENT OK
RCVD REDY
SENT JOBN 2386 24 520 1 500 2000
RCVD SCHD 24 small 1
t:       2386 job    24 (running) on # 1 of server small (active) SCHEDULED
t:       2386 job    24 on # 1 of server small RUNNING
SENT OK
RCVD REDY
SENT RESF tiny 1 2434
RCVD REDY
SENT JOBN 2458 25 732 3 500 1700
RCVD SCHD 25 medium 1
t:       2458 job    25 (waiting) on # 1 of server medium (active) SCHEDULED
SENT OK
RCVD REDY
SENT JOBN 2528 26 69 2 500 2000
RCVD SCHD 26 medium 1
t:       2528 job    26 (waiting) on # 1 of server medium (active) SCHEDULED
SENT OK
RCVD REDY
SENT RESF tiny 0 2596
RCVD REDY
SENT RESF medium 0 2625
RCVD REDY
t:       2713 job    14 on # 1 of server medium COMPLETED
t:       2713 job    15 on # 1 of server medium RUNNING
SENT JCPL 2713 14 medium 1
RCVD REDY
t:       2779 job    23 on # 0 of server small COMPLETED
SENT JCPL 2779 23 small 0
RCVD REDY
SENT JOBN 2811 27 223 1 1000 1500
RCVD SCHD 27 small 0
t:       2811 job    27 (running) on # 0 of server small (active) SCHEDULED
t:       2811 job    27 on # 0 of server small RUNNING
SENT OK
RCVD REDY
SENT RESR medium 0 2887
RCVD REDY
t:       2919 job    24 on # 1 of server small COMPLETED
SENT JCPL 2919 24 small 1
RCVD REDY
SENT JOBN 2973 28 441 2 500 600
RCVD SCHD 28 small 1
t:       2973 job    28 (running) on # 1 of server small (active) SCHEDULED
t:       2973 job    28 on # 1 of server small RUNNING
SENT OK
RCVD REDY
t:       3015 job    15 on # 1 of server medium COMPLETED
t:       3015 job    17 on # 1 of server medium RUNNING
t:       3015 job    18 on # 1 of server medium RUNNING
SENT JCPL 3015 15 medium 1
RCVD REDY
t:       3051 job    27 on # 0 of server small failed
SENT RESF small 0 3051
RCVD REDY
SENT JOBP 3051 27 223 1 1000 1500
RCVD SCHD 27 medium 1
t:       3051 job    27 (waiting) on # 1 of server medium (active) SCHEDULED
SENT OK
RCVD REDY
SENT RESR tiny 0 3074
RCVD REDY
SENT RESR tiny 1 3157
RCVD REDY
SENT JOBN 3162 29 251 1 300 1000
RCVD SCHD 29 medium 1
t:       3162 job    29 (waiting) on # 1 of server medium (active) SCHEDULED
SENT OK
RCVD REDY
SENT JOBN 3232 30 16 1 300 1200
RCVD SCHD 30 medium 1
t:       3232 job    30 (waiting) on # 1 of server medium (active) SCHEDULED
SENT OK
RCVD REDY
t:       3356 job    28 on # 1 of server small COMPLETED
SENT JCPL 3356 28 small 1
RCVD REDY
SENT JOBN 3388 31 386 2 600 2900
RCVD SCHD 31 small 1
t:       3388 job    31 (running) on # 1 of server small (active) SCHEDULED
t:       3388 job    31 on # 1 of server small RUNNING
SENT OK
RCVD REDY
t:       3420 job    17 on # 1 of server medium COMPLETED
t:       3420 job    19 on # 1 of server medium RUNNING
SENT JCPL 3420 17 medium 1
RCVD REDY
SENT JOBN 3528 32 854 2 1900 2900
RCVD SCHD 32 medium 1
t:       3528 job    32 (waiting) on # 1 of server medium (active) SCHEDULED
SENT OK
RCVD REDY
t:       3542 job    18 on # 1 of server medium COMPLETED
t:       3542 job    20 on # 1 of server medium RUNNING
SENT JCPL 3542 18 medium 1
RCVD REDY
SENT RESR small 0 3587
RCVD REDY
SENT JOBN 3606 33 534 1 100 400
RCVD SCHD 33 medium 1
t:       3606 job    33 (waiting) on # 1 of server medium (active) SCHEDULED
SENT OK
RCVD REDY
SENT JOBN 3662 34 60 2 600 400
RCVD SCHD 34 medium 1
t:       3662 job    34 (waiting) on # 1 of server medium (active) SCHEDULED
SENT OK
RCVD REDY
SENT JOBN 3788 35 197 1 400 1900
RCVD SCHD 35 medium 1
t:       3788 job    35 (waiting) on # 1 of server medium (active) SCHEDULED
SENT OK
RCVD REDY
t:       3794 job    31 on # 1 of server small COMPLETED
SENT JCPL 3794 31 small 1
RCVD REDY
t:       3814 job    19 on # 1 of server medium COMPLETED
SENT JCPL 3814 19 medium 1
RCVD REDY
t:       3932 job    20 on # 1 of server medium COMPLETED
t:       3932 job    21 on # 1 of server medium RUNNING
SENT JCPL 3932 20 medium 1
RCVD REDY
SENT JOBN 3991 36 849 2 1800 1200
RCVD SCHD 36 small 1
t:       3991 job    36 (running) on # 1 of server small (active) SCHEDULED
t:       3991 job    36 on # 1 of server small RUNNING
SENT OK
RCVD REDY
SENT RESF tiny 1 4022
RCVD REDY
SENT JOBN 4034 37 571 2 200 3500
RCVD SCHD 37 medium 1
t:       4034 job    37 (waiting) on # 1 of server medium (active) SCHEDULED
SENT OK
RCVD REDY
SENT JOBN 4197 38 275 1 200 1300
RCVD SCHD 38 medium 1
t:       4197 job    38 (waiting) on # 1 of server medium (active) SCHEDULED
SENT OK
RCVD REDY
SENT JOBN 4352 39 772 2 1200 3100
RCVD SCHD 39 medium 1
t:       4352 job    39 (waiting) on # 1 of server medium (active) SCHEDULED
SENT OK
RCVD REDY
SENT JOBN 4378 40 338 1 900 1200
RCVD SCHD 40 medium 1
t:       4378 job    40 (waiting) on # 1 of server medium (active) SCHEDULED
SENT OK
RCVD REDY
SENT RESR tiny 1 4457
RCVD REDY
t:       4487 job    21 on # 1 of server medium COMPLETED
t:       4487 job    22 on # 1 of server medium RUNNING
SENT JCPL 4487 21 medium 1
RCVD REDY
t:       4493 job    36 on # 1 of server small COMPLETED
SENT JCPL 4493 36 small 1
RCVD REDY
t:       4525 job    22 on # 1 of server medium COMPLETED
t:       4525 job    25 on # 1 of server medium RUNNING
SENT JCPL 4525 22 medium 1
RCVD REDY
SENT JOBN 4526 41 298 1 100 1700
RCVD SCHD 41 small 1
t:       4526 job    41 (running) on # 1 of server small (active) SCHEDULED
t:       4526 job    41 on # 1 of server small RUNNING
SENT OK
RCVD REDY
SENT JOBN 4645 42 848 1 600 600
RCVD SCHD 42 small 1
t:       4645 job    42 (running) on # 1 of server small (active) SCHEDULED
t:       4645 job    42 on # 1 of server small RUNNING
SENT OK
RCVD REDY
SENT JOBN 4662 43 857 2 900 2700
RCVD SCHD 43 medium 1
t:       4662 job    43 (waiting) on # 1 of server medium (active) SCHEDULED
SENT OK
RCVD REDY
t:       4740 job    41 on # 1 of server small COMPLETED
SENT JCPL 4740 41 small 1
RCVD REDY
SENT JOBN 4740 44 233 1 500 900
RCVD SCHD 44 small 1
t:       4740 job    44 (running) on # 1 of server small (active) SCHEDULED
t:       4740 job    44 on # 1 of server small RUNNING
SENT OK
RCVD REDY
SENT JOBN 4761 45 724 1 400 1000
RCVD SCHD 45 medium 1
t:       4761 job    45 (waiting) on # 1 of server medium (active) SCHEDULED
SENT OK
RCVD REDY
t:       4958 job    44 on # 1 of server small COMPLETED
SENT JCPL 4958 44 small 1
RCVD REDY
SENT JOBN 4990 46 485 1 800 1700
RCVD SCHD 46 small 1
t:       4990 job    46 (running) on # 1 of server small (active) SCHEDULED
t:       4990 job    46 on # 1 of server small RUNNING
SENT OK
RCVD REDY
t:       4991 job    25 on # 1 of server medium COMPLETED
t:       4991 job    26 on # 1 of server medium RUNNING
t:       4991 job    27 on # 1 of server medium RUNNING
t:       4991 job    29 on # 1 of server medium RUNNING
SENT JCPL 4991 25 medium 1
RCVD REDY
SENT JOBN 4992 47 203 1 800 600
RCVD SCHD 47 medium 1
t:       4992 job    47 (waiting) on # 1 of server medium (active) SCHEDULED
SENT OK
RCVD REDY
SENT JOBN 5103 48 77 1 900 1000
RCVD SCHD 48 medium 1
t:       5103 job    48 (waiting) on # 1 of server medium (active) SCHEDULED
SENT OK
RCVD REDY
t:       5168 job    29 on # 1 of server medium COMPLETED
t:       5168 job    30 on # 1 of server medium RUNNING
SENT JCPL 5168 29 medium 1
RCVD REDY
t:       5169 job    26 on # 1 of server medium COMPLETED
t:       5169 job    32 on # 1 of server medium RUNNING
SENT JCPL 5169 26 medium 1
RCVD REDY
t:       5235 job    42 on # 1 of server small COMPLETED
SENT JCPL 5235 42 small 1
RCVD REDY
SENT JOBN 5306 49 6 1 400 1100
RCVD SCHD 49 small 1
t:       5306 job    49 (running) on # 1 of server small (active) SCHEDULED
t:       5306 job    49 on # 1 of server small RUNNING
SENT OK
RCVD REDY
t:       5351 job    49 on # 1 of server small COMPLETED
SENT JCPL 5351 49 small 1
RCVD REDY
SENT JOBN 5365 50 413 1 600 1300
RCVD SCHD 50 small 1
t:       5365 job    50 (running) on # 1 of server small (active) SCHEDULED
t:       5365 job    50 on # 1 of server small RUNNING
SENT OK
RCVD REDY
t:       5376 job    46 on # 1 of server small COMPLETED
SENT JCPL 5376 46 small 1
RCVD REDY
SENT JOBN 5415 51 544 2 1300 400
RCVD SCHD 51 medium 1
t:       5415 job    51 (waiting) on # 1 of server medium (active) SCHEDULED
SENT OK
RCVD REDY
t:       5524 job    27 on # 1 of server medium COMPLETED
t:       5524 job    33 on # 1 of server medium RUNNING
SENT JCPL 5524 27 medium 1
RCVD REDY
SENT JOBN 5603 52 169 2 1200 400
RCVD SCHD 52 medium 1
t:       5603 job    52 (waiting) on # 1 of server medium (active) SCHEDULED
SENT OK
RCVD REDY
t:       5653 job    30 on # 1 of server medium COMPLETED
SENT JCPL 5653 30 medium 1
RCVD REDY
t:       5659 job    50 on # 1 of server small COMPLETED
SENT JCPL 5659 50 small 1
RCVD REDY
t:       5693 job    32 on # 1 of server medium COMPLETED
t:       5693 job    34 on # 1 of server medium RUNNING
t:       5693 job    35 on # 1 of server medium RUNNING
SENT JCPL 5693 32 medium 1
RCVD REDY
t:       5747 job    34 on # 1 of server medium COMPLETED
t:       5747 job    37 on # 1 of server medium RUNNING
SENT JCPL 5747 34 medium 1
RCVD REDY
SENT JOBN 5800 53 45 1 700 1200
RCVD SCHD 53 small 1
t:       5800 job    53 (running) on # 1 of server small (active) SCHEDULED
t:       5800 job    53 on # 1 of server small RUNNING
SENT OK
RCVD REDY
SENT JOBN 5836 54 378 1 1000 1300
RCVD SCHD 54 small 1
t:       5836 job    54 (running) on # 1 of server small (active) SCHEDULED
t:       5836 job    54 on # 1 of server small RUNNING
SENT OK
RCVD REDY
t:       5935 job    53 on # 1 of server small COMPLETED
SENT JCPL 5935 53 small 1
RCVD REDY
SENT JOBN 5943 55 125 1 600 900
RCVD SCHD 55 small 1
t:       5943 job    55 (running) on # 1 of server small (active) SCHEDULED
t:       5943 job    55 on # 1 of server small RUNNING
SENT OK
RCVD REDY
t:       6108 job    33 on # 1 of server medium COMPLETED
t:       6108 job    38 on # 1 of server medium RUNNING
SENT JCPL 6108 33 medium 1
RCVD REDY
SENT JOBN 6116 56 425 1 200 1900
RCVD SCHD 56 medium 1
t:       6116 job    56 (waiting) on # 1 of server medium (active) SCHEDULED
SENT OK
RCVD REDY
SENT JOBN 6160 57 83 3 400 4100
RCVD SCHD 57 medium 1
t:       6160 job    57 (waiting) on # 1 of server medium (active) SCHEDULED
SENT OK
RCVD REDY
SENT JOBN 6345 58 62 2 1200 1500
RCVD SCHD 58 medium 1
t:       6345 job    58 (waiting) on # 1 of server medium (active) SCHEDULED
SENT OK
RCVD REDY
SENT RESF tiny 1 6392
RCVD REDY
t:       6428 job    38 on # 1 of server medium COMPLETED
SENT JCPL 6428 38 medium 1
RCVD REDY
t:       6430 job    55 on # 1 of server small COMPLETED
SENT JCPL 6430 55 small 1
RCVD REDY
t:       6484 job    54 on # 1 of server small COMPLETED
SENT JCPL 6484 54 small 1
RCVD REDY
SENT JOBN 6487 59 179 1 200 1100
RCVD SCHD 59 small 1
t:       6487 job    59 (running) on # 1 of server small (active) SCHEDULED
t:       6487 job    59 on # 1 of server small RUNNING
SENT OK
RCVD REDY
t:       6537 job    35 on # 1 of server medium COMPLETED
t:       6537 job    39 on # 1 of server medium RUNNING
SENT JCPL 6537 35 medium 1
RCVD REDY
SENT JOBN 6553 60 80 1 200 700
RCVD SCHD 60 small 1
t:       6553 job    60 (running) on # 1 of server small (active) SCHEDULED
t:       6553 job    60 on # 1 of server small RUNNING
SENT OK
RCVD REDY
SENT JOBN 6593 61 130 1 100 1600
RCVD SCHD 61 medium 1
t:       6593 job    61 (waiting) on # 1 of server medium (active) SCHEDULED
SENT OK
RCVD REDY
t:       6606 job    37 on # 1 of server medium COMPLETED
t:       6606 job    40 on # 1 of server medium RUNNING
SENT JCPL 6606 37 medium 1
RCVD REDY
SENT RESR tiny 1 6635
RCVD REDY
t:       6691 job    59 on # 1 of server small COMPLETED
SENT JCPL 6691 59 small 1
RCVD REDY
SENT JOBN 6770 62 599 4 1700 5700
RCVD SCHD 62 medium 1
t:       6770 job    62 (waiting) on # 1 of server medium (active) SCHEDULED
SENT OK
RCVD REDY
SENT JOBN 6786 63 316 2 1600 3400
RCVD SCHD 63 medium 1
t:       6786 job    63 (waiting) on # 1 of server medium (active) SCHEDULED
SENT OK
RCVD REDY
t:       6846 job    40 on # 1 of server medium COMPLETED
t:       6846 job    43 on # 1 of server medium RUNNING
SENT JCPL 6846 40 medium 1
RCVD REDY
SENT RESF medium 0 7061
RCVD REDY
SENT JOBN 7095 64 135 1 1000 1600
RCVD SCHD 64 small 1
t:       7095 job    64 (running) on # 1 of server small (active) SCHEDULED
t:       7095 job    64 on # 1 of server small RUNNING
SENT OK
RCVD REDY
t:       7128 job    39 on # 1 of server medium COMPLETED
t:       7128 job    45 on # 1 of server medium RUNNING
t:       7128 job    47 on # 1 of server medium RUNNING
SENT JCPL 7128 39 medium 1
RCVD REDY
t:       7137 job    60 on # 1 of server small COMPLETED
SENT JCPL 7137 60 small 1
RCVD REDY
SENT JOBN 7225 65 100 2 400 1000
RCVD SCHD 65 medium 1
t:       7225 job    65 (waiting) on # 1 of server medium (active) SCHEDULED
SENT OK
RCVD REDY
SENT JOBN 7410 66 127 1 500 700
RCVD SCHD 66 small 1
t:       7410 job    66 (running) on # 1 of server small (active) SCHEDULED
t:       7410 job    66 on # 1 of server small RUNNING
SENT OK
RCVD REDY
t:       7416 job    43 on # 1 of server medium COMPLETED
t:       7416 job    48 on # 1 of server medium RUNNING
SENT JCPL 7416 43 medium 1
RCVD REDY
SENT RESF tiny 1 7443
RCVD REDY
SENT JOBN 7467 67 109 1 800 400
RCVD SCHD 67 medium 1
t:       7467 job    67 (waiting) on # 1 of server medium (active) SCHEDULED
SENT OK
RCVD REDY
t:       7492 job    66 on # 1 of server small COMPLETED
SENT JCPL 7492 66 small 1
RCVD REDY
t:       7583 job    45 on # 1 of server medium COMPLETED
t:       7583 job    51 on # 1 of server medium RUNNING
SENT JCPL 7583 45 medium 1
RCVD REDY
SENT RESR medium 0 7609
RCVD REDY
t:       7674 job    64 on # 1 of server small COMPLETED
SENT JCPL 7674 64 small 1
RCVD REDY
SENT JOBN 7684 68 461 2 300 1200
RCVD SCHD 68 small 1
t:       7684 job    68 (running) on # 1 of server small (active) SCHEDULED
t:       7684 job    68 on # 1 of server small RUNNING
SENT OK
RCVD REDY
SENT RESR tiny 1 7697
RCVD REDY
t:       7703 job    47 on # 1 of server medium COMPLETED
SENT JCPL 7703 47 medium 1
RCVD REDY
SENT JOBN 7829 69 215 1 400 400
RCVD SCHD 69 medium 1
t:       7829 job    69 (waiting) on # 1 of server medium (active) SCHEDULED
SENT OK
RCVD REDY
t:       7836 job    48 on # 1 of server medium COMPLETED
t:       7836 job    52 on # 1 of server medium RUNNING
SENT JCPL 7836 48 medium 1
RCVD REDY
SENT JOBN 7868 70 560 2 1600 700
RCVD SCHD 70 medium 1
t:       7868 job    70 (waiting) on # 1 of server medium (active) SCHEDULED
SENT OK
RCVD REDY
SENT RESF tiny 1 7871
RCVD REDY
t:       7971 job    52 on # 1 of server medium COMPLETED
t:       7971 job    56 on # 1 of server medium RUNNING
SENT JCPL 7971 52 medium 1
RCVD REDY
t:       7980 job    68 on # 1 of server small COMPLETED
SENT JCPL 7980 68 small 1
RCVD REDY
SENT JOBN 8020 71 147 1 200 200
RCVD SCHD 71 small 1
t:       8020 job    71 (running) on # 1 of server small (active) SCHEDULED
t:       8020 job    71 on # 1 of server small RUNNING
SENT OK
RCVD REDY
t:       8081 job    51 on # 1 of server medium COMPLETED
t:       8081 job    57 on # 1 of server medium RUNNING
SENT JCPL 8081 51 medium 1
RCVD REDY
SENT JOBN 8140 72 86 1 700 1500
RCVD SCHD 72 small 1
t:       8140 job    72 (running) on # 1 of server small (active) SCHEDULED
t:       8140 job    72 on # 1 of server small RUNNING
SENT OK
RCVD REDY
SENT JOBN 8146 73 392 1 200 500
RCVD SCHD 73 medium 1
t:       8146 job    73 (waiting) on # 1 of server medium (active) SCHEDULED
SENT OK
RCVD REDY
t:       8177 job    72 on # 1 of server small failed
t:       8177 job    71 on # 1 of server small failed
SENT RESF small 1 8177
RCVD REDY
SENT JOBP 8177 72 86 1 700 1500
RCVD SCHD 72 medium 1
t:       8177 job    72 (waiting) on # 1 of server medium (active) SCHEDULED
SENT OK
RCVD REDY
SENT JOBP 8177 71 147 1 200 200
RCVD SCHD 71 medium 1
t:       8177 job    71 (waiting) on # 1 of server medium (active) SCHEDULED
SENT OK
RCVD REDY
SENT JOBN 8290 74 128 1 600 1700
RCVD SCHD 74 medium 1
t:       8290 job    74 (waiting) on # 1 of server medium (active) SCHEDULED
SENT OK
RCVD REDY
SENT RESR tiny 1 8292
RCVD REDY
t:       8380 job    57 on # 1 of server medium COMPLETED
t:       8380 job    58 on # 1 of server medium RUNNING
t:       8380 job    61 on # 1 of server medium RUNNING
SENT JCPL 8380 57 medium 1
RCVD REDY
SENT JOBN 8470 75 412 1 700 200
RCVD SCHD 75 medium 1
t:       8470 job    75 (waiting) on # 1 of server medium (active) SCHEDULED
SENT OK
RCVD REDY
SENT RESF tiny 1 8473
RCVD REDY
t:       8484 job    61 on # 1 of server medium COMPLETED
SENT JCPL 8484 61 medium 1
RCVD REDY
SENT JOBN 8494 76 912 1 1000 1900
RCVD SCHD 76 medium 1
t:       8494 job    76 (waiting) on # 1 of server medium (active) SCHEDULED
SENT OK
RCVD REDY
SENT RESR small 1 8522
RCVD REDY
t:       8558 job    56 on # 1 of server medium COMPLETED
SENT JCPL 8558 56 medium 1
RCVD REDY
SENT JOBN 8613 77 673 2 1500 3100
RCVD SCHD 77 medium 1
t:       8613 job    77 (waiting) on # 1 of server medium (active) SCHEDULED
SENT OK
RCVD REDY
SENT JOBN 8712 78 371 1 400 400
RCVD SCHD 78 medium 1
t:       8712 job    78 (waiting) on # 1 of server medium (active) SCHEDULED
SENT OK
RCVD REDY
SENT JOBN 8712 79 642 2 1700 3500
RCVD SCHD 79 medium 1
t:       8712 job    79 (waiting) on # 1 of server medium (active) SCHEDULED
SENT OK
RCVD REDY
SENT JOBN 8747 80 409 2 900 3300
RCVD SCHD 80 medium 1
t:       8747 job    80 (waiting) on # 1 of server medium (active) SCHEDULED
SENT OK
RCVD REDY
SENT JOBN 8889 81 523 1 600 1800
RCVD SCHD 81 medium 1
t:       8889 job    81 (waiting) on # 1 of server medium (active) SCHEDULED
SENT OK
RCVD REDY
SENT RESR tiny 1 8921
RCVD REDY
SENT JOBN 8974 82 25 4 700 2500
RCVD SCHD 82 medium 1
t:       8974 job    82 (waiting) on # 1 of server medium (active) SCHEDULED
SENT OK
RCVD REDY
t:       9125 job    58 on # 1 of server medium COMPLETED
t:       9125 job    62 on # 1 of server medium RUNNING
SENT JCPL 9125 58 medium 1
RCVD REDY
SENT JOBN 9129 83 539 1 500 1000
RCVD SCHD 83 medium 1
t:       9129 job    83 (waiting) on # 1 of server medium (active) SCHEDULED
SENT OK
RCVD REDY
SENT JOBN 9166 84 364 1 800 500
RCVD SCHD 84 medium 1
t:       9166 job    84 (waiting) on # 1 of server medium (active) SCHEDULED
SENT OK
RCVD REDY
SENT JOBN 9261 85 115 1 800 400
RCVD SCHD 85 medium 1
t:       9261 job    85 (waiting) on # 1 of server medium (active) SCHEDULED
SENT OK
RCVD REDY
SENT JOBN 9341 86 423 4 1400 7400
RCVD SCHD 86 medium 1
t:       9341 job    86 (waiting) on # 1 of server medium (active) SCHEDULED
SENT OK
RCVD REDY
SENT JOBN 9370 87 230 1 800 600
RCVD SCHD 87 medium 1
t:       9370 job    87 (waiting) on # 1 of server medium (active) SCHEDULED
SENT OK
RCVD REDY
SENT RESF medium 0 9450
RCVD REDY
SENT JOBN 9456 88 945 2 2000 1600
RCVD SCHD 88 medium 1
t:       9456 job    88 (waiting) on # 1 of server medium (active) SCHEDULED
SENT OK
RCVD REDY
SENT JOBN 9563 89 103 1 700 1800
RCVD SCHD 89 medium 1
t:       9563 job    89 (waiting) on # 1 of server medium (active) SCHEDULED
SENT OK
RCVD REDY
t:       9642 job    62 on # 1 of server medium COMPLETED
t:       9642 job    63 on # 1 of server medium RUNNING
t:       9642 job    65 on # 1 of server medium RUNNING
SENT JCPL 9642 62 medium 1
RCVD REDY
SENT JOBN 9659 90 466 1 100 1100
RCVD SCHD 90 medium 1
t:       9659 job    90 (waiting) on # 1 of server medium (active) SCHEDULED
SENT OK
RCVD REDY
SENT RESF tiny 0 9785
RCVD REDY
SENT JOBN 9807 91 718 1 500 1700
RCVD SCHD 91 medium 1
t:       9807 job    91 (waiting) on # 1 of server medium (active) SCHEDULED
SENT OK
RCVD REDY
t:       9808 job    65 on # 1 of server medium COMPLETED
t:       9808 job    67 on # 1 of server medium RUNNING
t:       9808 job    69 on # 1 of server medium RUNNING
SENT JCPL 9808 65 medium 1
RCVD REDY
SENT RESF tiny 1 9817
RCVD REDY
SENT JOBN 9851 92 439 1 800 600
RCVD SCHD 92 medium 1
t:       9851 job    92 (waiting) on # 1 of server medium (active) SCHEDULED
SENT OK
RCVD REDY
SENT RESR medium 0 9857
RCVD REDY
SENT JOBN 9858 93 303 4 3900 2100
RCVD SCHD 93 medium 1
t:       9858 job    93 (waiting) on # 1 of server medium (active) SCHEDULED
SENT OK
RCVD REDY
SENT JOBN 9987 94 658 1 200 200
RCVD SCHD 94 medium 1
t:       9987 job    94 (waiting) on # 1 of server medium (active) SCHEDULED
SENT OK
RCVD REDY
SENT RESR tiny 0 10002
RCVD REDY
t:      10043 job    63 on # 1 of server medium COMPLETED
t:      10043 job    70 on # 1 of server medium RUNNING
SENT JCPL 10043 63 medium 1
RCVD REDY
SENT RESF medium 0 10082
RCVD REDY
SENT RESR tiny 1 10102
RCVD REDY
SENT JOBN 10138 95 6 1 200 500
RCVD SCHD 95 medium 1
t:      10138 job    95 (waiting) on # 1 of server medium (active) SCHEDULED
SENT OK
RCVD REDY
SENT JOBN 10237 96 811 1 400 1400
RCVD SCHD 96 medium 1
t:      10237 job    96 (waiting) on # 1 of server medium (active) SCHEDULED
SENT OK
RCVD REDY
t:      10332 job    67 on # 1 of server medium COMPLETED
t:      10332 job    73 on # 1 of server medium RUNNING
SENT JCPL 10332 67 medium 1
RCVD REDY
SENT JOBN 10384 97 738 1 400 1300
RCVD SCHD 97 medium 1
t:      10384 job    97 (waiting) on # 1 of server medium (active) SCHEDULED
SENT OK
RCVD REDY
SENT RESR medium 0 10404
RCVD REDY
SENT JOBN 10470 98 308 1 700 500
RCVD SCHD 98 medium 1
t:      10470 job    98 (waiting) on # 1 of server medium (active) SCHEDULED
SENT OK
RCVD REDY
t:      10557 job    69 on # 1 of server medium COMPLETED
t:      10557 job    72 on # 1 of server medium RUNNING
SENT JCPL 10557 69 medium 1
RCVD REDY
t:      10594 job    70 on # 1 of server medium COMPLETED
t:      10594 job    71 on # 1 of server medium RUNNING
t:      10594 job    74 on # 1 of server medium RUNNING
SENT JCPL 10594 70 medium 1
RCVD REDY
SENT JOBN 10642 99 994 1 700 1600
RCVD SCHD 99 medium 1
t:      10642 job    99 (waiting) on # 1 of server medium (active) SCHEDULED
SENT OK
RCVD REDY
SENT JOBN 10731 100 90 1 800 1100
RCVD SCHD 100 medium 1
t:      10731 job   100 (waiting) on # 1 of server medium (active) SCHEDULED
SENT OK
RCVD REDY
t:      10772 job    73 on # 1 of server medium COMPLETED
t:      10772 job    75 on # 1 of server medium RUNNING
SENT JCPL 10772 73 medium 1
RCVD REDY
SENT JOBN 10802 101 63 1 200 1800
RCVD SCHD 101 medium 1
t:      10802 job   101 (waiting) on # 1 of server medium (active) SCHEDULED
SENT OK
RCVD REDY
t:      10850 job    72 on # 1 of server medium COMPLETED
t:      10850 job    76 on # 1 of server medium RUNNING
SENT JCPL 10850 72 medium 1
RCVD REDY
SENT RESF tiny 1 10900
RCVD REDY
SENT JOBN 10904 102 27 1 900 600
RCVD SCHD 102 medium 1
t:      10904 job   102 (waiting) on # 1 of server medium (active) SCHEDULED
SENT OK
RCVD REDY
SENT JOBN 10921 103 21 1 600 1500
RCVD SCHD 103 medium 1
t:      10921 job   103 (waiting) on # 1 of server medium (active) SCHEDULED
SENT OK
RCVD REDY
SENT RESF tiny 0 10930
RCVD REDY
t:      11056 job    74 on # 1 of server medium COMPLETED
SENT JCPL 11056 74 medium 1
RCVD REDY
SENT JOBN 11065 104 1473 3 2600 2200
RCVD SCHD 104 medium 1
t:      11065 job   104 (waiting) on # 1 of server medium (active) SCHEDULED
SENT OK
RCVD REDY
t:      11110 job    75 on # 1 of server medium COMPLETED
t:      11110 job    77 on # 1 of server medium RUNNING
SENT JCPL 11110 75 medium 1
RCVD REDY
SENT JOBN 11111 105 4 4 800 800
RCVD SCHD 105 medium 1
t:      11111 job   105 (waiting) on # 1 of server medium (active) SCHEDULED
SENT OK
RCVD REDY
t:      11173 job    71 on # 1 of server medium COMPLETED
t:      11173 job    78 on # 1 of server medium RUNNING
SENT JCPL 11173 71 medium 1
RCVD REDY
SENT RESR tiny 0 11231
RCVD REDY
SENT JOBN 11264 106 520 1 300 1800
RCVD SCHD 106 medium 1
t:      11264 job   106 (waiting) on # 1 of server medium (active) SCHEDULED
SENT OK
RCVD REDY
SENT RESR tiny 1 11292
RCVD REDY
t:      11310 job    76 on # 1 of server medium COMPLETED
SENT JCPL 11310 76 medium 1
RCVD REDY
SENT JOBN 11339 107 865 2 300 2100
RCVD SCHD 107 medium 1
t:      11339 job   107 (waiting) on # 1 of server medium (active) SCHEDULED
SENT OK
RCVD REDY
SENT JOBN 11506 108 261 3 1900 400
RCVD SCHD 108 medium 1
t:      11506 job   108 (waiting) on # 1 of server medium (active) SCHEDULED
SENT OK
RCVD REDY
t:      11543 job    78 on # 1 of server medium COMPLETED
t:      11543 job    79 on # 1 of server medium RUNNING
SENT JCPL 11543 78 medium 1
RCVD REDY
t:      11583 job    77 on # 1 of server medium COMPLETED
t:      11583 job    80 on # 1 of server medium RUNNING
SENT JCPL 11583 77 medium 1
RCVD REDY
SENT JOBN 11852 109 802 1 400 1200
RCVD SCHD 109 medium 1
t:      11852 job   109 (waiting) on # 1 of server medium (active) SCHEDULED
SENT OK
RCVD REDY
t:      12017 job    80 on # 1 of server medium COMPLETED
t:      12017 job    81 on # 1 of server medium RUNNING
SENT JCPL 12017 80 medium 1
RCVD REDY
SENT JOBN 12033 110 1721 2 300 3800
RCVD SCHD 110 medium 1
t:      12033 job   110 (waiting) on # 1 of server medium (active) SCHEDULED
SENT OK
RCVD REDY
t:      12109 job    79 on # 1 of server medium COMPLETED
SENT JCPL 12109 79 medium 1
RCVD REDY
SENT JOBN 12202 111 361 1 200 1900
RCVD SCHD 111 medium 1
t:      12202 job   111 (waiting) on # 1 of server medium (active) SCHEDULED
SENT OK
RCVD REDY
SENT RESF small 1 12334
RCVD REDY
SENT JOBN 12353 112 68 4 3600 2800
RCVD SCHD 112 medium 1
t:      12353 job   112 (waiting) on # 1 of server medium (active) SCHEDULED
SENT OK
RCVD REDY
SENT JOBN 12376 113 1005 3 1700 600
RCVD SCHD 113 medium 1
t:      12376 job   113 (waiting) on # 1 of server medium (active) SCHEDULED
SENT OK
RCVD REDY
t:      12609 job    81 on # 1 of server medium COMPLETED
t:      12609 job    82 on # 1 of server medium RUNNING
SENT JCPL 12609 81 medium 1
RCVD REDY
t:      12669 job    82 on # 1 of server medium COMPLETED
t:      12669 job    83 on # 1 of server medium RUNNING
t:      12669 job    84 on # 1 of server medium RUNNING
t:      12669 job    85 on # 1 of server medium RUNNING
SENT JCPL 12669 82 medium 1
RCVD REDY
SENT JOBN 12792 114 370 1 800 1900
RCVD SCHD 114 medium 1
t:      12792 job   114 (waiting) on # 1 of server medium (active) SCHEDULED
SENT OK
RCVD REDY
t:      12852 job    84 on # 1 of server medium COMPLETED
SENT JCPL 12852 84 medium 1
RCVD REDY
SENT RESR small 1 12852
RCVD REDY
SENT JOBN 12909 115 312 2 600 3700
RCVD SCHD 115 medium 1
t:      12909 job   115 (waiting) on # 1 of server medium (active) SCHEDULED
SENT OK
RCVD REDY
t:      13033 job    85 on # 1 of server medium COMPLETED
SENT JCPL 13033 85 medium 1
RCVD REDY
SENT JOBN 13090 116 532 1 600 200
RCVD SCHD 116 medium 1
t:      13090 job   116 (waiting) on # 1 of server medium (active) SCHEDULED
SENT OK
RCVD REDY
t:      13092 job    83 on # 1 of server medium COMPLETED
t:      13092 job    86 on # 1 of server medium RUNNING
SENT JCPL 13092 83 medium 1
RCVD REDY
SENT JOBN 13191 117 83 3 300 2900
RCVD SCHD 117 medium 1
t:      13191 job   117 (waiting) on # 1 of server medium (active) SCHEDULED
SENT OK
RCVD REDY
SENT JOBN 13229 118 592 1 800 600
RCVD SCHD 118 medium 1
t:      13229 job   118 (waiting) on # 1 of server medium (active) SCHEDULED
SENT OK
RCVD REDY
SENT JOBN 13358 119 641 3 2300 4300
RCVD SCHD 119 medium 1
t:      13358 job   119 (waiting) on # 1 of server medium (active) SCHEDULED
SENT OK
RCVD REDY
t:      13434 job    86 on # 1 of server medium COMPLETED
t:      13434 job    87 on # 1 of server medium RUNNING
t:      13434 job    88 on # 1 of server medium RUNNING
t:      13434 job    89 on # 1 of server medium RUNNING
SENT JCPL 13434 86 medium 1
RCVD REDY
SENT JOBN 13515 120 332 4 2800 5700
RCVD SCHD 120 medium 1
t:      13515 job   120 (waiting) on # 1 of server medium (active) SCHEDULED
SENT OK
RCVD REDY
t:      13624 job    89 on # 1 of server medium COMPLETED
t:      13624 job    90 on # 1 of server medium RUNNING
SENT JCPL 13624 89 medium 1
RCVD REDY
SENT RESF medium 0 13743
RCVD REDY
t:      13915 job    87 on # 1 of server medium COMPLETED
t:      13915 job    91 on # 1 of server medium RUNNING
SENT JCPL 13915 87 medium 1
RCVD REDY
t:      13933 job    90 on # 1 of server medium COMPLETED
t:      13933 job    92 on # 1 of server medium RUNNING
SENT JCPL 13933 90 medium 1
RCVD REDY
SENT JOBN 13972 121 741 2 4200 7700
RCVD SCHD 121 medium 1
t:      13972 job   121 (waiting) on # 1 of server medium (active) SCHEDULED
SENT OK
RCVD REDY
SENT JOBN 13994 122 565 1 400 1600
RCVD SCHD 122 medium 1
t:      13994 job   122 (waiting) on # 1 of server medium (active) SCHEDULED
SENT OK
RCVD REDY
t:      14012 job    88 on # 1 of server medium COMPLETED
SENT JCPL 14012 88 medium 1
RCVD REDY
SENT RESF tiny 1 14025
RCVD REDY
SENT RESF tiny 0 14043
RCVD REDY
SENT RESR medium 0 14076
RCVD REDY
SENT JOBN 14078 123 19 2 1900 1600
RCVD SCHD 123 medium 1
t:      14078 job   123 (waiting) on # 1 of server medium (active) SCHEDULED
SENT OK
RCVD REDY
SENT JOBN 14095 124 289 1 200 1700
RCVD SCHD 124 medium 1
t:      14095 job   124 (waiting) on # 1 of server medium (active) SCHEDULED
SENT OK
RCVD REDY
SENT RESR tiny 1 14149
RCVD REDY
SENT JOBN 14240 125 271 3 1700 4000
RCVD SCHD 125 medium 1
t:      14240 job   125 (waiting) on # 1 of server medium (active) SCHEDULED
SENT OK
RCVD REDY
SENT JOBN 14302 126 190 1 200 800
RCVD SCHD 126 medium 1
t:      14302 job   126 (waiting) on # 1 of server medium (active) SCHEDULED
SENT OK
RCVD REDY
SENT RESR tiny 0 14339
RCVD REDY
SENT JOBN 14343 127 559 2 500 3300
RCVD SCHD 127 medium 1
t:      14343 job   127 (waiting) on # 1 of server medium (active) SCHEDULED
SENT OK
RCVD REDY
SENT RESF tiny 0 14479
RCVD REDY
t:      14489 job    92 on # 1 of server medium COMPLETED
SENT JCPL 14489 92 medium 1
RCVD REDY
SENT RESF tiny 1 14601
RCVD REDY
SENT JOBN 14713 128 566 2 1300 200
RCVD SCHD 128 medium 1
t:      14713 job   128 (waiting) on # 1 of server medium (active) SCHEDULED
SENT OK
RCVD REDY
SENT RESR tiny 0 14818
RCVD REDY
t:      14874 job    91 on # 1 of server medium COMPLETED
t:      14874 job    93 on # 1 of server medium RUNNING
SENT JCPL 14874 91 medium 1
RCVD REDY
SENT JOBN 14887 129 78 2 600 3000
RCVD SCHD 129 medium 1
t:      14887 job   129 (waiting) on # 1 of server medium (active) SCHEDULED
SENT OK
RCVD REDY
SENT RESR tiny 1 14964
RCVD REDY
SENT JOBN 14964 130 192 2 2000 4000
RCVD SCHD 130 medium 1
t:      14964 job   130 (waiting) on # 1 of server medium (active) SCHEDULED
SENT OK
RCVD REDY
SENT JOBN 15005 131 810 1 600 1100
RCVD SCHD 131 medium 1
t:      15005 job   131 (waiting) on # 1 of server medium (active) SCHEDULED
SENT OK
RCVD REDY
SENT RESF tiny 0 15102
RCVD REDY
SENT JOBN 15143 132 252 2 200 3500
RCVD SCHD 132 medium 1
t:      15143 job   132 (waiting) on # 1 of server medium (active) SCHEDULED
SENT OK
RCVD REDY
SENT RESF tiny 1 15224
RCVD REDY
SENT JOBN 15367 133 103 1 700 800
RCVD SCHD 133 medium 1
t:      15367 job   133 (waiting) on # 1 of server medium (active) SCHEDULED
SENT OK
RCVD REDY
SENT JOBN 15385 134 19 2 1600 800
RCVD SCHD 134 medium 1
t:      15385 job   134 (waiting) on # 1 of server medium (active) SCHEDULED
SENT OK
RCVD REDY
t:      15417 job    93 on # 1 of server medium COMPLETED
t:      15417 job    94 on # 1 of server medium RUNNING
t:      15417 job    95 on # 1 of server medium RUNNING
t:      15417 job    96 on # 1 of server medium RUNNING
t:      15417 job    97 on # 1 of server medium RUNNING
SENT JCPL 15417 93 medium 1
RCVD REDY
SENT RESR tiny 0 15441
RCVD REDY
t:      15497 job    95 on # 1 of server medium COMPLETED
t:      15497 job    98 on # 1 of server medium RUNNING
SENT JCPL 15497 95 medium 1
RCVD REDY
SENT RESR tiny 1 15521
RCVD REDY
SENT JOBN 15528 135 11 2 600 600
RCVD SCHD 135 medium 1
t:      15528 job   135 (waiting) on # 1 of server medium (active) SCHEDULED
SENT OK
RCVD REDY
SENT JOBN 15597 136 481 3 2900 2200
RCVD SCHD 136 medium 1
t:      15597 job   136 (waiting) on # 1 of server medium (active) SCHEDULED
SENT OK
RCVD REDY
SENT JOBN 15615 137 823 2 2000 4000
RCVD SCHD 137 medium 1
t:      15615 job   137 (waiting) on # 1 of server medium (active) SCHEDULED
SENT OK
RCVD REDY
t:      15661 job    98 on # 1 of server medium COMPLETED
t:      15661 job    99 on # 1 of server medium RUNNING
SENT JCPL 15661 98 medium 1
RCVD REDY
SENT JOBN 15718 138 262 4 3600 8100
RCVD SCHD 138 medium 1
t:      15718 job   138 (waiting) on # 1 of server medium (active) SCHEDULED
SENT OK
RCVD REDY
SENT RESF medium 0 15737
RCVD REDY
t:      15817 job    97 on # 1 of server medium COMPLETED
t:      15817 job   100 on # 1 of server medium RUNNING
SENT JCPL 15817 97 medium 1
RCVD REDY
SENT JOBN 15855 139 425 1 200 700
RCVD SCHD 139 medium 1
t:      15855 job   139 (waiting) on # 1 of server medium (active) SCHEDULED
SENT OK
RCVD REDY
t:      15882 job    94 on # 1 of server medium COMPLETED
t:      15882 job   101 on # 1 of server medium RUNNING
SENT JCPL 15882 94 medium 1
RCVD REDY
t:      15930 job    96 on # 1 of server medium COMPLETED
t:      15930 job   102 on # 1 of server medium RUNNING
SENT JCPL 15930 96 medium 1
RCVD REDY
t:      15936 job   100 on # 1 of server medium COMPLETED
t:      15936 job   103 on # 1 of server medium RUNNING
SENT JCPL 15936 100 medium 1
RCVD REDY
t:      15951 job   102 on # 1 of server medium COMPLETED
SENT JCPL 15951 102 medium 1
RCVD REDY
t:      15951 job   103 on # 1 of server medium COMPLETED
SENT JCPL 15951 103 medium 1
RCVD REDY
t:      15967 job   101 on # 1 of server medium COMPLETED
t:      15967 job   104 on # 1 of server medium RUNNING
SENT JCPL 15967 101 medium 1
RCVD REDY
SENT JOBN 16023 140 35 2 1400 2500
RCVD SCHD 140 medium 1
t:      16023 job   140 (waiting) on # 1 of server medium (active) SCHEDULED
SENT OK
RCVD REDY
SENT RESR medium 0 16047
RCVD REDY
SENT JOBN 16170 141 222 3 1600 5800
RCVD SCHD 141 medium 1
t:      16170 job   141 (waiting) on # 1 of server medium (active) SCHEDULED
SENT OK
RCVD REDY
SENT JOBN 16271 142 69 1 200 1900
RCVD SCHD 142 medium 1
t:      16271 job   142 (waiting) on # 1 of server medium (active) SCHEDULED
SENT OK
RCVD REDY
SENT RESF tiny 1 16319
RCVD REDY
SENT RESF tiny 0 16432
RCVD REDY
SENT JOBN 16469 143 494 1 200 400
RCVD SCHD 143 medium 1
t:      16469 job   143 (waiting) on # 1 of server medium (active) SCHEDULED
SENT OK
RCVD REDY
SENT RESR tiny 0 16540
RCVD REDY
t:      16569 job    99 on # 1 of server medium COMPLETED
SENT JCPL 16569 99 medium 1
RCVD REDY
SENT RESF medium 0 16606
RCVD REDY
SENT JOBN 16652 144 91 2 1200 2200
RCVD SCHD 144 medium 1
t:      16652 job   144 (waiting) on # 1 of server medium (active) SCHEDULED
SENT OK
RCVD REDY
SENT RESR tiny 1 16782
RCVD REDY
SENT JOBN 16831 145 465 2 400 3500
RCVD SCHD 145 medium 1
t:      16831 job   145 (waiting) on # 1 of server medium (active) SCHEDULED
SENT OK
RCVD REDY
t:      16867 job   104 on # 1 of server medium COMPLETED
t:      16867 job   105 on # 1 of server medium RUNNING
SENT JCPL 16867 104 medium 1
RCVD REDY
t:      16888 job   105 on # 1 of server medium COMPLETED
t:      16888 job   106 on # 1 of server medium RUNNING
t:      16888 job   107 on # 1 of server medium RUNNING
SENT JCPL 16888 105 medium 1
RCVD REDY
SENT JOBN 16932 146 10 1 100 300
RCVD SCHD 146 medium 1
t:      16932 job   146 (waiting) on # 1 of server medium (active) SCHEDULED
SENT OK
RCVD REDY
SENT JOBN 17093 147 69 3 2000 5500
RCVD SCHD 147 medium 1
t:      17093 job   147 (waiting) on # 1 of server medium (active) SCHEDULED
SENT OK
RCVD REDY
SENT JOBN 17137 148 511 1 500 400
RCVD SCHD 148 medium 1
t:      17137 job   148 (waiting) on # 1 of server medium (active) SCHEDULED
SENT OK
RCVD REDY
t:      17275 job   106 on # 1 of server medium COMPLETED
SENT JCPL 17275 106 medium 1
RCVD REDY
t:      17321 job   107 on # 1 of server medium COMPLETED
t:      17321 job   108 on # 1 of server medium RUNNING
t:      17321 job   109 on # 1 of server medium RUNNING
SENT JCPL 17321 107 medium 1
RCVD REDY
SENT JOBN 17331 149 212 1 600 900
RCVD SCHD 149 medium 1
t:      17331 job   149 (waiting) on # 1 of server medium (active) SCHEDULED
SENT OK
RCVD REDY
SENT JOBN 17443 150 529 4 2100 6400
RCVD SCHD 150 medium 1
t:      17443 job   150 (waiting) on # 1 of server medium (active) SCHEDULED
SENT OK
RCVD REDY
SENT RESR medium 0 17505
RCVD REDY
SENT RESF tiny 0 17552
RCVD REDY
SENT RESF tiny 1 17557
RCVD REDY
SENT RESR tiny 1 17747
RCVD REDY
SENT JOBN 17789 151 326 2 200 2700
RCVD SCHD 151 medium 1
t:      17789 job   151 (waiting) on # 1 of server medium (active) SCHEDULED
SENT OK
RCVD REDY
t:      17796 job   109 on # 1 of server medium COMPLETED
SENT JCPL 17796 109 medium 1
RCVD REDY
SENT RESR tiny 0 17876
RCVD REDY
t:      17903 job   108 on # 1 of server medium COMPLETED
t:      17903 job   110 on # 1 of server medium RUNNING
t:      17903 job   111 on # 1 of server medium RUNNING
SENT JCPL 17903 108 medium 1
RCVD REDY
SENT JOBN 17943 152 298 2 1300 3900
RCVD SCHD 152 medium 1
t:      17943 job   152 (waiting) on # 1 of server medium (active) SCHEDULED
SENT OK
RCVD REDY
SENT JOBN 18042 153 627 3 1600 4400
RCVD SCHD 153 medium 1
t:      18042 job   153 (waiting) on # 1 of server medium (active) SCHEDULED
SENT OK
RCVD REDY
SENT JOBN 18048 154 176 1 500 700
RCVD SCHD 154 medium 1
t:      18048 job   154 (waiting) on # 1 of server medium (active) SCHEDULED
SENT OK
RCVD REDY
SENT JOBN 18377 155 5 2 1500 2700
RCVD SCHD 155 medium 1
t:      18377 job   155 (waiting) on # 1 of server medium (active) SCHEDULED
SENT OK
RCVD REDY
SENT RESF tiny 1 18398
RCVD REDY
t:      18472 job   111 on # 1 of server medium COMPLETED
SENT JCPL 18472 111 medium 1
RCVD REDY
SENT JOBN 18537 156 172 1 1000 2000
RCVD SCHD 156 medium 1
t:      18537 job   156 (waiting) on # 1 of server medium (active) SCHEDULED
SENT OK
RCVD REDY
SENT JOBN 18586 157 718 4 3800 7000
RCVD SCHD 157 medium 1
t:      18586 job   157 (waiting) on # 1 of server medium (active) SCHEDULED
SENT OK
RCVD REDY
SENT JOBN 18779 158 175 1 600 1400
RCVD SCHD 158 medium 1
t:      18779 job   158 (waiting) on # 1 of server medium (active) SCHEDULED
SENT OK
RCVD REDY
SENT RESR tiny 1 18802
RCVD REDY
t:      18854 job   110 on # 1 of server medium COMPLETED
t:      18854 job   112 on # 1 of server medium RUNNING
SENT JCPL 18854 110 medium 1
RCVD REDY
SENT JOBN 18926 159 175 1 200 600
RCVD SCHD 159 medium 1
t:      18926 job   159 (waiting) on # 1 of server medium (active) SCHEDULED
SENT OK
RCVD REDY
SENT JOBN 18990 160 259 1 700 1800
RCVD SCHD 160 medium 1
t:      18990 job   160 (waiting) on # 1 of server medium (active) SCHEDULED
SENT OK
RCVD REDY
SENT JOBN 19007 161 231 1 600 1000
RCVD SCHD 161 medium 1
t:      19007 job   161 (waiting) on # 1 of server medium (active) SCHEDULED
SENT OK
RCVD REDY
SENT JOBN 19083 162 773 1 700 500
RCVD SCHD 162 medium 1
t:      19083 job   162 (waiting) on # 1 of server medium (active) SCHEDULED
SENT OK
RCVD REDY
t:      19198 job   112 on # 1 of server medium COMPLETED
t:      19198 job   113 on # 1 of server medium RUNNING
t:      19198 job   114 on # 1 of server medium RUNNING
SENT JCPL 19198 112 medium 1
RCVD REDY
SENT JOBN 19218 163 660 1 500 1200
RCVD SCHD 163 medium 1
t:      19218 job   163 (waiting) on # 1 of server medium (active) SCHEDULED
SENT OK
RCVD REDY
SENT JOBN 19291 164 94 1 900 700
RCVD SCHD 164 medium 1
t:      19291 job   164 (waiting) on # 1 of server medium (active) SCHEDULED
SENT OK
RCVD REDY
SENT RESF medium 0 19305
RCVD REDY
SENT JOBN 19334 165 19 2 1200 2400
RCVD SCHD 165 medium 1
t:      19334 job   165 (waiting) on # 1 of server medium (active) SCHEDULED
SENT OK
RCVD REDY
SENT JOBN 19387 166 995 4 3900 7000
RCVD SCHD 166 medium 1
t:      19387 job   166 (waiting) on # 1 of server medium (active) SCHEDULED
SENT OK
RCVD REDY
SENT JOBN 19411 167 3 2 2100 3800
RCVD SCHD 167 medium 1
t:      19411 job   167 (waiting) on # 1 of server medium (active) SCHEDULED
SENT OK
RCVD REDY
SENT JOBN 19459 168 288 2 1700 1800
RCVD SCHD 168 medium 1
t:      19459 job   168 (waiting) on # 1 of server medium (active) SCHEDULED
SENT OK
RCVD REDY
t:      19606 job   114 on # 1 of server medium COMPLETED
SENT JCPL 19606 114 medium 1
RCVD REDY
SENT RESF small 1 19674
RCVD REDY
SENT RESF tiny 1 19699
RCVD REDY
SENT JOBN 19721 169 839 1 900 1400
RCVD SCHD 169 medium 1
t:      19721 job   169 (waiting) on # 1 of server medium (active) SCHEDULED
SENT OK
RCVD REDY
SENT JOBN 19767 170 749 2 700 600
RCVD SCHD 170 medium 1
t:      19767 job   170 (waiting) on # 1 of server medium (active) SCHEDULED
SENT OK
RCVD REDY
t:      19790 job   113 on # 1 of server medium COMPLETED
t:      19790 job   115 on # 1 of server medium RUNNING
t:      19790 job   116 on # 1 of server medium RUNNING
SENT JCPL 19790 113 medium 1
RCVD REDY
SENT JOBN 19912 171 403 1 600 900
RCVD SCHD 171 medium 1
t:      19912 job   171 (waiting) on # 1 of server medium (active) SCHEDULED
SENT OK
RCVD REDY
SENT RESR tiny 1 19957
RCVD REDY
SENT JOBN 20053 172 634 2 800 3900
RCVD SCHD 172 medium 1
t:      20053 job   172 (waiting) on # 1 of server medium (active) SCHEDULED
SENT OK
RCVD REDY
SENT JOBN 20087 173 63 2 400 900
RCVD SCHD 173 medium 1
t:      20087 job   173 (waiting) on # 1 of server medium (active) SCHEDULED
SENT OK
RCVD REDY
SENT RESR medium 0 20099
RCVD REDY
SENT JOBN 20174 174 292 2 300 1400
RCVD SCHD 174 medium 1
t:      20174 job   174 (waiting) on # 1 of server medium (active) SCHEDULED
SENT OK
RCVD REDY
SENT RESR small 1 20189
RCVD REDY
t:      20248 job   115 on # 1 of server medium COMPLETED
t:      20248 job   117 on # 1 of server medium RUNNING
SENT JCPL 20248 115 medium 1
RCVD REDY
t:      20329 job   116 on # 1 of server medium COMPLETED
t:      20329 job   118 on # 1 of server medium RUNNING
SENT JCPL 20329 116 medium 1
RCVD REDY
SENT JOBN 20344 175 228 1 200 700
RCVD SCHD 175 medium 1
t:      20344 job   175 (waiting) on # 1 of server medium (active) SCHEDULED
SENT OK
RCVD REDY
t:      20415 job   117 on # 1 of server medium COMPLETED
t:      20415 job   119 on # 1 of server medium RUNNING
SENT JCPL 20415 117 medium 1
RCVD REDY
SENT JOBN 20508 176 417 4 2100 3500
RCVD SCHD 176 medium 1
t:      20508 job   176 (waiting) on # 1 of server medium (active) SCHEDULED
SENT OK
RCVD REDY
SENT RESF tiny 1 20511
RCVD REDY
SENT JOBN 20536 177 4 1 600 700
RCVD SCHD 177 medium 1
t:      20536 job   177 (waiting) on # 1 of server medium (active) SCHEDULED
SENT OK
RCVD REDY
SENT RESF medium 0 20547
RCVD REDY
SENT RESF tiny 0 20613
RCVD REDY
SENT JOBN 20639 178 177 1 100 1000
RCVD SCHD 178 medium 1
t:      20639 job   178 (waiting) on # 1 of server medium (active) SCHEDULED
SENT OK
RCVD REDY
SENT RESR tiny 1 20791
RCVD REDY
SENT JOBN 20821 179 1084 2 700 3800
RCVD SCHD 179 medium 1
t:      20821 job   179 (waiting) on # 1 of server medium (active) SCHEDULED
SENT OK
RCVD REDY
SENT JOBN 20872 180 464 2 1200 3600
RCVD SCHD 180 medium 1
t:      20872 job   180 (waiting) on # 1 of server medium (active) SCHEDULED
SENT OK
RCVD REDY
t:      20896 job   119 on # 1 of server medium COMPLETED
SENT JCPL 20896 119 medium 1
RCVD REDY
SENT RESR tiny 0 20922
RCVD REDY
SENT RESF small 0 20996
RCVD REDY
SENT RESR medium 0 20997
RCVD REDY
SENT JOBN 21045 181 283 1 200 1700
RCVD SCHD 181 medium 1
t:      21045 job   181 (waiting) on # 1 of server medium (active) SCHEDULED
SENT OK
RCVD REDY
SENT RESR small 0 21085
RCVD REDY
t:      21145 job   118 on # 1 of server medium COMPLETED
t:      21145 job   120 on # 1 of server medium RUNNING
SENT JCPL 21145 118 medium 1
RCVD REDY
SENT JOBN 21154 182 846 1 300 100
RCVD SCHD 182 medium 1
t:      21154 job   182 (waiting) on # 1 of server medium (active) SCHEDULED
SENT OK
RCVD REDY
SENT JOBN 21324 183 80 1 400 1200
RCVD SCHD 183 medium 1
t:      21324 job   183 (waiting) on # 1 of server medium (active) SCHEDULED
SENT OK
RCVD REDY
t:      21450 job   120 on # 1 of server medium COMPLETED
t:      21450 job   121 on # 1 of server medium RUNNING
t:      21450 job   122 on # 1 of server medium RUNNING
SENT JCPL 21450 120 medium 1
RCVD REDY
SENT JOBN 21462 184 206 2 1200 3300
RCVD SCHD 184 medium 1
t:      21462 job   184 (waiting) on # 1 of server medium (active) SCHEDULED
SENT OK
RCVD REDY
SENT JOBN 21525 185 1 2 2100 1300
RCVD SCHD 185 medium 1
t:      21525 job   185 (waiting) on # 1 of server medium (active) SCHEDULED
SENT OK
RCVD REDY
SENT JOBN 21538 186 68 1 600 900
RCVD SCHD 186 medium 1
t:      21538 job   186 (waiting) on # 1 of server medium (active) SCHEDULED
SENT OK
RCVD REDY
SENT JOBN 21664 187 1117 1 400 300
RCVD SCHD 187 medium 1
t:      21664 job   187 (waiting) on # 1 of server medium (active) SCHEDULED
SENT OK
RCVD REDY
t:      21744 job   122 on # 1 of server medium COMPLETED
t:      21744 job   123 on # 1 of server medium RUNNING
SENT JCPL 21744 122 medium 1
RCVD REDY
t:      21768 job   123 on # 1 of server medium COMPLETED
t:      21768 job   124 on # 1 of server medium RUNNING
SENT JCPL 21768 123 medium 1
RCVD REDY
SENT JOBN 21774 188 234 1 700 1200
RCVD SCHD 188 medium 1
t:      21774 job   188 (waiting) on # 1 of server medium (active) SCHEDULED
SENT OK
RCVD REDY
SENT JOBN 21831 189 21 1 1000 600
RCVD SCHD 189 medium 1
t:      21831 job   189 (waiting) on # 1 of server medium (active) SCHEDULED
SENT OK
RCVD REDY
SENT JOBN 21871 190 325 2 800 2300
RCVD SCHD 190 medium 1
t:      21871 job   190 (waiting) on # 1 of server medium (active) SCHEDULED
SENT OK
RCVD REDY
t:      21984 job   121 on # 1 of server medium COMPLETED
t:      21984 job   125 on # 1 of server medium RUNNING
SENT JCPL 21984 121 medium 1
RCVD REDY
SENT JOBN 21986 191 376 1 400 900
RCVD SCHD 191 medium 1
t:      21986 job   191 (waiting) on # 1 of server medium (active) SCHEDULED
SENT OK
RCVD REDY
SENT JOBN 22035 192 369 1 700 2000
RCVD SCHD 192 medium 1
t:      22035 job   192 (waiting) on # 1 of server medium (active) SCHEDULED
SENT OK
RCVD REDY
SENT JOBN 22105 193 373 3 2200 4700
RCVD SCHD 193 medium 1
t:      22105 job   193 (waiting) on # 1 of server medium (active) SCHEDULED
SENT OK
RCVD REDY
t:      22251 job   124 on # 1 of server medium COMPLETED
t:      22251 job   126 on # 1 of server medium RUNNING
SENT JCPL 22251 124 medium 1
RCVD REDY
SENT JOBN 22348 194 233 1 800 1400
RCVD SCHD 194 medium 1
t:      22348 job   194 (waiting) on # 1 of server medium (active) SCHEDULED
SENT OK
RCVD REDY
SENT JOBN 22354 195 21 1 100 1300
RCVD SCHD 195 medium 1
t:      22354 job   195 (waiting) on # 1 of server medium (active) SCHEDULED
SENT OK
RCVD REDY
SENT JOBN 22427 196 643 2 1500 600
RCVD SCHD 196 medium 1
t:      22427 job   196 (waiting) on # 1 of server medium (active) SCHEDULED
SENT OK
RCVD REDY
t:      22466 job   125 on # 1 of server medium COMPLETED
t:      22466 job   127 on # 1 of server medium RUNNING
SENT JCPL 22466 125 medium 1
RCVD REDY
t:      22497 job   126 on # 1 of server medium COMPLETED
t:      22497 job   128 on # 1 of server medium RUNNING
SENT JCPL 22497 126 medium 1
RCVD REDY
SENT JOBN 22499 197 315 2 700 3200
RCVD SCHD 197 medium 1
t:      22499 job   197 (waiting) on # 1 of server medium (active) SCHEDULED
SENT OK
RCVD REDY
SENT RESF medium 0 22632
RCVD REDY
SENT JOBN 22650 198 267 4 1300 7300
RCVD SCHD 198 medium 1
t:      22650 job   198 (waiting) on # 1 of server medium (active) SCHEDULED
SENT OK
RCVD REDY
SENT JOBN 22724 199 141 2 1600 3800
RCVD SCHD 199 medium 1
t:      22724 job   199 (waiting) on # 1 of server medium (active) SCHEDULED
SENT OK
RCVD REDY
t:      22786 job   127 on # 1 of server medium COMPLETED
t:      22786 job   129 on # 1 of server medium RUNNING
SENT JCPL 22786 127 medium 1
RCVD REDY
t:      22838 job   128 on # 1 of server medium COMPLETED
t:      22838 job   130 on # 1 of server medium RUNNING
SENT JCPL 22838 128 medium 1
RCVD REDY
SENT RESF tiny 0 22993
RCVD REDY
SENT RESR medium 0 23039
RCVD REDY
SENT RESF tiny 1 23083
RCVD REDY
t:      23212 job   129 on # 1 of server medium COMPLETED
t:      23212 job   131 on # 1 of server medium RUNNING
SENT JCPL 23212 129 medium 1
RCVD REDY
t:      23253 job   130 on # 1 of server medium COMPLETED
t:      23253 job   132 on # 1 of server medium RUNNING
t:      23253 job   133 on # 1 of server medium RUNNING
SENT JCPL 23253 130 medium 1
RCVD REDY
SENT RESR tiny 0 23298
RCVD REDY
SENT RESR tiny 1 23301
RCVD REDY
t:      23402 job   133 on # 1 of server medium COMPLETED
SENT JCPL 23402 133 medium 1
RCVD REDY
t:      23644 job   132 on # 1 of server medium COMPLETED
t:      23644 job   134 on # 1 of server medium RUNNING
SENT JCPL 23644 132 medium 1
RCVD REDY
t:      23712 job   134 on # 1 of server medium COMPLETED
t:      23712 job   135 on # 1 of server medium RUNNING
SENT JCPL 23712 134 medium 1
RCVD REDY
t:      23713 job   131 on # 1 of server medium COMPLETED
SENT JCPL 23713 131 medium 1
RCVD REDY
t:      23749 job   135 on # 1 of server medium COMPLETED
t:      23749 job   136 on # 1 of server medium RUNNING
SENT JCPL 23749 135 medium 1
RCVD REDY
t:      23990 job   136 on # 1 of server medium COMPLETED
t:      23990 job   137 on # 1 of server medium RUNNING
SENT JCPL 23990 136 medium 1
RCVD REDY
t:      24465 job   137 on # 1 of server medium COMPLETED
t:      24465 job   138 on # 1 of server medium RUNNING
SENT JCPL 24465 137 medium 1
RCVD REDY
t:      24597 job   138 on # 1 of server medium COMPLETED
t:      24597 job   139 on # 1 of server medium RUNNING
t:      24597 job   140 on # 1 of server medium RUNNING
SENT JCPL 24597 138 medium 1
RCVD REDY
t:      24618 job   140 on # 1 of server medium COMPLETED
t:      24618 job   141 on # 1 of server medium RUNNING
SENT JCPL 24618 140 medium 1
RCVD REDY
t:      24998 job   139 on # 1 of server medium COMPLETED
t:      24998 job   142 on # 1 of server medium RUNNING
SENT JCPL 24998 139 medium 1
RCVD REDY
t:      25346 job   141 on # 1 of server medium COMPLETED
t:      25346 job   143 on # 1 of server medium RUNNING
t:      25346 job   144 on # 1 of server medium RUNNING
SENT JCPL 25346 141 medium 1
RCVD REDY
t:      25460 job   142 on # 1 of server medium COMPLETED
SENT JCPL 25460 142 medium 1
RCVD REDY
t:      25718 job   144 on # 1 of server medium COMPLETED
t:      25718 job   145 on # 1 of server medium RUNNING
t:      25718 job   146 on # 1 of server medium RUNNING
SENT JCPL 25718 144 medium 1
RCVD REDY
t:      25752 job   146 on # 1 of server medium COMPLETED
SENT JCPL 25752 146 medium 1
RCVD REDY
t:      25770 job   143 on # 1 of server medium COMPLETED
SENT JCPL 25770 143 medium 1
RCVD REDY
SENT RESF tiny 1 25848
RCVD REDY
SENT RESF tiny 0 26055
RCVD REDY
SENT RESR tiny 1 26174
RCVD REDY
SENT RESR tiny 0 26209
RCVD REDY
t:      26355 job   145 on # 1 of server medium COMPLETED
t:      26355 job   147 on # 1 of server medium RUNNING
t:      26355 job   148 on # 1 of server medium RUNNING
SENT JCPL 26355 145 medium 1
RCVD REDY
SENT RESF medium 0 26768
RCVD REDY
t:      26853 job   148 on # 1 of server medium COMPLETED
t:      26853 job   149 on # 1 of server medium RUNNING
SENT JCPL 26853 148 medium 1
RCVD REDY
t:      27037 job   147 on # 1 of server medium COMPLETED
SENT JCPL 27037 147 medium 1
RCVD REDY
t:      27294 job   149 on # 1 of server medium COMPLETED
t:      27294 job   150 on # 1 of server medium RUNNING
SENT JCPL 27294 149 medium 1
RCVD REDY
t:      27573 job   150 on # 1 of server medium COMPLETED
t:      27573 job   151 on # 1 of server medium RUNNING
t:      27573 job   152 on # 1 of server medium RUNNING
SENT JCPL 27573 150 medium 1
RCVD REDY
SENT RESR medium 0 27573
RCVD REDY
SENT RESF tiny 1 27994
RCVD REDY
t:      28092 job   151 on # 1 of server medium COMPLETED
SENT JCPL 28092 151 medium 1
RCVD REDY
SENT RESF tiny 0 28108
RCVD REDY
t:      28114 job   152 on # 1 of server medium COMPLETED
t:      28114 job   153 on # 1 of server medium RUNNING
t:      28114 job   154 on # 1 of server medium RUNNING
SENT JCPL 28114 152 medium 1
RCVD REDY
SENT RESR tiny 0 28260
RCVD REDY
t:      28349 job   154 on # 1 of server medium COMPLETED
SENT JCPL 28349 154 medium 1
RCVD REDY
SENT RESR tiny 1 28349
RCVD REDY
t:      28441 job   153 on # 1 of server medium COMPLETED
t:      28441 job   155 on # 1 of server medium RUNNING
t:      28441 job   156 on # 1 of server medium RUNNING
SENT JCPL 28441 153 medium 1
RCVD REDY
t:      28445 job   155 on # 1 of server medium COMPLETED
SENT JCPL 28445 155 medium 1
RCVD REDY
t:      28731 job   156 on # 1 of server medium COMPLETED
t:      28731 job   157 on # 1 of server medium RUNNING
SENT JCPL 28731 156 medium 1
RCVD REDY
t:      29124 job   157 on # 1 of server medium COMPLETED
t:      29124 job   158 on # 1 of server medium RUNNING
t:      29124 job   159 on # 1 of server medium RUNNING
t:      29124 job   160 on # 1 of server medium RUNNING
t:      29124 job   161 on # 1 of server medium RUNNING
SENT JCPL 29124 157 medium 1
RCVD REDY
t:      29232 job   158 on # 1 of server medium COMPLETED
t:      29232 job   162 on # 1 of server medium RUNNING
SENT JCPL 29232 158 medium 1
RCVD REDY
t:      29273 job   159 on # 1 of server medium COMPLETED
t:      29273 job   163 on # 1 of server medium RUNNING
SENT JCPL 29273 159 medium 1
RCVD REDY
t:      29320 job   160 on # 1 of server medium COMPLETED
t:      29320 job   164 on # 1 of server medium RUNNING
SENT JCPL 29320 160 medium 1
RCVD REDY
SENT RESF medium 0 29329
RCVD REDY
SENT RESR medium 0 29616
RCVD REDY
t:      29619 job   163 on # 1 of server medium COMPLETED
SENT JCPL 29619 163 medium 1
RCVD REDY
t:      29822 job   164 on # 1 of server medium COMPLETED
t:      29822 job   165 on # 1 of server medium RUNNING
SENT JCPL 29822 164 medium 1
RCVD REDY
t:      29829 job   162 on # 1 of server medium COMPLETED
SENT JCPL 29829 162 medium 1
RCVD REDY
t:      29850 job   165 on # 1 of server medium COMPLETED
SENT JCPL 29850 165 medium 1
RCVD REDY
SENT RESF tiny 1 29940
RCVD REDY
SENT RESF tiny 0 29945
RCVD REDY
t:      30017 job   161 on # 1 of server medium COMPLETED
t:      30017 job   166 on # 1 of server medium RUNNING
SENT JCPL 30017 161 medium 1
RCVD REDY
SENT RESR tiny 0 30420
RCVD REDY
SENT RESR tiny 1 30434
RCVD REDY
t:      30605 job   166 on # 1 of server medium COMPLETED
t:      30605 job   167 on # 1 of server medium RUNNING
t:      30605 job   168 on # 1 of server medium RUNNING
SENT JCPL 30605 166 medium 1
RCVD REDY
t:      30608 job   167 on # 1 of server medium COMPLETED
t:      30608 job   169 on # 1 of server medium RUNNING
SENT JCPL 30608 167 medium 1
RCVD REDY
t:      30807 job   168 on # 1 of server medium COMPLETED
t:      30807 job   170 on # 1 of server medium RUNNING
t:      30807 job   171 on # 1 of server medium RUNNING
SENT JCPL 30807 168 medium 1
RCVD REDY
t:      31134 job   169 on # 1 of server medium COMPLETED
SENT JCPL 31134 169 medium 1
RCVD REDY
t:      31202 job   171 on # 1 of server medium COMPLETED
t:      31202 job   172 on # 1 of server medium RUNNING
SENT JCPL 31202 171 medium 1
RCVD REDY
t:      31257 job   170 on # 1 of server medium COMPLETED
t:      31257 job   173 on # 1 of server medium RUNNING
SENT JCPL 31257 170 medium 1
RCVD REDY
t:      31322 job   173 on # 1 of server medium COMPLETED
t:      31322 job   174 on # 1 of server medium RUNNING
SENT JCPL 31322 173 medium 1
RCVD REDY
t:      31616 job   172 on # 1 of server medium COMPLETED
t:      31616 job   175 on # 1 of server medium RUNNING
SENT JCPL 31616 172 medium 1
RCVD REDY
t:      31769 job   175 on # 1 of server medium COMPLETED
SENT JCPL 31769 175 medium 1
RCVD REDY
t:      31778 job   174 on # 1 of server medium COMPLETED
t:      31778 job   176 on # 1 of server medium RUNNING
SENT JCPL 31778 174 medium 1
RCVD REDY
t:      32134 job   176 on # 1 of server medium COMPLETED
t:      32134 job   177 on # 1 of server medium RUNNING
t:      32134 job   178 on # 1 of server medium RUNNING
t:      32134 job   179 on # 1 of server medium RUNNING
SENT JCPL 32134 176 medium 1
RCVD REDY
t:      32204 job   177 on # 1 of server medium COMPLETED
SENT JCPL 32204 177 medium 1
RCVD REDY
SENT RESF tiny 1 32299
RCVD REDY
SENT RESF tiny 0 32349
RCVD REDY
SENT RESR tiny 0 32507
RCVD REDY
SENT RESR tiny 1 32571
RCVD REDY
SENT RESF small 1 32588
RCVD REDY
t:      32709 job   178 on # 1 of server medium COMPLETED
t:      32709 job   180 on # 1 of server medium RUNNING
SENT JCPL 32709 178 medium 1
RCVD REDY
t:      32796 job   179 on # 1 of server medium COMPLETED
t:      32796 job   181 on # 1 of server medium RUNNING
t:      32796 job   182 on # 1 of server medium RUNNING
SENT JCPL 32796 179 medium 1
RCVD REDY
SENT RESF tiny 1 32913
RCVD REDY
t:      32961 job   181 on # 1 of server medium COMPLETED
t:      32961 job   183 on # 1 of server medium RUNNING
SENT JCPL 32961 181 medium 1
RCVD REDY
SENT RESR small 1 32975
RCVD REDY
t:      33015 job   183 on # 1 of server medium COMPLETED
SENT JCPL 33015 183 medium 1
RCVD REDY
SENT RESR tiny 1 33116
RCVD REDY
t:      33148 job   180 on # 1 of server medium COMPLETED
t:      33148 job   184 on # 1 of server medium RUNNING
SENT JCPL 33148 180 medium 1
RCVD REDY
t:      33276 job   182 on # 1 of server medium COMPLETED
t:      33276 job   185 on # 1 of server medium RUNNING
SENT JCPL 33276 182 medium 1
RCVD REDY
t:      33396 job   185 on # 1 of server medium COMPLETED
t:      33396 job   186 on # 1 of server medium RUNNING
t:      33396 job   187 on # 1 of server medium RUNNING
SENT JCPL 33396 185 medium 1
RCVD REDY
t:      33534 job   186 on # 1 of server medium COMPLETED
t:      33534 job   188 on # 1 of server medium RUNNING
SENT JCPL 33534 186 medium 1
RCVD REDY
t:      33966 job   187 on # 1 of server medium COMPLETED
t:      33966 job   189 on # 1 of server medium RUNNING
SENT JCPL 33966 187 medium 1
RCVD REDY
t:      34017 job   184 on # 1 of server medium COMPLETED
t:      34017 job   190 on # 1 of server medium RUNNING
SENT JCPL 34017 184 medium 1
RCVD REDY
t:      34038 job   189 on # 1 of server medium COMPLETED
t:      34038 job   191 on # 1 of server medium RUNNING
SENT JCPL 34038 189 medium 1
RCVD REDY
t:      34095 job   188 on # 1 of server medium COMPLETED
t:      34095 job   192 on # 1 of server medium RUNNING
SENT JCPL 34095 188 medium 1
RCVD REDY
t:      34207 job   190 on # 1 of server medium COMPLETED
SENT JCPL 34207 190 medium 1
RCVD REDY
SENT RESF tiny 1 34431
RCVD REDY
t:      34432 job   191 on # 1 of server medium COMPLETED
t:      34432 job   193 on # 1 of server medium RUNNING
SENT JCPL 34432 191 medium 1
RCVD REDY
SENT RESF tiny 0 34624
RCVD REDY
t:      34627 job   192 on # 1 of server medium COMPLETED
t:      34627 job   194 on # 1 of server medium RUNNING
SENT JCPL 34627 192 medium 1
RCVD REDY
t:      34767 job   194 on # 1 of server medium COMPLETED
t:      34767 job   195 on # 1 of server medium RUNNING
SENT JCPL 34767 194 medium 1
RCVD REDY
SENT RESR tiny 0 34859
RCVD REDY
t:      34880 job   193 on # 1 of server medium COMPLETED
t:      34880 job   196 on # 1 of server medium RUNNING
SENT JCPL 34880 193 medium 1
RCVD REDY
SENT RESF small 0 34883
RCVD REDY
t:      34895 job   195 on # 1 of server medium COMPLETED
t:      34895 job   197 on # 1 of server medium RUNNING
SENT JCPL 34895 195 medium 1
RCVD REDY
SENT RESR tiny 1 34970
RCVD REDY
t:      35213 job   197 on # 1 of server medium COMPLETED
SENT JCPL 35213 197 medium 1
RCVD REDY
t:      35235 job   196 on # 1 of server medium COMPLETED
t:      35235 job   198 on # 1 of server medium RUNNING
SENT JCPL 35235 196 medium 1
RCVD REDY
SENT RESR small 0 35288
RCVD REDY
SENT RESF tiny 0 35364
RCVD REDY
SENT RESF tiny 1 35376
RCVD REDY
SENT RESR tiny 1 35444
RCVD REDY
t:      35581 job   198 on # 1 of server medium COMPLETED
t:      35581 job   199 on # 1 of server medium RUNNING
SENT JCPL 35581 198 medium 1
RCVD REDY
SENT RESR tiny 0 35689
RCVD REDY
t:      35769 job   199 on # 1 of server medium COMPLETED
SENT JCPL 35769 199 medium 1
RCVD REDY
SENT NONE
RCVD QUIT
SENT QUIT
# -------------------------------------------------------------------------------------
# 2 tiny servers used with a utilisation of 100.00 at the cost of $0.02
# 2 small servers used with a utilisation of 72.30 at the cost of $1.22
# 1 medium servers used with a utilisation of 100.00 at the cost of $7.93
# ==================================== [ Summary ] ====================================
# actual simulation end time: 35769, #jobs: 200 (failed 5 times)
# total #servers used: 5, avg util: 88.92% (ef. usage: 92.56%), total cost: $9.17
# avg waiting time: 5544, avg exec time: 387, avg turnaround time: 5931
