# ds-sim server 10Jul, 2019 @ MQ
# Server-side simulator started with './ds-server -n -v brief -c configs/scheduling/personal-config6.xml'
# Waiting for connection to port 8096 of IP address 127.0.0.1
RCVD HELO
SENT OK
RCVD AUTH jak0723
# Welcome  jak0723!
# The system information can be read from 'system.xml'
SENT OK
SENT JOBN 83 0 37232 2 500 600
RCVD SCHD 0 tiny 0
t:         83 job     0 (waiting) on # 0 of server tiny (booting) SCHEDULED
SENT OK
t:        143 job     0 on # 0 of server tiny RUNNING
SENT JOBN 290 1 899 1 400 1200
RCVD SCHD 1 tiny 1
t:        290 job     1 (waiting) on # 1 of server tiny (booting) SCHEDULED
SENT OK
SENT JOBN 336 2 129 5 5300 7100
RCVD SCHD 2 medium 0
t:        336 job     2 (waiting) on # 0 of server medium (booting) SCHEDULED
SENT OK
t:        350 job     1 on # 1 of server tiny RUNNING
t:        396 job     2 on # 0 of server medium RUNNING
SENT JOBN 443 3 282 2 500 1100
RCVD SCHD 3 medium 0
t:        443 job     3 (running) on # 0 of server medium (active) SCHEDULED
t:        443 job     3 on # 0 of server medium RUNNING
SENT OK
t:        685 job     3 on # 0 of server medium COMPLETED
SENT JOBN 728 4 1431 8 8000 15400
RCVD SCHD 4 medium 1
t:        728 job     4 (waiting) on # 1 of server medium (booting) SCHEDULED
SENT OK
t:        788 job     4 on # 1 of server medium RUNNING
SENT JOBN 867 5 604 1 800 1400
RCVD SCHD 5 tiny 1
t:        867 job     5 (running) on # 1 of server tiny (active) SCHEDULED
t:        867 job     5 on # 1 of server tiny RUNNING
SENT OK
SENT JOBN 870 6 709 1 900 200
RCVD SCHD 6 medium 0
t:        870 job     6 (running) on # 0 of server medium (active) SCHEDULED
t:        870 job     6 on # 0 of server medium RUNNING
SENT OK
SENT JOBN 1134 7 26259 1 1000 900
RCVD SCHD 7 medium 0
t:       1134 job     7 (running) on # 0 of server medium (active) SCHEDULED
t:       1134 job     7 on # 0 of server medium RUNNING
SENT OK
t:       1249 job     1 on # 1 of server tiny COMPLETED
t:       1268 job     6 on # 0 of server medium COMPLETED
t:       1341 job     2 on # 0 of server medium COMPLETED
SENT JOBN 1462 8 477 1 800 1700
RCVD SCHD 8 tiny 1
t:       1462 job     8 (running) on # 1 of server tiny (active) SCHEDULED
t:       1462 job     8 on # 1 of server tiny RUNNING
SENT OK
t:       1471 job     5 on # 1 of server tiny COMPLETED
SENT JOBN 1724 9 47267 8 6300 4100
RCVD SCHD 9 medium 0
t:       1724 job     9 (waiting) on # 0 of server medium (active) SCHEDULED
SENT OK
SENT NONE
RCVD QUIT
t:       1822 job     8 on # 1 of server tiny COMPLETED
t:       5365 job     4 on # 1 of server medium COMPLETED
t:      19466 job     0 on # 0 of server tiny COMPLETED
t:      72978 job     7 on # 0 of server medium COMPLETED
t:      72978 job     9 on # 0 of server medium RUNNING
t:     153535 job     9 on # 0 of server medium COMPLETED
# ---------------------------------------------------------------------------
# 2 tiny servers used with a utilisation of 6.78 at the cost of $17.03
# 0 small servers used with a utilisation of 0.00 at the cost of $0.00
# 2 medium servers used with a utilisation of 51.42 at the cost of $67.97
# =============================== [ Overall ] ===============================
# total #servers used: 4, avg utilisation: 29.10 and total cost: $85.01
# avg waiting time: 7149, avg exec time: 17974 and avg turnaround time: 25124
