# ds-sim server 06-Nov, 2019 @ MQ
# Server-side simulator started with './ds-server -n -v brief -c configs/scheduling/personal-config16.xml -f pl05'
# Waiting for connection to port 50000 of IP address 127.0.0.1
RCVD HELO
SENT OK
RCVD AUTH jak0723
# Welcome  jak0723!
# The system information can be read from 'system.xml'
SENT OK
RCVD REDY
SENT JOBN 84 0 586 1 200 300
RCVD SCHD 0 tiny 0
t:         84 job     0 (waiting) on # 0 of server tiny (booting) SCHEDULED
SENT OK
RCVD REDY
t:        114 job     0 on # 0 of server tiny RUNNING
SENT JOBN 292 1 292 1 400 1200
RCVD SCHD 1 tiny 1
t:        292 job     1 (waiting) on # 1 of server tiny (booting) SCHEDULED
SENT OK
RCVD REDY
t:        322 job     1 on # 1 of server tiny RUNNING
SENT JOBN 339 2 96 2 2100 2800
RCVD SCHD 2 small 0
t:        339 job     2 (waiting) on # 0 of server small (booting) SCHEDULED
SENT OK
RCVD REDY
t:        369 job     2 on # 0 of server small RUNNING
SENT JOBP 441 1 292 1 400 1200
RCVD SCHD 1 small 1
t:        441 job     1 (waiting) on # 1 of server small (booting) SCHEDULED
SENT OK
RCVD REDY
SENT JOBN 447 3 282 2 500 1100
RCVD SCHD 3 medium 0
t:        447 job     3 (waiting) on # 0 of server medium (booting) SCHEDULED
SENT OK
RCVD REDY
t:        471 job     2 on # 0 of server small COMPLETED
t:        471 job     1 on # 1 of server small RUNNING
t:        477 job     3 on # 0 of server medium RUNNING
SENT JOBP 518 1 292 1 400 1200
RCVD SCHD 1 small 0
t:        518 job     1 (running) on # 0 of server small (active) SCHEDULED
t:        518 job     1 on # 0 of server small RUNNING
SENT OK
RCVD REDY
t:        668 job     0 on # 0 of server tiny COMPLETED
t:        719 job     3 on # 0 of server medium COMPLETED
SENT JOBN 733 4 256 1 1000 1900
RCVD SCHD 4 tiny 0
t:        733 job     4 (running) on # 0 of server tiny (active) SCHEDULED
t:        733 job     4 on # 0 of server tiny RUNNING
SENT OK
RCVD REDY
t:        833 job     1 on # 0 of server small COMPLETED
SENT JOBN 873 5 453 1 800 1400
RCVD SCHD 5 small 0
t:        873 job     5 (running) on # 0 of server small (active) SCHEDULED
t:        873 job     5 on # 0 of server small RUNNING
SENT OK
RCVD REDY
SENT JOBN 877 6 65 1 900 200
RCVD SCHD 6 small 0
t:        877 job     6 (running) on # 0 of server small (active) SCHEDULED
t:        877 job     6 on # 0 of server small RUNNING
SENT OK
RCVD REDY
t:        911 job     6 on # 0 of server small COMPLETED
SENT JOBN 962 7 57 1 1000 900
RCVD SCHD 7 small 0
t:        962 job     7 (running) on # 0 of server small (active) SCHEDULED
t:        962 job     7 on # 0 of server small RUNNING
SENT OK
RCVD REDY
SENT JOBN 1051 8 441 1 800 1700
RCVD SCHD 8 medium 1
t:       1051 job     8 (waiting) on # 1 of server medium (booting) SCHEDULED
SENT OK
RCVD REDY
t:       1081 job     8 on # 1 of server medium RUNNING
SENT JOBN 1194 9 82 2 1500 1000
RCVD SCHD 9 medium 1
t:       1194 job     9 (running) on # 1 of server medium (active) SCHEDULED
t:       1194 job     9 on # 1 of server medium RUNNING
SENT OK
RCVD REDY
t:       1348 job     7 on # 0 of server small COMPLETED
t:       1408 job     5 on # 0 of server small COMPLETED
SENT JOBP 1507 8 441 1 800 1700
RCVD SCHD 8 small 0
t:       1507 job     8 (running) on # 0 of server small (active) SCHEDULED
t:       1507 job     8 on # 0 of server small RUNNING
SENT OK
RCVD REDY
SENT JOBP 1507 9 82 2 1500 1000
RCVD SCHD 9 medium 0
t:       1507 job     9 (running) on # 0 of server medium (active) SCHEDULED
t:       1507 job     9 on # 0 of server medium RUNNING
SENT OK
RCVD REDY
t:       1578 job     4 on # 0 of server tiny COMPLETED
SENT JOBP 1637 9 82 2 1500 1000
RCVD SCHD 9 medium 1
t:       1637 job     9 (waiting) on # 1 of server medium (booting) SCHEDULED
SENT OK
RCVD REDY
t:       1667 job     9 on # 1 of server medium RUNNING
t:       1943 job     8 on # 0 of server small COMPLETED
t:       2304 job     9 on # 1 of server medium COMPLETED
SENT NONE
RCVD QUIT
SENT QUIT
# ---------------------------------------------------------------------------
# 1 tiny servers used with a utilisation of 95.56 at the cost of $0.08
# 1 small servers used with a utilisation of 84.69 at the cost of $0.17
# 2 medium servers used with a utilisation of 38.79 at the cost of $0.54
# =============================== [ Overall ] ===============================
# actual simulation end time: 2304
# total #servers used: 4, avg utilisation: 64.46 and total cost: $0.80
# avg waiting time: 88, avg exec time: 291 and avg turnaround time: 380
