# ds-sim server 06-Nov, 2019 @ MQ
# Server-side simulator started with './ds-server -n -v brief -c configs/scheduling/personal-config09.xml -f g5k06'
# Waiting for connection to port 50000 of IP address 127.0.0.1
RCVD HELO
SENT OK
RCVD AUTH jak0723
# Welcome  jak0723!
# The system information can be read from 'system.xml'
SENT OK
RCVD REDY
SENT JOBN 84 0 2876 4 1100 1200
RCVD SCHD 0 small 0
t:         84 job     0 (waiting) on # 0 of server small (booting) SCHEDULED
SENT OK
RCVD REDY
t:        144 job     0 on # 0 of server small RUNNING
SENT JOBN 292 1 307 1 400 1200
RCVD SCHD 1 tiny 1
t:        292 job     1 (waiting) on # 1 of server tiny (booting) SCHEDULED
SENT OK
RCVD REDY
SENT JOBN 339 2 474 2 2100 2800
RCVD SCHD 2 small 1
t:        339 job     2 (waiting) on # 1 of server small (booting) SCHEDULED
SENT OK
RCVD REDY
t:        352 job     1 on # 1 of server tiny RUNNING
t:        399 job     2 on # 1 of server small RUNNING
SENT JOBN 447 3 282 2 500 1100
RCVD SCHD 3 small 1
t:        447 job     3 (running) on # 1 of server small (active) SCHEDULED
t:        447 job     3 on # 1 of server small RUNNING
SENT OK
RCVD REDY
SENT JOBP 526 0 2876 4 1100 1200
RCVD SCHD 0 small 2
t:        526 job     0 (waiting) on # 2 of server small (booting) SCHEDULED
SENT OK
RCVD REDY
SENT JOBP 549 1 307 1 400 1200
RCVD SCHD 1 tiny 2
t:        549 job     1 (waiting) on # 2 of server tiny (booting) SCHEDULED
SENT OK
RCVD REDY
t:        586 job     0 on # 2 of server small RUNNING
t:        609 job     1 on # 2 of server tiny RUNNING
t:        689 job     3 on # 1 of server small COMPLETED
SENT JOBP 707 1 307 1 400 1200
RCVD SCHD 1 small 1
t:        707 job     1 (running) on # 1 of server small (active) SCHEDULED
t:        707 job     1 on # 1 of server small RUNNING
SENT OK
RCVD REDY
SENT JOBN 733 4 1186 2 2000 3800
RCVD SCHD 4 tiny 0
t:        733 job     4 (waiting) on # 0 of server tiny (booting) SCHEDULED
SENT OK
RCVD REDY
SENT JOBP 755 4 1186 2 2000 3800
RCVD SCHD 4 tiny 1
t:        755 job     4 (waiting) on # 1 of server tiny (booting) SCHEDULED
SENT OK
RCVD REDY
t:        815 job     4 on # 1 of server tiny RUNNING
SENT JOBN 873 5 173 1 800 1400
RCVD SCHD 5 small 1
t:        873 job     5 (running) on # 1 of server small (active) SCHEDULED
t:        873 job     5 on # 1 of server small RUNNING
SENT OK
RCVD REDY
SENT JOBN 877 6 606 1 900 200
RCVD SCHD 6 tiny 2
t:        877 job     6 (waiting) on # 2 of server tiny (booting) SCHEDULED
SENT OK
RCVD REDY
t:        933 job     2 on # 1 of server small COMPLETED
t:        937 job     6 on # 2 of server tiny RUNNING
SENT JOBN 962 7 1669 1 1000 900
RCVD SCHD 7 tiny 2
t:        962 job     7 (running) on # 2 of server tiny (active) SCHEDULED
t:        962 job     7 on # 2 of server tiny RUNNING
SENT OK
RCVD REDY
SENT JOBP 1040 6 606 1 900 200
RCVD SCHD 6 small 1
t:       1040 job     6 (running) on # 1 of server small (active) SCHEDULED
t:       1040 job     6 on # 1 of server small RUNNING
SENT OK
RCVD REDY
SENT JOBP 1040 7 1669 1 1000 900
RCVD SCHD 7 small 1
t:       1040 job     7 (running) on # 1 of server small (active) SCHEDULED
t:       1040 job     7 on # 1 of server small RUNNING
SENT OK
RCVD REDY
SENT JOBN 1051 8 1032 1 800 1700
RCVD SCHD 8 small 0
t:       1051 job     8 (waiting) on # 0 of server small (booting) SCHEDULED
SENT OK
RCVD REDY
SENT JOBP 1055 4 1186 2 2000 3800
RCVD SCHD 4 medium 0
t:       1055 job     4 (waiting) on # 0 of server medium (booting) SCHEDULED
SENT OK
RCVD REDY
SENT JOBN 1074 9 39 6 4700 3100
RCVD SCHD 9 medium 1
t:       1074 job     9 (waiting) on # 1 of server medium (booting) SCHEDULED
SENT OK
RCVD REDY
SENT JOBN 1083 10 1207 1 600 1300
RCVD SCHD 10 medium 2
t:       1083 job    10 (waiting) on # 2 of server medium (booting) SCHEDULED
SENT OK
RCVD REDY
t:       1111 job     8 on # 0 of server small RUNNING
SENT JOBN 1114 11 1452 1 600 1300
RCVD SCHD 11 small 0
t:       1114 job    11 (running) on # 0 of server small (active) SCHEDULED
t:       1114 job    11 on # 0 of server small RUNNING
SENT OK
RCVD REDY
t:       1115 job     4 on # 0 of server medium RUNNING
t:       1134 job     9 on # 1 of server medium RUNNING
SENT JOBN 1141 12 6 1 400 1400
RCVD SCHD 12 small 0
t:       1141 job    12 (running) on # 0 of server small (active) SCHEDULED
t:       1141 job    12 on # 0 of server small RUNNING
SENT OK
RCVD REDY
t:       1143 job    10 on # 2 of server medium RUNNING
SENT JOBN 1178 13 2691 3 500 5400
RCVD SCHD 13 medium 0
t:       1178 job    13 (running) on # 0 of server medium (active) SCHEDULED
t:       1178 job    13 on # 0 of server medium RUNNING
SENT OK
RCVD REDY
SENT JOBN 1179 14 1046 1 900 2000
RCVD SCHD 14 small 0
t:       1179 job    14 (running) on # 0 of server small (active) SCHEDULED
t:       1179 job    14 on # 0 of server small RUNNING
SENT OK
RCVD REDY
SENT JOBN 1239 15 710 2 1500 1900
RCVD SCHD 15 medium 1
t:       1239 job    15 (running) on # 1 of server medium (active) SCHEDULED
t:       1239 job    15 on # 1 of server medium RUNNING
SENT OK
RCVD REDY
t:       1257 job     1 on # 1 of server small COMPLETED
SENT JOBN 1269 16 449 1 600 2000
RCVD SCHD 16 small 1
t:       1269 job    16 (running) on # 1 of server small (active) SCHEDULED
t:       1269 job    16 on # 1 of server small RUNNING
SENT OK
RCVD REDY
SENT JOBN 1277 17 20 2 1600 2500
RCVD SCHD 17 tiny 1
t:       1277 job    17 (waiting) on # 1 of server tiny (booting) SCHEDULED
SENT OK
RCVD REDY
t:       1304 job     5 on # 1 of server small COMPLETED
t:       1337 job    17 on # 1 of server tiny RUNNING
SENT JOBN 1355 18 49 2 1200 2800
RCVD SCHD 18 tiny 2
t:       1355 job    18 (waiting) on # 2 of server tiny (booting) SCHEDULED
SENT OK
RCVD REDY
t:       1415 job    18 on # 2 of server tiny RUNNING
t:       1455 job     6 on # 1 of server small COMPLETED
SENT JOBN 1517 19 1860 5 2800 3200
RCVD SCHD 19 medium 2
t:       1517 job    19 (running) on # 2 of server medium (active) SCHEDULED
t:       1517 job    19 on # 2 of server medium RUNNING
SENT OK
RCVD REDY
t:       1605 job    12 on # 0 of server small COMPLETED
SENT JOBP 1679 17 20 2 1600 2500
RCVD SCHD 17 small 1
t:       1679 job    17 (running) on # 1 of server small (active) SCHEDULED
t:       1679 job    17 on # 1 of server small RUNNING
SENT OK
RCVD REDY
t:       1686 job     8 on # 0 of server small COMPLETED
t:       1747 job    10 on # 2 of server medium COMPLETED
t:       1796 job    18 on # 2 of server tiny COMPLETED
t:       1803 job    14 on # 0 of server small COMPLETED
t:       1833 job    15 on # 1 of server medium COMPLETED
SENT JOBP 1846 11 1452 1 600 1300
RCVD SCHD 11 tiny 2
t:       1846 job    11 (running) on # 2 of server tiny (active) SCHEDULED
t:       1846 job    11 on # 2 of server tiny RUNNING
SENT OK
RCVD REDY
SENT JOBP 1955 0 2876 4 1100 1200
RCVD SCHD 0 small 0
t:       1955 job     0 (waiting) on # 0 of server small (booting) SCHEDULED
SENT OK
RCVD REDY
SENT JOBP 2011 11 1452 1 600 1300
RCVD SCHD 11 medium 1
t:       2011 job    11 (running) on # 1 of server medium (active) SCHEDULED
t:       2011 job    11 on # 1 of server medium RUNNING
SENT OK
RCVD REDY
t:       2015 job     0 on # 0 of server small RUNNING
t:       2052 job    17 on # 1 of server small COMPLETED
t:       2185 job    16 on # 1 of server small COMPLETED
t:       2375 job     4 on # 0 of server medium COMPLETED
SENT JOBP 2508 11 1452 1 600 1300
RCVD SCHD 11 tiny 1
t:       2508 job    11 (waiting) on # 1 of server tiny (booting) SCHEDULED
SENT OK
RCVD REDY
SENT JOBP 2508 9 39 6 4700 3100
SENT JOBP 2509 9 39 6 4700 3100
SENT JOBP 2510 9 39 6 4700 3100
SENT JOBP 2511 9 39 6 4700 3100
SENT JOBP 2512 9 39 6 4700 3100
SENT JOBP 2513 9 39 6 4700 3100
SENT JOBP 2514 9 39 6 4700 3100
SENT JOBP 2515 9 39 6 4700 3100
SENT JOBP 2516 9 39 6 4700 3100
SENT JOBP 2517 9 39 6 4700 3100
SENT JOBP 2518 9 39 6 4700 3100
SENT JOBP 2519 9 39 6 4700 3100
SENT JOBP 2520 9 39 6 4700 3100
SENT JOBP 2521 9 39 6 4700 3100
SENT JOBP 2522 9 39 6 4700 3100
SENT JOBP 2523 9 39 6 4700 3100
SENT JOBP 2524 9 39 6 4700 3100
SENT JOBP 2525 9 39 6 4700 3100
SENT JOBP 2526 9 39 6 4700 3100
SENT JOBP 2527 9 39 6 4700 3100
SENT JOBP 2528 9 39 6 4700 3100
SENT JOBP 2529 9 39 6 4700 3100
SENT JOBP 2530 9 39 6 4700 3100
SENT JOBP 2531 9 39 6 4700 3100
SENT JOBP 2532 9 39 6 4700 3100
SENT JOBP 2533 9 39 6 4700 3100
SENT JOBP 2534 9 39 6 4700 3100
SENT JOBP 2535 9 39 6 4700 3100
SENT JOBP 2536 9 39 6 4700 3100
SENT JOBP 2537 9 39 6 4700 3100
SENT JOBP 2538 9 39 6 4700 3100
SENT JOBP 2539 9 39 6 4700 3100
SENT JOBP 2540 9 39 6 4700 3100
SENT JOBP 2541 9 39 6 4700 3100
SENT JOBP 2542 9 39 6 4700 3100
SENT JOBP 2543 9 39 6 4700 3100
SENT JOBP 2544 9 39 6 4700 3100
SENT JOBP 2545 9 39 6 4700 3100
SENT JOBP 2546 9 39 6 4700 3100
SENT JOBP 2547 9 39 6 4700 3100
SENT JOBP 2548 9 39 6 4700 3100
SENT JOBP 2549 9 39 6 4700 3100
SENT JOBP 2550 9 39 6 4700 3100
SENT JOBP 2551 9 39 6 4700 3100
SENT JOBP 2552 9 39 6 4700 3100
SENT JOBP 2553 9 39 6 4700 3100
SENT JOBP 2554 9 39 6 4700 3100
SENT JOBP 2555 9 39 6 4700 3100
SENT JOBP 2556 9 39 6 4700 3100
SENT JOBP 2557 9 39 6 4700 3100
SENT JOBP 2558 9 39 6 4700 3100
SENT JOBP 2559 9 39 6 4700 3100
SENT JOBP 2560 9 39 6 4700 3100
SENT JOBP 2561 9 39 6 4700 3100
SENT JOBP 2562 9 39 6 4700 3100
SENT JOBP 2563 9 39 6 4700 3100
SENT JOBP 2564 9 39 6 4700 3100
SENT JOBP 2565 9 39 6 4700 3100
SENT JOBP 2566 9 39 6 4700 3100
SENT JOBP 2567 9 39 6 4700 3100
t:       2568 job    11 on # 1 of server tiny RUNNING
SENT JOBP 2568 9 39 6 4700 3100
SENT JOBP 2569 9 39 6 4700 3100
SENT JOBP 2570 9 39 6 4700 3100
SENT JOBP 2571 9 39 6 4700 3100
SENT JOBP 2572 9 39 6 4700 3100
SENT JOBP 2573 9 39 6 4700 3100
SENT JOBP 2574 9 39 6 4700 3100
SENT JOBP 2575 9 39 6 4700 3100
SENT JOBP 2576 9 39 6 4700 3100
SENT JOBP 2577 9 39 6 4700 3100
SENT JOBP 2578 9 39 6 4700 3100
SENT JOBP 2579 9 39 6 4700 3100
SENT JOBP 2580 9 39 6 4700 3100
SENT JOBP 2581 9 39 6 4700 3100
SENT JOBP 2582 9 39 6 4700 3100
SENT JOBP 2583 9 39 6 4700 3100
SENT JOBP 2584 9 39 6 4700 3100
SENT JOBP 2585 9 39 6 4700 3100
SENT JOBP 2586 9 39 6 4700 3100
SENT JOBP 2587 9 39 6 4700 3100
SENT JOBP 2588 9 39 6 4700 3100
SENT JOBP 2589 9 39 6 4700 3100
SENT JOBP 2590 9 39 6 4700 3100
SENT JOBP 2591 9 39 6 4700 3100
SENT JOBP 2592 9 39 6 4700 3100
SENT JOBP 2593 9 39 6 4700 3100
SENT JOBP 2594 9 39 6 4700 3100
SENT JOBP 2595 9 39 6 4700 3100
SENT JOBP 2596 9 39 6 4700 3100
SENT JOBP 2597 9 39 6 4700 3100
SENT JOBP 2598 9 39 6 4700 3100
SENT JOBP 2599 9 39 6 4700 3100
SENT JOBP 2600 9 39 6 4700 3100
SENT JOBP 2601 9 39 6 4700 3100
SENT JOBP 2602 9 39 6 4700 3100
SENT JOBP 2603 9 39 6 4700 3100
SENT JOBP 2604 9 39 6 4700 3100
SENT JOBP 2605 9 39 6 4700 3100
SENT JOBP 2606 9 39 6 4700 3100
SENT JOBP 2607 9 39 6 4700 3100
SENT JOBP 2608 9 39 6 4700 3100
SENT JOBP 2609 9 39 6 4700 3100
SENT JOBP 2610 9 39 6 4700 3100
SENT JOBP 2611 9 39 6 4700 3100
SENT JOBP 2612 9 39 6 4700 3100
SENT JOBP 2613 9 39 6 4700 3100
SENT JOBP 2614 9 39 6 4700 3100
SENT JOBP 2615 9 39 6 4700 3100
RCVD SCHD 9 medium 1
t:       2615 job     9 (waiting) on # 1 of server medium (booting) SCHEDULED
SENT OK
RCVD REDY
t:       2620 job    19 on # 2 of server medium COMPLETED
t:       2675 job     9 on # 1 of server medium RUNNING
t:       2725 job     7 on # 1 of server small COMPLETED
SENT JOBP 2977 11 1452 1 600 1300
RCVD SCHD 11 medium 1
t:       2977 job    11 (running) on # 1 of server medium (active) SCHEDULED
t:       2977 job    11 on # 1 of server medium RUNNING
SENT OK
RCVD REDY
t:       3035 job    13 on # 0 of server medium COMPLETED
SENT JOBP 3539 0 2876 4 1100 1200
RCVD SCHD 0 small 2
t:       3539 job     0 (waiting) on # 2 of server small (booting) SCHEDULED
SENT OK
RCVD REDY
SENT JOBP 3543 11 1452 1 600 1300
RCVD SCHD 11 tiny 1
t:       3543 job    11 (waiting) on # 1 of server tiny (booting) SCHEDULED
SENT OK
RCVD REDY
SENT JOBP 3543 9 39 6 4700 3100
RCVD SCHD 9 medium 0
t:       3543 job     9 (running) on # 0 of server medium (active) SCHEDULED
t:       3543 job     9 on # 0 of server medium RUNNING
SENT OK
RCVD REDY
SENT JOBP 3560 11 1452 1 600 1300
RCVD SCHD 11 medium 0
t:       3560 job    11 (running) on # 0 of server medium (active) SCHEDULED
t:       3560 job    11 on # 0 of server medium RUNNING
SENT OK
RCVD REDY
t:       3599 job     0 on # 2 of server small RUNNING
SENT JOBP 3600 11 1452 1 600 1300
RCVD SCHD 11 tiny 2
t:       3600 job    11 (waiting) on # 2 of server tiny (booting) SCHEDULED
SENT OK
RCVD REDY
SENT JOBP 3600 9 39 6 4700 3100
RCVD SCHD 9 medium 2
t:       3600 job     9 (running) on # 2 of server medium (active) SCHEDULED
t:       3600 job     9 on # 2 of server medium RUNNING
SENT OK
RCVD REDY
t:       3660 job    11 on # 2 of server tiny RUNNING
SENT JOBP 4305 11 1452 1 600 1300
RCVD SCHD 11 medium 2
t:       4305 job    11 (running) on # 2 of server medium (active) SCHEDULED
t:       4305 job    11 on # 2 of server medium RUNNING
SENT OK
RCVD REDY
t:       5223 job    11 on # 2 of server medium COMPLETED
t:       5646 job     9 on # 2 of server medium COMPLETED
t:       5792 job     0 on # 2 of server small COMPLETED
SENT NONE
RCVD QUIT
SENT QUIT
# ---------------------------------------------------------------------------
# 1 tiny servers used with a utilisation of 8.28 at the cost of $0.26
# 3 small servers used with a utilisation of 14.60 at the cost of $3.88
# 3 medium servers used with a utilisation of 47.17 at the cost of $5.21
# =============================== [ Overall ] ===============================
# actual simulation end time: 5792
# total #servers used: 7, avg utilisation: 27.66 and total cost: $9.34
# avg waiting time: 404, avg exec time: 657 and avg turnaround time: 1062
