# ds-sim server 23-Sep, 2019 @ MQ
# Server-side simulator started with './ds-server -n -v brief -c configs/scheduling/personal-config17.xml -f g5k06'
# Waiting for connection to port 50000 of IP address 127.0.0.1
RCVD HELO
SENT OK
RCVD AUTH jak0723
# Welcome  jak0723!
# The system information can be read from 'system.xml'
SENT OK
RCVD REDY
SENT JOBN 84 0 586 1 200 300
RCVD SCHD 0 tiny 0
t:         84 job     0 (waiting) on # 0 of server tiny (booting) SCHEDULED
SENT OK
RCVD REDY
t:        114 job     0 on # 0 of server tiny RUNNING
SENT JOBN 292 1 292 1 400 1200
RCVD SCHD 1 tiny 1
t:        292 job     1 (waiting) on # 1 of server tiny (booting) SCHEDULED
SENT OK
RCVD REDY
t:        322 job     1 on # 1 of server tiny RUNNING
SENT JOBN 339 2 96 2 2100 2800
RCVD SCHD 2 small 1
t:        339 job     2 (waiting) on # 1 of server small (booting) SCHEDULED
SENT OK
RCVD REDY
t:        369 job     2 on # 1 of server small RUNNING
SENT JOBN 447 3 282 2 500 1100
SENT JOBP 448 3 282 2 500 1100
t:        471 job     2 on # 1 of server small COMPLETED
t:        637 job     1 on # 1 of server tiny COMPLETED
t:        668 job     0 on # 0 of server tiny COMPLETED
SENT JOBN 733 4 256 1 1000 1900
RCVD SCHD 4 tiny 0
t:        733 job     4 (running) on # 0 of server tiny (active) SCHEDULED
t:        733 job     4 on # 0 of server tiny RUNNING
SENT OK
RCVD REDY
SENT JOBP 734 3 282 2 500 1100
RCVD SCHD 3 small 1
t:        734 job     3 (running) on # 1 of server small (active) SCHEDULED
t:        734 job     3 on # 1 of server small RUNNING
SENT OK
RCVD REDY
SENT JOBN 873 5 453 1 800 1400
RCVD SCHD 5 tiny 1
t:        873 job     5 (running) on # 1 of server tiny (active) SCHEDULED
t:        873 job     5 on # 1 of server tiny RUNNING
SENT OK
RCVD REDY
SENT JOBN 877 6 65 1 900 200
RCVD SCHD 6 medium 0
t:        877 job     6 (waiting) on # 0 of server medium (booting) SCHEDULED
SENT OK
RCVD REDY
t:        907 job     6 on # 0 of server medium RUNNING
t:        941 job     6 on # 0 of server medium COMPLETED
SENT JOBN 962 7 57 1 1000 900
RCVD SCHD 7 medium 0
t:        962 job     7 (running) on # 0 of server medium (active) SCHEDULED
t:        962 job     7 on # 0 of server medium RUNNING
SENT OK
RCVD REDY
t:        976 job     3 on # 1 of server small COMPLETED
SENT JOBP 1032 7 57 1 1000 900
RCVD SCHD 7 small 1
t:       1032 job     7 (running) on # 1 of server small (active) SCHEDULED
t:       1032 job     7 on # 1 of server small RUNNING
SENT OK
RCVD REDY
SENT JOBN 1051 8 441 1 800 1700
RCVD SCHD 8 small 1
t:       1051 job     8 (running) on # 1 of server small (active) SCHEDULED
t:       1051 job     8 on # 1 of server small RUNNING
SENT OK
RCVD REDY
SENT JOBP 1142 5 453 1 800 1400
RCVD SCHD 5 medium 0
t:       1142 job     5 (waiting) on # 0 of server medium (booting) SCHEDULED
SENT OK
RCVD REDY
t:       1172 job     5 on # 0 of server medium RUNNING
SENT JOBP 1176 7 57 1 1000 900
RCVD SCHD 7 medium 0
t:       1176 job     7 (running) on # 0 of server medium (active) SCHEDULED
t:       1176 job     7 on # 0 of server medium RUNNING
SENT OK
RCVD REDY
SENT JOBP 1176 8 441 1 800 1700
RCVD SCHD 8 medium 0
t:       1176 job     8 (running) on # 0 of server medium (active) SCHEDULED
t:       1176 job     8 on # 0 of server medium RUNNING
SENT OK
RCVD REDY
SENT JOBN 1194 9 82 2 1500 1000
SENT JOBP 1195 9 82 2 1500 1000
SENT JOBN 1383 10 313 1 600 1300
RCVD SCHD 10 tiny 1
t:       1383 job    10 (waiting) on # 1 of server tiny (booting) SCHEDULED
SENT OK
RCVD REDY
SENT JOBP 1384 9 82 2 1500 1000
RCVD SCHD 9 small 0
t:       1384 job     9 (waiting) on # 0 of server small (booting) SCHEDULED
SENT OK
RCVD REDY
SENT JOBP 1292 7 57 1 1000 900
RCVD SCHD 7 small 1
t:       1292 job     7 (waiting) on # 1 of server small (booting) SCHEDULED
SENT OK
RCVD REDY
SENT JOBP 1292 8 441 1 800 1700
RCVD SCHD 8 medium 1
t:       1292 job     8 (waiting) on # 1 of server medium (booting) SCHEDULED
SENT OK
RCVD REDY
SENT JOBP 1292 5 453 1 800 1400
SENT JOBP 1293 5 453 1 800 1400
t:       1322 job     7 on # 1 of server small RUNNING
t:       1322 job     8 on # 1 of server medium RUNNING
t:       1414 job     9 on # 0 of server small RUNNING
t:       1578 job     4 on # 0 of server tiny COMPLETED
SENT JOBN 1594 11 381 1 600 1300
RCVD SCHD 11 tiny 0
t:       1594 job    11 (running) on # 0 of server tiny (active) SCHEDULED
t:       1594 job    11 on # 0 of server tiny RUNNING
SENT OK
RCVD REDY
SENT JOBP 1595 5 453 1 800 1400
RCVD SCHD 5 small 1
t:       1595 job     5 (running) on # 1 of server small (active) SCHEDULED
t:       1595 job     5 on # 1 of server small RUNNING
SENT OK
RCVD REDY
SENT JOBP 1410 10 313 1 600 1300
RCVD SCHD 10 tiny 1
t:       1410 job    10 (waiting) on # 1 of server tiny (booting) SCHEDULED
SENT OK
RCVD REDY
t:       1440 job    10 on # 1 of server tiny RUNNING
SENT JOBP 1489 9 82 2 1500 1000
RCVD SCHD 9 medium 1
t:       1489 job     9 (running) on # 1 of server medium (active) SCHEDULED
t:       1489 job     9 on # 1 of server medium RUNNING
SENT OK
RCVD REDY
t:       1705 job    10 on # 1 of server tiny COMPLETED
t:       1708 job     7 on # 1 of server small COMPLETED
SENT JOBN 1741 12 8 1 400 1400
RCVD SCHD 12 tiny 1
t:       1741 job    12 (running) on # 1 of server tiny (active) SCHEDULED
t:       1741 job    12 on # 1 of server tiny RUNNING
SENT OK
RCVD REDY
t:       1758 job     8 on # 1 of server medium COMPLETED
SENT JOBN 1958 13 970 1 100 1800
RCVD SCHD 13 small 1
t:       1958 job    13 (running) on # 1 of server small (active) SCHEDULED
t:       1958 job    13 on # 1 of server small RUNNING
SENT OK
RCVD REDY
t:       1963 job    11 on # 0 of server tiny COMPLETED
t:       2051 job    12 on # 1 of server tiny COMPLETED
t:       2126 job     9 on # 1 of server medium COMPLETED
t:       2130 job     5 on # 1 of server small COMPLETED
SENT JOBN 2259 14 610 1 900 2000
RCVD SCHD 14 tiny 0
t:       2259 job    14 (running) on # 0 of server tiny (active) SCHEDULED
t:       2259 job    14 on # 0 of server tiny RUNNING
SENT OK
RCVD REDY
SENT JOBN 2319 15 1068 2 1500 1900
RCVD SCHD 15 small 0
t:       2319 job    15 (waiting) on # 0 of server small (booting) SCHEDULED
SENT OK
RCVD REDY
t:       2349 job    15 on # 0 of server small RUNNING
SENT JOBP 2361 15 1068 2 1500 1900
RCVD SCHD 15 medium 1
t:       2361 job    15 (running) on # 1 of server medium (active) SCHEDULED
t:       2361 job    15 on # 1 of server medium RUNNING
SENT OK
RCVD REDY
SENT JOBN 2529 16 183 1 600 2000
RCVD SCHD 16 tiny 1
t:       2529 job    16 (running) on # 1 of server tiny (active) SCHEDULED
t:       2529 job    16 on # 1 of server tiny RUNNING
SENT OK
RCVD REDY
t:       2644 job    13 on # 1 of server small COMPLETED
t:       2668 job    14 on # 0 of server tiny COMPLETED
SENT JOBP 2676 15 1068 2 1500 1900
RCVD SCHD 15 small 1
t:       2676 job    15 (running) on # 1 of server small (active) SCHEDULED
t:       2676 job    15 on # 1 of server small RUNNING
SENT OK
RCVD REDY
SENT JOBN 2717 17 115 2 1600 2500
SENT JOBP 2718 17 115 2 1600 2500
SENT JOBN 2795 18 388 2 1200 2800
SENT JOBP 2796 17 115 2 1600 2500
SENT JOBP 2797 18 388 2 1200 2800
SENT JOBP 2798 17 115 2 1600 2500
SENT JOBP 2799 18 388 2 1200 2800
SENT JOBP 2800 17 115 2 1600 2500
SENT JOBP 2801 18 388 2 1200 2800
SENT JOBP 2802 17 115 2 1600 2500
SENT JOBP 2803 18 388 2 1200 2800
SENT JOBP 2804 17 115 2 1600 2500
SENT JOBP 2805 18 388 2 1200 2800
SENT JOBP 2806 17 115 2 1600 2500
SENT JOBP 2807 18 388 2 1200 2800
SENT JOBP 2808 17 115 2 1600 2500
SENT JOBP 2809 18 388 2 1200 2800
SENT JOBP 2810 17 115 2 1600 2500
SENT JOBP 2811 18 388 2 1200 2800
SENT JOBP 2812 17 115 2 1600 2500
SENT JOBP 2813 18 388 2 1200 2800
SENT JOBP 2814 17 115 2 1600 2500
SENT JOBP 2815 18 388 2 1200 2800
SENT JOBP 2816 17 115 2 1600 2500
SENT JOBP 2817 18 388 2 1200 2800
SENT JOBP 2818 17 115 2 1600 2500
SENT JOBP 2819 18 388 2 1200 2800
SENT JOBP 2820 17 115 2 1600 2500
SENT JOBP 2821 18 388 2 1200 2800
SENT JOBP 2822 17 115 2 1600 2500
SENT JOBP 2823 18 388 2 1200 2800
SENT JOBP 2824 17 115 2 1600 2500
SENT JOBP 2825 18 388 2 1200 2800
SENT JOBP 2826 17 115 2 1600 2500
SENT JOBP 2827 18 388 2 1200 2800
SENT JOBP 2828 17 115 2 1600 2500
SENT JOBP 2829 18 388 2 1200 2800
SENT JOBP 2830 17 115 2 1600 2500
RCVD SCHD 17 medium 1
t:       2830 job    17 (waiting) on # 1 of server medium (booting) SCHEDULED
SENT OK
RCVD REDY
t:       2831 job    16 on # 1 of server tiny COMPLETED
SENT JOBP 2831 18 388 2 1200 2800
SENT JOBP 2832 18 388 2 1200 2800
t:       2860 job    17 on # 1 of server medium RUNNING
SENT JOBN 3137 19 1078 2 1100 1300
RCVD SCHD 19 medium 1
t:       3137 job    19 (running) on # 1 of server medium (active) SCHEDULED
t:       3137 job    19 on # 1 of server medium RUNNING
SENT OK
RCVD REDY
SENT JOBP 3138 18 388 2 1200 2800
SENT JOBP 3139 18 388 2 1200 2800
t:       3171 job    17 on # 1 of server medium COMPLETED
SENT JOBN 3186 20 270 1 700 1700
RCVD SCHD 20 tiny 1
t:       3186 job    20 (running) on # 1 of server tiny (active) SCHEDULED
t:       3186 job    20 on # 1 of server tiny RUNNING
SENT OK
RCVD REDY
SENT JOBP 3187 18 388 2 1200 2800
RCVD SCHD 18 medium 1
t:       3187 job    18 (running) on # 1 of server medium (active) SCHEDULED
t:       3187 job    18 on # 1 of server medium RUNNING
SENT OK
RCVD REDY
SENT JOBN 3200 21 261 1 900 600
RCVD SCHD 21 tiny 0
t:       3200 job    21 (waiting) on # 0 of server tiny (booting) SCHEDULED
SENT OK
RCVD REDY
t:       3212 job    15 on # 1 of server small COMPLETED
t:       3230 job    21 on # 0 of server tiny RUNNING
SENT JOBP 3295 20 270 1 700 1700
RCVD SCHD 20 small 1
t:       3295 job    20 (running) on # 1 of server small (active) SCHEDULED
t:       3295 job    20 on # 1 of server small RUNNING
SENT OK
RCVD REDY
SENT JOBP 3335 20 270 1 700 1700
SENT JOBP 3336 20 270 1 700 1700
SENT JOBN 3578 22 97 1 200 1200
RCVD SCHD 22 tiny 1
t:       3578 job    22 (waiting) on # 1 of server tiny (booting) SCHEDULED
SENT OK
RCVD REDY
SENT JOBP 3579 20 270 1 700 1700
RCVD SCHD 20 small 0
t:       3579 job    20 (waiting) on # 0 of server small (booting) SCHEDULED
SENT OK
RCVD REDY
t:       3592 job    18 on # 1 of server medium COMPLETED
t:       3608 job    22 on # 1 of server tiny RUNNING
t:       3609 job    20 on # 0 of server small RUNNING
SENT JOBP 3704 20 270 1 700 1700
RCVD SCHD 20 medium 1
t:       3704 job    20 (running) on # 1 of server medium (active) SCHEDULED
t:       3704 job    20 on # 1 of server medium RUNNING
SENT OK
RCVD REDY
t:       3798 job    21 on # 0 of server tiny COMPLETED
t:       4025 job    19 on # 1 of server medium COMPLETED
t:       4047 job    20 on # 1 of server medium COMPLETED
SENT JOBN 4093 23 395 2 1900 700
RCVD SCHD 23 small 1
t:       4093 job    23 (waiting) on # 1 of server small (booting) SCHEDULED
SENT OK
RCVD REDY
t:       4123 job    23 on # 1 of server small RUNNING
t:       4145 job    22 on # 1 of server tiny COMPLETED
SENT JOBN 4520 24 443 1 400 800
RCVD SCHD 24 tiny 0
t:       4520 job    24 (running) on # 0 of server tiny (active) SCHEDULED
t:       4520 job    24 on # 0 of server tiny RUNNING
SENT OK
RCVD REDY
t:       4569 job    23 on # 1 of server small COMPLETED
SENT JOBN 4940 25 485 1 800 1000
RCVD SCHD 25 tiny 1
t:       4940 job    25 (running) on # 1 of server tiny (active) SCHEDULED
t:       4940 job    25 on # 1 of server tiny RUNNING
SENT OK
RCVD REDY
t:       4948 job    24 on # 0 of server tiny COMPLETED
SENT JOBN 5090 26 758 2 1300 1900
RCVD SCHD 26 small 1
t:       5090 job    26 (running) on # 1 of server small (active) SCHEDULED
t:       5090 job    26 on # 1 of server small RUNNING
SENT OK
RCVD REDY
SENT JOBN 5285 27 4 2 1400 1200
RCVD SCHD 27 small 0
t:       5285 job    27 (waiting) on # 0 of server small (booting) SCHEDULED
SENT OK
RCVD REDY
SENT JOBN 5299 28 17 2 1400 2600
RCVD SCHD 28 medium 1
t:       5299 job    28 (waiting) on # 1 of server medium (booting) SCHEDULED
SENT OK
RCVD REDY
t:       5315 job    27 on # 0 of server small RUNNING
t:       5329 job    28 on # 1 of server medium RUNNING
t:       5362 job    25 on # 1 of server tiny COMPLETED
SENT JOBP 5363 27 4 2 1400 1200
RCVD SCHD 27 medium 1
t:       5363 job    27 (running) on # 1 of server medium (active) SCHEDULED
t:       5363 job    27 on # 1 of server medium RUNNING
SENT OK
RCVD REDY
t:       5393 job    28 on # 1 of server medium COMPLETED
SENT JOBP 5397 26 758 2 1300 1900
RCVD SCHD 26 medium 1
t:       5397 job    26 (running) on # 1 of server medium (active) SCHEDULED
t:       5397 job    26 on # 1 of server medium RUNNING
SENT OK
RCVD REDY
SENT JOBN 5526 29 464 1 800 200
RCVD SCHD 29 tiny 0
t:       5526 job    29 (running) on # 0 of server tiny (active) SCHEDULED
t:       5526 job    29 on # 0 of server tiny RUNNING
SENT OK
RCVD REDY
SENT JOBN 5583 30 183 1 100 200
RCVD SCHD 30 tiny 1
t:       5583 job    30 (waiting) on # 1 of server tiny (booting) SCHEDULED
SENT OK
RCVD REDY
t:       5613 job    30 on # 1 of server tiny RUNNING
t:       5722 job    27 on # 1 of server medium COMPLETED
SENT JOBN 5835 31 103 1 600 1300
RCVD SCHD 31 medium 1
t:       5835 job    31 (running) on # 1 of server medium (active) SCHEDULED
t:       5835 job    31 on # 1 of server medium RUNNING
SENT OK
RCVD REDY
t:       5908 job    26 on # 1 of server medium COMPLETED
SENT JOBP 5991 30 183 1 100 200
RCVD SCHD 30 small 1
t:       5991 job    30 (waiting) on # 1 of server small (booting) SCHEDULED
SENT OK
RCVD REDY
t:       6021 job    30 on # 1 of server small RUNNING
t:       6027 job    31 on # 1 of server medium COMPLETED
t:       6078 job    29 on # 0 of server tiny COMPLETED
SENT JOBN 6215 32 155 1 700 1300
RCVD SCHD 32 tiny 0
t:       6215 job    32 (running) on # 0 of server tiny (active) SCHEDULED
t:       6215 job    32 on # 0 of server tiny RUNNING
SENT OK
RCVD REDY
t:       6385 job    32 on # 0 of server tiny COMPLETED
SENT JOBN 6586 33 599 1 200 2000
RCVD SCHD 33 tiny 0
t:       6586 job    33 (running) on # 0 of server tiny (active) SCHEDULED
t:       6586 job    33 on # 0 of server tiny RUNNING
SENT OK
RCVD REDY
SENT JOBN 6641 34 258 1 100 1700
RCVD SCHD 34 small 1
t:       6641 job    34 (running) on # 1 of server small (active) SCHEDULED
t:       6641 job    34 on # 1 of server small RUNNING
SENT OK
RCVD REDY
SENT JOBN 6652 35 233 1 1000 1700
RCVD SCHD 35 tiny 1
t:       6652 job    35 (waiting) on # 1 of server tiny (booting) SCHEDULED
SENT OK
RCVD REDY
t:       6681 job    30 on # 1 of server small COMPLETED
t:       6682 job    35 on # 1 of server tiny RUNNING
SENT JOBN 6713 36 479 1 500 800
RCVD SCHD 36 small 1
t:       6713 job    36 (running) on # 1 of server small (active) SCHEDULED
t:       6713 job    36 on # 1 of server small RUNNING
SENT OK
RCVD REDY
t:       6803 job    35 on # 1 of server tiny COMPLETED
SENT JOBN 6853 37 569 1 400 1800
RCVD SCHD 37 tiny 1
t:       6853 job    37 (running) on # 1 of server tiny (active) SCHEDULED
t:       6853 job    37 on # 1 of server tiny RUNNING
SENT OK
RCVD REDY
SENT JOBN 6961 38 678 2 900 4100
RCVD SCHD 38 medium 1
t:       6961 job    38 (waiting) on # 1 of server medium (booting) SCHEDULED
SENT OK
RCVD REDY
t:       6991 job    38 on # 1 of server medium RUNNING
t:       7029 job    33 on # 0 of server tiny COMPLETED
t:       7065 job    36 on # 1 of server small COMPLETED
t:       7094 job    34 on # 1 of server small COMPLETED
SENT JOBN 7126 39 211 1 500 1000
RCVD SCHD 39 tiny 0
t:       7126 job    39 (running) on # 0 of server tiny (active) SCHEDULED
t:       7126 job    39 on # 0 of server tiny RUNNING
SENT OK
RCVD REDY
SENT JOBP 7141 38 678 2 900 4100
RCVD SCHD 38 small 1
t:       7141 job    38 (running) on # 1 of server small (active) SCHEDULED
t:       7141 job    38 on # 1 of server small RUNNING
SENT OK
RCVD REDY
SENT JOBN 7332 40 656 1 1000 1000
RCVD SCHD 40 medium 0
t:       7332 job    40 (waiting) on # 0 of server medium (booting) SCHEDULED
SENT OK
RCVD REDY
SENT JOBP 7357 40 656 1 1000 1000
RCVD SCHD 40 medium 1
t:       7357 job    40 (waiting) on # 1 of server medium (booting) SCHEDULED
SENT OK
RCVD REDY
t:       7387 job    40 on # 1 of server medium RUNNING
SENT JOBP 7431 40 656 1 1000 1000
SENT JOBP 7432 40 656 1 1000 1000
t:       7451 job    37 on # 1 of server tiny COMPLETED
t:       7463 job    39 on # 0 of server tiny COMPLETED
t:       7576 job    38 on # 1 of server small COMPLETED
SENT JOBN 7601 41 233 1 100 300
RCVD SCHD 41 tiny 0
t:       7601 job    41 (running) on # 0 of server tiny (active) SCHEDULED
t:       7601 job    41 on # 0 of server tiny RUNNING
SENT OK
RCVD REDY
SENT JOBP 7602 40 656 1 1000 1000
RCVD SCHD 40 tiny 1
t:       7602 job    40 (running) on # 1 of server tiny (active) SCHEDULED
t:       7602 job    40 on # 1 of server tiny RUNNING
SENT OK
RCVD REDY
SENT JOBN 7700 42 525 1 100 300
RCVD SCHD 42 small 1
t:       7700 job    42 (running) on # 1 of server small (active) SCHEDULED
t:       7700 job    42 on # 1 of server small RUNNING
SENT OK
RCVD REDY
t:       7912 job    41 on # 0 of server tiny COMPLETED
SENT JOBN 7995 43 301 1 500 1300
RCVD SCHD 43 tiny 0
t:       7995 job    43 (running) on # 0 of server tiny (active) SCHEDULED
t:       7995 job    43 on # 0 of server tiny RUNNING
SENT OK
RCVD REDY
t:       8029 job    40 on # 1 of server tiny COMPLETED
t:       8064 job    42 on # 1 of server small COMPLETED
SENT JOBN 8276 44 47 2 1200 3200
RCVD SCHD 44 small 1
t:       8276 job    44 (running) on # 1 of server small (active) SCHEDULED
t:       8276 job    44 on # 1 of server small RUNNING
SENT OK
RCVD REDY
t:       8351 job    44 on # 1 of server small COMPLETED
SENT JOBN 8528 45 401 1 300 900
RCVD SCHD 45 tiny 1
t:       8528 job    45 (running) on # 1 of server tiny (active) SCHEDULED
t:       8528 job    45 on # 1 of server tiny RUNNING
SENT OK
RCVD REDY
SENT JOBN 8605 46 83 1 900 1500
RCVD SCHD 46 small 1
t:       8605 job    46 (running) on # 1 of server small (active) SCHEDULED
t:       8605 job    46 on # 1 of server small RUNNING
SENT OK
RCVD REDY
SENT JOBN 8780 47 7 1 1000 1700
RCVD SCHD 47 small 1
t:       8780 job    47 (running) on # 1 of server small (active) SCHEDULED
t:       8780 job    47 on # 1 of server small RUNNING
SENT OK
RCVD REDY
SENT JOBN 8789 48 127 1 700 1800
RCVD SCHD 48 medium 0
t:       8789 job    48 (waiting) on # 0 of server medium (booting) SCHEDULED
SENT OK
RCVD REDY
t:       8790 job    47 on # 1 of server small COMPLETED
t:       8801 job    45 on # 1 of server tiny COMPLETED
t:       8801 job    46 on # 1 of server small COMPLETED
t:       8819 job    48 on # 0 of server medium RUNNING
t:       8885 job    43 on # 0 of server tiny COMPLETED
SENT JOBN 9088 49 203 1 800 600
RCVD SCHD 49 tiny 0
t:       9088 job    49 (running) on # 0 of server tiny (active) SCHEDULED
t:       9088 job    49 on # 0 of server tiny RUNNING
SENT OK
RCVD REDY
t:       9210 job    48 on # 0 of server medium COMPLETED
t:       9663 job    49 on # 0 of server tiny COMPLETED
SENT NONE
RCVD QUIT
SENT QUIT
# ---------------------------------------------------------------------------
# 2 tiny servers used with a utilisation of 57.74 at the cost of $0.95
# 1 small servers used with a utilisation of 59.26 at the cost of $0.86
# 2 medium servers used with a utilisation of 5.61 at the cost of $23.08
# =============================== [ Overall ] ===============================
# actual simulation end time: 9663
# total #servers used: 5, avg utilisation: 37.19 and total cost: $24.89
# avg waiting time: 99, avg exec time: 401 and avg turnaround time: 500
