# ds-sim server 5-August, 2020 @ MQ - client-server
# Server-side simulator started with './ds-server -c configs/personal/personal-config16.xml -f nd07cpu -v brief'
# Waiting for connection to port 50000 of IP address 127.0.0.1
RCVD HELO
SENT OK
RCVD AUTH jak0723
# Welcome  jak0723!
# The system information can be read from 'ds-system.xml'
SENT OK
RCVD REDY
SENT RESF small 1 0
RCVD REDY
SENT JOBN 37 0 197 2 500 2500
RCVD SCHD 0 medium 0
t:         37 job     0 (waiting) on # 0 of server medium (booting) SCHEDULED
SENT OK
RCVD REDY
t:         54 job     0 on # 0 of server medium failed
SENT RESF medium 0 54
RCVD REDY
SENT JOBP 54 0 197 2 500 2500
RCVD SCHD 0 medium 1
t:         54 job     0 (waiting) on # 1 of server medium (booting) SCHEDULED
SENT OK
RCVD REDY
SENT JOBN 60 1 521 1 700 1400
RCVD SCHD 1 small 0
t:         60 job     1 (waiting) on # 0 of server small (booting) SCHEDULED
SENT OK
RCVD REDY
t:         84 job     0 on # 1 of server medium RUNNING
t:         90 job     1 on # 0 of server small RUNNING
SENT RESF tiny 1 93
RCVD REDY
SENT JOBN 96 2 83 1 700 1000
RCVD SCHD 2 medium 1
t:         96 job     2 (running) on # 1 of server medium (active) SCHEDULED
t:         96 job     2 on # 1 of server medium RUNNING
SENT OK
RCVD REDY
SENT JOBN 126 3 479 2 900 2500
RCVD SCHD 3 medium 1
t:        126 job     3 (waiting) on # 1 of server medium (active) SCHEDULED
SENT OK
RCVD REDY
SENT JOBN 162 4 111 1 100 2000
RCVD SCHD 4 small 0
t:        162 job     4 (running) on # 0 of server small (active) SCHEDULED
t:        162 job     4 on # 0 of server small RUNNING
SENT OK
RCVD REDY
SENT JOBN 201 5 29 2 1800 1700
RCVD SCHD 5 medium 1
t:        201 job     5 (waiting) on # 1 of server medium (active) SCHEDULED
SENT OK
RCVD REDY
t:        328 job     4 on # 0 of server small COMPLETED
SENT JCPL 328 4 small 0
RCVD REDY
SENT JOBN 342 6 383 2 2000 3800
RCVD SCHD 6 medium 1
t:        342 job     6 (waiting) on # 1 of server medium (active) SCHEDULED
SENT OK
RCVD REDY
SENT RESR medium 0 361
RCVD REDY
t:        418 job     2 on # 1 of server medium COMPLETED
t:        418 job     3 on # 1 of server medium RUNNING
SENT JCPL 418 2 medium 1
RCVD REDY
t:        428 job     1 on # 0 of server small COMPLETED
SENT JCPL 428 1 small 0
RCVD REDY
SENT JOBN 453 7 69 2 400 500
RCVD SCHD 7 small 0
t:        453 job     7 (running) on # 0 of server small (active) SCHEDULED
t:        453 job     7 on # 0 of server small RUNNING
SENT OK
RCVD REDY
SENT JOBN 465 8 462 2 400 2100
RCVD SCHD 8 medium 1
t:        465 job     8 (waiting) on # 1 of server medium (active) SCHEDULED
SENT OK
RCVD REDY
t:        512 job     0 on # 1 of server medium COMPLETED
t:        512 job     5 on # 1 of server medium RUNNING
SENT JCPL 512 0 medium 1
RCVD REDY
SENT JOBN 570 9 1429 1 400 800
RCVD SCHD 9 tiny 0
t:        570 job     9 (waiting) on # 0 of server tiny (booting) SCHEDULED
SENT OK
RCVD REDY
t:        600 job     9 on # 0 of server tiny RUNNING
SENT RESR small 1 653
RCVD REDY
SENT RESR tiny 1 752
RCVD REDY
SENT RESF medium 0 808
RCVD REDY
t:        833 job     5 on # 1 of server medium COMPLETED
t:        833 job     6 on # 1 of server medium RUNNING
SENT JCPL 833 5 medium 1
RCVD REDY
t:        982 job     3 on # 1 of server medium COMPLETED
t:        982 job     8 on # 1 of server medium RUNNING
SENT JCPL 982 3 medium 1
RCVD REDY
SENT RESR medium 0 1008
RCVD REDY
t:       1032 job     7 on # 0 of server small COMPLETED
SENT JCPL 1032 7 small 0
RCVD REDY
SENT RESF small 1 1135
RCVD REDY
t:       1144 job     6 on # 1 of server medium COMPLETED
SENT JCPL 1144 6 medium 1
RCVD REDY
SENT RESF tiny 1 1239
RCVD REDY
t:       1332 job     8 on # 1 of server medium COMPLETED
SENT JCPL 1332 8 medium 1
RCVD REDY
t:       1381 job     9 on # 0 of server tiny COMPLETED
SENT JCPL 1381 9 tiny 0
RCVD REDY
SENT NONE
RCVD QUIT
SENT QUIT
# -------------------------------------------------------------------------------------
# 1 tiny servers used with a utilisation of 100.00 at the cost of $0.04
# 1 small servers used with a utilisation of 97.35 at the cost of $0.10
# 1 medium servers used with a utilisation of 100.00 at the cost of $0.28
# ==================================== [ Summary ] ====================================
# actual simulation end time: 1381, #jobs: 10 (failed 1 times)
# total #servers used: 3, avg util: 99.12% (ef. usage: 99.16%), total cost: $0.43
# avg waiting time: 171, avg exec time: 416, avg turnaround time: 587
