# ds-sim server 06-Nov, 2019 @ MQ
# Server-side simulator started with './ds-server -n -v brief -c configs/scheduling/personal-config08.xml -f g5k06'
# Waiting for connection to port 50000 of IP address 127.0.0.1
RCVD HELO
SENT OK
RCVD AUTH jak0723
# Welcome  jak0723!
# The system information can be read from 'system.xml'
SENT OK
RCVD REDY
SENT JOBN 84 0 37232 4 1100 1200
RCVD SCHD 0 medium 0
t:         84 job     0 (waiting) on # 0 of server medium (booting) SCHEDULED
SENT OK
RCVD REDY
t:        144 job     0 on # 0 of server medium RUNNING
SENT JOBN 292 1 899 1 400 1200
RCVD SCHD 1 tiny 0
t:        292 job     1 (waiting) on # 0 of server tiny (booting) SCHEDULED
SENT OK
RCVD REDY
SENT JOBN 339 2 129 4 4200 5700
RCVD SCHD 2 medium 1
t:        339 job     2 (waiting) on # 1 of server medium (booting) SCHEDULED
SENT OK
RCVD REDY
t:        352 job     1 on # 0 of server tiny RUNNING
t:        399 job     2 on # 1 of server medium RUNNING
SENT JOBN 447 3 282 2 500 1100
RCVD SCHD 3 small 0
t:        447 job     3 (waiting) on # 0 of server small (booting) SCHEDULED
SENT OK
RCVD REDY
t:        507 job     3 on # 0 of server small RUNNING
SENT JOBN 733 4 1431 4 4000 7700
RCVD SCHD 4 medium 2
t:        733 job     4 (waiting) on # 2 of server medium (booting) SCHEDULED
SENT OK
RCVD REDY
t:        749 job     3 on # 0 of server small COMPLETED
t:        793 job     4 on # 2 of server medium RUNNING
SENT JOBN 873 5 604 1 800 1400
RCVD SCHD 5 tiny 1
t:        873 job     5 (waiting) on # 1 of server tiny (booting) SCHEDULED
SENT OK
RCVD REDY
SENT JOBN 877 6 709 1 900 200
RCVD SCHD 6 tiny 2
t:        877 job     6 (waiting) on # 2 of server tiny (booting) SCHEDULED
SENT OK
RCVD REDY
t:        933 job     5 on # 1 of server tiny RUNNING
t:        937 job     6 on # 2 of server tiny RUNNING
SENT JOBP 1047 6 709 1 900 200
RCVD SCHD 6 small 0
t:       1047 job     6 (running) on # 0 of server small (active) SCHEDULED
t:       1047 job     6 on # 0 of server small RUNNING
SENT OK
RCVD REDY
SENT JOBN 1142 7 26259 1 1000 900
RCVD SCHD 7 small 0
t:       1142 job     7 (running) on # 0 of server small (active) SCHEDULED
t:       1142 job     7 on # 0 of server small RUNNING
SENT OK
RCVD REDY
t:       1251 job     1 on # 0 of server tiny COMPLETED
SENT JOBP 1275 6 709 1 900 200
RCVD SCHD 6 tiny 0
t:       1275 job     6 (running) on # 0 of server tiny (active) SCHEDULED
t:       1275 job     6 on # 0 of server tiny RUNNING
SENT OK
RCVD REDY
SENT JOBP 1275 7 26259 1 1000 900
RCVD SCHD 7 small 1
t:       1275 job     7 (waiting) on # 1 of server small (booting) SCHEDULED
SENT OK
RCVD REDY
t:       1335 job     7 on # 1 of server small RUNNING
t:       1344 job     2 on # 1 of server medium COMPLETED
SENT JOBN 1351 8 477 1 800 1700
RCVD SCHD 8 small 1
t:       1351 job     8 (running) on # 1 of server small (active) SCHEDULED
t:       1351 job     8 on # 1 of server small RUNNING
SENT OK
RCVD REDY
t:       1537 job     5 on # 1 of server tiny COMPLETED
t:       1673 job     6 on # 0 of server tiny COMPLETED
SENT JOBN 1674 9 47267 4 3100 2000
RCVD SCHD 9 medium 1
t:       1674 job     9 (running) on # 1 of server medium (active) SCHEDULED
t:       1674 job     9 on # 1 of server medium RUNNING
SENT OK
RCVD REDY
t:       1711 job     8 on # 1 of server small COMPLETED
SENT JOBP 2484 9 47267 4 3100 2000
SENT JOBP 2485 9 47267 4 3100 2000
SENT JOBP 2486 9 47267 4 3100 2000
SENT JOBP 2487 9 47267 4 3100 2000
SENT JOBP 2488 9 47267 4 3100 2000
SENT JOBP 2489 9 47267 4 3100 2000
SENT JOBP 2490 9 47267 4 3100 2000
SENT JOBP 2491 9 47267 4 3100 2000
SENT JOBP 2492 9 47267 4 3100 2000
SENT JOBP 2493 9 47267 4 3100 2000
SENT JOBP 2494 9 47267 4 3100 2000
SENT JOBP 2495 9 47267 4 3100 2000
SENT JOBP 2496 9 47267 4 3100 2000
SENT JOBP 2497 9 47267 4 3100 2000
SENT JOBP 2498 9 47267 4 3100 2000
SENT JOBP 2499 9 47267 4 3100 2000
SENT JOBP 2500 9 47267 4 3100 2000
SENT JOBP 2501 9 47267 4 3100 2000
SENT JOBP 2502 9 47267 4 3100 2000
SENT JOBP 2503 9 47267 4 3100 2000
SENT JOBP 2504 9 47267 4 3100 2000
SENT JOBP 2505 9 47267 4 3100 2000
SENT JOBP 2506 9 47267 4 3100 2000
SENT JOBP 2507 9 47267 4 3100 2000
SENT JOBP 2508 9 47267 4 3100 2000
SENT JOBP 2509 9 47267 4 3100 2000
SENT JOBP 2510 9 47267 4 3100 2000
SENT JOBP 2511 9 47267 4 3100 2000
SENT JOBP 2512 9 47267 4 3100 2000
SENT JOBP 2513 9 47267 4 3100 2000
SENT JOBP 2514 9 47267 4 3100 2000
SENT JOBP 2515 9 47267 4 3100 2000
SENT JOBP 2516 9 47267 4 3100 2000
SENT JOBP 2517 9 47267 4 3100 2000
SENT JOBP 2518 9 47267 4 3100 2000
SENT JOBP 2519 9 47267 4 3100 2000
SENT JOBP 2520 9 47267 4 3100 2000
SENT JOBP 2521 9 47267 4 3100 2000
SENT JOBP 2522 9 47267 4 3100 2000
SENT JOBP 2523 9 47267 4 3100 2000
SENT JOBP 2524 9 47267 4 3100 2000
SENT JOBP 2525 9 47267 4 3100 2000
SENT JOBP 2526 9 47267 4 3100 2000
SENT JOBP 2527 9 47267 4 3100 2000
SENT JOBP 2528 9 47267 4 3100 2000
SENT JOBP 2529 9 47267 4 3100 2000
SENT JOBP 2530 9 47267 4 3100 2000
SENT JOBP 2531 9 47267 4 3100 2000
SENT JOBP 2532 9 47267 4 3100 2000
SENT JOBP 2533 9 47267 4 3100 2000
SENT JOBP 2534 9 47267 4 3100 2000
SENT JOBP 2535 9 47267 4 3100 2000
SENT JOBP 2536 9 47267 4 3100 2000
SENT JOBP 2537 9 47267 4 3100 2000
SENT JOBP 2538 9 47267 4 3100 2000
SENT JOBP 2539 9 47267 4 3100 2000
SENT JOBP 2540 9 47267 4 3100 2000
SENT JOBP 2541 9 47267 4 3100 2000
SENT JOBP 2542 9 47267 4 3100 2000
SENT JOBP 2543 9 47267 4 3100 2000
SENT JOBP 2544 9 47267 4 3100 2000
SENT JOBP 2545 9 47267 4 3100 2000
SENT JOBP 2546 9 47267 4 3100 2000
SENT JOBP 2547 9 47267 4 3100 2000
SENT JOBP 2548 9 47267 4 3100 2000
SENT JOBP 2549 9 47267 4 3100 2000
SENT JOBP 2550 9 47267 4 3100 2000
SENT JOBP 2551 9 47267 4 3100 2000
SENT JOBP 2552 9 47267 4 3100 2000
SENT JOBP 2553 9 47267 4 3100 2000
SENT JOBP 2554 9 47267 4 3100 2000
SENT JOBP 2555 9 47267 4 3100 2000
SENT JOBP 2556 9 47267 4 3100 2000
SENT JOBP 2557 9 47267 4 3100 2000
SENT JOBP 2558 9 47267 4 3100 2000
SENT JOBP 2559 9 47267 4 3100 2000
SENT JOBP 2560 9 47267 4 3100 2000
SENT JOBP 2561 9 47267 4 3100 2000
SENT JOBP 2562 9 47267 4 3100 2000
SENT JOBP 2563 9 47267 4 3100 2000
SENT JOBP 2564 9 47267 4 3100 2000
SENT JOBP 2565 9 47267 4 3100 2000
SENT JOBP 2566 9 47267 4 3100 2000
SENT JOBP 2567 9 47267 4 3100 2000
SENT JOBP 2568 9 47267 4 3100 2000
SENT JOBP 2569 9 47267 4 3100 2000
SENT JOBP 2570 9 47267 4 3100 2000
SENT JOBP 2571 9 47267 4 3100 2000
SENT JOBP 2572 9 47267 4 3100 2000
SENT JOBP 2573 9 47267 4 3100 2000
SENT JOBP 2574 9 47267 4 3100 2000
SENT JOBP 2575 9 47267 4 3100 2000
SENT JOBP 2576 9 47267 4 3100 2000
SENT JOBP 2577 9 47267 4 3100 2000
SENT JOBP 2578 9 47267 4 3100 2000
SENT JOBP 2579 9 47267 4 3100 2000
SENT JOBP 2580 9 47267 4 3100 2000
SENT JOBP 2581 9 47267 4 3100 2000
SENT JOBP 2582 9 47267 4 3100 2000
SENT JOBP 2583 9 47267 4 3100 2000
SENT JOBP 2584 9 47267 4 3100 2000
SENT JOBP 2585 9 47267 4 3100 2000
SENT JOBP 2586 9 47267 4 3100 2000
SENT JOBP 2587 9 47267 4 3100 2000
SENT JOBP 2588 9 47267 4 3100 2000
SENT JOBP 2589 9 47267 4 3100 2000
SENT JOBP 2590 9 47267 4 3100 2000
SENT JOBP 2591 9 47267 4 3100 2000
SENT JOBP 2592 9 47267 4 3100 2000
SENT JOBP 2593 9 47267 4 3100 2000
SENT JOBP 2594 9 47267 4 3100 2000
SENT JOBP 2595 9 47267 4 3100 2000
SENT JOBP 2596 9 47267 4 3100 2000
SENT JOBP 2597 9 47267 4 3100 2000
SENT JOBP 2598 9 47267 4 3100 2000
SENT JOBP 2599 9 47267 4 3100 2000
SENT JOBP 2600 9 47267 4 3100 2000
SENT JOBP 2601 9 47267 4 3100 2000
SENT JOBP 2602 9 47267 4 3100 2000
SENT JOBP 2603 9 47267 4 3100 2000
SENT JOBP 2604 9 47267 4 3100 2000
SENT JOBP 2605 9 47267 4 3100 2000
SENT JOBP 2606 9 47267 4 3100 2000
SENT JOBP 2607 9 47267 4 3100 2000
SENT JOBP 2608 9 47267 4 3100 2000
SENT JOBP 2609 9 47267 4 3100 2000
SENT JOBP 2610 9 47267 4 3100 2000
SENT JOBP 2611 9 47267 4 3100 2000
SENT JOBP 2612 9 47267 4 3100 2000
SENT JOBP 2613 9 47267 4 3100 2000
SENT JOBP 2614 9 47267 4 3100 2000
SENT JOBP 2615 9 47267 4 3100 2000
SENT JOBP 2616 9 47267 4 3100 2000
SENT JOBP 2617 9 47267 4 3100 2000
SENT JOBP 2618 9 47267 4 3100 2000
SENT JOBP 2619 9 47267 4 3100 2000
SENT JOBP 2620 9 47267 4 3100 2000
RCVD SCHD 9 medium 1
t:       2620 job     9 (waiting) on # 1 of server medium (booting) SCHEDULED
SENT OK
RCVD REDY
t:       2680 job     9 on # 1 of server medium RUNNING
SENT JOBP 3038 4 1431 4 4000 7700
SENT JOBP 3039 4 1431 4 4000 7700
SENT JOBP 3040 4 1431 4 4000 7700
SENT JOBP 3041 4 1431 4 4000 7700
SENT JOBP 3042 4 1431 4 4000 7700
SENT JOBP 3043 4 1431 4 4000 7700
SENT JOBP 3044 4 1431 4 4000 7700
SENT JOBP 3045 4 1431 4 4000 7700
SENT JOBP 3046 4 1431 4 4000 7700
SENT JOBP 3047 4 1431 4 4000 7700
SENT JOBP 3048 4 1431 4 4000 7700
SENT JOBP 3049 4 1431 4 4000 7700
SENT JOBP 3050 4 1431 4 4000 7700
SENT JOBP 3051 4 1431 4 4000 7700
SENT JOBP 3052 4 1431 4 4000 7700
SENT JOBP 3053 4 1431 4 4000 7700
SENT JOBP 3054 4 1431 4 4000 7700
SENT JOBP 3055 4 1431 4 4000 7700
SENT JOBP 3056 4 1431 4 4000 7700
SENT JOBP 3057 4 1431 4 4000 7700
SENT JOBP 3058 4 1431 4 4000 7700
SENT JOBP 3059 4 1431 4 4000 7700
SENT JOBP 3060 4 1431 4 4000 7700
SENT JOBP 3061 4 1431 4 4000 7700
SENT JOBP 3062 4 1431 4 4000 7700
SENT JOBP 3063 4 1431 4 4000 7700
SENT JOBP 3064 4 1431 4 4000 7700
SENT JOBP 3065 4 1431 4 4000 7700
SENT JOBP 3066 4 1431 4 4000 7700
SENT JOBP 3067 4 1431 4 4000 7700
SENT JOBP 3068 4 1431 4 4000 7700
SENT JOBP 3069 4 1431 4 4000 7700
SENT JOBP 3070 4 1431 4 4000 7700
SENT JOBP 3071 4 1431 4 4000 7700
SENT JOBP 3072 4 1431 4 4000 7700
SENT JOBP 3073 4 1431 4 4000 7700
SENT JOBP 3074 4 1431 4 4000 7700
SENT JOBP 3075 4 1431 4 4000 7700
SENT JOBP 3076 4 1431 4 4000 7700
SENT JOBP 3077 4 1431 4 4000 7700
SENT JOBP 3078 4 1431 4 4000 7700
SENT JOBP 3079 4 1431 4 4000 7700
SENT JOBP 3080 4 1431 4 4000 7700
SENT JOBP 3081 4 1431 4 4000 7700
SENT JOBP 3082 4 1431 4 4000 7700
SENT JOBP 3083 4 1431 4 4000 7700
SENT JOBP 3084 4 1431 4 4000 7700
SENT JOBP 3085 4 1431 4 4000 7700
SENT JOBP 3086 4 1431 4 4000 7700
SENT JOBP 3087 4 1431 4 4000 7700
SENT JOBP 3088 4 1431 4 4000 7700
SENT JOBP 3089 4 1431 4 4000 7700
SENT JOBP 3090 4 1431 4 4000 7700
SENT JOBP 3091 4 1431 4 4000 7700
SENT JOBP 3092 4 1431 4 4000 7700
SENT JOBP 3093 4 1431 4 4000 7700
SENT JOBP 3094 4 1431 4 4000 7700
SENT JOBP 3095 4 1431 4 4000 7700
SENT JOBP 3096 4 1431 4 4000 7700
SENT JOBP 3097 4 1431 4 4000 7700
SENT JOBP 3098 4 1431 4 4000 7700
SENT JOBP 3099 4 1431 4 4000 7700
SENT JOBP 3100 4 1431 4 4000 7700
SENT JOBP 3101 4 1431 4 4000 7700
SENT JOBP 3102 4 1431 4 4000 7700
SENT JOBP 3103 4 1431 4 4000 7700
SENT JOBP 3104 4 1431 4 4000 7700
SENT JOBP 3105 4 1431 4 4000 7700
SENT JOBP 3106 4 1431 4 4000 7700
SENT JOBP 3107 4 1431 4 4000 7700
SENT JOBP 3108 4 1431 4 4000 7700
SENT JOBP 3109 4 1431 4 4000 7700
SENT JOBP 3110 4 1431 4 4000 7700
SENT JOBP 3111 4 1431 4 4000 7700
SENT JOBP 3112 4 1431 4 4000 7700
SENT JOBP 3113 4 1431 4 4000 7700
SENT JOBP 3114 4 1431 4 4000 7700
SENT JOBP 3115 4 1431 4 4000 7700
SENT JOBP 3116 4 1431 4 4000 7700
SENT JOBP 3117 4 1431 4 4000 7700
SENT JOBP 3118 4 1431 4 4000 7700
SENT JOBP 3119 4 1431 4 4000 7700
SENT JOBP 3120 4 1431 4 4000 7700
SENT JOBP 3121 4 1431 4 4000 7700
SENT JOBP 3122 4 1431 4 4000 7700
SENT JOBP 3123 4 1431 4 4000 7700
SENT JOBP 3124 4 1431 4 4000 7700
SENT JOBP 3125 4 1431 4 4000 7700
SENT JOBP 3126 4 1431 4 4000 7700
SENT JOBP 3127 4 1431 4 4000 7700
SENT JOBP 3128 4 1431 4 4000 7700
SENT JOBP 3129 4 1431 4 4000 7700
SENT JOBP 3130 4 1431 4 4000 7700
SENT JOBP 3131 4 1431 4 4000 7700
SENT JOBP 3132 4 1431 4 4000 7700
SENT JOBP 3133 4 1431 4 4000 7700
SENT JOBP 3134 4 1431 4 4000 7700
SENT JOBP 3135 4 1431 4 4000 7700
SENT JOBP 3136 4 1431 4 4000 7700
SENT JOBP 3137 4 1431 4 4000 7700
SENT JOBP 3138 4 1431 4 4000 7700
SENT JOBP 3139 4 1431 4 4000 7700
SENT JOBP 3140 4 1431 4 4000 7700
SENT JOBP 3141 4 1431 4 4000 7700
SENT JOBP 3142 4 1431 4 4000 7700
SENT JOBP 3143 4 1431 4 4000 7700
SENT JOBP 3144 4 1431 4 4000 7700
SENT JOBP 3145 4 1431 4 4000 7700
SENT JOBP 3146 4 1431 4 4000 7700
SENT JOBP 3147 4 1431 4 4000 7700
SENT JOBP 3148 4 1431 4 4000 7700
SENT JOBP 3149 4 1431 4 4000 7700
SENT JOBP 3150 4 1431 4 4000 7700
SENT JOBP 3151 4 1431 4 4000 7700
SENT JOBP 3152 4 1431 4 4000 7700
SENT JOBP 3153 4 1431 4 4000 7700
SENT JOBP 3154 4 1431 4 4000 7700
SENT JOBP 3155 4 1431 4 4000 7700
SENT JOBP 3156 4 1431 4 4000 7700
SENT JOBP 3157 4 1431 4 4000 7700
SENT JOBP 3158 4 1431 4 4000 7700
SENT JOBP 3159 4 1431 4 4000 7700
SENT JOBP 3160 4 1431 4 4000 7700
SENT JOBP 3161 4 1431 4 4000 7700
SENT JOBP 3162 4 1431 4 4000 7700
SENT JOBP 3163 4 1431 4 4000 7700
SENT JOBP 3164 4 1431 4 4000 7700
SENT JOBP 3165 4 1431 4 4000 7700
SENT JOBP 3166 4 1431 4 4000 7700
SENT JOBP 3167 4 1431 4 4000 7700
SENT JOBP 3168 4 1431 4 4000 7700
SENT JOBP 3169 4 1431 4 4000 7700
SENT JOBP 3170 4 1431 4 4000 7700
SENT JOBP 3171 4 1431 4 4000 7700
SENT JOBP 3172 4 1431 4 4000 7700
SENT JOBP 3173 4 1431 4 4000 7700
SENT JOBP 3174 4 1431 4 4000 7700
SENT JOBP 3175 4 1431 4 4000 7700
SENT JOBP 3176 4 1431 4 4000 7700
SENT JOBP 3177 4 1431 4 4000 7700
SENT JOBP 3178 4 1431 4 4000 7700
SENT JOBP 3179 4 1431 4 4000 7700
SENT JOBP 3180 4 1431 4 4000 7700
SENT JOBP 3181 4 1431 4 4000 7700
SENT JOBP 3182 4 1431 4 4000 7700
SENT JOBP 3183 4 1431 4 4000 7700
SENT JOBP 3184 4 1431 4 4000 7700
SENT JOBP 3185 4 1431 4 4000 7700
SENT JOBP 3186 4 1431 4 4000 7700
SENT JOBP 3187 4 1431 4 4000 7700
SENT JOBP 3188 4 1431 4 4000 7700
SENT JOBP 3189 4 1431 4 4000 7700
SENT JOBP 3190 4 1431 4 4000 7700
SENT JOBP 3190 9 47267 4 3100 2000
SENT JOBP 3191 4 1431 4 4000 7700
SENT JOBP 3192 9 47267 4 3100 2000
SENT JOBP 3193 4 1431 4 4000 7700
SENT JOBP 3194 9 47267 4 3100 2000
SENT JOBP 3195 4 1431 4 4000 7700
SENT JOBP 3196 9 47267 4 3100 2000
SENT JOBP 3197 4 1431 4 4000 7700
SENT JOBP 3198 9 47267 4 3100 2000
SENT JOBP 3199 4 1431 4 4000 7700
SENT JOBP 3200 9 47267 4 3100 2000
SENT JOBP 3201 4 1431 4 4000 7700
SENT JOBP 3202 9 47267 4 3100 2000
SENT JOBP 3203 4 1431 4 4000 7700
SENT JOBP 3204 9 47267 4 3100 2000
SENT JOBP 3205 4 1431 4 4000 7700
SENT JOBP 3206 9 47267 4 3100 2000
SENT JOBP 3207 4 1431 4 4000 7700
SENT JOBP 3208 9 47267 4 3100 2000
SENT JOBP 3209 4 1431 4 4000 7700
SENT JOBP 3210 9 47267 4 3100 2000
SENT JOBP 3211 4 1431 4 4000 7700
RCVD SCHD 4 medium 2
t:       3211 job     4 (waiting) on # 2 of server medium (booting) SCHEDULED
SENT OK
RCVD REDY
SENT JOBP 3212 9 47267 4 3100 2000
SENT JOBP 3213 9 47267 4 3100 2000
SENT JOBP 3214 9 47267 4 3100 2000
SENT JOBP 3215 9 47267 4 3100 2000
SENT JOBP 3216 9 47267 4 3100 2000
SENT JOBP 3217 9 47267 4 3100 2000
SENT JOBP 3218 9 47267 4 3100 2000
SENT JOBP 3219 9 47267 4 3100 2000
SENT JOBP 3220 9 47267 4 3100 2000
SENT JOBP 3221 9 47267 4 3100 2000
SENT JOBP 3222 9 47267 4 3100 2000
SENT JOBP 3223 9 47267 4 3100 2000
SENT JOBP 3224 9 47267 4 3100 2000
SENT JOBP 3225 9 47267 4 3100 2000
SENT JOBP 3226 9 47267 4 3100 2000
SENT JOBP 3227 9 47267 4 3100 2000
SENT JOBP 3228 9 47267 4 3100 2000
SENT JOBP 3229 9 47267 4 3100 2000
SENT JOBP 3230 9 47267 4 3100 2000
SENT JOBP 3231 9 47267 4 3100 2000
SENT JOBP 3232 9 47267 4 3100 2000
SENT JOBP 3233 9 47267 4 3100 2000
SENT JOBP 3234 9 47267 4 3100 2000
SENT JOBP 3235 9 47267 4 3100 2000
SENT JOBP 3236 9 47267 4 3100 2000
SENT JOBP 3237 9 47267 4 3100 2000
SENT JOBP 3238 9 47267 4 3100 2000
SENT JOBP 3239 9 47267 4 3100 2000
SENT JOBP 3240 9 47267 4 3100 2000
SENT JOBP 3241 9 47267 4 3100 2000
SENT JOBP 3242 9 47267 4 3100 2000
SENT JOBP 3243 9 47267 4 3100 2000
SENT JOBP 3244 9 47267 4 3100 2000
SENT JOBP 3245 9 47267 4 3100 2000
SENT JOBP 3246 9 47267 4 3100 2000
SENT JOBP 3247 9 47267 4 3100 2000
SENT JOBP 3248 9 47267 4 3100 2000
SENT JOBP 3249 9 47267 4 3100 2000
SENT JOBP 3250 9 47267 4 3100 2000
SENT JOBP 3251 9 47267 4 3100 2000
SENT JOBP 3252 9 47267 4 3100 2000
SENT JOBP 3253 9 47267 4 3100 2000
SENT JOBP 3254 9 47267 4 3100 2000
SENT JOBP 3255 9 47267 4 3100 2000
SENT JOBP 3256 9 47267 4 3100 2000
SENT JOBP 3257 9 47267 4 3100 2000
SENT JOBP 3258 9 47267 4 3100 2000
SENT JOBP 3259 9 47267 4 3100 2000
SENT JOBP 3260 9 47267 4 3100 2000
SENT JOBP 3261 9 47267 4 3100 2000
SENT JOBP 3262 9 47267 4 3100 2000
SENT JOBP 3263 9 47267 4 3100 2000
SENT JOBP 3264 9 47267 4 3100 2000
SENT JOBP 3265 9 47267 4 3100 2000
SENT JOBP 3266 9 47267 4 3100 2000
SENT JOBP 3267 9 47267 4 3100 2000
SENT JOBP 3268 9 47267 4 3100 2000
SENT JOBP 3269 9 47267 4 3100 2000
SENT JOBP 3270 9 47267 4 3100 2000
t:       3271 job     4 on # 2 of server medium RUNNING
SENT JOBP 3271 9 47267 4 3100 2000
SENT JOBP 3272 9 47267 4 3100 2000
SENT JOBP 3273 9 47267 4 3100 2000
SENT JOBP 3274 9 47267 4 3100 2000
SENT JOBP 3275 9 47267 4 3100 2000
SENT JOBP 3276 9 47267 4 3100 2000
SENT JOBP 3277 9 47267 4 3100 2000
SENT JOBP 3278 9 47267 4 3100 2000
SENT JOBP 3279 9 47267 4 3100 2000
SENT JOBP 3280 9 47267 4 3100 2000
SENT JOBP 3281 9 47267 4 3100 2000
SENT JOBP 3282 9 47267 4 3100 2000
SENT JOBP 3283 9 47267 4 3100 2000
SENT JOBP 3284 9 47267 4 3100 2000
SENT JOBP 3285 9 47267 4 3100 2000
SENT JOBP 3286 9 47267 4 3100 2000
SENT JOBP 3287 9 47267 4 3100 2000
SENT JOBP 3288 9 47267 4 3100 2000
SENT JOBP 3289 9 47267 4 3100 2000
SENT JOBP 3290 9 47267 4 3100 2000
SENT JOBP 3291 9 47267 4 3100 2000
SENT JOBP 3292 9 47267 4 3100 2000
SENT JOBP 3293 9 47267 4 3100 2000
SENT JOBP 3294 9 47267 4 3100 2000
SENT JOBP 3295 9 47267 4 3100 2000
SENT JOBP 3296 9 47267 4 3100 2000
SENT JOBP 3297 9 47267 4 3100 2000
SENT JOBP 3298 9 47267 4 3100 2000
SENT JOBP 3299 9 47267 4 3100 2000
SENT JOBP 3300 9 47267 4 3100 2000
SENT JOBP 3301 9 47267 4 3100 2000
SENT JOBP 3302 9 47267 4 3100 2000
SENT JOBP 3303 9 47267 4 3100 2000
SENT JOBP 3304 9 47267 4 3100 2000
SENT JOBP 3305 9 47267 4 3100 2000
SENT JOBP 3306 9 47267 4 3100 2000
SENT JOBP 3307 9 47267 4 3100 2000
SENT JOBP 3308 9 47267 4 3100 2000
SENT JOBP 3309 9 47267 4 3100 2000
SENT JOBP 3310 9 47267 4 3100 2000
SENT JOBP 3311 9 47267 4 3100 2000
SENT JOBP 3312 9 47267 4 3100 2000
SENT JOBP 3313 9 47267 4 3100 2000
SENT JOBP 3314 9 47267 4 3100 2000
SENT JOBP 3315 9 47267 4 3100 2000
SENT JOBP 3316 9 47267 4 3100 2000
SENT JOBP 3317 9 47267 4 3100 2000
SENT JOBP 3318 9 47267 4 3100 2000
SENT JOBP 3319 9 47267 4 3100 2000
SENT JOBP 3320 9 47267 4 3100 2000
SENT JOBP 3321 9 47267 4 3100 2000
SENT JOBP 3322 9 47267 4 3100 2000
SENT JOBP 3323 9 47267 4 3100 2000
SENT JOBP 3324 9 47267 4 3100 2000
SENT JOBP 3325 9 47267 4 3100 2000
SENT JOBP 3326 9 47267 4 3100 2000
SENT JOBP 3327 9 47267 4 3100 2000
SENT JOBP 3328 9 47267 4 3100 2000
SENT JOBP 3329 9 47267 4 3100 2000
SENT JOBP 3330 9 47267 4 3100 2000
SENT JOBP 3331 9 47267 4 3100 2000
SENT JOBP 3332 9 47267 4 3100 2000
SENT JOBP 3333 9 47267 4 3100 2000
SENT JOBP 3334 9 47267 4 3100 2000
SENT JOBP 3335 9 47267 4 3100 2000
SENT JOBP 3336 9 47267 4 3100 2000
SENT JOBP 3337 9 47267 4 3100 2000
SENT JOBP 3338 9 47267 4 3100 2000
SENT JOBP 3339 9 47267 4 3100 2000
SENT JOBP 3340 9 47267 4 3100 2000
RCVD SCHD 9 medium 1
t:       3340 job     9 (waiting) on # 1 of server medium (booting) SCHEDULED
SENT OK
RCVD REDY
t:       3400 job     9 on # 1 of server medium RUNNING
SENT JOBP 3946 9 47267 4 3100 2000
SENT JOBP 3947 9 47267 4 3100 2000
SENT JOBP 3948 9 47267 4 3100 2000
SENT JOBP 3949 9 47267 4 3100 2000
SENT JOBP 3950 9 47267 4 3100 2000
SENT JOBP 3951 9 47267 4 3100 2000
SENT JOBP 3952 9 47267 4 3100 2000
SENT JOBP 3953 9 47267 4 3100 2000
SENT JOBP 3954 9 47267 4 3100 2000
SENT JOBP 3955 9 47267 4 3100 2000
SENT JOBP 3956 9 47267 4 3100 2000
SENT JOBP 3957 9 47267 4 3100 2000
SENT JOBP 3958 9 47267 4 3100 2000
SENT JOBP 3959 9 47267 4 3100 2000
SENT JOBP 3960 9 47267 4 3100 2000
SENT JOBP 3961 9 47267 4 3100 2000
SENT JOBP 3962 9 47267 4 3100 2000
SENT JOBP 3963 9 47267 4 3100 2000
SENT JOBP 3964 9 47267 4 3100 2000
SENT JOBP 3965 9 47267 4 3100 2000
SENT JOBP 3966 9 47267 4 3100 2000
SENT JOBP 3967 9 47267 4 3100 2000
SENT JOBP 3968 9 47267 4 3100 2000
SENT JOBP 3969 9 47267 4 3100 2000
SENT JOBP 3970 9 47267 4 3100 2000
SENT JOBP 3971 9 47267 4 3100 2000
SENT JOBP 3972 9 47267 4 3100 2000
SENT JOBP 3973 9 47267 4 3100 2000
SENT JOBP 3974 9 47267 4 3100 2000
SENT JOBP 3975 9 47267 4 3100 2000
SENT JOBP 3976 9 47267 4 3100 2000
SENT JOBP 3977 9 47267 4 3100 2000
SENT JOBP 3978 9 47267 4 3100 2000
SENT JOBP 3979 9 47267 4 3100 2000
SENT JOBP 3980 9 47267 4 3100 2000
SENT JOBP 3981 9 47267 4 3100 2000
SENT JOBP 3982 9 47267 4 3100 2000
SENT JOBP 3983 9 47267 4 3100 2000
SENT JOBP 3984 9 47267 4 3100 2000
SENT JOBP 3985 9 47267 4 3100 2000
SENT JOBP 3986 9 47267 4 3100 2000
SENT JOBP 3987 9 47267 4 3100 2000
SENT JOBP 3988 9 47267 4 3100 2000
SENT JOBP 3989 9 47267 4 3100 2000
SENT JOBP 3990 9 47267 4 3100 2000
SENT JOBP 3991 9 47267 4 3100 2000
SENT JOBP 3992 9 47267 4 3100 2000
SENT JOBP 3993 9 47267 4 3100 2000
SENT JOBP 3994 9 47267 4 3100 2000
SENT JOBP 3995 9 47267 4 3100 2000
SENT JOBP 3996 9 47267 4 3100 2000
SENT JOBP 3997 9 47267 4 3100 2000
SENT JOBP 3998 9 47267 4 3100 2000
SENT JOBP 3999 9 47267 4 3100 2000
SENT JOBP 4000 9 47267 4 3100 2000
SENT JOBP 4001 9 47267 4 3100 2000
SENT JOBP 4002 9 47267 4 3100 2000
SENT JOBP 4003 9 47267 4 3100 2000
SENT JOBP 4004 9 47267 4 3100 2000
SENT JOBP 4005 9 47267 4 3100 2000
SENT JOBP 4006 9 47267 4 3100 2000
SENT JOBP 4007 9 47267 4 3100 2000
SENT JOBP 4008 9 47267 4 3100 2000
SENT JOBP 4009 9 47267 4 3100 2000
SENT JOBP 4010 9 47267 4 3100 2000
SENT JOBP 4011 9 47267 4 3100 2000
SENT JOBP 4012 9 47267 4 3100 2000
SENT JOBP 4013 9 47267 4 3100 2000
SENT JOBP 4014 9 47267 4 3100 2000
SENT JOBP 4015 9 47267 4 3100 2000
SENT JOBP 4016 9 47267 4 3100 2000
SENT JOBP 4017 9 47267 4 3100 2000
SENT JOBP 4018 9 47267 4 3100 2000
SENT JOBP 4019 9 47267 4 3100 2000
SENT JOBP 4020 9 47267 4 3100 2000
SENT JOBP 4021 9 47267 4 3100 2000
SENT JOBP 4022 9 47267 4 3100 2000
SENT JOBP 4023 9 47267 4 3100 2000
SENT JOBP 4024 9 47267 4 3100 2000
SENT JOBP 4025 9 47267 4 3100 2000
SENT JOBP 4026 9 47267 4 3100 2000
SENT JOBP 4027 9 47267 4 3100 2000
SENT JOBP 4028 9 47267 4 3100 2000
SENT JOBP 4029 9 47267 4 3100 2000
SENT JOBP 4030 9 47267 4 3100 2000
SENT JOBP 4031 9 47267 4 3100 2000
SENT JOBP 4032 9 47267 4 3100 2000
SENT JOBP 4033 9 47267 4 3100 2000
SENT JOBP 4034 9 47267 4 3100 2000
SENT JOBP 4035 9 47267 4 3100 2000
SENT JOBP 4036 9 47267 4 3100 2000
SENT JOBP 4037 9 47267 4 3100 2000
SENT JOBP 4038 9 47267 4 3100 2000
SENT JOBP 4039 9 47267 4 3100 2000
SENT JOBP 4040 9 47267 4 3100 2000
SENT JOBP 4041 9 47267 4 3100 2000
SENT JOBP 4042 9 47267 4 3100 2000
SENT JOBP 4043 9 47267 4 3100 2000
SENT JOBP 4044 9 47267 4 3100 2000
SENT JOBP 4045 9 47267 4 3100 2000
SENT JOBP 4046 9 47267 4 3100 2000
SENT JOBP 4047 9 47267 4 3100 2000
SENT JOBP 4048 9 47267 4 3100 2000
SENT JOBP 4049 9 47267 4 3100 2000
SENT JOBP 4050 9 47267 4 3100 2000
SENT JOBP 4051 9 47267 4 3100 2000
SENT JOBP 4052 9 47267 4 3100 2000
SENT JOBP 4053 9 47267 4 3100 2000
SENT JOBP 4054 9 47267 4 3100 2000
SENT JOBP 4055 9 47267 4 3100 2000
SENT JOBP 4056 9 47267 4 3100 2000
SENT JOBP 4057 9 47267 4 3100 2000
SENT JOBP 4058 9 47267 4 3100 2000
SENT JOBP 4059 9 47267 4 3100 2000
SENT JOBP 4060 9 47267 4 3100 2000
SENT JOBP 4061 9 47267 4 3100 2000
SENT JOBP 4062 9 47267 4 3100 2000
SENT JOBP 4063 9 47267 4 3100 2000
RCVD SCHD 9 medium 1
t:       4063 job     9 (waiting) on # 1 of server medium (booting) SCHEDULED
SENT OK
RCVD REDY
t:       4123 job     9 on # 1 of server medium RUNNING
SENT JOBP 4637 7 26259 1 1000 900
RCVD SCHD 7 tiny 0
t:       4637 job     7 (waiting) on # 0 of server tiny (booting) SCHEDULED
SENT OK
RCVD REDY
t:       4697 job     7 on # 0 of server tiny RUNNING
SENT JOBP 4898 4 1431 4 4000 7700
SENT JOBP 4899 4 1431 4 4000 7700
SENT JOBP 4900 4 1431 4 4000 7700
SENT JOBP 4901 4 1431 4 4000 7700
SENT JOBP 4902 4 1431 4 4000 7700
SENT JOBP 4903 4 1431 4 4000 7700
SENT JOBP 4904 4 1431 4 4000 7700
SENT JOBP 4905 4 1431 4 4000 7700
SENT JOBP 4906 4 1431 4 4000 7700
SENT JOBP 4907 4 1431 4 4000 7700
SENT JOBP 4908 4 1431 4 4000 7700
SENT JOBP 4909 4 1431 4 4000 7700
SENT JOBP 4910 4 1431 4 4000 7700
SENT JOBP 4911 4 1431 4 4000 7700
SENT JOBP 4911 0 37232 4 1100 1200
SENT JOBP 4912 4 1431 4 4000 7700
SENT JOBP 4913 0 37232 4 1100 1200
SENT JOBP 4914 4 1431 4 4000 7700
SENT JOBP 4915 0 37232 4 1100 1200
SENT JOBP 4916 4 1431 4 4000 7700
SENT JOBP 4917 0 37232 4 1100 1200
SENT JOBP 4918 4 1431 4 4000 7700
SENT JOBP 4919 0 37232 4 1100 1200
SENT JOBP 4920 4 1431 4 4000 7700
SENT JOBP 4921 0 37232 4 1100 1200
SENT JOBP 4922 4 1431 4 4000 7700
SENT JOBP 4923 0 37232 4 1100 1200
SENT JOBP 4924 4 1431 4 4000 7700
SENT JOBP 4925 0 37232 4 1100 1200
SENT JOBP 4926 4 1431 4 4000 7700
SENT JOBP 4927 0 37232 4 1100 1200
SENT JOBP 4928 4 1431 4 4000 7700
SENT JOBP 4929 0 37232 4 1100 1200
SENT JOBP 4930 4 1431 4 4000 7700
SENT JOBP 4931 0 37232 4 1100 1200
SENT JOBP 4932 4 1431 4 4000 7700
SENT JOBP 4933 0 37232 4 1100 1200
SENT JOBP 4934 4 1431 4 4000 7700
SENT JOBP 4935 0 37232 4 1100 1200
SENT JOBP 4936 4 1431 4 4000 7700
SENT JOBP 4937 0 37232 4 1100 1200
SENT JOBP 4938 4 1431 4 4000 7700
SENT JOBP 4939 0 37232 4 1100 1200
SENT JOBP 4940 4 1431 4 4000 7700
SENT JOBP 4941 0 37232 4 1100 1200
SENT JOBP 4942 4 1431 4 4000 7700
SENT JOBP 4943 0 37232 4 1100 1200
SENT JOBP 4944 4 1431 4 4000 7700
SENT JOBP 4945 0 37232 4 1100 1200
SENT JOBP 4946 4 1431 4 4000 7700
SENT JOBP 4947 0 37232 4 1100 1200
SENT JOBP 4948 4 1431 4 4000 7700
SENT JOBP 4949 0 37232 4 1100 1200
SENT JOBP 4950 4 1431 4 4000 7700
SENT JOBP 4951 0 37232 4 1100 1200
SENT JOBP 4952 4 1431 4 4000 7700
SENT JOBP 4953 0 37232 4 1100 1200
SENT JOBP 4954 4 1431 4 4000 7700
SENT JOBP 4955 0 37232 4 1100 1200
SENT JOBP 4956 4 1431 4 4000 7700
SENT JOBP 4957 0 37232 4 1100 1200
SENT JOBP 4958 4 1431 4 4000 7700
RCVD SCHD 4 medium 0
t:       4958 job     4 (waiting) on # 0 of server medium (booting) SCHEDULED
SENT OK
RCVD REDY
SENT JOBP 4959 0 37232 4 1100 1200
SENT JOBP 4960 0 37232 4 1100 1200
SENT JOBP 4961 0 37232 4 1100 1200
SENT JOBP 4962 0 37232 4 1100 1200
SENT JOBP 4963 0 37232 4 1100 1200
SENT JOBP 4964 0 37232 4 1100 1200
SENT JOBP 4965 0 37232 4 1100 1200
SENT JOBP 4966 0 37232 4 1100 1200
SENT JOBP 4967 0 37232 4 1100 1200
SENT JOBP 4968 0 37232 4 1100 1200
SENT JOBP 4969 0 37232 4 1100 1200
SENT JOBP 4970 0 37232 4 1100 1200
SENT JOBP 4971 0 37232 4 1100 1200
SENT JOBP 4972 0 37232 4 1100 1200
SENT JOBP 4973 0 37232 4 1100 1200
SENT JOBP 4974 0 37232 4 1100 1200
SENT JOBP 4975 0 37232 4 1100 1200
SENT JOBP 4976 0 37232 4 1100 1200
SENT JOBP 4977 0 37232 4 1100 1200
SENT JOBP 4978 0 37232 4 1100 1200
SENT JOBP 4979 0 37232 4 1100 1200
SENT JOBP 4980 0 37232 4 1100 1200
SENT JOBP 4981 0 37232 4 1100 1200
SENT JOBP 4982 0 37232 4 1100 1200
SENT JOBP 4983 0 37232 4 1100 1200
SENT JOBP 4984 0 37232 4 1100 1200
SENT JOBP 4985 0 37232 4 1100 1200
SENT JOBP 4986 0 37232 4 1100 1200
SENT JOBP 4987 0 37232 4 1100 1200
SENT JOBP 4988 0 37232 4 1100 1200
SENT JOBP 4989 0 37232 4 1100 1200
SENT JOBP 4990 0 37232 4 1100 1200
SENT JOBP 4991 0 37232 4 1100 1200
SENT JOBP 4992 0 37232 4 1100 1200
SENT JOBP 4993 0 37232 4 1100 1200
SENT JOBP 4994 0 37232 4 1100 1200
SENT JOBP 4995 0 37232 4 1100 1200
SENT JOBP 4996 0 37232 4 1100 1200
SENT JOBP 4997 0 37232 4 1100 1200
SENT JOBP 4998 0 37232 4 1100 1200
SENT JOBP 4999 0 37232 4 1100 1200
SENT JOBP 5000 0 37232 4 1100 1200
SENT JOBP 5001 0 37232 4 1100 1200
SENT JOBP 5002 0 37232 4 1100 1200
SENT JOBP 5003 0 37232 4 1100 1200
SENT JOBP 5004 0 37232 4 1100 1200
SENT JOBP 5005 0 37232 4 1100 1200
SENT JOBP 5006 0 37232 4 1100 1200
SENT JOBP 5007 0 37232 4 1100 1200
SENT JOBP 5008 0 37232 4 1100 1200
RCVD SCHD 0 medium 2
t:       5008 job     0 (waiting) on # 2 of server medium (booting) SCHEDULED
SENT OK
RCVD REDY
t:       5018 job     4 on # 0 of server medium RUNNING
t:       5068 job     0 on # 2 of server medium RUNNING
SENT JOBP 8160 9 47267 4 3100 2000
SENT JOBP 8161 9 47267 4 3100 2000
SENT JOBP 8162 9 47267 4 3100 2000
SENT JOBP 8163 9 47267 4 3100 2000
SENT JOBP 8164 9 47267 4 3100 2000
SENT JOBP 8165 9 47267 4 3100 2000
SENT JOBP 8166 9 47267 4 3100 2000
SENT JOBP 8167 9 47267 4 3100 2000
SENT JOBP 8168 9 47267 4 3100 2000
SENT JOBP 8169 9 47267 4 3100 2000
SENT JOBP 8170 9 47267 4 3100 2000
SENT JOBP 8171 9 47267 4 3100 2000
SENT JOBP 8172 9 47267 4 3100 2000
SENT JOBP 8173 9 47267 4 3100 2000
SENT JOBP 8174 9 47267 4 3100 2000
SENT JOBP 8175 9 47267 4 3100 2000
SENT JOBP 8176 9 47267 4 3100 2000
SENT JOBP 8177 9 47267 4 3100 2000
SENT JOBP 8178 9 47267 4 3100 2000
SENT JOBP 8179 9 47267 4 3100 2000
SENT JOBP 8180 9 47267 4 3100 2000
SENT JOBP 8181 9 47267 4 3100 2000
SENT JOBP 8182 9 47267 4 3100 2000
SENT JOBP 8183 9 47267 4 3100 2000
SENT JOBP 8184 9 47267 4 3100 2000
SENT JOBP 8185 9 47267 4 3100 2000
SENT JOBP 8186 9 47267 4 3100 2000
SENT JOBP 8187 9 47267 4 3100 2000
SENT JOBP 8188 9 47267 4 3100 2000
SENT JOBP 8189 9 47267 4 3100 2000
SENT JOBP 8190 9 47267 4 3100 2000
SENT JOBP 8191 9 47267 4 3100 2000
SENT JOBP 8192 9 47267 4 3100 2000
SENT JOBP 8193 9 47267 4 3100 2000
SENT JOBP 8194 9 47267 4 3100 2000
SENT JOBP 8195 9 47267 4 3100 2000
SENT JOBP 8196 9 47267 4 3100 2000
SENT JOBP 8197 9 47267 4 3100 2000
SENT JOBP 8198 9 47267 4 3100 2000
SENT JOBP 8199 9 47267 4 3100 2000
SENT JOBP 8200 9 47267 4 3100 2000
SENT JOBP 8201 9 47267 4 3100 2000
SENT JOBP 8202 9 47267 4 3100 2000
SENT JOBP 8203 9 47267 4 3100 2000
SENT JOBP 8204 9 47267 4 3100 2000
SENT JOBP 8205 9 47267 4 3100 2000
SENT JOBP 8206 9 47267 4 3100 2000
SENT JOBP 8207 9 47267 4 3100 2000
SENT JOBP 8208 9 47267 4 3100 2000
SENT JOBP 8209 9 47267 4 3100 2000
SENT JOBP 8210 9 47267 4 3100 2000
SENT JOBP 8211 9 47267 4 3100 2000
SENT JOBP 8212 9 47267 4 3100 2000
SENT JOBP 8213 9 47267 4 3100 2000
SENT JOBP 8214 9 47267 4 3100 2000
SENT JOBP 8215 9 47267 4 3100 2000
SENT JOBP 8216 9 47267 4 3100 2000
SENT JOBP 8217 9 47267 4 3100 2000
SENT JOBP 8218 9 47267 4 3100 2000
SENT JOBP 8219 9 47267 4 3100 2000
SENT JOBP 8220 9 47267 4 3100 2000
SENT JOBP 8221 9 47267 4 3100 2000
SENT JOBP 8222 9 47267 4 3100 2000
SENT JOBP 8223 9 47267 4 3100 2000
SENT JOBP 8224 9 47267 4 3100 2000
SENT JOBP 8225 9 47267 4 3100 2000
SENT JOBP 8226 9 47267 4 3100 2000
SENT JOBP 8227 9 47267 4 3100 2000
RCVD SCHD 9 medium 1
t:       8227 job     9 (waiting) on # 1 of server medium (booting) SCHEDULED
SENT OK
RCVD REDY
t:       8287 job     9 on # 1 of server medium RUNNING
SENT JOBP 9035 9 47267 4 3100 2000
SENT JOBP 9036 9 47267 4 3100 2000
SENT JOBP 9037 9 47267 4 3100 2000
SENT JOBP 9038 9 47267 4 3100 2000
SENT JOBP 9039 9 47267 4 3100 2000
SENT JOBP 9040 9 47267 4 3100 2000
SENT JOBP 9041 9 47267 4 3100 2000
SENT JOBP 9042 9 47267 4 3100 2000
SENT JOBP 9043 9 47267 4 3100 2000
SENT JOBP 9044 9 47267 4 3100 2000
SENT JOBP 9045 9 47267 4 3100 2000
SENT JOBP 9046 9 47267 4 3100 2000
SENT JOBP 9047 9 47267 4 3100 2000
SENT JOBP 9048 9 47267 4 3100 2000
SENT JOBP 9049 9 47267 4 3100 2000
SENT JOBP 9050 9 47267 4 3100 2000
SENT JOBP 9051 9 47267 4 3100 2000
SENT JOBP 9052 9 47267 4 3100 2000
SENT JOBP 9053 9 47267 4 3100 2000
SENT JOBP 9054 9 47267 4 3100 2000
SENT JOBP 9055 9 47267 4 3100 2000
SENT JOBP 9056 9 47267 4 3100 2000
SENT JOBP 9057 9 47267 4 3100 2000
SENT JOBP 9058 9 47267 4 3100 2000
SENT JOBP 9059 9 47267 4 3100 2000
SENT JOBP 9060 9 47267 4 3100 2000
SENT JOBP 9061 9 47267 4 3100 2000
SENT JOBP 9062 9 47267 4 3100 2000
SENT JOBP 9063 9 47267 4 3100 2000
SENT JOBP 9064 9 47267 4 3100 2000
SENT JOBP 9065 9 47267 4 3100 2000
SENT JOBP 9066 9 47267 4 3100 2000
SENT JOBP 9067 9 47267 4 3100 2000
SENT JOBP 9068 9 47267 4 3100 2000
SENT JOBP 9069 9 47267 4 3100 2000
SENT JOBP 9070 9 47267 4 3100 2000
SENT JOBP 9071 9 47267 4 3100 2000
SENT JOBP 9072 9 47267 4 3100 2000
SENT JOBP 9073 9 47267 4 3100 2000
SENT JOBP 9074 9 47267 4 3100 2000
SENT JOBP 9075 9 47267 4 3100 2000
SENT JOBP 9076 9 47267 4 3100 2000
SENT JOBP 9077 9 47267 4 3100 2000
SENT JOBP 9078 9 47267 4 3100 2000
SENT JOBP 9079 9 47267 4 3100 2000
SENT JOBP 9080 9 47267 4 3100 2000
SENT JOBP 9081 9 47267 4 3100 2000
SENT JOBP 9082 9 47267 4 3100 2000
SENT JOBP 9083 9 47267 4 3100 2000
SENT JOBP 9084 9 47267 4 3100 2000
SENT JOBP 9085 9 47267 4 3100 2000
SENT JOBP 9086 9 47267 4 3100 2000
SENT JOBP 9087 9 47267 4 3100 2000
SENT JOBP 9088 9 47267 4 3100 2000
SENT JOBP 9089 9 47267 4 3100 2000
SENT JOBP 9090 9 47267 4 3100 2000
SENT JOBP 9091 9 47267 4 3100 2000
SENT JOBP 9092 9 47267 4 3100 2000
SENT JOBP 9093 9 47267 4 3100 2000
SENT JOBP 9094 9 47267 4 3100 2000
SENT JOBP 9095 9 47267 4 3100 2000
SENT JOBP 9096 9 47267 4 3100 2000
SENT JOBP 9097 9 47267 4 3100 2000
SENT JOBP 9098 9 47267 4 3100 2000
SENT JOBP 9099 9 47267 4 3100 2000
SENT JOBP 9100 9 47267 4 3100 2000
SENT JOBP 9101 9 47267 4 3100 2000
SENT JOBP 9102 9 47267 4 3100 2000
SENT JOBP 9103 9 47267 4 3100 2000
SENT JOBP 9104 9 47267 4 3100 2000
SENT JOBP 9105 9 47267 4 3100 2000
SENT JOBP 9106 9 47267 4 3100 2000
SENT JOBP 9107 9 47267 4 3100 2000
SENT JOBP 9108 9 47267 4 3100 2000
SENT JOBP 9109 9 47267 4 3100 2000
SENT JOBP 9110 9 47267 4 3100 2000
SENT JOBP 9111 9 47267 4 3100 2000
SENT JOBP 9112 9 47267 4 3100 2000
SENT JOBP 9113 9 47267 4 3100 2000
SENT JOBP 9114 9 47267 4 3100 2000
SENT JOBP 9115 9 47267 4 3100 2000
SENT JOBP 9116 9 47267 4 3100 2000
SENT JOBP 9117 9 47267 4 3100 2000
SENT JOBP 9118 9 47267 4 3100 2000
SENT JOBP 9119 9 47267 4 3100 2000
SENT JOBP 9120 9 47267 4 3100 2000
SENT JOBP 9121 9 47267 4 3100 2000
SENT JOBP 9122 9 47267 4 3100 2000
SENT JOBP 9123 9 47267 4 3100 2000
SENT JOBP 9124 9 47267 4 3100 2000
SENT JOBP 9125 9 47267 4 3100 2000
SENT JOBP 9126 9 47267 4 3100 2000
SENT JOBP 9127 9 47267 4 3100 2000
SENT JOBP 9128 9 47267 4 3100 2000
SENT JOBP 9129 9 47267 4 3100 2000
SENT JOBP 9130 9 47267 4 3100 2000
SENT JOBP 9131 9 47267 4 3100 2000
SENT JOBP 9132 9 47267 4 3100 2000
SENT JOBP 9133 9 47267 4 3100 2000
SENT JOBP 9134 9 47267 4 3100 2000
SENT JOBP 9135 9 47267 4 3100 2000
SENT JOBP 9136 9 47267 4 3100 2000
SENT JOBP 9137 9 47267 4 3100 2000
SENT JOBP 9138 9 47267 4 3100 2000
SENT JOBP 9139 9 47267 4 3100 2000
SENT JOBP 9140 9 47267 4 3100 2000
SENT JOBP 9141 9 47267 4 3100 2000
SENT JOBP 9142 9 47267 4 3100 2000
SENT JOBP 9143 9 47267 4 3100 2000
SENT JOBP 9144 9 47267 4 3100 2000
SENT JOBP 9145 9 47267 4 3100 2000
SENT JOBP 9146 9 47267 4 3100 2000
SENT JOBP 9147 9 47267 4 3100 2000
SENT JOBP 9148 9 47267 4 3100 2000
SENT JOBP 9149 9 47267 4 3100 2000
SENT JOBP 9150 9 47267 4 3100 2000
SENT JOBP 9151 9 47267 4 3100 2000
SENT JOBP 9152 9 47267 4 3100 2000
SENT JOBP 9153 9 47267 4 3100 2000
SENT JOBP 9154 9 47267 4 3100 2000
SENT JOBP 9155 9 47267 4 3100 2000
SENT JOBP 9156 9 47267 4 3100 2000
SENT JOBP 9157 9 47267 4 3100 2000
SENT JOBP 9158 9 47267 4 3100 2000
SENT JOBP 9159 9 47267 4 3100 2000
SENT JOBP 9160 9 47267 4 3100 2000
SENT JOBP 9161 9 47267 4 3100 2000
SENT JOBP 9162 9 47267 4 3100 2000
SENT JOBP 9163 9 47267 4 3100 2000
SENT JOBP 9164 9 47267 4 3100 2000
SENT JOBP 9165 9 47267 4 3100 2000
SENT JOBP 9166 9 47267 4 3100 2000
SENT JOBP 9167 9 47267 4 3100 2000
SENT JOBP 9168 9 47267 4 3100 2000
SENT JOBP 9169 9 47267 4 3100 2000
SENT JOBP 9170 9 47267 4 3100 2000
SENT JOBP 9171 9 47267 4 3100 2000
SENT JOBP 9172 9 47267 4 3100 2000
SENT JOBP 9173 9 47267 4 3100 2000
SENT JOBP 9174 9 47267 4 3100 2000
SENT JOBP 9175 9 47267 4 3100 2000
SENT JOBP 9176 9 47267 4 3100 2000
SENT JOBP 9177 9 47267 4 3100 2000
SENT JOBP 9178 9 47267 4 3100 2000
SENT JOBP 9179 9 47267 4 3100 2000
SENT JOBP 9180 9 47267 4 3100 2000
SENT JOBP 9181 9 47267 4 3100 2000
SENT JOBP 9182 9 47267 4 3100 2000
SENT JOBP 9183 9 47267 4 3100 2000
SENT JOBP 9184 9 47267 4 3100 2000
SENT JOBP 9185 9 47267 4 3100 2000
SENT JOBP 9186 9 47267 4 3100 2000
SENT JOBP 9187 9 47267 4 3100 2000
SENT JOBP 9188 9 47267 4 3100 2000
SENT JOBP 9189 9 47267 4 3100 2000
SENT JOBP 9190 9 47267 4 3100 2000
SENT JOBP 9191 9 47267 4 3100 2000
SENT JOBP 9192 9 47267 4 3100 2000
SENT JOBP 9193 9 47267 4 3100 2000
SENT JOBP 9194 9 47267 4 3100 2000
SENT JOBP 9195 9 47267 4 3100 2000
SENT JOBP 9196 9 47267 4 3100 2000
SENT JOBP 9197 9 47267 4 3100 2000
SENT JOBP 9198 9 47267 4 3100 2000
SENT JOBP 9199 9 47267 4 3100 2000
SENT JOBP 9200 9 47267 4 3100 2000
SENT JOBP 9201 9 47267 4 3100 2000
SENT JOBP 9202 9 47267 4 3100 2000
SENT JOBP 9203 9 47267 4 3100 2000
SENT JOBP 9204 9 47267 4 3100 2000
SENT JOBP 9205 9 47267 4 3100 2000
SENT JOBP 9206 9 47267 4 3100 2000
SENT JOBP 9207 9 47267 4 3100 2000
SENT JOBP 9208 9 47267 4 3100 2000
SENT JOBP 9209 9 47267 4 3100 2000
SENT JOBP 9210 9 47267 4 3100 2000
SENT JOBP 9211 9 47267 4 3100 2000
SENT JOBP 9212 9 47267 4 3100 2000
SENT JOBP 9213 9 47267 4 3100 2000
SENT JOBP 9214 9 47267 4 3100 2000
SENT JOBP 9215 9 47267 4 3100 2000
SENT JOBP 9216 9 47267 4 3100 2000
RCVD SCHD 9 medium 1
t:       9216 job     9 (waiting) on # 1 of server medium (booting) SCHEDULED
SENT OK
RCVD REDY
t:       9276 job     9 on # 1 of server medium RUNNING
t:       9595 job     4 on # 0 of server medium COMPLETED
SENT JOBP 9815 9 47267 4 3100 2000
RCVD SCHD 9 medium 0
t:       9815 job     9 (running) on # 0 of server medium (active) SCHEDULED
t:       9815 job     9 on # 0 of server medium RUNNING
SENT OK
RCVD REDY
SENT JOBP 10247 7 26259 1 1000 900
RCVD SCHD 7 tiny 1
t:      10247 job     7 (waiting) on # 1 of server tiny (booting) SCHEDULED
SENT OK
RCVD REDY
t:      10307 job     7 on # 1 of server tiny RUNNING
SENT JOBP 10594 0 37232 4 1100 1200
RCVD SCHD 0 medium 1
t:      10594 job     0 (waiting) on # 1 of server medium (booting) SCHEDULED
SENT OK
RCVD REDY
SENT JOBP 10620 7 26259 1 1000 900
RCVD SCHD 7 tiny 0
t:      10620 job     7 (waiting) on # 0 of server tiny (booting) SCHEDULED
SENT OK
RCVD REDY
t:      10654 job     0 on # 1 of server medium RUNNING
t:      10680 job     7 on # 0 of server tiny RUNNING
SENT JOBP 12310 9 47267 4 3100 2000
RCVD SCHD 9 medium 2
t:      12310 job     9 (waiting) on # 2 of server medium (booting) SCHEDULED
SENT OK
RCVD REDY
SENT JOBP 12340 9 47267 4 3100 2000
SENT JOBP 12341 9 47267 4 3100 2000
SENT JOBP 12342 9 47267 4 3100 2000
SENT JOBP 12343 9 47267 4 3100 2000
SENT JOBP 12344 9 47267 4 3100 2000
SENT JOBP 12345 9 47267 4 3100 2000
SENT JOBP 12346 9 47267 4 3100 2000
SENT JOBP 12347 9 47267 4 3100 2000
SENT JOBP 12348 9 47267 4 3100 2000
SENT JOBP 12349 9 47267 4 3100 2000
SENT JOBP 12350 9 47267 4 3100 2000
SENT JOBP 12351 9 47267 4 3100 2000
SENT JOBP 12352 9 47267 4 3100 2000
SENT JOBP 12353 9 47267 4 3100 2000
SENT JOBP 12354 9 47267 4 3100 2000
SENT JOBP 12355 9 47267 4 3100 2000
SENT JOBP 12356 9 47267 4 3100 2000
SENT JOBP 12357 9 47267 4 3100 2000
SENT JOBP 12358 9 47267 4 3100 2000
SENT JOBP 12359 9 47267 4 3100 2000
SENT JOBP 12360 9 47267 4 3100 2000
SENT JOBP 12361 9 47267 4 3100 2000
SENT JOBP 12362 9 47267 4 3100 2000
SENT JOBP 12363 9 47267 4 3100 2000
SENT JOBP 12364 9 47267 4 3100 2000
SENT JOBP 12365 9 47267 4 3100 2000
SENT JOBP 12366 9 47267 4 3100 2000
SENT JOBP 12367 9 47267 4 3100 2000
SENT JOBP 12368 9 47267 4 3100 2000
SENT JOBP 12369 9 47267 4 3100 2000
SENT JOBP 12370 9 47267 4 3100 2000
SENT JOBP 12371 9 47267 4 3100 2000
SENT JOBP 12372 9 47267 4 3100 2000
SENT JOBP 12373 9 47267 4 3100 2000
SENT JOBP 12374 9 47267 4 3100 2000
SENT JOBP 12375 9 47267 4 3100 2000
SENT JOBP 12376 9 47267 4 3100 2000
SENT JOBP 12377 9 47267 4 3100 2000
SENT JOBP 12378 9 47267 4 3100 2000
SENT JOBP 12379 9 47267 4 3100 2000
SENT JOBP 12380 9 47267 4 3100 2000
SENT JOBP 12381 9 47267 4 3100 2000
SENT JOBP 12382 9 47267 4 3100 2000
SENT JOBP 12383 9 47267 4 3100 2000
SENT JOBP 12384 9 47267 4 3100 2000
SENT JOBP 12385 9 47267 4 3100 2000
SENT JOBP 12386 9 47267 4 3100 2000
SENT JOBP 12387 9 47267 4 3100 2000
SENT JOBP 12388 9 47267 4 3100 2000
SENT JOBP 12389 9 47267 4 3100 2000
SENT JOBP 12390 9 47267 4 3100 2000
SENT JOBP 12391 9 47267 4 3100 2000
SENT JOBP 12392 9 47267 4 3100 2000
SENT JOBP 12393 9 47267 4 3100 2000
SENT JOBP 12394 9 47267 4 3100 2000
SENT JOBP 12395 9 47267 4 3100 2000
SENT JOBP 12396 9 47267 4 3100 2000
SENT JOBP 12397 9 47267 4 3100 2000
RCVD SCHD 9 medium 0
t:      12397 job     9 (waiting) on # 0 of server medium (booting) SCHEDULED
SENT OK
RCVD REDY
t:      12457 job     9 on # 0 of server medium RUNNING
SENT JOBP 12904 9 47267 4 3100 2000
SENT JOBP 12905 9 47267 4 3100 2000
SENT JOBP 12906 9 47267 4 3100 2000
SENT JOBP 12907 9 47267 4 3100 2000
SENT JOBP 12908 9 47267 4 3100 2000
SENT JOBP 12909 9 47267 4 3100 2000
SENT JOBP 12910 9 47267 4 3100 2000
SENT JOBP 12911 9 47267 4 3100 2000
SENT JOBP 12912 9 47267 4 3100 2000
SENT JOBP 12913 9 47267 4 3100 2000
SENT JOBP 12914 9 47267 4 3100 2000
SENT JOBP 12915 9 47267 4 3100 2000
SENT JOBP 12916 9 47267 4 3100 2000
SENT JOBP 12917 9 47267 4 3100 2000
SENT JOBP 12918 9 47267 4 3100 2000
SENT JOBP 12919 9 47267 4 3100 2000
SENT JOBP 12920 9 47267 4 3100 2000
SENT JOBP 12921 9 47267 4 3100 2000
SENT JOBP 12922 9 47267 4 3100 2000
SENT JOBP 12923 9 47267 4 3100 2000
SENT JOBP 12924 9 47267 4 3100 2000
SENT JOBP 12925 9 47267 4 3100 2000
SENT JOBP 12926 9 47267 4 3100 2000
SENT JOBP 12927 9 47267 4 3100 2000
SENT JOBP 12928 9 47267 4 3100 2000
SENT JOBP 12929 9 47267 4 3100 2000
SENT JOBP 12930 9 47267 4 3100 2000
SENT JOBP 12931 9 47267 4 3100 2000
SENT JOBP 12932 9 47267 4 3100 2000
SENT JOBP 12933 9 47267 4 3100 2000
SENT JOBP 12934 9 47267 4 3100 2000
SENT JOBP 12935 9 47267 4 3100 2000
SENT JOBP 12936 9 47267 4 3100 2000
SENT JOBP 12937 9 47267 4 3100 2000
SENT JOBP 12938 9 47267 4 3100 2000
SENT JOBP 12939 9 47267 4 3100 2000
SENT JOBP 12940 9 47267 4 3100 2000
SENT JOBP 12941 9 47267 4 3100 2000
SENT JOBP 12942 9 47267 4 3100 2000
SENT JOBP 12943 9 47267 4 3100 2000
SENT JOBP 12944 9 47267 4 3100 2000
SENT JOBP 12945 9 47267 4 3100 2000
SENT JOBP 12946 9 47267 4 3100 2000
SENT JOBP 12947 9 47267 4 3100 2000
SENT JOBP 12948 9 47267 4 3100 2000
SENT JOBP 12949 9 47267 4 3100 2000
SENT JOBP 12950 9 47267 4 3100 2000
SENT JOBP 12951 9 47267 4 3100 2000
SENT JOBP 12952 9 47267 4 3100 2000
SENT JOBP 12953 9 47267 4 3100 2000
SENT JOBP 12954 9 47267 4 3100 2000
SENT JOBP 12955 9 47267 4 3100 2000
SENT JOBP 12956 9 47267 4 3100 2000
SENT JOBP 12957 9 47267 4 3100 2000
SENT JOBP 12958 9 47267 4 3100 2000
SENT JOBP 12959 9 47267 4 3100 2000
SENT JOBP 12960 9 47267 4 3100 2000
SENT JOBP 12961 9 47267 4 3100 2000
SENT JOBP 12962 9 47267 4 3100 2000
SENT JOBP 12963 9 47267 4 3100 2000
SENT JOBP 12964 9 47267 4 3100 2000
SENT JOBP 12965 9 47267 4 3100 2000
SENT JOBP 12966 9 47267 4 3100 2000
SENT JOBP 12967 9 47267 4 3100 2000
SENT JOBP 12968 9 47267 4 3100 2000
SENT JOBP 12969 9 47267 4 3100 2000
SENT JOBP 12970 9 47267 4 3100 2000
SENT JOBP 12971 9 47267 4 3100 2000
SENT JOBP 12972 9 47267 4 3100 2000
SENT JOBP 12973 9 47267 4 3100 2000
SENT JOBP 12974 9 47267 4 3100 2000
SENT JOBP 12975 9 47267 4 3100 2000
SENT JOBP 12976 9 47267 4 3100 2000
SENT JOBP 12977 9 47267 4 3100 2000
SENT JOBP 12978 9 47267 4 3100 2000
SENT JOBP 12979 9 47267 4 3100 2000
SENT JOBP 12980 9 47267 4 3100 2000
SENT JOBP 12981 9 47267 4 3100 2000
SENT JOBP 12982 9 47267 4 3100 2000
SENT JOBP 12983 9 47267 4 3100 2000
SENT JOBP 12984 9 47267 4 3100 2000
SENT JOBP 12985 9 47267 4 3100 2000
SENT JOBP 12986 9 47267 4 3100 2000
SENT JOBP 12987 9 47267 4 3100 2000
SENT JOBP 12988 9 47267 4 3100 2000
SENT JOBP 12989 9 47267 4 3100 2000
SENT JOBP 12990 9 47267 4 3100 2000
SENT JOBP 12991 9 47267 4 3100 2000
SENT JOBP 12992 9 47267 4 3100 2000
SENT JOBP 12993 9 47267 4 3100 2000
RCVD SCHD 9 medium 2
t:      12993 job     9 (waiting) on # 2 of server medium (booting) SCHEDULED
SENT OK
RCVD REDY
t:      13053 job     9 on # 2 of server medium RUNNING
SENT JOBP 13308 9 47267 4 3100 2000
SENT JOBP 13309 9 47267 4 3100 2000
SENT JOBP 13310 9 47267 4 3100 2000
SENT JOBP 13311 9 47267 4 3100 2000
SENT JOBP 13312 9 47267 4 3100 2000
SENT JOBP 13313 9 47267 4 3100 2000
SENT JOBP 13314 9 47267 4 3100 2000
SENT JOBP 13315 9 47267 4 3100 2000
SENT JOBP 13316 9 47267 4 3100 2000
SENT JOBP 13317 9 47267 4 3100 2000
SENT JOBP 13318 9 47267 4 3100 2000
SENT JOBP 13319 9 47267 4 3100 2000
SENT JOBP 13320 9 47267 4 3100 2000
SENT JOBP 13321 9 47267 4 3100 2000
SENT JOBP 13322 9 47267 4 3100 2000
SENT JOBP 13323 9 47267 4 3100 2000
SENT JOBP 13324 9 47267 4 3100 2000
SENT JOBP 13325 9 47267 4 3100 2000
SENT JOBP 13326 9 47267 4 3100 2000
SENT JOBP 13327 9 47267 4 3100 2000
SENT JOBP 13328 9 47267 4 3100 2000
SENT JOBP 13329 9 47267 4 3100 2000
SENT JOBP 13330 9 47267 4 3100 2000
SENT JOBP 13331 9 47267 4 3100 2000
SENT JOBP 13332 9 47267 4 3100 2000
SENT JOBP 13333 9 47267 4 3100 2000
SENT JOBP 13334 9 47267 4 3100 2000
SENT JOBP 13335 9 47267 4 3100 2000
SENT JOBP 13336 9 47267 4 3100 2000
SENT JOBP 13337 9 47267 4 3100 2000
SENT JOBP 13338 9 47267 4 3100 2000
SENT JOBP 13339 9 47267 4 3100 2000
SENT JOBP 13340 9 47267 4 3100 2000
SENT JOBP 13341 9 47267 4 3100 2000
SENT JOBP 13342 9 47267 4 3100 2000
SENT JOBP 13343 9 47267 4 3100 2000
SENT JOBP 13344 9 47267 4 3100 2000
SENT JOBP 13345 9 47267 4 3100 2000
SENT JOBP 13346 9 47267 4 3100 2000
SENT JOBP 13347 9 47267 4 3100 2000
SENT JOBP 13348 9 47267 4 3100 2000
SENT JOBP 13349 9 47267 4 3100 2000
SENT JOBP 13350 9 47267 4 3100 2000
SENT JOBP 13351 9 47267 4 3100 2000
SENT JOBP 13352 9 47267 4 3100 2000
SENT JOBP 13353 9 47267 4 3100 2000
SENT JOBP 13354 9 47267 4 3100 2000
SENT JOBP 13355 9 47267 4 3100 2000
SENT JOBP 13356 9 47267 4 3100 2000
RCVD SCHD 9 medium 2
t:      13356 job     9 (waiting) on # 2 of server medium (booting) SCHEDULED
SENT OK
RCVD REDY
t:      13416 job     9 on # 2 of server medium RUNNING
SENT JOBP 14275 7 26259 1 1000 900
RCVD SCHD 7 tiny 1
t:      14275 job     7 (waiting) on # 1 of server tiny (booting) SCHEDULED
SENT OK
RCVD REDY
t:      14335 job     7 on # 1 of server tiny RUNNING
SENT JOBP 14613 7 26259 1 1000 900
RCVD SCHD 7 tiny 0
t:      14613 job     7 (waiting) on # 0 of server tiny (booting) SCHEDULED
SENT OK
RCVD REDY
t:      14673 job     7 on # 0 of server tiny RUNNING
SENT JOBP 15452 9 47267 4 3100 2000
RCVD SCHD 9 medium 0
t:      15452 job     9 (waiting) on # 0 of server medium (booting) SCHEDULED
SENT OK
RCVD REDY
t:      15512 job     9 on # 0 of server medium RUNNING
SENT JOBP 19651 0 37232 4 1100 1200
RCVD SCHD 0 medium 2
t:      19651 job     0 (waiting) on # 2 of server medium (booting) SCHEDULED
SENT OK
RCVD REDY
t:      19711 job     0 on # 2 of server medium RUNNING
SENT JOBP 25016 0 37232 4 1100 1200
RCVD SCHD 0 medium 1
t:      25016 job     0 (waiting) on # 1 of server medium (booting) SCHEDULED
SENT OK
RCVD REDY
SENT JOBP 25056 9 47267 4 3100 2000
SENT JOBP 25057 9 47267 4 3100 2000
SENT JOBP 25058 9 47267 4 3100 2000
SENT JOBP 25059 9 47267 4 3100 2000
SENT JOBP 25060 9 47267 4 3100 2000
SENT JOBP 25061 9 47267 4 3100 2000
SENT JOBP 25062 9 47267 4 3100 2000
SENT JOBP 25063 9 47267 4 3100 2000
SENT JOBP 25064 9 47267 4 3100 2000
SENT JOBP 25065 9 47267 4 3100 2000
SENT JOBP 25066 9 47267 4 3100 2000
SENT JOBP 25067 9 47267 4 3100 2000
SENT JOBP 25068 9 47267 4 3100 2000
SENT JOBP 25069 9 47267 4 3100 2000
SENT JOBP 25070 9 47267 4 3100 2000
SENT JOBP 25071 9 47267 4 3100 2000
SENT JOBP 25072 9 47267 4 3100 2000
SENT JOBP 25073 9 47267 4 3100 2000
SENT JOBP 25074 9 47267 4 3100 2000
SENT JOBP 25075 9 47267 4 3100 2000
t:      25076 job     0 on # 1 of server medium RUNNING
SENT JOBP 25076 9 47267 4 3100 2000
SENT JOBP 25077 9 47267 4 3100 2000
SENT JOBP 25078 9 47267 4 3100 2000
SENT JOBP 25079 9 47267 4 3100 2000
SENT JOBP 25080 9 47267 4 3100 2000
SENT JOBP 25081 9 47267 4 3100 2000
SENT JOBP 25082 9 47267 4 3100 2000
SENT JOBP 25083 9 47267 4 3100 2000
SENT JOBP 25084 9 47267 4 3100 2000
SENT JOBP 25085 9 47267 4 3100 2000
SENT JOBP 25086 9 47267 4 3100 2000
SENT JOBP 25087 9 47267 4 3100 2000
SENT JOBP 25088 9 47267 4 3100 2000
SENT JOBP 25089 9 47267 4 3100 2000
SENT JOBP 25090 9 47267 4 3100 2000
SENT JOBP 25091 9 47267 4 3100 2000
SENT JOBP 25092 9 47267 4 3100 2000
SENT JOBP 25093 9 47267 4 3100 2000
SENT JOBP 25094 9 47267 4 3100 2000
SENT JOBP 25095 9 47267 4 3100 2000
SENT JOBP 25096 9 47267 4 3100 2000
SENT JOBP 25097 9 47267 4 3100 2000
SENT JOBP 25098 9 47267 4 3100 2000
SENT JOBP 25099 9 47267 4 3100 2000
SENT JOBP 25100 9 47267 4 3100 2000
SENT JOBP 25101 9 47267 4 3100 2000
SENT JOBP 25102 9 47267 4 3100 2000
SENT JOBP 25103 9 47267 4 3100 2000
SENT JOBP 25104 9 47267 4 3100 2000
SENT JOBP 25105 9 47267 4 3100 2000
SENT JOBP 25106 9 47267 4 3100 2000
SENT JOBP 25107 9 47267 4 3100 2000
SENT JOBP 25108 9 47267 4 3100 2000
SENT JOBP 25109 9 47267 4 3100 2000
SENT JOBP 25110 9 47267 4 3100 2000
SENT JOBP 25111 9 47267 4 3100 2000
SENT JOBP 25112 9 47267 4 3100 2000
SENT JOBP 25113 9 47267 4 3100 2000
SENT JOBP 25114 9 47267 4 3100 2000
SENT JOBP 25115 9 47267 4 3100 2000
SENT JOBP 25116 9 47267 4 3100 2000
SENT JOBP 25117 9 47267 4 3100 2000
SENT JOBP 25118 9 47267 4 3100 2000
SENT JOBP 25119 9 47267 4 3100 2000
SENT JOBP 25120 9 47267 4 3100 2000
SENT JOBP 25121 9 47267 4 3100 2000
SENT JOBP 25122 9 47267 4 3100 2000
SENT JOBP 25123 9 47267 4 3100 2000
SENT JOBP 25124 9 47267 4 3100 2000
SENT JOBP 25125 9 47267 4 3100 2000
SENT JOBP 25126 9 47267 4 3100 2000
SENT JOBP 25127 9 47267 4 3100 2000
SENT JOBP 25128 9 47267 4 3100 2000
SENT JOBP 25129 9 47267 4 3100 2000
SENT JOBP 25130 9 47267 4 3100 2000
SENT JOBP 25131 9 47267 4 3100 2000
SENT JOBP 25132 9 47267 4 3100 2000
SENT JOBP 25133 9 47267 4 3100 2000
SENT JOBP 25134 9 47267 4 3100 2000
SENT JOBP 25135 9 47267 4 3100 2000
SENT JOBP 25136 9 47267 4 3100 2000
SENT JOBP 25137 9 47267 4 3100 2000
SENT JOBP 25138 9 47267 4 3100 2000
SENT JOBP 25139 9 47267 4 3100 2000
RCVD SCHD 9 medium 0
t:      25139 job     9 (waiting) on # 0 of server medium (booting) SCHEDULED
SENT OK
RCVD REDY
t:      25199 job     9 on # 0 of server medium RUNNING
SENT JOBP 26819 0 37232 4 1100 1200
RCVD SCHD 0 medium 2
t:      26819 job     0 (waiting) on # 2 of server medium (booting) SCHEDULED
SENT OK
RCVD REDY
t:      26879 job     0 on # 2 of server medium RUNNING
SENT JOBP 27934 0 37232 4 1100 1200
RCVD SCHD 0 medium 1
t:      27934 job     0 (waiting) on # 1 of server medium (booting) SCHEDULED
SENT OK
RCVD REDY
t:      27994 job     0 on # 1 of server medium RUNNING
SENT JOBP 29457 0 37232 4 1100 1200
RCVD SCHD 0 medium 2
t:      29457 job     0 (waiting) on # 2 of server medium (booting) SCHEDULED
SENT OK
RCVD REDY
t:      29517 job     0 on # 2 of server medium RUNNING
SENT JOBP 29734 7 26259 1 1000 900
RCVD SCHD 7 tiny 1
t:      29734 job     7 (waiting) on # 1 of server tiny (booting) SCHEDULED
SENT OK
RCVD REDY
t:      29794 job     7 on # 1 of server tiny RUNNING
SENT JOBP 30393 9 47267 4 3100 2000
RCVD SCHD 9 medium 1
t:      30393 job     9 (waiting) on # 1 of server medium (booting) SCHEDULED
SENT OK
RCVD REDY
SENT JOBP 30421 7 26259 1 1000 900
RCVD SCHD 7 tiny 0
t:      30421 job     7 (waiting) on # 0 of server tiny (booting) SCHEDULED
SENT OK
RCVD REDY
SENT JOBP 30446 0 37232 4 1100 1200
SENT JOBP 30447 0 37232 4 1100 1200
SENT JOBP 30448 0 37232 4 1100 1200
SENT JOBP 30449 0 37232 4 1100 1200
SENT JOBP 30450 0 37232 4 1100 1200
SENT JOBP 30451 0 37232 4 1100 1200
SENT JOBP 30452 0 37232 4 1100 1200
t:      30453 job     9 on # 1 of server medium RUNNING
SENT JOBP 30453 0 37232 4 1100 1200
SENT JOBP 30454 0 37232 4 1100 1200
SENT JOBP 30455 0 37232 4 1100 1200
SENT JOBP 30456 0 37232 4 1100 1200
SENT JOBP 30457 0 37232 4 1100 1200
SENT JOBP 30458 0 37232 4 1100 1200
SENT JOBP 30459 0 37232 4 1100 1200
SENT JOBP 30460 0 37232 4 1100 1200
SENT JOBP 30461 0 37232 4 1100 1200
SENT JOBP 30462 0 37232 4 1100 1200
SENT JOBP 30463 0 37232 4 1100 1200
SENT JOBP 30464 0 37232 4 1100 1200
SENT JOBP 30465 0 37232 4 1100 1200
SENT JOBP 30466 0 37232 4 1100 1200
SENT JOBP 30467 0 37232 4 1100 1200
SENT JOBP 30468 0 37232 4 1100 1200
SENT JOBP 30469 0 37232 4 1100 1200
SENT JOBP 30470 0 37232 4 1100 1200
SENT JOBP 30471 0 37232 4 1100 1200
SENT JOBP 30472 0 37232 4 1100 1200
SENT JOBP 30473 0 37232 4 1100 1200
SENT JOBP 30474 0 37232 4 1100 1200
SENT JOBP 30475 0 37232 4 1100 1200
SENT JOBP 30476 0 37232 4 1100 1200
SENT JOBP 30477 0 37232 4 1100 1200
SENT JOBP 30478 0 37232 4 1100 1200
SENT JOBP 30479 0 37232 4 1100 1200
SENT JOBP 30480 0 37232 4 1100 1200
t:      30481 job     7 on # 0 of server tiny RUNNING
SENT JOBP 30481 0 37232 4 1100 1200
SENT JOBP 30482 0 37232 4 1100 1200
SENT JOBP 30483 0 37232 4 1100 1200
SENT JOBP 30484 0 37232 4 1100 1200
SENT JOBP 30485 0 37232 4 1100 1200
SENT JOBP 30486 0 37232 4 1100 1200
SENT JOBP 30487 0 37232 4 1100 1200
SENT JOBP 30488 0 37232 4 1100 1200
SENT JOBP 30489 0 37232 4 1100 1200
SENT JOBP 30490 0 37232 4 1100 1200
SENT JOBP 30491 0 37232 4 1100 1200
SENT JOBP 30492 0 37232 4 1100 1200
SENT JOBP 30493 0 37232 4 1100 1200
SENT JOBP 30494 0 37232 4 1100 1200
SENT JOBP 30495 0 37232 4 1100 1200
SENT JOBP 30496 0 37232 4 1100 1200
SENT JOBP 30497 0 37232 4 1100 1200
SENT JOBP 30498 0 37232 4 1100 1200
SENT JOBP 30499 0 37232 4 1100 1200
SENT JOBP 30500 0 37232 4 1100 1200
SENT JOBP 30501 0 37232 4 1100 1200
SENT JOBP 30502 0 37232 4 1100 1200
SENT JOBP 30503 0 37232 4 1100 1200
SENT JOBP 30504 0 37232 4 1100 1200
SENT JOBP 30505 0 37232 4 1100 1200
SENT JOBP 30506 0 37232 4 1100 1200
SENT JOBP 30507 0 37232 4 1100 1200
SENT JOBP 30508 0 37232 4 1100 1200
SENT JOBP 30509 0 37232 4 1100 1200
SENT JOBP 30510 0 37232 4 1100 1200
SENT JOBP 30511 0 37232 4 1100 1200
SENT JOBP 30512 0 37232 4 1100 1200
SENT JOBP 30513 0 37232 4 1100 1200
SENT JOBP 30514 0 37232 4 1100 1200
SENT JOBP 30515 0 37232 4 1100 1200
SENT JOBP 30516 0 37232 4 1100 1200
SENT JOBP 30517 0 37232 4 1100 1200
SENT JOBP 30518 0 37232 4 1100 1200
SENT JOBP 30519 0 37232 4 1100 1200
SENT JOBP 30520 0 37232 4 1100 1200
SENT JOBP 30521 0 37232 4 1100 1200
SENT JOBP 30522 0 37232 4 1100 1200
SENT JOBP 30523 0 37232 4 1100 1200
SENT JOBP 30524 0 37232 4 1100 1200
SENT JOBP 30525 0 37232 4 1100 1200
SENT JOBP 30526 0 37232 4 1100 1200
SENT JOBP 30527 0 37232 4 1100 1200
SENT JOBP 30528 0 37232 4 1100 1200
RCVD SCHD 0 medium 0
t:      30528 job     0 (waiting) on # 0 of server medium (booting) SCHEDULED
SENT OK
RCVD REDY
SENT JOBP 30567 9 47267 4 3100 2000
SENT JOBP 30568 9 47267 4 3100 2000
SENT JOBP 30569 9 47267 4 3100 2000
SENT JOBP 30570 9 47267 4 3100 2000
SENT JOBP 30571 9 47267 4 3100 2000
SENT JOBP 30572 9 47267 4 3100 2000
SENT JOBP 30573 9 47267 4 3100 2000
SENT JOBP 30574 9 47267 4 3100 2000
SENT JOBP 30575 9 47267 4 3100 2000
SENT JOBP 30576 9 47267 4 3100 2000
SENT JOBP 30577 9 47267 4 3100 2000
SENT JOBP 30578 9 47267 4 3100 2000
SENT JOBP 30579 9 47267 4 3100 2000
SENT JOBP 30580 9 47267 4 3100 2000
RCVD SCHD 9 medium 2
t:      30580 job     9 (waiting) on # 2 of server medium (booting) SCHEDULED
SENT OK
RCVD REDY
t:      30588 job     0 on # 0 of server medium RUNNING
t:      30640 job     9 on # 2 of server medium RUNNING
SENT JOBP 30998 7 26259 1 1000 900
RCVD SCHD 7 tiny 1
t:      30998 job     7 (waiting) on # 1 of server tiny (booting) SCHEDULED
SENT OK
RCVD REDY
t:      31058 job     7 on # 1 of server tiny RUNNING
SENT JOBP 33827 7 26259 1 1000 900
RCVD SCHD 7 tiny 0
t:      33827 job     7 (waiting) on # 0 of server tiny (booting) SCHEDULED
SENT OK
RCVD REDY
t:      33887 job     7 on # 0 of server tiny RUNNING
SENT JOBP 38079 9 47267 4 3100 2000
RCVD SCHD 9 medium 1
t:      38079 job     9 (waiting) on # 1 of server medium (booting) SCHEDULED
SENT OK
RCVD REDY
t:      38139 job     9 on # 1 of server medium RUNNING
SENT JOBP 41095 7 26259 1 1000 900
RCVD SCHD 7 tiny 1
t:      41095 job     7 (waiting) on # 1 of server tiny (booting) SCHEDULED
SENT OK
RCVD REDY
t:      41155 job     7 on # 1 of server tiny RUNNING
SENT JOBP 42570 9 47267 4 3100 2000
RCVD SCHD 9 medium 2
t:      42570 job     9 (waiting) on # 2 of server medium (booting) SCHEDULED
SENT OK
RCVD REDY
t:      42630 job     9 on # 2 of server medium RUNNING
SENT JOBP 43774 7 26259 1 1000 900
RCVD SCHD 7 tiny 0
t:      43774 job     7 (waiting) on # 0 of server tiny (booting) SCHEDULED
SENT OK
RCVD REDY
t:      43834 job     7 on # 0 of server tiny RUNNING
SENT JOBP 44867 9 47267 4 3100 2000
RCVD SCHD 9 medium 1
t:      44867 job     9 (waiting) on # 1 of server medium (booting) SCHEDULED
SENT OK
RCVD REDY
t:      44927 job     9 on # 1 of server medium RUNNING
SENT JOBP 48034 9 47267 4 3100 2000
RCVD SCHD 9 medium 2
t:      48034 job     9 (waiting) on # 2 of server medium (booting) SCHEDULED
SENT OK
RCVD REDY
t:      48094 job     9 on # 2 of server medium RUNNING
t:      49911 job     0 on # 0 of server medium COMPLETED
SENT JOBP 52312 7 26259 1 1000 900
RCVD SCHD 7 tiny 1
t:      52312 job     7 (waiting) on # 1 of server tiny (booting) SCHEDULED
SENT OK
RCVD REDY
t:      52372 job     7 on # 1 of server tiny RUNNING
SENT JOBP 54931 7 26259 1 1000 900
RCVD SCHD 7 tiny 0
t:      54931 job     7 (waiting) on # 0 of server tiny (booting) SCHEDULED
SENT OK
RCVD REDY
t:      54991 job     7 on # 0 of server tiny RUNNING
SENT JOBP 57328 9 47267 4 3100 2000
RCVD SCHD 9 medium 0
t:      57328 job     9 (running) on # 0 of server medium (active) SCHEDULED
t:      57328 job     9 on # 0 of server medium RUNNING
SENT OK
RCVD REDY
SENT JOBP 61887 9 47267 4 3100 2000
RCVD SCHD 9 medium 1
t:      61887 job     9 (waiting) on # 1 of server medium (booting) SCHEDULED
SENT OK
RCVD REDY
SENT JOBP 61904 7 26259 1 1000 900
RCVD SCHD 7 tiny 2
t:      61904 job     7 (waiting) on # 2 of server tiny (booting) SCHEDULED
SENT OK
RCVD REDY
t:      61947 job     9 on # 1 of server medium RUNNING
t:      61964 job     7 on # 2 of server tiny RUNNING
SENT JOBP 62130 7 26259 1 1000 900
RCVD SCHD 7 tiny 0
t:      62130 job     7 (waiting) on # 0 of server tiny (booting) SCHEDULED
SENT OK
RCVD REDY
t:      62190 job     7 on # 0 of server tiny RUNNING
SENT JOBP 62833 9 47267 4 3100 2000
RCVD SCHD 9 medium 0
t:      62833 job     9 (waiting) on # 0 of server medium (booting) SCHEDULED
SENT OK
RCVD REDY
t:      62893 job     9 on # 0 of server medium RUNNING
SENT JOBP 64479 9 47267 4 3100 2000
RCVD SCHD 9 medium 1
t:      64479 job     9 (waiting) on # 1 of server medium (booting) SCHEDULED
SENT OK
RCVD REDY
t:      64539 job     9 on # 1 of server medium RUNNING
SENT JOBP 66691 7 26259 1 1000 900
RCVD SCHD 7 tiny 1
t:      66691 job     7 (waiting) on # 1 of server tiny (booting) SCHEDULED
SENT OK
RCVD REDY
t:      66751 job     7 on # 1 of server tiny RUNNING
SENT JOBP 67497 9 47267 4 3100 2000
RCVD SCHD 9 medium 0
t:      67497 job     9 (waiting) on # 0 of server medium (booting) SCHEDULED
SENT OK
RCVD REDY
t:      67557 job     9 on # 0 of server medium RUNNING
SENT JOBP 69193 7 26259 1 1000 900
RCVD SCHD 7 tiny 0
t:      69193 job     7 (waiting) on # 0 of server tiny (booting) SCHEDULED
SENT OK
RCVD REDY
t:      69253 job     7 on # 0 of server tiny RUNNING
SENT JOBP 78154 7 26259 1 1000 900
RCVD SCHD 7 tiny 1
t:      78154 job     7 (waiting) on # 1 of server tiny (booting) SCHEDULED
SENT OK
RCVD REDY
t:      78214 job     7 on # 1 of server tiny RUNNING
SENT JOBP 81440 7 26259 1 1000 900
RCVD SCHD 7 tiny 0
t:      81440 job     7 (waiting) on # 0 of server tiny (booting) SCHEDULED
SENT OK
RCVD REDY
t:      81500 job     7 on # 0 of server tiny RUNNING
SENT JOBP 85036 7 26259 1 1000 900
RCVD SCHD 7 tiny 1
t:      85036 job     7 (waiting) on # 1 of server tiny (booting) SCHEDULED
SENT OK
RCVD REDY
t:      85096 job     7 on # 1 of server tiny RUNNING
SENT JOBP 86337 7 26259 1 1000 900
RCVD SCHD 7 tiny 0
t:      86337 job     7 (waiting) on # 0 of server tiny (booting) SCHEDULED
SENT OK
RCVD REDY
t:      86397 job     7 on # 0 of server tiny RUNNING
SENT JOBP 89374 9 47267 4 3100 2000
RCVD SCHD 9 medium 1
t:      89374 job     9 (waiting) on # 1 of server medium (booting) SCHEDULED
SENT OK
RCVD REDY
t:      89434 job     9 on # 1 of server medium RUNNING
SENT JOBP 92333 9 47267 4 3100 2000
RCVD SCHD 9 medium 0
t:      92333 job     9 (waiting) on # 0 of server medium (booting) SCHEDULED
SENT OK
RCVD REDY
t:      92393 job     9 on # 0 of server medium RUNNING
SENT JOBP 100639 9 47267 4 3100 2000
RCVD SCHD 9 medium 1
t:     100639 job     9 (waiting) on # 1 of server medium (booting) SCHEDULED
SENT OK
RCVD REDY
t:     100699 job     9 on # 1 of server medium RUNNING
SENT JOBP 102166 9 47267 4 3100 2000
RCVD SCHD 9 medium 0
t:     102166 job     9 (waiting) on # 0 of server medium (booting) SCHEDULED
SENT OK
RCVD REDY
t:     102226 job     9 on # 0 of server medium RUNNING
SENT JOBP 104817 7 26259 1 1000 900
RCVD SCHD 7 tiny 1
t:     104817 job     7 (waiting) on # 1 of server tiny (booting) SCHEDULED
SENT OK
RCVD REDY
t:     104877 job     7 on # 1 of server tiny RUNNING
SENT JOBP 105119 7 26259 1 1000 900
RCVD SCHD 7 tiny 0
t:     105119 job     7 (waiting) on # 0 of server tiny (booting) SCHEDULED
SENT OK
RCVD REDY
t:     105179 job     7 on # 0 of server tiny RUNNING
SENT JOBP 105469 7 26259 1 1000 900
RCVD SCHD 7 tiny 1
t:     105469 job     7 (waiting) on # 1 of server tiny (booting) SCHEDULED
SENT OK
RCVD REDY
t:     105529 job     7 on # 1 of server tiny RUNNING
SENT JOBP 105792 7 26259 1 1000 900
RCVD SCHD 7 tiny 0
t:     105792 job     7 (waiting) on # 0 of server tiny (booting) SCHEDULED
SENT OK
RCVD REDY
t:     105852 job     7 on # 0 of server tiny RUNNING
SENT JOBP 106114 7 26259 1 1000 900
RCVD SCHD 7 tiny 1
t:     106114 job     7 (waiting) on # 1 of server tiny (booting) SCHEDULED
SENT OK
RCVD REDY
t:     106174 job     7 on # 1 of server tiny RUNNING
SENT JOBP 108710 7 26259 1 1000 900
RCVD SCHD 7 tiny 0
t:     108710 job     7 (waiting) on # 0 of server tiny (booting) SCHEDULED
SENT OK
RCVD REDY
t:     108770 job     7 on # 0 of server tiny RUNNING
SENT JOBP 110954 7 26259 1 1000 900
RCVD SCHD 7 tiny 1
t:     110954 job     7 (waiting) on # 1 of server tiny (booting) SCHEDULED
SENT OK
RCVD REDY
t:     111014 job     7 on # 1 of server tiny RUNNING
SENT JOBP 112315 7 26259 1 1000 900
RCVD SCHD 7 tiny 0
t:     112315 job     7 (waiting) on # 0 of server tiny (booting) SCHEDULED
SENT OK
RCVD REDY
t:     112375 job     7 on # 0 of server tiny RUNNING
SENT JOBP 115913 7 26259 1 1000 900
RCVD SCHD 7 tiny 1
t:     115913 job     7 (waiting) on # 1 of server tiny (booting) SCHEDULED
SENT OK
RCVD REDY
t:     115973 job     7 on # 1 of server tiny RUNNING
SENT JOBP 118317 7 26259 1 1000 900
RCVD SCHD 7 tiny 0
t:     118317 job     7 (waiting) on # 0 of server tiny (booting) SCHEDULED
SENT OK
RCVD REDY
t:     118377 job     7 on # 0 of server tiny RUNNING
SENT JOBP 120208 9 47267 4 3100 2000
RCVD SCHD 9 medium 1
t:     120208 job     9 (waiting) on # 1 of server medium (booting) SCHEDULED
SENT OK
RCVD REDY
t:     120268 job     9 on # 1 of server medium RUNNING
SENT JOBP 120560 7 26259 1 1000 900
RCVD SCHD 7 tiny 1
t:     120560 job     7 (waiting) on # 1 of server tiny (booting) SCHEDULED
SENT OK
RCVD REDY
t:     120620 job     7 on # 1 of server tiny RUNNING
SENT JOBP 121632 9 47267 4 3100 2000
RCVD SCHD 9 medium 0
t:     121632 job     9 (waiting) on # 0 of server medium (booting) SCHEDULED
SENT OK
RCVD REDY
t:     121692 job     9 on # 0 of server medium RUNNING
SENT JOBP 121773 7 26259 1 1000 900
RCVD SCHD 7 tiny 0
t:     121773 job     7 (waiting) on # 0 of server tiny (booting) SCHEDULED
SENT OK
RCVD REDY
t:     121833 job     7 on # 0 of server tiny RUNNING
SENT JOBP 123879 9 47267 4 3100 2000
RCVD SCHD 9 medium 1
t:     123879 job     9 (waiting) on # 1 of server medium (booting) SCHEDULED
SENT OK
RCVD REDY
t:     123939 job     9 on # 1 of server medium RUNNING
SENT JOBP 128029 9 47267 4 3100 2000
RCVD SCHD 9 medium 0
t:     128029 job     9 (waiting) on # 0 of server medium (booting) SCHEDULED
SENT OK
RCVD REDY
t:     128089 job     9 on # 0 of server medium RUNNING
SENT JOBP 128714 7 26259 1 1000 900
RCVD SCHD 7 tiny 1
t:     128714 job     7 (waiting) on # 1 of server tiny (booting) SCHEDULED
SENT OK
RCVD REDY
t:     128774 job     7 on # 1 of server tiny RUNNING
SENT JOBP 129069 7 26259 1 1000 900
RCVD SCHD 7 tiny 0
t:     129069 job     7 (waiting) on # 0 of server tiny (booting) SCHEDULED
SENT OK
RCVD REDY
t:     129129 job     7 on # 0 of server tiny RUNNING
SENT NONE
RCVD QUIT
t:     200973 job     7 on # 0 of server tiny COMPLETED
t:     208646 job     9 on # 0 of server medium COMPLETED
SENT QUIT
# ---------------------------------------------------------------------------
# 2 tiny servers used with a utilisation of 6.35 at the cost of $247.32
# 2 small servers used with a utilisation of 0.01 at the cost of $652.38
# 2 medium servers used with a utilisation of 9.69 at the cost of $386.01
# =============================== [ Overall ] ===============================
# actual simulation end time: 208646
# total #servers used: 6, avg utilisation: 5.35 and total cost: $1285.71
# avg waiting time: 18114, avg exec time: 11234 and avg turnaround time: 29348
