# ds-sim server 6Aug, 2019 @ MQ
# Server-side simulator started with './ds-server -n -v brief -c configs/scheduling/personal-config7.xml -f pl05'
# Waiting for connection to port 49152 of IP address 127.0.0.1
RCVD HELO
SENT OK
RCVD AUTH jak0723
# Welcome  jak0723!
# The system information can be read from 'system.xml'
SENT OK
RCVD REDY
SENT JOBN 83 0 37232 2 500 600
RCVD SCHD 0 tiny 0
t:         83 job     0 (waiting) on # 0 of server tiny (booting) SCHEDULED
SENT OK
RCVD REDY
t:        143 job     0 on # 0 of server tiny RUNNING
SENT JOBN 290 1 899 1 400 1200
RCVD SCHD 1 tiny 1
t:        290 job     1 (waiting) on # 1 of server tiny (booting) SCHEDULED
SENT OK
RCVD REDY
SENT JOBN 336 2 129 5 5300 7100
RCVD SCHD 2 medium 0
t:        336 job     2 (waiting) on # 0 of server medium (booting) SCHEDULED
SENT OK
RCVD REDY
SENT JOBF 355 1 899 1 400 1200
RCVD SCHD 1 tiny 2
t:        355 job     1 (waiting) on # 2 of server tiny (booting) SCHEDULED
SENT OK
RCVD REDY
t:        396 job     2 on # 0 of server medium RUNNING
t:        415 job     1 on # 2 of server tiny RUNNING
SENT JOBN 443 3 282 2 500 1100
RCVD SCHD 3 tiny 1
t:        443 job     3 (waiting) on # 1 of server tiny (booting) SCHEDULED
SENT OK
RCVD REDY
t:        503 job     3 on # 1 of server tiny RUNNING
SENT JOBN 728 4 1431 8 8000 15400
RCVD SCHD 4 medium 1
t:        728 job     4 (waiting) on # 1 of server medium (booting) SCHEDULED
SENT OK
RCVD REDY
t:        745 job     3 on # 1 of server tiny COMPLETED
t:        788 job     4 on # 1 of server medium RUNNING
SENT JOBN 867 5 604 1 800 1400
RCVD SCHD 5 tiny 2
t:        867 job     5 (running) on # 2 of server tiny (active) SCHEDULED
t:        867 job     5 on # 2 of server tiny RUNNING
SENT OK
RCVD REDY
SENT JOBN 870 6 709 1 900 200
RCVD SCHD 6 tiny 1
t:        870 job     6 (running) on # 1 of server tiny (active) SCHEDULED
t:        870 job     6 on # 1 of server tiny RUNNING
SENT OK
RCVD REDY
SENT JOBN 954 7 26259 1 1000 900
RCVD SCHD 7 tiny 1
t:        954 job     7 (running) on # 1 of server tiny (active) SCHEDULED
t:        954 job     7 on # 1 of server tiny RUNNING
SENT OK
RCVD REDY
SENT JOBN 1042 8 477 1 800 1700
RCVD SCHD 8 medium 0
t:       1042 job     8 (running) on # 0 of server medium (active) SCHEDULED
t:       1042 job     8 on # 0 of server medium RUNNING
SENT OK
RCVD REDY
SENT JOBN 1064 9 47267 8 6300 4100
RCVD SCHD 9 medium 2
t:       1064 job     9 (waiting) on # 2 of server medium (booting) SCHEDULED
SENT OK
RCVD REDY
t:       1268 job     6 on # 1 of server tiny COMPLETED
t:       1314 job     1 on # 2 of server tiny COMPLETED
t:       1341 job     2 on # 0 of server medium COMPLETED
t:       1402 job     8 on # 0 of server medium COMPLETED
t:       1471 job     5 on # 2 of server tiny COMPLETED
SENT JOBF 2518 9 47267 8 6300 4100
RCVD SCHD 9 medium 0
t:       2518 job     9 (running) on # 0 of server medium (active) SCHEDULED
t:       2518 job     9 on # 0 of server medium RUNNING
SENT OK
RCVD REDY
SENT JOBF 3081 7 26259 1 1000 900
RCVD SCHD 7 tiny 2
t:       3081 job     7 (running) on # 2 of server tiny (active) SCHEDULED
t:       3081 job     7 on # 2 of server tiny RUNNING
SENT OK
RCVD REDY
SENT JOBF 4063 9 47267 8 6300 4100
RCVD SCHD 9 medium 2
t:       4063 job     9 (waiting) on # 2 of server medium (booting) SCHEDULED
SENT OK
RCVD REDY
t:       5365 job     4 on # 1 of server medium COMPLETED
SENT JOBF 9780 9 47267 8 6300 4100
RCVD SCHD 9 medium 1
t:       9780 job     9 (running) on # 1 of server medium (active) SCHEDULED
t:       9780 job     9 on # 1 of server medium RUNNING
SENT OK
RCVD REDY
SENT JOBF 10265 0 37232 2 500 600
RCVD SCHD 0 tiny 1
t:      10265 job     0 (waiting) on # 1 of server tiny (booting) SCHEDULED
SENT OK
RCVD REDY
SENT JOBF 10674 0 37232 2 500 600
RCVD SCHD 0 tiny 0
t:      10674 job     0 (waiting) on # 0 of server tiny (booting) SCHEDULED
SENT OK
RCVD REDY
t:      10734 job     0 on # 0 of server tiny RUNNING
SENT JOBF 12309 9 47267 8 6300 4100
RCVD SCHD 9 medium 0
t:      12309 job     9 (waiting) on # 0 of server medium (booting) SCHEDULED
SENT OK
RCVD REDY
SENT JOBF 18114 9 47267 8 6300 4100
RCVD SCHD 9 medium 1
t:      18114 job     9 (waiting) on # 1 of server medium (booting) SCHEDULED
SENT OK
RCVD REDY
SENT JOBF 25052 9 47267 8 6300 4100
RCVD SCHD 9 medium 0
t:      25052 job     9 (waiting) on # 0 of server medium (booting) SCHEDULED
SENT OK
RCVD REDY
SENT JOBF 29995 9 47267 8 6300 4100
RCVD SCHD 9 medium 1
t:      29995 job     9 (waiting) on # 1 of server medium (booting) SCHEDULED
SENT OK
RCVD REDY
t:      30055 job     9 on # 1 of server medium RUNNING
SENT JOBF 31034 0 37232 2 500 600
RCVD SCHD 0 tiny 1
t:      31034 job     0 (waiting) on # 1 of server tiny (booting) SCHEDULED
SENT OK
RCVD REDY
SENT JOBF 38138 0 37232 2 500 600
RCVD SCHD 0 tiny 0
t:      38138 job     0 (waiting) on # 0 of server tiny (booting) SCHEDULED
SENT OK
RCVD REDY
t:      74925 job     7 on # 2 of server tiny COMPLETED
SENT JOBF 78161 0 37232 2 500 600
RCVD SCHD 0 tiny 2
t:      78161 job     0 (running) on # 2 of server tiny (active) SCHEDULED
t:      78161 job     0 on # 2 of server tiny RUNNING
SENT OK
RCVD REDY
SENT NONE
RCVD QUIT
t:      97484 job     0 on # 2 of server tiny COMPLETED
t:     110612 job     9 on # 1 of server medium COMPLETED
# ---------------------------------------------------------------------------
# 2 tiny servers used with a utilisation of 41.87 at the cost of $87.45
# 0 small servers used with a utilisation of 0.00 at the cost of $0.00
# 2 medium servers used with a utilisation of 40.61 at the cost of $78.60
# =============================== [ Overall ] ===============================
# total #servers used: 4, avg utilisation: 41.24 and total cost: $166.05
# avg waiting time: 10950, avg exec time: 17974 and avg turnaround time: 28925
