# ds-sim server 6Aug, 2019 @ MQ
# Server-side simulator started with './ds-server -n -v brief -c configs/scheduling/personal-config7.xml -f websites02'
# Waiting for connection to port 49152 of IP address 127.0.0.1
RCVD HELO
SENT OK
RCVD AUTH jak0723
# Welcome  jak0723!
# The system information can be read from 'system.xml'
SENT OK
RCVD REDY
SENT JOBN 83 0 37232 2 500 600
RCVD SCHD 0 tiny 0
t:         83 job     0 (waiting) on # 0 of server tiny (booting) SCHEDULED
SENT OK
RCVD REDY
t:        143 job     0 on # 0 of server tiny RUNNING
SENT JOBN 290 1 899 1 400 1200
RCVD SCHD 1 small 1
t:        290 job     1 (waiting) on # 1 of server small (booting) SCHEDULED
SENT OK
RCVD REDY
SENT JOBN 336 2 129 5 5300 7100
RCVD SCHD 2 medium 0
t:        336 job     2 (waiting) on # 0 of server medium (booting) SCHEDULED
SENT OK
RCVD REDY
t:        350 job     1 on # 1 of server small RUNNING
t:        396 job     2 on # 0 of server medium RUNNING
SENT JOBN 443 3 282 2 500 1100
RCVD SCHD 3 small 1
t:        443 job     3 (running) on # 1 of server small (active) SCHEDULED
t:        443 job     3 on # 1 of server small RUNNING
SENT OK
RCVD REDY
SENT JOBF 456 0 37232 2 500 600
RCVD SCHD 0 small 2
t:        456 job     0 (waiting) on # 2 of server small (booting) SCHEDULED
SENT OK
RCVD REDY
t:        516 job     0 on # 2 of server small RUNNING
t:        685 job     3 on # 1 of server small COMPLETED
SENT JOBN 728 4 1431 8 8000 15400
RCVD SCHD 4 medium 1
t:        728 job     4 (waiting) on # 1 of server medium (booting) SCHEDULED
SENT OK
RCVD REDY
t:        788 job     4 on # 1 of server medium RUNNING
SENT JOBN 867 5 604 1 800 1400
RCVD SCHD 5 small 1
t:        867 job     5 (running) on # 1 of server small (active) SCHEDULED
t:        867 job     5 on # 1 of server small RUNNING
SENT OK
RCVD REDY
SENT JOBN 870 6 709 1 900 200
RCVD SCHD 6 small 1
t:        870 job     6 (running) on # 1 of server small (active) SCHEDULED
t:        870 job     6 on # 1 of server small RUNNING
SENT OK
RCVD REDY
SENT JOBN 954 7 26259 1 1000 900
RCVD SCHD 7 small 1
t:        954 job     7 (running) on # 1 of server small (active) SCHEDULED
t:        954 job     7 on # 1 of server small RUNNING
SENT OK
RCVD REDY
SENT JOBN 1042 8 477 1 800 1700
RCVD SCHD 8 small 2
t:       1042 job     8 (running) on # 2 of server small (active) SCHEDULED
t:       1042 job     8 on # 2 of server small RUNNING
SENT OK
RCVD REDY
SENT JOBN 1064 9 47267 8 6300 4100
RCVD SCHD 9 medium 2
t:       1064 job     9 (waiting) on # 2 of server medium (booting) SCHEDULED
SENT OK
RCVD REDY
t:       1124 job     9 on # 2 of server medium RUNNING
t:       1249 job     1 on # 1 of server small COMPLETED
t:       1268 job     6 on # 1 of server small COMPLETED
t:       1341 job     2 on # 0 of server medium COMPLETED
t:       1402 job     8 on # 2 of server small COMPLETED
t:       1471 job     5 on # 1 of server small COMPLETED
SENT JOBF 2506 4 1431 8 8000 15400
RCVD SCHD 4 medium 0
t:       2506 job     4 (running) on # 0 of server medium (active) SCHEDULED
t:       2506 job     4 on # 0 of server medium RUNNING
SENT OK
RCVD REDY
SENT JOBF 2606 0 37232 2 500 600
RCVD SCHD 0 small 1
t:       2606 job     0 (running) on # 1 of server small (active) SCHEDULED
t:       2606 job     0 on # 1 of server small RUNNING
SENT OK
RCVD REDY
SENT JOBF 3106 9 47267 8 6300 4100
RCVD SCHD 9 medium 1
t:       3106 job     9 (waiting) on # 1 of server medium (booting) SCHEDULED
SENT OK
RCVD REDY
SENT JOBF 3231 9 47267 8 6300 4100
RCVD SCHD 9 medium 0
t:       3231 job     9 (waiting) on # 0 of server medium (active) SCHEDULED
SENT OK
RCVD REDY
SENT JOBF 4675 0 37232 2 500 600
RCVD SCHD 0 small 0
t:       4675 job     0 (waiting) on # 0 of server small (booting) SCHEDULED
SENT OK
RCVD REDY
SENT JOBF 4675 7 26259 1 1000 900
RCVD SCHD 7 medium 1
t:       4675 job     7 (waiting) on # 1 of server medium (booting) SCHEDULED
SENT OK
RCVD REDY
t:       4735 job     0 on # 0 of server small RUNNING
t:       4735 job     7 on # 1 of server medium RUNNING
SENT JOBF 4853 4 1431 8 8000 15400
RCVD SCHD 4 medium 2
t:       4853 job     4 (waiting) on # 2 of server medium (booting) SCHEDULED
SENT OK
RCVD REDY
SENT JOBF 4853 9 47267 8 6300 4100
RCVD SCHD 9 medium 1
t:       4853 job     9 (waiting) on # 1 of server medium (active) SCHEDULED
SENT OK
RCVD REDY
SENT JOBF 4906 4 1431 8 8000 15400
RCVD SCHD 4 medium 1
t:       4906 job     4 (waiting) on # 1 of server medium (active) SCHEDULED
SENT OK
RCVD REDY
SENT JOBF 5621 0 37232 2 500 600
RCVD SCHD 0 small 1
t:       5621 job     0 (waiting) on # 1 of server small (booting) SCHEDULED
SENT OK
RCVD REDY
t:       5681 job     0 on # 1 of server small RUNNING
SENT JOBF 8143 7 26259 1 1000 900
RCVD SCHD 7 small 1
t:       8143 job     7 (running) on # 1 of server small (active) SCHEDULED
t:       8143 job     7 on # 1 of server small RUNNING
SENT OK
RCVD REDY
SENT JOBF 8143 9 47267 8 6300 4100
RCVD SCHD 9 medium 2
t:       8143 job     9 (waiting) on # 2 of server medium (booting) SCHEDULED
SENT OK
RCVD REDY
SENT JOBF 8143 4 1431 8 8000 15400
RCVD SCHD 4 medium 0
t:       8143 job     4 (waiting) on # 0 of server medium (booting) SCHEDULED
SENT OK
RCVD REDY
t:       8203 job     9 on # 2 of server medium RUNNING
SENT JOBF 12300 4 1431 8 8000 15400
RCVD SCHD 4 medium 1
t:      12300 job     4 (waiting) on # 1 of server medium (booting) SCHEDULED
SENT OK
RCVD REDY
SENT JOBF 12340 9 47267 8 6300 4100
RCVD SCHD 9 medium 1
t:      12340 job     9 (waiting) on # 1 of server medium (booting) SCHEDULED
SENT OK
RCVD REDY
SENT JOBF 19638 4 1431 8 8000 15400
RCVD SCHD 4 medium 2
t:      19638 job     4 (waiting) on # 2 of server medium (booting) SCHEDULED
SENT OK
RCVD REDY
SENT JOBF 19638 9 47267 8 6300 4100
RCVD SCHD 9 medium 0
t:      19638 job     9 (waiting) on # 0 of server medium (booting) SCHEDULED
SENT OK
RCVD REDY
t:      19698 job     9 on # 0 of server medium RUNNING
t:      19698 job     4 on # 2 of server medium RUNNING
SENT JOBF 20735 0 37232 2 500 600
RCVD SCHD 0 tiny 0
t:      20735 job     0 (waiting) on # 0 of server tiny (booting) SCHEDULED
SENT OK
RCVD REDY
SENT JOBF 20735 7 26259 1 1000 900
RCVD SCHD 7 medium 1
t:      20735 job     7 (waiting) on # 1 of server medium (booting) SCHEDULED
SENT OK
RCVD REDY
t:      20795 job     0 on # 0 of server tiny RUNNING
t:      20795 job     7 on # 1 of server medium RUNNING
t:      24275 job     4 on # 2 of server medium COMPLETED
SENT JOBF 25022 9 47267 8 6300 4100
RCVD SCHD 9 medium 2
t:      25022 job     9 (running) on # 2 of server medium (active) SCHEDULED
t:      25022 job     9 on # 2 of server medium RUNNING
SENT OK
RCVD REDY
SENT JOBF 25027 9 47267 8 6300 4100
RCVD SCHD 9 medium 1
t:      25027 job     9 (waiting) on # 1 of server medium (active) SCHEDULED
SENT OK
RCVD REDY
SENT JOBF 29438 7 26259 1 1000 900
RCVD SCHD 7 medium 2
t:      29438 job     7 (waiting) on # 2 of server medium (booting) SCHEDULED
SENT OK
RCVD REDY
SENT JOBF 29438 9 47267 8 6300 4100
RCVD SCHD 9 medium 0
t:      29438 job     9 (waiting) on # 0 of server medium (booting) SCHEDULED
SENT OK
RCVD REDY
t:      29498 job     7 on # 2 of server medium RUNNING
SENT JOBF 30450 9 47267 8 6300 4100
RCVD SCHD 9 medium 1
t:      30450 job     9 (waiting) on # 1 of server medium (booting) SCHEDULED
SENT OK
RCVD REDY
SENT JOBF 30465 7 26259 1 1000 900
RCVD SCHD 7 small 1
t:      30465 job     7 (waiting) on # 1 of server small (booting) SCHEDULED
SENT OK
RCVD REDY
t:      30510 job     9 on # 1 of server medium RUNNING
t:      30525 job     7 on # 1 of server small RUNNING
SENT JOBF 31054 0 37232 2 500 600
RCVD SCHD 0 medium 2
t:      31054 job     0 (waiting) on # 2 of server medium (booting) SCHEDULED
SENT OK
RCVD REDY
t:      31114 job     0 on # 2 of server medium RUNNING
SENT JOBF 33561 7 26259 1 1000 900
RCVD SCHD 7 medium 2
t:      33561 job     7 (running) on # 2 of server medium (active) SCHEDULED
t:      33561 job     7 on # 2 of server medium RUNNING
SENT OK
RCVD REDY
SENT JOBF 38083 0 37232 2 500 600
RCVD SCHD 0 small 1
t:      38083 job     0 (waiting) on # 1 of server small (booting) SCHEDULED
SENT OK
RCVD REDY
SENT JOBF 38083 7 26259 1 1000 900
RCVD SCHD 7 tiny 0
t:      38083 job     7 (waiting) on # 0 of server tiny (booting) SCHEDULED
SENT OK
RCVD REDY
t:      38143 job     7 on # 0 of server tiny RUNNING
SENT JOBF 39817 0 37232 2 500 600
RCVD SCHD 0 small 2
t:      39817 job     0 (waiting) on # 2 of server small (booting) SCHEDULED
SENT OK
RCVD REDY
t:      39877 job     0 on # 2 of server small RUNNING
SENT JOBF 43728 9 47267 8 6300 4100
RCVD SCHD 9 medium 2
t:      43728 job     9 (waiting) on # 2 of server medium (booting) SCHEDULED
SENT OK
RCVD REDY
SENT JOBF 44813 9 47267 8 6300 4100
RCVD SCHD 9 medium 1
t:      44813 job     9 (waiting) on # 1 of server medium (booting) SCHEDULED
SENT OK
RCVD REDY
SENT JOBF 48056 9 47267 8 6300 4100
RCVD SCHD 9 medium 2
t:      48056 job     9 (waiting) on # 2 of server medium (booting) SCHEDULED
SENT OK
RCVD REDY
t:      48116 job     9 on # 2 of server medium RUNNING
SENT JOBF 48815 0 37232 2 500 600
RCVD SCHD 0 small 1
t:      48815 job     0 (waiting) on # 1 of server small (booting) SCHEDULED
SENT OK
RCVD REDY
SENT JOBF 51788 0 37232 2 500 600
RCVD SCHD 0 medium 1
t:      51788 job     0 (waiting) on # 1 of server medium (booting) SCHEDULED
SENT OK
RCVD REDY
SENT JOBF 52885 0 37232 2 500 600
RCVD SCHD 0 small 1
t:      52885 job     0 (waiting) on # 1 of server small (booting) SCHEDULED
SENT OK
RCVD REDY
SENT JOBF 56384 0 37232 2 500 600
RCVD SCHD 0 tiny 1
t:      56384 job     0 (waiting) on # 1 of server tiny (booting) SCHEDULED
SENT OK
RCVD REDY
SENT JOBF 57298 0 37232 2 500 600
RCVD SCHD 0 medium 1
t:      57298 job     0 (waiting) on # 1 of server medium (booting) SCHEDULED
SENT OK
RCVD REDY
SENT JOBF 57316 9 47267 8 6300 4100
RCVD SCHD 9 medium 0
t:      57316 job     9 (waiting) on # 0 of server medium (booting) SCHEDULED
SENT OK
RCVD REDY
t:      57358 job     0 on # 1 of server medium RUNNING
SENT JOBF 61855 9 47267 8 6300 4100
RCVD SCHD 9 medium 2
t:      61855 job     9 (waiting) on # 2 of server medium (booting) SCHEDULED
SENT OK
RCVD REDY
SENT JOBF 61887 9 47267 8 6300 4100
RCVD SCHD 9 medium 1
t:      61887 job     9 (waiting) on # 1 of server medium (active) SCHEDULED
SENT OK
RCVD REDY
SENT JOBF 61901 7 26259 1 1000 900
RCVD SCHD 7 small 0
t:      61901 job     7 (waiting) on # 0 of server small (booting) SCHEDULED
SENT OK
RCVD REDY
t:      61961 job     7 on # 0 of server small RUNNING
SENT JOBF 62827 0 37232 2 500 600
RCVD SCHD 0 medium 2
t:      62827 job     0 (waiting) on # 2 of server medium (booting) SCHEDULED
SENT OK
RCVD REDY
SENT JOBF 62827 9 47267 8 6300 4100
RCVD SCHD 9 medium 0
t:      62827 job     9 (waiting) on # 0 of server medium (booting) SCHEDULED
SENT OK
RCVD REDY
SENT JOBF 62860 7 26259 1 1000 900
RCVD SCHD 7 tiny 0
t:      62860 job     7 (waiting) on # 0 of server tiny (booting) SCHEDULED
SENT OK
RCVD REDY
t:      62887 job     9 on # 0 of server medium RUNNING
t:      62887 job     0 on # 2 of server medium RUNNING
SENT JOBF 78175 7 26259 1 1000 900
RCVD SCHD 7 medium 1
t:      78175 job     7 (waiting) on # 1 of server medium (booting) SCHEDULED
SENT OK
RCVD REDY
SENT NONE
RCVD QUIT
t:      78235 job     7 on # 1 of server medium RUNNING
t:      82210 job     0 on # 2 of server medium COMPLETED
t:     143444 job     9 on # 0 of server medium COMPLETED
t:     150079 job     7 on # 1 of server medium COMPLETED
# ---------------------------------------------------------------------------
# 0 tiny servers used with a utilisation of 0.00 at the cost of $0.00
# 2 small servers used with a utilisation of 0.36 at the cost of $53.91
# 3 medium servers used with a utilisation of 34.15 at the cost of $167.06
# =============================== [ Overall ] ===============================
# total #servers used: 5, avg utilisation: 20.63 and total cost: $220.97
# avg waiting time: 22099, avg exec time: 17974 and avg turnaround time: 40074
