# ds-sim server 6Aug, 2019 @ MQ
# Server-side simulator started with './ds-server -n -v brief -c configs/scheduling/personal-config7.xml -f websites02'
# Waiting for connection to port 49152 of IP address 127.0.0.1
RCVD HELO
SENT OK
RCVD AUTH jak0723
# Welcome  jak0723!
# The system information can be read from 'system.xml'
SENT OK
RCVD REDY
SENT JOBN 83 0 37232 2 500 600
RCVD SCHD 0 medium 0
t:         83 job     0 (waiting) on # 0 of server medium (booting) SCHEDULED
SENT OK
RCVD REDY
t:        143 job     0 on # 0 of server medium RUNNING
SENT JOBN 290 1 899 1 400 1200
RCVD SCHD 1 medium 0
t:        290 job     1 (running) on # 0 of server medium (active) SCHEDULED
t:        290 job     1 on # 0 of server medium RUNNING
SENT OK
RCVD REDY
SENT JOBN 336 2 129 5 5300 7100
RCVD SCHD 2 medium 0
t:        336 job     2 (running) on # 0 of server medium (active) SCHEDULED
t:        336 job     2 on # 0 of server medium RUNNING
SENT OK
RCVD REDY
SENT JOBN 443 3 282 2 500 1100
RCVD SCHD 3 medium 1
t:        443 job     3 (waiting) on # 1 of server medium (booting) SCHEDULED
SENT OK
RCVD REDY
t:        503 job     3 on # 1 of server medium RUNNING
SENT JOBN 728 4 1431 8 8000 15400
RCVD SCHD 4 medium 2
t:        728 job     4 (waiting) on # 2 of server medium (booting) SCHEDULED
SENT OK
RCVD REDY
t:        745 job     3 on # 1 of server medium COMPLETED
t:        788 job     4 on # 2 of server medium RUNNING
SENT JOBN 867 5 604 1 800 1400
RCVD SCHD 5 medium 1
t:        867 job     5 (running) on # 1 of server medium (active) SCHEDULED
t:        867 job     5 on # 1 of server medium RUNNING
SENT OK
RCVD REDY
SENT JOBN 870 6 709 1 900 200
RCVD SCHD 6 medium 1
t:        870 job     6 (running) on # 1 of server medium (active) SCHEDULED
t:        870 job     6 on # 1 of server medium RUNNING
SENT OK
RCVD REDY
SENT JOBN 954 7 26259 1 1000 900
RCVD SCHD 7 medium 1
t:        954 job     7 (running) on # 1 of server medium (active) SCHEDULED
t:        954 job     7 on # 1 of server medium RUNNING
SENT OK
RCVD REDY
SENT JOBN 1042 8 477 1 800 1700
RCVD SCHD 8 medium 1
t:       1042 job     8 (running) on # 1 of server medium (active) SCHEDULED
t:       1042 job     8 on # 1 of server medium RUNNING
SENT OK
RCVD REDY
SENT JOBN 1064 9 47267 8 6300 4100
RCVD SCHD 9 medium 0
t:       1064 job     9 (waiting) on # 0 of server medium (active) SCHEDULED
SENT OK
RCVD REDY
t:       1189 job     1 on # 0 of server medium COMPLETED
t:       1281 job     2 on # 0 of server medium COMPLETED
SENT JOBF 2506 6 709 1 900 200
RCVD SCHD 6 medium 0
t:       2506 job     6 (waiting) on # 0 of server medium (active) SCHEDULED
SENT OK
RCVD REDY
SENT JOBF 2506 8 477 1 800 1700
RCVD SCHD 8 medium 0
t:       2506 job     8 (waiting) on # 0 of server medium (active) SCHEDULED
SENT OK
RCVD REDY
SENT JOBF 2506 5 604 1 800 1400
RCVD SCHD 5 medium 0
t:       2506 job     5 (waiting) on # 0 of server medium (active) SCHEDULED
SENT OK
RCVD REDY
SENT JOBF 2506 7 26259 1 1000 900
RCVD SCHD 7 medium 0
t:       2506 job     7 (waiting) on # 0 of server medium (active) SCHEDULED
SENT OK
RCVD REDY
SENT JOBF 3106 4 1431 8 8000 15400
RCVD SCHD 4 medium 1
t:       3106 job     4 (waiting) on # 1 of server medium (booting) SCHEDULED
SENT OK
RCVD REDY
SENT JOBF 3231 4 1431 8 8000 15400
RCVD SCHD 4 medium 0
t:       3231 job     4 (waiting) on # 0 of server medium (active) SCHEDULED
SENT OK
RCVD REDY
SENT JOBF 4853 0 37232 2 500 600
RCVD SCHD 0 medium 1
t:       4853 job     0 (waiting) on # 1 of server medium (booting) SCHEDULED
SENT OK
RCVD REDY
SENT JOBF 4853 9 47267 8 6300 4100
RCVD SCHD 9 medium 2
t:       4853 job     9 (waiting) on # 2 of server medium (booting) SCHEDULED
SENT OK
RCVD REDY
SENT JOBF 4853 6 709 1 900 200
RCVD SCHD 6 medium 1
t:       4853 job     6 (waiting) on # 1 of server medium (booting) SCHEDULED
SENT OK
RCVD REDY
SENT JOBF 4853 8 477 1 800 1700
RCVD SCHD 8 medium 1
t:       4853 job     8 (waiting) on # 1 of server medium (booting) SCHEDULED
SENT OK
RCVD REDY
SENT JOBF 4853 5 604 1 800 1400
RCVD SCHD 5 small 0
t:       4853 job     5 (waiting) on # 0 of server small (booting) SCHEDULED
SENT OK
RCVD REDY
SENT JOBF 4853 7 26259 1 1000 900
RCVD SCHD 7 small 1
t:       4853 job     7 (waiting) on # 1 of server small (booting) SCHEDULED
SENT OK
RCVD REDY
SENT JOBF 4853 4 1431 8 8000 15400
RCVD SCHD 4 medium 1
t:       4853 job     4 (waiting) on # 1 of server medium (booting) SCHEDULED
SENT OK
RCVD REDY
SENT JOBF 4906 9 47267 8 6300 4100
RCVD SCHD 9 medium 1
t:       4906 job     9 (waiting) on # 1 of server medium (booting) SCHEDULED
SENT OK
RCVD REDY
t:       4913 job     7 on # 1 of server small RUNNING
t:       4913 job     0 on # 1 of server medium RUNNING
t:       4913 job     6 on # 1 of server medium RUNNING
t:       4913 job     8 on # 1 of server medium RUNNING
t:       5273 job     8 on # 1 of server medium COMPLETED
t:       5311 job     6 on # 1 of server medium COMPLETED
SENT JOBF 5621 5 604 1 800 1400
RCVD SCHD 5 medium 1
t:       5621 job     5 (waiting) on # 1 of server medium (active) SCHEDULED
SENT OK
RCVD REDY
SENT JOBF 8143 0 37232 2 500 600
RCVD SCHD 0 small 1
t:       8143 job     0 (running) on # 1 of server small (active) SCHEDULED
t:       8143 job     0 on # 1 of server small RUNNING
SENT OK
RCVD REDY
SENT JOBF 8143 4 1431 8 8000 15400
RCVD SCHD 4 medium 0
t:       8143 job     4 (waiting) on # 0 of server medium (booting) SCHEDULED
SENT OK
RCVD REDY
SENT JOBF 8143 9 47267 8 6300 4100
RCVD SCHD 9 medium 2
t:       8143 job     9 (waiting) on # 2 of server medium (booting) SCHEDULED
SENT OK
RCVD REDY
SENT JOBF 8143 5 604 1 800 1400
RCVD SCHD 5 small 1
t:       8143 job     5 (running) on # 1 of server small (active) SCHEDULED
t:       8143 job     5 on # 1 of server small RUNNING
SENT OK
RCVD REDY
t:       8203 job     9 on # 2 of server medium RUNNING
t:       8747 job     5 on # 1 of server small COMPLETED
SENT JOBF 12300 4 1431 8 8000 15400
RCVD SCHD 4 medium 1
t:      12300 job     4 (waiting) on # 1 of server medium (booting) SCHEDULED
SENT OK
RCVD REDY
SENT JOBF 12340 9 47267 8 6300 4100
RCVD SCHD 9 medium 1
t:      12340 job     9 (waiting) on # 1 of server medium (booting) SCHEDULED
SENT OK
RCVD REDY
SENT JOBF 19638 4 1431 8 8000 15400
RCVD SCHD 4 medium 0
t:      19638 job     4 (waiting) on # 0 of server medium (booting) SCHEDULED
SENT OK
RCVD REDY
SENT JOBF 19638 9 47267 8 6300 4100
RCVD SCHD 9 medium 2
t:      19638 job     9 (waiting) on # 2 of server medium (booting) SCHEDULED
SENT OK
RCVD REDY
t:      19698 job     4 on # 0 of server medium RUNNING
t:      19698 job     9 on # 2 of server medium RUNNING
SENT JOBF 20735 0 37232 2 500 600
RCVD SCHD 0 medium 1
t:      20735 job     0 (waiting) on # 1 of server medium (booting) SCHEDULED
SENT OK
RCVD REDY
SENT JOBF 20735 7 26259 1 1000 900
RCVD SCHD 7 medium 1
t:      20735 job     7 (waiting) on # 1 of server medium (booting) SCHEDULED
SENT OK
RCVD REDY
t:      20795 job     0 on # 1 of server medium RUNNING
t:      20795 job     7 on # 1 of server medium RUNNING
SENT JOBF 25022 4 1431 8 8000 15400
RCVD SCHD 4 medium 1
t:      25022 job     4 (waiting) on # 1 of server medium (active) SCHEDULED
SENT OK
RCVD REDY
SENT JOBF 25027 9 47267 8 6300 4100
RCVD SCHD 9 medium 1
t:      25027 job     9 (waiting) on # 1 of server medium (active) SCHEDULED
SENT OK
RCVD REDY
SENT JOBF 29438 0 37232 2 500 600
RCVD SCHD 0 medium 0
t:      29438 job     0 (waiting) on # 0 of server medium (booting) SCHEDULED
SENT OK
RCVD REDY
SENT JOBF 29438 7 26259 1 1000 900
RCVD SCHD 7 medium 2
t:      29438 job     7 (waiting) on # 2 of server medium (booting) SCHEDULED
SENT OK
RCVD REDY
SENT JOBF 29438 4 1431 8 8000 15400
RCVD SCHD 4 medium 0
t:      29438 job     4 (waiting) on # 0 of server medium (booting) SCHEDULED
SENT OK
RCVD REDY
SENT JOBF 29438 9 47267 8 6300 4100
RCVD SCHD 9 medium 0
t:      29438 job     9 (waiting) on # 0 of server medium (booting) SCHEDULED
SENT OK
RCVD REDY
t:      29498 job     7 on # 2 of server medium RUNNING
SENT JOBF 30450 0 37232 2 500 600
RCVD SCHD 0 medium 2
t:      30450 job     0 (running) on # 2 of server medium (active) SCHEDULED
t:      30450 job     0 on # 2 of server medium RUNNING
SENT OK
RCVD REDY
SENT JOBF 30450 4 1431 8 8000 15400
RCVD SCHD 4 medium 1
t:      30450 job     4 (waiting) on # 1 of server medium (booting) SCHEDULED
SENT OK
RCVD REDY
SENT JOBF 30450 9 47267 8 6300 4100
RCVD SCHD 9 medium 1
t:      30450 job     9 (waiting) on # 1 of server medium (booting) SCHEDULED
SENT OK
RCVD REDY
SENT JOBF 30465 0 37232 2 500 600
RCVD SCHD 0 small 0
t:      30465 job     0 (waiting) on # 0 of server small (booting) SCHEDULED
SENT OK
RCVD REDY
SENT JOBF 30465 7 26259 1 1000 900
RCVD SCHD 7 small 1
t:      30465 job     7 (waiting) on # 1 of server small (booting) SCHEDULED
SENT OK
RCVD REDY
t:      30510 job     4 on # 1 of server medium RUNNING
t:      30525 job     7 on # 1 of server small RUNNING
SENT JOBF 30532 0 37232 2 500 600
RCVD SCHD 0 small 1
t:      30532 job     0 (running) on # 1 of server small (active) SCHEDULED
t:      30532 job     0 on # 1 of server small RUNNING
SENT OK
RCVD REDY
SENT JOBF 33561 0 37232 2 500 600
RCVD SCHD 0 medium 0
t:      33561 job     0 (waiting) on # 0 of server medium (booting) SCHEDULED
SENT OK
RCVD REDY
SENT JOBF 33561 7 26259 1 1000 900
RCVD SCHD 7 medium 2
t:      33561 job     7 (waiting) on # 2 of server medium (booting) SCHEDULED
SENT OK
RCVD REDY
t:      33621 job     0 on # 0 of server medium RUNNING
t:      35087 job     4 on # 1 of server medium COMPLETED
t:      35087 job     9 on # 1 of server medium RUNNING
SENT JOBF 38083 7 26259 1 1000 900
RCVD SCHD 7 medium 0
t:      38083 job     7 (running) on # 0 of server medium (active) SCHEDULED
t:      38083 job     7 on # 0 of server medium RUNNING
SENT OK
RCVD REDY
SENT JOBF 43728 9 47267 8 6300 4100
RCVD SCHD 9 medium 2
t:      43728 job     9 (waiting) on # 2 of server medium (booting) SCHEDULED
SENT OK
RCVD REDY
SENT JOBF 44813 9 47267 8 6300 4100
RCVD SCHD 9 medium 1
t:      44813 job     9 (waiting) on # 1 of server medium (booting) SCHEDULED
SENT OK
RCVD REDY
SENT JOBF 48056 9 47267 8 6300 4100
RCVD SCHD 9 medium 2
t:      48056 job     9 (waiting) on # 2 of server medium (booting) SCHEDULED
SENT OK
RCVD REDY
t:      52944 job     0 on # 0 of server medium COMPLETED
SENT JOBF 57316 9 47267 8 6300 4100
RCVD SCHD 9 medium 1
t:      57316 job     9 (waiting) on # 1 of server medium (booting) SCHEDULED
SENT OK
RCVD REDY
t:      57376 job     9 on # 1 of server medium RUNNING
SENT JOBF 61855 7 26259 1 1000 900
RCVD SCHD 7 medium 2
t:      61855 job     7 (waiting) on # 2 of server medium (booting) SCHEDULED
SENT OK
RCVD REDY
SENT JOBF 61887 7 26259 1 1000 900
RCVD SCHD 7 small 0
t:      61887 job     7 (waiting) on # 0 of server small (booting) SCHEDULED
SENT OK
RCVD REDY
t:      61947 job     7 on # 0 of server small RUNNING
SENT JOBF 62827 9 47267 8 6300 4100
RCVD SCHD 9 medium 0
t:      62827 job     9 (waiting) on # 0 of server medium (booting) SCHEDULED
SENT OK
RCVD REDY
SENT JOBF 62860 7 26259 1 1000 900
RCVD SCHD 7 medium 2
t:      62860 job     7 (waiting) on # 2 of server medium (booting) SCHEDULED
SENT OK
RCVD REDY
SENT NONE
RCVD QUIT
t:      62887 job     9 on # 0 of server medium RUNNING
t:      62920 job     7 on # 2 of server medium RUNNING
t:     134764 job     7 on # 2 of server medium COMPLETED
t:     143444 job     9 on # 0 of server medium COMPLETED
# ---------------------------------------------------------------------------
# 0 tiny servers used with a utilisation of 0.00 at the cost of $0.00
# 1 small servers used with a utilisation of 0.19 at the cost of $35.18
# 3 medium servers used with a utilisation of 35.12 at the cost of $162.72
# =============================== [ Overall ] ===============================
# total #servers used: 4, avg utilisation: 26.39 and total cost: $197.90
# avg waiting time: 20235, avg exec time: 17974 and avg turnaround time: 38210
