# ds-sim server 6Aug, 2019 @ MQ
# Server-side simulator started with './ds-server -n -v brief -c configs/scheduling/personal-config7.xml -f websites02'
# Waiting for connection to port 49152 of IP address 127.0.0.1
RCVD HELO
SENT OK
RCVD AUTH jak0723
# Welcome  jak0723!
# The system information can be read from 'system.xml'
SENT OK
RCVD REDY
SENT JOBN 83 0 37232 2 500 600
RCVD SCHD 0 tiny 0
t:         83 job     0 (waiting) on # 0 of server tiny (booting) SCHEDULED
SENT OK
RCVD REDY
t:        143 job     0 on # 0 of server tiny RUNNING
SENT JOBN 290 1 899 1 400 1200
RCVD SCHD 1 small 1
t:        290 job     1 (waiting) on # 1 of server small (booting) SCHEDULED
SENT OK
RCVD REDY
SENT JOBN 336 2 129 5 5300 7100
RCVD SCHD 2 medium 0
t:        336 job     2 (waiting) on # 0 of server medium (booting) SCHEDULED
SENT OK
RCVD REDY
t:        350 job     1 on # 1 of server small RUNNING
t:        396 job     2 on # 0 of server medium RUNNING
SENT JOBN 443 3 282 2 500 1100
RCVD SCHD 3 tiny 1
t:        443 job     3 (waiting) on # 1 of server tiny (booting) SCHEDULED
SENT OK
RCVD REDY
SENT JOBF 456 0 37232 2 500 600
RCVD SCHD 0 medium 2
t:        456 job     0 (waiting) on # 2 of server medium (booting) SCHEDULED
SENT OK
RCVD REDY
t:        503 job     3 on # 1 of server tiny RUNNING
t:        516 job     0 on # 2 of server medium RUNNING
SENT JOBN 728 4 1431 8 8000 15400
RCVD SCHD 4 medium 1
t:        728 job     4 (waiting) on # 1 of server medium (booting) SCHEDULED
SENT OK
RCVD REDY
t:        745 job     3 on # 1 of server tiny COMPLETED
t:        788 job     4 on # 1 of server medium RUNNING
SENT JOBN 867 5 604 1 800 1400
RCVD SCHD 5 tiny 0
t:        867 job     5 (waiting) on # 0 of server tiny (booting) SCHEDULED
SENT OK
RCVD REDY
SENT JOBN 870 6 709 1 900 200
RCVD SCHD 6 tiny 1
t:        870 job     6 (running) on # 1 of server tiny (active) SCHEDULED
t:        870 job     6 on # 1 of server tiny RUNNING
SENT OK
RCVD REDY
t:        927 job     5 on # 0 of server tiny RUNNING
SENT JOBN 954 7 26259 1 1000 900
RCVD SCHD 7 tiny 0
t:        954 job     7 (running) on # 0 of server tiny (active) SCHEDULED
t:        954 job     7 on # 0 of server tiny RUNNING
SENT OK
RCVD REDY
SENT JOBN 1042 8 477 1 800 1700
RCVD SCHD 8 tiny 1
t:       1042 job     8 (running) on # 1 of server tiny (active) SCHEDULED
t:       1042 job     8 on # 1 of server tiny RUNNING
SENT OK
RCVD REDY
SENT JOBN 1064 9 47267 8 6300 4100
RCVD SCHD 9 medium 2
t:       1064 job     9 (waiting) on # 2 of server medium (active) SCHEDULED
SENT OK
RCVD REDY
t:       1249 job     1 on # 1 of server small COMPLETED
t:       1341 job     2 on # 0 of server medium COMPLETED
t:       1531 job     5 on # 0 of server tiny COMPLETED
SENT JOBF 1714 6 709 1 900 200
RCVD SCHD 6 small 0
t:       1714 job     6 (waiting) on # 0 of server small (booting) SCHEDULED
SENT OK
RCVD REDY
SENT JOBF 1714 8 477 1 800 1700
RCVD SCHD 8 tiny 0
t:       1714 job     8 (running) on # 0 of server tiny (active) SCHEDULED
t:       1714 job     8 on # 0 of server tiny RUNNING
SENT OK
RCVD REDY
t:       2074 job     8 on # 0 of server tiny COMPLETED
SENT JOBF 2490 6 709 1 900 200
RCVD SCHD 6 tiny 1
t:       2490 job     6 (waiting) on # 1 of server tiny (booting) SCHEDULED
SENT OK
RCVD REDY
SENT JOBF 2506 4 1431 8 8000 15400
RCVD SCHD 4 medium 0
t:       2506 job     4 (running) on # 0 of server medium (active) SCHEDULED
t:       2506 job     4 on # 0 of server medium RUNNING
SENT OK
RCVD REDY
SENT JOBF 3039 6 709 1 900 200
RCVD SCHD 6 small 2
t:       3039 job     6 (waiting) on # 2 of server small (booting) SCHEDULED
SENT OK
RCVD REDY
t:       3099 job     6 on # 2 of server small RUNNING
SENT JOBF 3106 0 37232 2 500 600
RCVD SCHD 0 small 2
t:       3106 job     0 (running) on # 2 of server small (active) SCHEDULED
t:       3106 job     0 on # 2 of server small RUNNING
SENT OK
RCVD REDY
SENT JOBF 3106 9 47267 8 6300 4100
RCVD SCHD 9 medium 1
t:       3106 job     9 (waiting) on # 1 of server medium (booting) SCHEDULED
SENT OK
RCVD REDY
SENT JOBF 3231 9 47267 8 6300 4100
RCVD SCHD 9 medium 0
t:       3231 job     9 (waiting) on # 0 of server medium (active) SCHEDULED
SENT OK
RCVD REDY
SENT JOBF 3287 7 26259 1 1000 900
RCVD SCHD 7 small 2
t:       3287 job     7 (running) on # 2 of server small (active) SCHEDULED
t:       3287 job     7 on # 2 of server small RUNNING
SENT OK
RCVD REDY
SENT JOBF 3996 6 709 1 900 200
RCVD SCHD 6 tiny 0
t:       3996 job     6 (waiting) on # 0 of server tiny (booting) SCHEDULED
SENT OK
RCVD REDY
SENT JOBF 3996 0 37232 2 500 600
RCVD SCHD 0 medium 2
t:       3996 job     0 (waiting) on # 2 of server medium (booting) SCHEDULED
SENT OK
RCVD REDY
SENT JOBF 3996 7 26259 1 1000 900
RCVD SCHD 7 tiny 1
t:       3996 job     7 (waiting) on # 1 of server tiny (booting) SCHEDULED
SENT OK
RCVD REDY
t:       4056 job     6 on # 0 of server tiny RUNNING
t:       4056 job     7 on # 1 of server tiny RUNNING
t:       4056 job     0 on # 2 of server medium RUNNING
t:       4454 job     6 on # 0 of server tiny COMPLETED
SENT JOBF 4853 4 1431 8 8000 15400
RCVD SCHD 4 medium 1
t:       4853 job     4 (waiting) on # 1 of server medium (booting) SCHEDULED
SENT OK
RCVD REDY
SENT JOBF 4853 9 47267 8 6300 4100
RCVD SCHD 9 medium 1
t:       4853 job     9 (waiting) on # 1 of server medium (booting) SCHEDULED
SENT OK
RCVD REDY
SENT JOBF 4876 7 26259 1 1000 900
RCVD SCHD 7 small 1
t:       4876 job     7 (waiting) on # 1 of server small (booting) SCHEDULED
SENT OK
RCVD REDY
SENT JOBF 4906 0 37232 2 500 600
RCVD SCHD 0 tiny 0
t:       4906 job     0 (running) on # 0 of server tiny (active) SCHEDULED
t:       4906 job     0 on # 0 of server tiny RUNNING
SENT OK
RCVD REDY
t:       4936 job     7 on # 1 of server small RUNNING
SENT JOBF 8143 4 1431 8 8000 15400
RCVD SCHD 4 medium 0
t:       8143 job     4 (waiting) on # 0 of server medium (booting) SCHEDULED
SENT OK
RCVD REDY
SENT JOBF 8143 9 47267 8 6300 4100
RCVD SCHD 9 medium 2
t:       8143 job     9 (waiting) on # 2 of server medium (booting) SCHEDULED
SENT OK
RCVD REDY
t:       8203 job     4 on # 0 of server medium RUNNING
t:       8203 job     9 on # 2 of server medium RUNNING
SENT JOBF 10315 0 37232 2 500 600
RCVD SCHD 0 small 1
t:      10315 job     0 (running) on # 1 of server small (active) SCHEDULED
t:      10315 job     0 on # 1 of server small RUNNING
SENT OK
RCVD REDY
SENT JOBF 12300 4 1431 8 8000 15400
RCVD SCHD 4 medium 1
t:      12300 job     4 (waiting) on # 1 of server medium (booting) SCHEDULED
SENT OK
RCVD REDY
SENT JOBF 12340 9 47267 8 6300 4100
RCVD SCHD 9 medium 1
t:      12340 job     9 (waiting) on # 1 of server medium (booting) SCHEDULED
SENT OK
RCVD REDY
SENT JOBF 19638 4 1431 8 8000 15400
RCVD SCHD 4 medium 0
t:      19638 job     4 (waiting) on # 0 of server medium (booting) SCHEDULED
SENT OK
RCVD REDY
SENT JOBF 19638 9 47267 8 6300 4100
RCVD SCHD 9 medium 2
t:      19638 job     9 (waiting) on # 2 of server medium (booting) SCHEDULED
SENT OK
RCVD REDY
t:      19698 job     4 on # 0 of server medium RUNNING
t:      19698 job     9 on # 2 of server medium RUNNING
SENT JOBF 20735 0 37232 2 500 600
RCVD SCHD 0 small 2
t:      20735 job     0 (waiting) on # 2 of server small (booting) SCHEDULED
SENT OK
RCVD REDY
SENT JOBF 20735 7 26259 1 1000 900
RCVD SCHD 7 tiny 0
t:      20735 job     7 (waiting) on # 0 of server tiny (booting) SCHEDULED
SENT OK
RCVD REDY
t:      20795 job     7 on # 0 of server tiny RUNNING
t:      20795 job     0 on # 2 of server small RUNNING
SENT JOBF 25022 4 1431 8 8000 15400
RCVD SCHD 4 medium 1
t:      25022 job     4 (waiting) on # 1 of server medium (booting) SCHEDULED
SENT OK
RCVD REDY
SENT JOBF 25027 9 47267 8 6300 4100
RCVD SCHD 9 medium 1
t:      25027 job     9 (waiting) on # 1 of server medium (booting) SCHEDULED
SENT OK
RCVD REDY
SENT JOBF 29438 4 1431 8 8000 15400
RCVD SCHD 4 medium 0
t:      29438 job     4 (waiting) on # 0 of server medium (booting) SCHEDULED
SENT OK
RCVD REDY
SENT JOBF 29438 9 47267 8 6300 4100
RCVD SCHD 9 medium 2
t:      29438 job     9 (waiting) on # 2 of server medium (booting) SCHEDULED
SENT OK
RCVD REDY
t:      29498 job     4 on # 0 of server medium RUNNING
t:      29498 job     9 on # 2 of server medium RUNNING
SENT JOBF 29920 0 37232 2 500 600
RCVD SCHD 0 small 1
t:      29920 job     0 (waiting) on # 1 of server small (booting) SCHEDULED
SENT OK
RCVD REDY
t:      29980 job     0 on # 1 of server small RUNNING
SENT JOBF 30450 4 1431 8 8000 15400
RCVD SCHD 4 medium 1
t:      30450 job     4 (waiting) on # 1 of server medium (booting) SCHEDULED
SENT OK
RCVD REDY
SENT JOBF 30465 9 47267 8 6300 4100
RCVD SCHD 9 medium 1
t:      30465 job     9 (waiting) on # 1 of server medium (booting) SCHEDULED
SENT OK
RCVD REDY
t:      30510 job     4 on # 1 of server medium RUNNING
SENT JOBF 31054 7 26259 1 1000 900
RCVD SCHD 7 small 1
t:      31054 job     7 (running) on # 1 of server small (active) SCHEDULED
t:      31054 job     7 on # 1 of server small RUNNING
SENT OK
RCVD REDY
SENT JOBF 33561 0 37232 2 500 600
RCVD SCHD 0 tiny 0
t:      33561 job     0 (waiting) on # 0 of server tiny (booting) SCHEDULED
SENT OK
RCVD REDY
SENT JOBF 33561 7 26259 1 1000 900
RCVD SCHD 7 medium 0
t:      33561 job     7 (waiting) on # 0 of server medium (booting) SCHEDULED
SENT OK
RCVD REDY
t:      33621 job     0 on # 0 of server tiny RUNNING
t:      33621 job     7 on # 0 of server medium RUNNING
SENT JOBF 43728 4 1431 8 8000 15400
RCVD SCHD 4 medium 2
t:      43728 job     4 (waiting) on # 2 of server medium (booting) SCHEDULED
SENT OK
RCVD REDY
SENT JOBF 43728 9 47267 8 6300 4100
RCVD SCHD 9 medium 0
t:      43728 job     9 (waiting) on # 0 of server medium (active) SCHEDULED
SENT OK
RCVD REDY
SENT JOBF 44813 4 1431 8 8000 15400
RCVD SCHD 4 medium 1
t:      44813 job     4 (waiting) on # 1 of server medium (booting) SCHEDULED
SENT OK
RCVD REDY
SENT JOBF 48056 4 1431 8 8000 15400
RCVD SCHD 4 medium 2
t:      48056 job     4 (waiting) on # 2 of server medium (booting) SCHEDULED
SENT OK
RCVD REDY
t:      52944 job     0 on # 0 of server tiny COMPLETED
SENT JOBF 57316 4 1431 8 8000 15400
RCVD SCHD 4 medium 1
t:      57316 job     4 (waiting) on # 1 of server medium (booting) SCHEDULED
SENT OK
RCVD REDY
t:      57376 job     4 on # 1 of server medium RUNNING
SENT JOBF 61855 7 26259 1 1000 900
RCVD SCHD 7 small 1
t:      61855 job     7 (waiting) on # 1 of server small (booting) SCHEDULED
SENT OK
RCVD REDY
SENT JOBF 61855 9 47267 8 6300 4100
RCVD SCHD 9 medium 2
t:      61855 job     9 (waiting) on # 2 of server medium (booting) SCHEDULED
SENT OK
RCVD REDY
SENT JOBF 61887 9 47267 8 6300 4100
RCVD SCHD 9 medium 1
t:      61887 job     9 (waiting) on # 1 of server medium (active) SCHEDULED
SENT OK
RCVD REDY
t:      61915 job     7 on # 1 of server small RUNNING
SENT JOBF 62827 4 1431 8 8000 15400
RCVD SCHD 4 medium 0
t:      62827 job     4 (waiting) on # 0 of server medium (booting) SCHEDULED
SENT OK
RCVD REDY
SENT JOBF 62827 9 47267 8 6300 4100
RCVD SCHD 9 medium 2
t:      62827 job     9 (waiting) on # 2 of server medium (booting) SCHEDULED
SENT OK
RCVD REDY
t:      62887 job     4 on # 0 of server medium RUNNING
t:      62887 job     9 on # 2 of server medium RUNNING
t:      67464 job     4 on # 0 of server medium COMPLETED
SENT JOBF 70180 7 26259 1 1000 900
RCVD SCHD 7 tiny 0
t:      70180 job     7 (waiting) on # 0 of server tiny (booting) SCHEDULED
SENT OK
RCVD REDY
SENT JOBF 78175 7 26259 1 1000 900
RCVD SCHD 7 medium 0
t:      78175 job     7 (running) on # 0 of server medium (active) SCHEDULED
t:      78175 job     7 on # 0 of server medium RUNNING
SENT OK
RCVD REDY
SENT NONE
RCVD QUIT
t:     143444 job     9 on # 2 of server medium COMPLETED
t:     150019 job     7 on # 0 of server medium COMPLETED
# ---------------------------------------------------------------------------
# 2 tiny servers used with a utilisation of 4.27 at the cost of $69.43
# 1 small servers used with a utilisation of 0.35 at the cost of $28.32
# 2 medium servers used with a utilisation of 40.07 at the cost of $100.20
# =============================== [ Overall ] ===============================
# total #servers used: 5, avg utilisation: 17.81 and total cost: $197.95
# avg waiting time: 23883, avg exec time: 17974 and avg turnaround time: 41858
