
>>>>>>>>>>>>>>>>>>>>>>>>>>>>>>>>>>>>>>>>> ff <<<<<<<<<<<<<<<<<<<<<<<<<<<<<<<<<<<<<<<<<<
# ds-sim server 11-Mar, 2020 @ MQ
# Server-side simulator started with './ds-server -c ./configs/journal/config100-short-low.xml -f nd07cpu -v stats'
# Waiting for connection to port 50000 of IP address 127.0.0.1
# Welcome  jak0723!
# The system information can be read from 'system.xml'
# ---------------------------------------------------------------------------
# 14 tiny servers used with a utilisation of 27.75 at the cost of $14.09
# 6 small servers used with a utilisation of 20.71 at the cost of $16.31
# 6 medium servers used with a utilisation of 27.99 at the cost of $31.18
# 9 large servers used with a utilisation of 37.39 at the cost of $75.28
# 15 xlarge servers used with a utilisation of 29.54 at the cost of $263.36
# =============================== [ Overall ] ===============================
# actual simulation end time: 92569, #jobs: 1243
# total #servers used: 50, avg utilisation: 29.21 and total cost: $400.22
# avg waiting time: 155, avg exec time: 574 and avg turnaround time: 729

>>>>>>>>>>>>>>>>>>>>>>>>>>>>>>>>>>>>>>>>> bf <<<<<<<<<<<<<<<<<<<<<<<<<<<<<<<<<<<<<<<<<<
# ds-sim server 11-Mar, 2020 @ MQ
# Server-side simulator started with './ds-server -c ./configs/journal/config100-short-low.xml -f nd07cpu -v stats'
# Waiting for connection to port 50000 of IP address 127.0.0.1
# Welcome  jak0723!
# The system information can be read from 'system.xml'
# ---------------------------------------------------------------------------
# 14 tiny servers used with a utilisation of 27.75 at the cost of $14.09
# 6 small servers used with a utilisation of 20.59 at the cost of $16.31
# 6 medium servers used with a utilisation of 29.63 at the cost of $26.81
# 6 large servers used with a utilisation of 40.86 at the cost of $56.08
# 16 xlarge servers used with a utilisation of 31.00 at the cost of $259.11
# =============================== [ Overall ] ===============================
# actual simulation end time: 92569, #jobs: 1243
# total #servers used: 48, avg utilisation: 29.81 and total cost: $372.40
# avg waiting time: 144, avg exec time: 574 and avg turnaround time: 718

>>>>>>>>>>>>>>>>>>>>>>>>>>>>>>>>>>>>>>>>> minwjff <<<<<<<<<<<<<<<<<<<<<<<<<<<<<<<<<<<<<<<<<<
# ds-sim server 11-Mar, 2020 @ MQ
# Server-side simulator started with './ds-server -c ./configs/journal/config100-short-low.xml -f nd07cpu -v stats'
# Waiting for connection to port 50000 of IP address 127.0.0.1
# Welcome  jak0723!
# The system information can be read from 'system.xml'
# ---------------------------------------------------------------------------
# 10 tiny servers used with a utilisation of 45.59 at the cost of $7.11
# 6 small servers used with a utilisation of 23.10 at the cost of $8.48
# 6 medium servers used with a utilisation of 30.61 at the cost of $24.54
# 10 large servers used with a utilisation of 34.32 at the cost of $55.95
# 13 xlarge servers used with a utilisation of 31.36 at the cost of $239.06
# =============================== [ Overall ] ===============================
# actual simulation end time: 92569, #jobs: 1243
# total #servers used: 45, avg utilisation: 33.97 and total cost: $335.14
# avg waiting time: 35, avg exec time: 574 and avg turnaround time: 609

>>>>>>>>>>>>>>>>>>>>>>>>>>>>>>>>>>>>>>>>> minwjbf <<<<<<<<<<<<<<<<<<<<<<<<<<<<<<<<<<<<<<<<<<
# ds-sim server 11-Mar, 2020 @ MQ
# Server-side simulator started with './ds-server -c ./configs/journal/config100-short-low.xml -f nd07cpu -v stats'
# Waiting for connection to port 50000 of IP address 127.0.0.1
# Welcome  jak0723!
# The system information can be read from 'system.xml'
# ---------------------------------------------------------------------------
# 10 tiny servers used with a utilisation of 45.59 at the cost of $7.11
# 6 small servers used with a utilisation of 22.63 at the cost of $8.39
# 6 medium servers used with a utilisation of 27.58 at the cost of $21.80
# 9 large servers used with a utilisation of 37.45 at the cost of $47.87
# 16 xlarge servers used with a utilisation of 36.23 at the cost of $229.98
# =============================== [ Overall ] ===============================
# actual simulation end time: 92569, #jobs: 1243
# total #servers used: 47, avg utilisation: 35.61 and total cost: $315.15
# avg waiting time: 40, avg exec time: 574 and avg turnaround time: 614

>>>>>>>>>>>>>>>>>>>>>>>>>>>>>>>>>>>>>>>>> csa <<<<<<<<<<<<<<<<<<<<<<<<<<<<<<<<<<<<<<<<<<
# ds-sim server 11-Mar, 2020 @ MQ
# Server-side simulator started with './ds-server -c ./configs/journal/config100-short-low.xml -f nd07cpu -v stats'
# Waiting for connection to port 50000 of IP address 127.0.0.1
# Welcome  jak0723!
# The system information can be read from 'system.xml'
# ---------------------------------------------------------------------------
# 13 tiny servers used with a utilisation of 33.16 at the cost of $8.83
# 11 small servers used with a utilisation of 13.81 at the cost of $21.61
# 11 medium servers used with a utilisation of 26.76 at the cost of $33.31
# 13 large servers used with a utilisation of 30.66 at the cost of $73.07
# 18 xlarge servers used with a utilisation of 29.64 at the cost of $300.44
# =============================== [ Overall ] ===============================
# actual simulation end time: 92569, #jobs: 1243
# total #servers used: 66, avg utilisation: 27.42 and total cost: $437.26
# avg waiting time: 96, avg exec time: 574 and avg turnaround time: 670
