
>>>>>>>>>>>>>>>>>>>>>>>>>>>>>>>>>>>>>>>>> ff <<<<<<<<<<<<<<<<<<<<<<<<<<<<<<<<<<<<<<<<<<
# ds-sim server 11-Mar, 2020 @ MQ
# Server-side simulator started with './ds-server -c ./configs/journal/config20-med-med.xml -v stats'
# Waiting for connection to port 50000 of IP address 127.0.0.1
# Welcome  jak0723!
# The system information can be read from 'system.xml'
# ---------------------------------------------------------------------------
# 4 tiny servers used with a utilisation of 32.07 at the cost of $9.58
# 4 small servers used with a utilisation of 41.53 at the cost of $9.70
# 3 medium servers used with a utilisation of 24.34 at the cost of $28.58
# 4 large servers used with a utilisation of 31.44 at the cost of $71.90
# 4 xlarge servers used with a utilisation of 40.61 at the cost of $129.88
# =============================== [ Overall ] ===============================
# actual simulation end time: 88555, #jobs: 405
# total #servers used: 19, avg utilisation: 34.51 and total cost: $249.65
# avg waiting time: 8, avg exec time: 1140 and avg turnaround time: 1148

>>>>>>>>>>>>>>>>>>>>>>>>>>>>>>>>>>>>>>>>> bf <<<<<<<<<<<<<<<<<<<<<<<<<<<<<<<<<<<<<<<<<<
# ds-sim server 11-Mar, 2020 @ MQ
# Server-side simulator started with './ds-server -c ./configs/journal/config20-med-med.xml -v stats'
# Waiting for connection to port 50000 of IP address 127.0.0.1
# Welcome  jak0723!
# The system information can be read from 'system.xml'
# ---------------------------------------------------------------------------
# 4 tiny servers used with a utilisation of 32.07 at the cost of $9.58
# 4 small servers used with a utilisation of 44.12 at the cost of $9.67
# 2 medium servers used with a utilisation of 27.33 at the cost of $19.09
# 3 large servers used with a utilisation of 32.11 at the cost of $56.57
# 4 xlarge servers used with a utilisation of 39.59 at the cost of $129.88
# =============================== [ Overall ] ===============================
# actual simulation end time: 88555, #jobs: 405
# total #servers used: 17, avg utilisation: 36.12 and total cost: $224.80
# avg waiting time: 8, avg exec time: 1140 and avg turnaround time: 1148
