
>>>>>>>>>>>>>>>>>>>>>>>>>>>>>>>>>>>>>>>>> ff <<<<<<<<<<<<<<<<<<<<<<<<<<<<<<<<<<<<<<<<<<
# ds-sim server 11-Mar, 2020 @ MQ
# Server-side simulator started with './ds-server -c ./configs/journal/config20-short-low.xml -f ldns04 -v stats'
# Waiting for connection to port 50000 of IP address 127.0.0.1
# Welcome  jak0723!
# The system information can be read from 'system.xml'
# ---------------------------------------------------------------------------
# 4 tiny servers used with a utilisation of 19.77 at the cost of $8.67
# 4 small servers used with a utilisation of 13.52 at the cost of $13.91
# 2 medium servers used with a utilisation of 11.41 at the cost of $10.57
# 3 large servers used with a utilisation of 19.29 at the cost of $29.53
# 3 xlarge servers used with a utilisation of 37.01 at the cost of $103.10
# =============================== [ Overall ] ===============================
# actual simulation end time: 87895, #jobs: 353
# total #servers used: 16, avg utilisation: 20.31 and total cost: $165.77
# avg waiting time: 23, avg exec time: 665 and avg turnaround time: 688

>>>>>>>>>>>>>>>>>>>>>>>>>>>>>>>>>>>>>>>>> bf <<<<<<<<<<<<<<<<<<<<<<<<<<<<<<<<<<<<<<<<<<
# ds-sim server 11-Mar, 2020 @ MQ
# Server-side simulator started with './ds-server -c ./configs/journal/config20-short-low.xml -f ldns04 -v stats'
# Waiting for connection to port 50000 of IP address 127.0.0.1
# Welcome  jak0723!
# The system information can be read from 'system.xml'
# ---------------------------------------------------------------------------
# 4 tiny servers used with a utilisation of 19.77 at the cost of $8.67
# 4 small servers used with a utilisation of 13.52 at the cost of $13.91
# 2 medium servers used with a utilisation of 11.16 at the cost of $10.57
# 3 large servers used with a utilisation of 46.99 at the cost of $24.75
# 3 xlarge servers used with a utilisation of 37.89 at the cost of $103.22
# =============================== [ Overall ] ===============================
# actual simulation end time: 87895, #jobs: 353
# total #servers used: 16, avg utilisation: 25.63 and total cost: $161.11
# avg waiting time: 23, avg exec time: 665 and avg turnaround time: 688

>>>>>>>>>>>>>>>>>>>>>>>>>>>>>>>>>>>>>>>>> minwjff <<<<<<<<<<<<<<<<<<<<<<<<<<<<<<<<<<<<<<<<<<
# ds-sim server 11-Mar, 2020 @ MQ
# Server-side simulator started with './ds-server -c ./configs/journal/config20-short-low.xml -f ldns04 -v stats'
# Waiting for connection to port 50000 of IP address 127.0.0.1
# Welcome  jak0723!
# The system information can be read from 'system.xml'
# ---------------------------------------------------------------------------
# 4 tiny servers used with a utilisation of 20.30 at the cost of $8.31
# 4 small servers used with a utilisation of 31.33 at the cost of $9.07
# 3 medium servers used with a utilisation of 41.45 at the cost of $10.79
# 3 large servers used with a utilisation of 17.02 at the cost of $33.59
# 3 xlarge servers used with a utilisation of 37.01 at the cost of $103.10
# =============================== [ Overall ] ===============================
# actual simulation end time: 87895, #jobs: 353
# total #servers used: 17, avg utilisation: 29.00 and total cost: $164.87
# avg waiting time: 3, avg exec time: 665 and avg turnaround time: 668

>>>>>>>>>>>>>>>>>>>>>>>>>>>>>>>>>>>>>>>>> minwjbf <<<<<<<<<<<<<<<<<<<<<<<<<<<<<<<<<<<<<<<<<<
# ds-sim server 11-Mar, 2020 @ MQ
# Server-side simulator started with './ds-server -c ./configs/journal/config20-short-low.xml -f ldns04 -v stats'
# Waiting for connection to port 50000 of IP address 127.0.0.1
# Welcome  jak0723!
# The system information can be read from 'system.xml'
# ---------------------------------------------------------------------------
# 4 tiny servers used with a utilisation of 20.30 at the cost of $8.31
# 4 small servers used with a utilisation of 31.33 at the cost of $9.07
# 3 medium servers used with a utilisation of 41.45 at the cost of $10.79
# 3 large servers used with a utilisation of 17.02 at the cost of $33.59
# 3 xlarge servers used with a utilisation of 37.01 at the cost of $103.10
# =============================== [ Overall ] ===============================
# actual simulation end time: 87895, #jobs: 353
# total #servers used: 17, avg utilisation: 29.00 and total cost: $164.87
# avg waiting time: 3, avg exec time: 665 and avg turnaround time: 668

>>>>>>>>>>>>>>>>>>>>>>>>>>>>>>>>>>>>>>>>> csa <<<<<<<<<<<<<<<<<<<<<<<<<<<<<<<<<<<<<<<<<<
# ds-sim server 11-Mar, 2020 @ MQ
# Server-side simulator started with './ds-server -c ./configs/journal/config20-short-low.xml -f ldns04 -v stats'
# Waiting for connection to port 50000 of IP address 127.0.0.1
# Welcome  jak0723!
# The system information can be read from 'system.xml'
# ---------------------------------------------------------------------------
# 4 tiny servers used with a utilisation of 20.30 at the cost of $8.31
# 4 small servers used with a utilisation of 31.38 at the cost of $9.07
# 2 medium servers used with a utilisation of 12.17 at the cost of $10.78
# 3 large servers used with a utilisation of 19.65 at the cost of $29.68
# 3 xlarge servers used with a utilisation of 37.01 at the cost of $103.10
# =============================== [ Overall ] ===============================
# actual simulation end time: 87895, #jobs: 353
# total #servers used: 16, avg utilisation: 25.07 and total cost: $160.96
# avg waiting time: 3, avg exec time: 665 and avg turnaround time: 668
