
>>>>>>>>>>>>>>>>>>>>>>>>>>>>>>>>>>>>>>>>> ff <<<<<<<<<<<<<<<<<<<<<<<<<<<<<<<<<<<<<<<<<<
# ds-sim server 11-Mar, 2020 @ MQ
# Server-side simulator started with './ds-server -c ./configs/journal/config100-short-high.xml -f nd07cpu -v stats'
# Waiting for connection to port 50000 of IP address 127.0.0.1
# Welcome  jak0723!
# The system information can be read from 'system.xml'
# ---------------------------------------------------------------------------
# 20 tiny servers used with a utilisation of 40.05 at the cost of $37.76
# 19 small servers used with a utilisation of 26.00 at the cost of $43.81
# 17 medium servers used with a utilisation of 31.20 at the cost of $72.92
# 19 large servers used with a utilisation of 33.76 at the cost of $218.15
# 20 xlarge servers used with a utilisation of 46.88 at the cost of $866.05
# =============================== [ Overall ] ===============================
# actual simulation end time: 134973, #jobs: 4299
# total #servers used: 95, avg utilisation: 35.83 and total cost: $1238.70
# avg waiting time: 2123, avg exec time: 620 and avg turnaround time: 2743

>>>>>>>>>>>>>>>>>>>>>>>>>>>>>>>>>>>>>>>>> bf <<<<<<<<<<<<<<<<<<<<<<<<<<<<<<<<<<<<<<<<<<
# ds-sim server 11-Mar, 2020 @ MQ
# Server-side simulator started with './ds-server -c ./configs/journal/config100-short-high.xml -f nd07cpu -v stats'
# Waiting for connection to port 50000 of IP address 127.0.0.1
# Welcome  jak0723!
# The system information can be read from 'system.xml'
# ---------------------------------------------------------------------------
# 20 tiny servers used with a utilisation of 39.99 at the cost of $37.75
# 19 small servers used with a utilisation of 27.95 at the cost of $39.95
# 13 medium servers used with a utilisation of 28.61 at the cost of $48.04
# 19 large servers used with a utilisation of 27.65 at the cost of $157.98
# 20 xlarge servers used with a utilisation of 47.04 at the cost of $852.35
# =============================== [ Overall ] ===============================
# actual simulation end time: 134973, #jobs: 4299
# total #servers used: 91, avg utilisation: 34.82 and total cost: $1136.07
# avg waiting time: 2017, avg exec time: 620 and avg turnaround time: 2637

>>>>>>>>>>>>>>>>>>>>>>>>>>>>>>>>>>>>>>>>> minwjff <<<<<<<<<<<<<<<<<<<<<<<<<<<<<<<<<<<<<<<<<<
# ds-sim server 11-Mar, 2020 @ MQ
# Server-side simulator started with './ds-server -c ./configs/journal/config100-short-high.xml -f nd07cpu -v stats'
# Waiting for connection to port 50000 of IP address 127.0.0.1
# Welcome  jak0723!
# The system information can be read from 'system.xml'
# ---------------------------------------------------------------------------
# 15 tiny servers used with a utilisation of 41.02 at the cost of $16.28
# 10 small servers used with a utilisation of 36.78 at the cost of $16.62
# 9 medium servers used with a utilisation of 47.06 at the cost of $33.19
# 15 large servers used with a utilisation of 26.72 at the cost of $119.61
# 20 xlarge servers used with a utilisation of 56.96 at the cost of $732.83
# =============================== [ Overall ] ===============================
# actual simulation end time: 171865, #jobs: 4299
# total #servers used: 69, avg utilisation: 42.71 and total cost: $918.54
# avg waiting time: 3294, avg exec time: 620 and avg turnaround time: 3914

>>>>>>>>>>>>>>>>>>>>>>>>>>>>>>>>>>>>>>>>> minwjbf <<<<<<<<<<<<<<<<<<<<<<<<<<<<<<<<<<<<<<<<<<
# ds-sim server 11-Mar, 2020 @ MQ
# Server-side simulator started with './ds-server -c ./configs/journal/config100-short-high.xml -f nd07cpu -v stats'
# Waiting for connection to port 50000 of IP address 127.0.0.1
# Welcome  jak0723!
# The system information can be read from 'system.xml'
# ---------------------------------------------------------------------------
# 14 tiny servers used with a utilisation of 41.20 at the cost of $8.19
# 10 small servers used with a utilisation of 38.15 at the cost of $8.71
# 9 medium servers used with a utilisation of 51.95 at the cost of $7.38
# 17 large servers used with a utilisation of 35.07 at the cost of $75.26
# 20 xlarge servers used with a utilisation of 58.82 at the cost of $737.81
# =============================== [ Overall ] ===============================
# actual simulation end time: 183312, #jobs: 4299
# total #servers used: 70, avg utilisation: 45.69 and total cost: $837.35
# avg waiting time: 4016, avg exec time: 620 and avg turnaround time: 4636

>>>>>>>>>>>>>>>>>>>>>>>>>>>>>>>>>>>>>>>>> csa <<<<<<<<<<<<<<<<<<<<<<<<<<<<<<<<<<<<<<<<<<
# ds-sim server 11-Mar, 2020 @ MQ
# Server-side simulator started with './ds-server -c ./configs/journal/config100-short-high.xml -f nd07cpu -v stats'
# Waiting for connection to port 50000 of IP address 127.0.0.1
# Welcome  jak0723!
# The system information can be read from 'system.xml'
# ---------------------------------------------------------------------------
# 18 tiny servers used with a utilisation of 26.72 at the cost of $20.92
# 19 small servers used with a utilisation of 24.66 at the cost of $19.74
# 13 medium servers used with a utilisation of 29.43 at the cost of $48.63
# 18 large servers used with a utilisation of 26.39 at the cost of $154.82
# 20 xlarge servers used with a utilisation of 57.16 at the cost of $757.26
# =============================== [ Overall ] ===============================
# actual simulation end time: 175368, #jobs: 4299
# total #servers used: 88, avg utilisation: 33.53 and total cost: $1001.37
# avg waiting time: 3247, avg exec time: 620 and avg turnaround time: 3867
