
>>>>>>>>>>>>>>>>>>>>>>>>>>>>>>>>>>>>>>>>> ff <<<<<<<<<<<<<<<<<<<<<<<<<<<<<<<<<<<<<<<<<<
# ds-sim server 11-Mar, 2020 @ MQ
# Server-side simulator started with './ds-server -c ./configs/journal/config20-med-high.xml -f g5k06 -v stats'
# Waiting for connection to port 50000 of IP address 127.0.0.1
# Welcome  jak0723!
# The system information can be read from 'system.xml'
# ---------------------------------------------------------------------------
# 4 tiny servers used with a utilisation of 21.12 at the cost of $4.10
# 4 small servers used with a utilisation of 34.56 at the cost of $12.52
# 4 medium servers used with a utilisation of 29.04 at the cost of $34.39
# 4 large servers used with a utilisation of 40.91 at the cost of $61.89
# 4 xlarge servers used with a utilisation of 41.98 at the cost of $166.03
# =============================== [ Overall ] ===============================
# actual simulation end time: 179537, #jobs: 549
# total #servers used: 20, avg utilisation: 33.52 and total cost: $278.93
# avg waiting time: 10788, avg exec time: 1179 and avg turnaround time: 11967

>>>>>>>>>>>>>>>>>>>>>>>>>>>>>>>>>>>>>>>>> bf <<<<<<<<<<<<<<<<<<<<<<<<<<<<<<<<<<<<<<<<<<
# ds-sim server 11-Mar, 2020 @ MQ
# Server-side simulator started with './ds-server -c ./configs/journal/config20-med-high.xml -f g5k06 -v stats'
# Waiting for connection to port 50000 of IP address 127.0.0.1
# Welcome  jak0723!
# The system information can be read from 'system.xml'
# ---------------------------------------------------------------------------
# 4 tiny servers used with a utilisation of 24.39 at the cost of $3.71
# 4 small servers used with a utilisation of 33.87 at the cost of $10.86
# 4 medium servers used with a utilisation of 33.51 at the cost of $23.37
# 4 large servers used with a utilisation of 41.75 at the cost of $61.51
# 4 xlarge servers used with a utilisation of 44.55 at the cost of $160.08
# =============================== [ Overall ] ===============================
# actual simulation end time: 178275, #jobs: 549
# total #servers used: 20, avg utilisation: 35.61 and total cost: $259.52
# avg waiting time: 10411, avg exec time: 1179 and avg turnaround time: 11590

>>>>>>>>>>>>>>>>>>>>>>>>>>>>>>>>>>>>>>>>> minwjff <<<<<<<<<<<<<<<<<<<<<<<<<<<<<<<<<<<<<<<<<<
# ds-sim server 11-Mar, 2020 @ MQ
# Server-side simulator started with './ds-server -c ./configs/journal/config20-med-high.xml -f g5k06 -v stats'
# Waiting for connection to port 50000 of IP address 127.0.0.1
# Welcome  jak0723!
# The system information can be read from 'system.xml'
# ---------------------------------------------------------------------------
# 1 tiny servers used with a utilisation of 57.16 at the cost of $0.10
# 2 small servers used with a utilisation of 48.69 at the cost of $7.02
# 4 medium servers used with a utilisation of 48.09 at the cost of $14.38
# 4 large servers used with a utilisation of 46.66 at the cost of $65.62
# 4 xlarge servers used with a utilisation of 47.70 at the cost of $163.76
# =============================== [ Overall ] ===============================
# actual simulation end time: 149553, #jobs: 549
# total #servers used: 15, avg utilisation: 48.29 and total cost: $250.89
# avg waiting time: 7838, avg exec time: 1179 and avg turnaround time: 9017

>>>>>>>>>>>>>>>>>>>>>>>>>>>>>>>>>>>>>>>>> minwjbf <<<<<<<<<<<<<<<<<<<<<<<<<<<<<<<<<<<<<<<<<<
# ds-sim server 11-Mar, 2020 @ MQ
# Server-side simulator started with './ds-server -c ./configs/journal/config20-med-high.xml -f g5k06 -v stats'
# Waiting for connection to port 50000 of IP address 127.0.0.1
# Welcome  jak0723!
# The system information can be read from 'system.xml'
# ---------------------------------------------------------------------------
# 4 tiny servers used with a utilisation of 5.01 at the cost of $0.68
# 4 small servers used with a utilisation of 39.54 at the cost of $4.24
# 4 medium servers used with a utilisation of 37.62 at the cost of $22.42
# 4 large servers used with a utilisation of 54.05 at the cost of $56.67
# 4 xlarge servers used with a utilisation of 47.14 at the cost of $165.00
# =============================== [ Overall ] ===============================
# actual simulation end time: 152701, #jobs: 549
# total #servers used: 20, avg utilisation: 36.67 and total cost: $249.01
# avg waiting time: 7517, avg exec time: 1179 and avg turnaround time: 8696

>>>>>>>>>>>>>>>>>>>>>>>>>>>>>>>>>>>>>>>>> csa <<<<<<<<<<<<<<<<<<<<<<<<<<<<<<<<<<<<<<<<<<
# ds-sim server 11-Mar, 2020 @ MQ
# Server-side simulator started with './ds-server -c ./configs/journal/config20-med-high.xml -f g5k06 -v stats'
# Waiting for connection to port 50000 of IP address 127.0.0.1
# Welcome  jak0723!
# The system information can be read from 'system.xml'
# ---------------------------------------------------------------------------
# 4 tiny servers used with a utilisation of 8.75 at the cost of $0.41
# 4 small servers used with a utilisation of 18.42 at the cost of $7.41
# 4 medium servers used with a utilisation of 29.34 at the cost of $17.01
# 4 large servers used with a utilisation of 48.13 at the cost of $60.89
# 4 xlarge servers used with a utilisation of 49.54 at the cost of $169.97
# =============================== [ Overall ] ===============================
# actual simulation end time: 152092, #jobs: 549
# total #servers used: 20, avg utilisation: 30.83 and total cost: $255.69
# avg waiting time: 8129, avg exec time: 1179 and avg turnaround time: 9308
