
>>>>>>>>>>>>>>>>>>>>>>>>>>>>>>>>>>>>>>>>> ff <<<<<<<<<<<<<<<<<<<<<<<<<<<<<<<<<<<<<<<<<<
# ds-sim server 11-Mar, 2020 @ MQ
# Server-side simulator started with './ds-server -c ./configs/journal/config20-long-low.xml -f pl05 -v stats'
# Waiting for connection to port 50000 of IP address 127.0.0.1
# Welcome  jak0723!
# The system information can be read from 'system.xml'
# ---------------------------------------------------------------------------
# 4 tiny servers used with a utilisation of 30.55 at the cost of $5.02
# 4 small servers used with a utilisation of 45.85 at the cost of $13.20
# 4 medium servers used with a utilisation of 36.36 at the cost of $17.48
# 4 large servers used with a utilisation of 27.81 at the cost of $38.19
# 3 xlarge servers used with a utilisation of 55.67 at the cost of $107.81
# =============================== [ Overall ] ===============================
# actual simulation end time: 181768, #jobs: 252
# total #servers used: 19, avg utilisation: 38.38 and total cost: $181.69
# avg waiting time: 14448, avg exec time: 2292 and avg turnaround time: 16740

>>>>>>>>>>>>>>>>>>>>>>>>>>>>>>>>>>>>>>>>> bf <<<<<<<<<<<<<<<<<<<<<<<<<<<<<<<<<<<<<<<<<<
# ds-sim server 11-Mar, 2020 @ MQ
# Server-side simulator started with './ds-server -c ./configs/journal/config20-long-low.xml -f pl05 -v stats'
# Waiting for connection to port 50000 of IP address 127.0.0.1
# Welcome  jak0723!
# The system information can be read from 'system.xml'
# ---------------------------------------------------------------------------
# 4 tiny servers used with a utilisation of 31.95 at the cost of $5.04
# 4 small servers used with a utilisation of 44.45 at the cost of $12.07
# 4 medium servers used with a utilisation of 40.17 at the cost of $17.00
# 4 large servers used with a utilisation of 30.51 at the cost of $37.46
# 3 xlarge servers used with a utilisation of 54.85 at the cost of $105.60
# =============================== [ Overall ] ===============================
# actual simulation end time: 178495, #jobs: 252
# total #servers used: 19, avg utilisation: 39.63 and total cost: $177.17
# avg waiting time: 14084, avg exec time: 2292 and avg turnaround time: 16376

>>>>>>>>>>>>>>>>>>>>>>>>>>>>>>>>>>>>>>>>> minwjff <<<<<<<<<<<<<<<<<<<<<<<<<<<<<<<<<<<<<<<<<<
# ds-sim server 11-Mar, 2020 @ MQ
# Server-side simulator started with './ds-server -c ./configs/journal/config20-long-low.xml -f pl05 -v stats'
# Waiting for connection to port 50000 of IP address 127.0.0.1
# Welcome  jak0723!
# The system information can be read from 'system.xml'
# ---------------------------------------------------------------------------
# 2 tiny servers used with a utilisation of 78.06 at the cost of $0.57
# 4 small servers used with a utilisation of 50.35 at the cost of $12.73
# 4 medium servers used with a utilisation of 41.87 at the cost of $13.19
# 4 large servers used with a utilisation of 25.12 at the cost of $24.74
# 3 xlarge servers used with a utilisation of 56.63 at the cost of $113.03
# =============================== [ Overall ] ===============================
# actual simulation end time: 193696, #jobs: 252
# total #servers used: 17, avg utilisation: 46.79 and total cost: $164.26
# avg waiting time: 14398, avg exec time: 2292 and avg turnaround time: 16690

>>>>>>>>>>>>>>>>>>>>>>>>>>>>>>>>>>>>>>>>> minwjbf <<<<<<<<<<<<<<<<<<<<<<<<<<<<<<<<<<<<<<<<<<
# ds-sim server 11-Mar, 2020 @ MQ
# Server-side simulator started with './ds-server -c ./configs/journal/config20-long-low.xml -f pl05 -v stats'
# Waiting for connection to port 50000 of IP address 127.0.0.1
# Welcome  jak0723!
# The system information can be read from 'system.xml'
# ---------------------------------------------------------------------------
# 3 tiny servers used with a utilisation of 66.50 at the cost of $0.59
# 4 small servers used with a utilisation of 68.60 at the cost of $10.54
# 4 medium servers used with a utilisation of 42.46 at the cost of $13.78
# 4 large servers used with a utilisation of 28.88 at the cost of $32.53
# 3 xlarge servers used with a utilisation of 58.01 at the cost of $112.43
# =============================== [ Overall ] ===============================
# actual simulation end time: 188745, #jobs: 252
# total #servers used: 18, avg utilisation: 51.85 and total cost: $169.87
# avg waiting time: 13768, avg exec time: 2292 and avg turnaround time: 16060

>>>>>>>>>>>>>>>>>>>>>>>>>>>>>>>>>>>>>>>>> csa <<<<<<<<<<<<<<<<<<<<<<<<<<<<<<<<<<<<<<<<<<
# ds-sim server 11-Mar, 2020 @ MQ
# Server-side simulator started with './ds-server -c ./configs/journal/config20-long-low.xml -f pl05 -v stats'
# Waiting for connection to port 50000 of IP address 127.0.0.1
# Welcome  jak0723!
# The system information can be read from 'system.xml'
# ---------------------------------------------------------------------------
# 3 tiny servers used with a utilisation of 48.19 at the cost of $0.62
# 4 small servers used with a utilisation of 58.00 at the cost of $11.47
# 4 medium servers used with a utilisation of 38.95 at the cost of $16.26
# 4 large servers used with a utilisation of 23.28 at the cost of $27.77
# 3 xlarge servers used with a utilisation of 57.04 at the cost of $120.97
# =============================== [ Overall ] ===============================
# actual simulation end time: 194478, #jobs: 252
# total #servers used: 18, avg utilisation: 44.26 and total cost: $177.09
# avg waiting time: 14311, avg exec time: 2292 and avg turnaround time: 16603
