
>>>>>>>>>>>>>>>>>>>>>>>>>>>>>>>>>>>>>>>>> ff <<<<<<<<<<<<<<<<<<<<<<<<<<<<<<<<<<<<<<<<<<
# ds-sim server 11-Mar, 2020 @ MQ
# Server-side simulator started with './ds-server -c ./configs/journal/config100-short-high.xml -f websites02 -v stats'
# Waiting for connection to port 50000 of IP address 127.0.0.1
# Welcome  jak0723!
# The system information can be read from 'system.xml'
# ---------------------------------------------------------------------------
# 20 tiny servers used with a utilisation of 40.50 at the cost of $36.98
# 19 small servers used with a utilisation of 31.37 at the cost of $43.96
# 19 medium servers used with a utilisation of 29.84 at the cost of $93.64
# 20 large servers used with a utilisation of 28.57 at the cost of $275.65
# 20 xlarge servers used with a utilisation of 46.87 at the cost of $896.31
# =============================== [ Overall ] ===============================
# actual simulation end time: 133570, #jobs: 4299
# total #servers used: 98, avg utilisation: 35.53 and total cost: $1346.53
# avg waiting time: 2802, avg exec time: 620 and avg turnaround time: 3422

>>>>>>>>>>>>>>>>>>>>>>>>>>>>>>>>>>>>>>>>> bf <<<<<<<<<<<<<<<<<<<<<<<<<<<<<<<<<<<<<<<<<<
# ds-sim server 11-Mar, 2020 @ MQ
# Server-side simulator started with './ds-server -c ./configs/journal/config100-short-high.xml -f websites02 -v stats'
# Waiting for connection to port 50000 of IP address 127.0.0.1
# Welcome  jak0723!
# The system information can be read from 'system.xml'
# ---------------------------------------------------------------------------
# 20 tiny servers used with a utilisation of 39.90 at the cost of $36.93
# 19 small servers used with a utilisation of 33.36 at the cost of $41.16
# 14 medium servers used with a utilisation of 23.46 at the cost of $52.46
# 20 large servers used with a utilisation of 26.82 at the cost of $207.27
# 20 xlarge servers used with a utilisation of 47.51 at the cost of $882.80
# =============================== [ Overall ] ===============================
# actual simulation end time: 132679, #jobs: 4299
# total #servers used: 93, avg utilisation: 34.91 and total cost: $1220.62
# avg waiting time: 2701, avg exec time: 620 and avg turnaround time: 3321

>>>>>>>>>>>>>>>>>>>>>>>>>>>>>>>>>>>>>>>>> minwjff <<<<<<<<<<<<<<<<<<<<<<<<<<<<<<<<<<<<<<<<<<
# ds-sim server 11-Mar, 2020 @ MQ
# Server-side simulator started with './ds-server -c ./configs/journal/config100-short-high.xml -f websites02 -v stats'
# Waiting for connection to port 50000 of IP address 127.0.0.1
# Welcome  jak0723!
# The system information can be read from 'system.xml'
# ---------------------------------------------------------------------------
# 14 tiny servers used with a utilisation of 36.45 at the cost of $14.75
# 9 small servers used with a utilisation of 30.58 at the cost of $19.15
# 15 medium servers used with a utilisation of 37.20 at the cost of $67.05
# 20 large servers used with a utilisation of 30.93 at the cost of $202.35
# 20 xlarge servers used with a utilisation of 54.81 at the cost of $850.90
# =============================== [ Overall ] ===============================
# actual simulation end time: 123522, #jobs: 4299
# total #servers used: 78, avg utilisation: 39.21 and total cost: $1154.19
# avg waiting time: 1682, avg exec time: 620 and avg turnaround time: 2302

>>>>>>>>>>>>>>>>>>>>>>>>>>>>>>>>>>>>>>>>> minwjbf <<<<<<<<<<<<<<<<<<<<<<<<<<<<<<<<<<<<<<<<<<
# ds-sim server 11-Mar, 2020 @ MQ
# Server-side simulator started with './ds-server -c ./configs/journal/config100-short-high.xml -f websites02 -v stats'
# Waiting for connection to port 50000 of IP address 127.0.0.1
# Welcome  jak0723!
# The system information can be read from 'system.xml'
# ---------------------------------------------------------------------------
# 17 tiny servers used with a utilisation of 28.20 at the cost of $7.12
# 12 small servers used with a utilisation of 41.95 at the cost of $10.53
# 17 medium servers used with a utilisation of 43.96 at the cost of $51.80
# 20 large servers used with a utilisation of 43.19 at the cost of $236.35
# 20 xlarge servers used with a utilisation of 57.47 at the cost of $798.15
# =============================== [ Overall ] ===============================
# actual simulation end time: 119350, #jobs: 4299
# total #servers used: 86, avg utilisation: 43.53 and total cost: $1103.96
# avg waiting time: 1654, avg exec time: 620 and avg turnaround time: 2274

>>>>>>>>>>>>>>>>>>>>>>>>>>>>>>>>>>>>>>>>> csa <<<<<<<<<<<<<<<<<<<<<<<<<<<<<<<<<<<<<<<<<<
# ds-sim server 11-Mar, 2020 @ MQ
# Server-side simulator started with './ds-server -c ./configs/journal/config100-short-high.xml -f websites02 -v stats'
# Waiting for connection to port 50000 of IP address 127.0.0.1
# Welcome  jak0723!
# The system information can be read from 'system.xml'
# ---------------------------------------------------------------------------
# 20 tiny servers used with a utilisation of 23.38 at the cost of $22.97
# 19 small servers used with a utilisation of 22.24 at the cost of $28.06
# 19 medium servers used with a utilisation of 25.29 at the cost of $86.46
# 20 large servers used with a utilisation of 33.30 at the cost of $250.11
# 20 xlarge servers used with a utilisation of 54.78 at the cost of $890.94
# =============================== [ Overall ] ===============================
# actual simulation end time: 125987, #jobs: 4299
# total #servers used: 98, avg utilisation: 31.96 and total cost: $1278.54
# avg waiting time: 2129, avg exec time: 620 and avg turnaround time: 2749
