
>>>>>>>>>>>>>>>>>>>>>>>>>>>>>>>>>>>>>>>>> ff <<<<<<<<<<<<<<<<<<<<<<<<<<<<<<<<<<<<<<<<<<
# ds-sim server 11-Mar, 2020 @ MQ
# Server-side simulator started with './ds-server -c ./configs/journal/config100-med-low.xml -v stats'
# Waiting for connection to port 50000 of IP address 127.0.0.1
# Welcome  jak0723!
# The system information can be read from 'system.xml'
# ---------------------------------------------------------------------------
# 16 tiny servers used with a utilisation of 63.85 at the cost of $16.97
# 5 small servers used with a utilisation of 34.97 at the cost of $14.38
# 5 medium servers used with a utilisation of 42.50 at the cost of $35.63
# 6 large servers used with a utilisation of 30.95 at the cost of $91.42
# 12 xlarge servers used with a utilisation of 36.29 at the cost of $329.32
# =============================== [ Overall ] ===============================
# actual simulation end time: 87373, #jobs: 716
# total #servers used: 44, avg utilisation: 46.14 and total cost: $487.71
# avg waiting time: 3, avg exec time: 1129 and avg turnaround time: 1132

>>>>>>>>>>>>>>>>>>>>>>>>>>>>>>>>>>>>>>>>> bf <<<<<<<<<<<<<<<<<<<<<<<<<<<<<<<<<<<<<<<<<<
# ds-sim server 11-Mar, 2020 @ MQ
# Server-side simulator started with './ds-server -c ./configs/journal/config100-med-low.xml -v stats'
# Waiting for connection to port 50000 of IP address 127.0.0.1
# Welcome  jak0723!
# The system information can be read from 'system.xml'
# ---------------------------------------------------------------------------
# 16 tiny servers used with a utilisation of 63.85 at the cost of $16.97
# 5 small servers used with a utilisation of 34.97 at the cost of $14.38
# 4 medium servers used with a utilisation of 45.65 at the cost of $27.34
# 5 large servers used with a utilisation of 26.41 at the cost of $72.95
# 13 xlarge servers used with a utilisation of 40.95 at the cost of $332.52
# =============================== [ Overall ] ===============================
# actual simulation end time: 87373, #jobs: 716
# total #servers used: 43, avg utilisation: 47.52 and total cost: $464.17
# avg waiting time: 3, avg exec time: 1129 and avg turnaround time: 1132
