
>>>>>>>>>>>>>>>>>>>>>>>>>>>>>>>>>>>>>>>>> ff <<<<<<<<<<<<<<<<<<<<<<<<<<<<<<<<<<<<<<<<<<
# ds-sim server 11-Mar, 2020 @ MQ
# Server-side simulator started with './ds-server -c ./configs/journal/config20-med-med.xml -f nd07cpu -v stats'
# Waiting for connection to port 50000 of IP address 127.0.0.1
# Welcome  jak0723!
# The system information can be read from 'system.xml'
# ---------------------------------------------------------------------------
# 4 tiny servers used with a utilisation of 38.32 at the cost of $5.57
# 4 small servers used with a utilisation of 22.36 at the cost of $11.05
# 4 medium servers used with a utilisation of 32.92 at the cost of $19.01
# 4 large servers used with a utilisation of 37.89 at the cost of $46.52
# 4 xlarge servers used with a utilisation of 37.98 at the cost of $108.95
# =============================== [ Overall ] ===============================
# actual simulation end time: 116288, #jobs: 405
# total #servers used: 20, avg utilisation: 33.89 and total cost: $191.10
# avg waiting time: 2212, avg exec time: 1140 and avg turnaround time: 3352

>>>>>>>>>>>>>>>>>>>>>>>>>>>>>>>>>>>>>>>>> bf <<<<<<<<<<<<<<<<<<<<<<<<<<<<<<<<<<<<<<<<<<
# ds-sim server 11-Mar, 2020 @ MQ
# Server-side simulator started with './ds-server -c ./configs/journal/config20-med-med.xml -f nd07cpu -v stats'
# Waiting for connection to port 50000 of IP address 127.0.0.1
# Welcome  jak0723!
# The system information can be read from 'system.xml'
# ---------------------------------------------------------------------------
# 4 tiny servers used with a utilisation of 40.56 at the cost of $5.48
# 4 small servers used with a utilisation of 18.78 at the cost of $9.99
# 4 medium servers used with a utilisation of 29.10 at the cost of $17.49
# 4 large servers used with a utilisation of 36.58 at the cost of $39.41
# 4 xlarge servers used with a utilisation of 38.78 at the cost of $108.58
# =============================== [ Overall ] ===============================
# actual simulation end time: 118898, #jobs: 405
# total #servers used: 20, avg utilisation: 32.76 and total cost: $180.95
# avg waiting time: 2477, avg exec time: 1140 and avg turnaround time: 3617

>>>>>>>>>>>>>>>>>>>>>>>>>>>>>>>>>>>>>>>>> minwjff <<<<<<<<<<<<<<<<<<<<<<<<<<<<<<<<<<<<<<<<<<
# ds-sim server 11-Mar, 2020 @ MQ
# Server-side simulator started with './ds-server -c ./configs/journal/config20-med-med.xml -f nd07cpu -v stats'
# Waiting for connection to port 50000 of IP address 127.0.0.1
# Welcome  jak0723!
# The system information can be read from 'system.xml'
# ---------------------------------------------------------------------------
# 3 tiny servers used with a utilisation of 38.22 at the cost of $2.52
# 3 small servers used with a utilisation of 42.27 at the cost of $9.49
# 4 medium servers used with a utilisation of 25.53 at the cost of $14.26
# 4 large servers used with a utilisation of 35.89 at the cost of $43.54
# 4 xlarge servers used with a utilisation of 43.28 at the cost of $104.00
# =============================== [ Overall ] ===============================
# actual simulation end time: 104655, #jobs: 405
# total #servers used: 18, avg utilisation: 36.68 and total cost: $173.82
# avg waiting time: 1184, avg exec time: 1140 and avg turnaround time: 2324

>>>>>>>>>>>>>>>>>>>>>>>>>>>>>>>>>>>>>>>>> minwjbf <<<<<<<<<<<<<<<<<<<<<<<<<<<<<<<<<<<<<<<<<<
# ds-sim server 11-Mar, 2020 @ MQ
# Server-side simulator started with './ds-server -c ./configs/journal/config20-med-med.xml -f nd07cpu -v stats'
# Waiting for connection to port 50000 of IP address 127.0.0.1
# Welcome  jak0723!
# The system information can be read from 'system.xml'
# ---------------------------------------------------------------------------
# 3 tiny servers used with a utilisation of 28.36 at the cost of $2.69
# 4 small servers used with a utilisation of 34.00 at the cost of $4.72
# 4 medium servers used with a utilisation of 35.45 at the cost of $11.69
# 4 large servers used with a utilisation of 39.14 at the cost of $44.59
# 4 xlarge servers used with a utilisation of 43.40 at the cost of $102.30
# =============================== [ Overall ] ===============================
# actual simulation end time: 105297, #jobs: 405
# total #servers used: 19, avg utilisation: 36.48 and total cost: $165.98
# avg waiting time: 1526, avg exec time: 1140 and avg turnaround time: 2666

>>>>>>>>>>>>>>>>>>>>>>>>>>>>>>>>>>>>>>>>> csa <<<<<<<<<<<<<<<<<<<<<<<<<<<<<<<<<<<<<<<<<<
# ds-sim server 11-Mar, 2020 @ MQ
# Server-side simulator started with './ds-server -c ./configs/journal/config20-med-med.xml -f nd07cpu -v stats'
# Waiting for connection to port 50000 of IP address 127.0.0.1
# Welcome  jak0723!
# The system information can be read from 'system.xml'
# ---------------------------------------------------------------------------
# 4 tiny servers used with a utilisation of 22.37 at the cost of $2.93
# 4 small servers used with a utilisation of 39.62 at the cost of $9.83
# 4 medium servers used with a utilisation of 41.02 at the cost of $11.19
# 4 large servers used with a utilisation of 39.55 at the cost of $47.64
# 4 xlarge servers used with a utilisation of 46.55 at the cost of $108.31
# =============================== [ Overall ] ===============================
# actual simulation end time: 104341, #jobs: 405
# total #servers used: 20, avg utilisation: 37.82 and total cost: $179.89
# avg waiting time: 1450, avg exec time: 1140 and avg turnaround time: 2590
