
>>>>>>>>>>>>>>>>>>>>>>>>>>>>>>>>>>>>>>>>> ff <<<<<<<<<<<<<<<<<<<<<<<<<<<<<<<<<<<<<<<<<<
# ds-sim server 11-Mar, 2020 @ MQ
# Server-side simulator started with './ds-server -c ./configs/journal/config20-med-high.xml -f websites02 -v stats'
# Waiting for connection to port 50000 of IP address 127.0.0.1
# Welcome  jak0723!
# The system information can be read from 'system.xml'
# ---------------------------------------------------------------------------
# 4 tiny servers used with a utilisation of 22.47 at the cost of $5.18
# 4 small servers used with a utilisation of 36.47 at the cost of $13.19
# 4 medium servers used with a utilisation of 35.09 at the cost of $27.71
# 4 large servers used with a utilisation of 48.02 at the cost of $55.73
# 4 xlarge servers used with a utilisation of 55.40 at the cost of $146.51
# =============================== [ Overall ] ===============================
# actual simulation end time: 135548, #jobs: 549
# total #servers used: 20, avg utilisation: 39.49 and total cost: $248.33
# avg waiting time: 4593, avg exec time: 1179 and avg turnaround time: 5772

>>>>>>>>>>>>>>>>>>>>>>>>>>>>>>>>>>>>>>>>> bf <<<<<<<<<<<<<<<<<<<<<<<<<<<<<<<<<<<<<<<<<<
# ds-sim server 11-Mar, 2020 @ MQ
# Server-side simulator started with './ds-server -c ./configs/journal/config20-med-high.xml -f websites02 -v stats'
# Waiting for connection to port 50000 of IP address 127.0.0.1
# Welcome  jak0723!
# The system information can be read from 'system.xml'
# ---------------------------------------------------------------------------
# 4 tiny servers used with a utilisation of 22.52 at the cost of $4.78
# 4 small servers used with a utilisation of 34.85 at the cost of $12.46
# 4 medium servers used with a utilisation of 38.28 at the cost of $23.56
# 4 large servers used with a utilisation of 44.41 at the cost of $47.78
# 4 xlarge servers used with a utilisation of 55.03 at the cost of $145.14
# =============================== [ Overall ] ===============================
# actual simulation end time: 136736, #jobs: 549
# total #servers used: 20, avg utilisation: 39.02 and total cost: $233.72
# avg waiting time: 5452, avg exec time: 1179 and avg turnaround time: 6631

>>>>>>>>>>>>>>>>>>>>>>>>>>>>>>>>>>>>>>>>> minwjff <<<<<<<<<<<<<<<<<<<<<<<<<<<<<<<<<<<<<<<<<<
# ds-sim server 11-Mar, 2020 @ MQ
# Server-side simulator started with './ds-server -c ./configs/journal/config20-med-high.xml -f websites02 -v stats'
# Waiting for connection to port 50000 of IP address 127.0.0.1
# Welcome  jak0723!
# The system information can be read from 'system.xml'
# ---------------------------------------------------------------------------
# 1 tiny servers used with a utilisation of 66.43 at the cost of $0.04
# 2 small servers used with a utilisation of 53.47 at the cost of $8.01
# 4 medium servers used with a utilisation of 42.71 at the cost of $14.69
# 4 large servers used with a utilisation of 51.89 at the cost of $64.44
# 4 xlarge servers used with a utilisation of 54.66 at the cost of $151.30
# =============================== [ Overall ] ===============================
# actual simulation end time: 124977, #jobs: 549
# total #servers used: 15, avg utilisation: 51.36 and total cost: $238.48
# avg waiting time: 3452, avg exec time: 1179 and avg turnaround time: 4631

>>>>>>>>>>>>>>>>>>>>>>>>>>>>>>>>>>>>>>>>> minwjbf <<<<<<<<<<<<<<<<<<<<<<<<<<<<<<<<<<<<<<<<<<
# ds-sim server 11-Mar, 2020 @ MQ
# Server-side simulator started with './ds-server -c ./configs/journal/config20-med-high.xml -f websites02 -v stats'
# Waiting for connection to port 50000 of IP address 127.0.0.1
# Welcome  jak0723!
# The system information can be read from 'system.xml'
# ---------------------------------------------------------------------------
# 4 tiny servers used with a utilisation of 9.54 at the cost of $0.29
# 4 small servers used with a utilisation of 30.69 at the cost of $5.25
# 4 medium servers used with a utilisation of 38.76 at the cost of $15.55
# 4 large servers used with a utilisation of 56.23 at the cost of $56.76
# 4 xlarge servers used with a utilisation of 62.94 at the cost of $136.95
# =============================== [ Overall ] ===============================
# actual simulation end time: 108225, #jobs: 549
# total #servers used: 20, avg utilisation: 39.63 and total cost: $214.80
# avg waiting time: 3904, avg exec time: 1179 and avg turnaround time: 5083

>>>>>>>>>>>>>>>>>>>>>>>>>>>>>>>>>>>>>>>>> csa <<<<<<<<<<<<<<<<<<<<<<<<<<<<<<<<<<<<<<<<<<
# ds-sim server 11-Mar, 2020 @ MQ
# Server-side simulator started with './ds-server -c ./configs/journal/config20-med-high.xml -f websites02 -v stats'
# Waiting for connection to port 50000 of IP address 127.0.0.1
# Welcome  jak0723!
# The system information can be read from 'system.xml'
# ---------------------------------------------------------------------------
# 4 tiny servers used with a utilisation of 6.57 at the cost of $0.22
# 4 small servers used with a utilisation of 32.06 at the cost of $8.59
# 4 medium servers used with a utilisation of 37.80 at the cost of $20.00
# 4 large servers used with a utilisation of 50.72 at the cost of $65.08
# 4 xlarge servers used with a utilisation of 58.87 at the cost of $149.84
# =============================== [ Overall ] ===============================
# actual simulation end time: 114604, #jobs: 549
# total #servers used: 20, avg utilisation: 37.21 and total cost: $243.73
# avg waiting time: 4190, avg exec time: 1179 and avg turnaround time: 5369
