
>>>>>>>>>>>>>>>>>>>>>>>>>>>>>>>>>>>>>>>>> ff <<<<<<<<<<<<<<<<<<<<<<<<<<<<<<<<<<<<<<<<<<
# ds-sim server 11-Mar, 2020 @ MQ
# Server-side simulator started with './ds-server -c ./configs/journal/config20-med-med.xml -f teragrid -v stats'
# Waiting for connection to port 50000 of IP address 127.0.0.1
# Welcome  jak0723!
# The system information can be read from 'system.xml'
# ---------------------------------------------------------------------------
# 4 tiny servers used with a utilisation of 30.21 at the cost of $9.41
# 4 small servers used with a utilisation of 31.43 at the cost of $9.97
# 4 medium servers used with a utilisation of 27.16 at the cost of $28.27
# 4 large servers used with a utilisation of 34.07 at the cost of $69.70
# 4 xlarge servers used with a utilisation of 40.61 at the cost of $129.91
# =============================== [ Overall ] ===============================
# actual simulation end time: 88555, #jobs: 405
# total #servers used: 20, avg utilisation: 32.70 and total cost: $247.26
# avg waiting time: 53, avg exec time: 1140 and avg turnaround time: 1193

>>>>>>>>>>>>>>>>>>>>>>>>>>>>>>>>>>>>>>>>> bf <<<<<<<<<<<<<<<<<<<<<<<<<<<<<<<<<<<<<<<<<<
# ds-sim server 11-Mar, 2020 @ MQ
# Server-side simulator started with './ds-server -c ./configs/journal/config20-med-med.xml -f teragrid -v stats'
# Waiting for connection to port 50000 of IP address 127.0.0.1
# Welcome  jak0723!
# The system information can be read from 'system.xml'
# ---------------------------------------------------------------------------
# 4 tiny servers used with a utilisation of 30.67 at the cost of $9.41
# 4 small servers used with a utilisation of 36.98 at the cost of $9.97
# 3 medium servers used with a utilisation of 52.36 at the cost of $18.25
# 3 large servers used with a utilisation of 36.88 at the cost of $50.55
# 4 xlarge servers used with a utilisation of 39.25 at the cost of $133.48
# =============================== [ Overall ] ===============================
# actual simulation end time: 88555, #jobs: 405
# total #servers used: 18, avg utilisation: 38.63 and total cost: $221.66
# avg waiting time: 52, avg exec time: 1140 and avg turnaround time: 1192

>>>>>>>>>>>>>>>>>>>>>>>>>>>>>>>>>>>>>>>>> minwjff <<<<<<<<<<<<<<<<<<<<<<<<<<<<<<<<<<<<<<<<<<
# ds-sim server 11-Mar, 2020 @ MQ
# Server-side simulator started with './ds-server -c ./configs/journal/config20-med-med.xml -f teragrid -v stats'
# Waiting for connection to port 50000 of IP address 127.0.0.1
# Welcome  jak0723!
# The system information can be read from 'system.xml'
# ---------------------------------------------------------------------------
# 4 tiny servers used with a utilisation of 32.61 at the cost of $5.76
# 4 small servers used with a utilisation of 30.89 at the cost of $13.92
# 4 medium servers used with a utilisation of 47.04 at the cost of $19.53
# 4 large servers used with a utilisation of 45.79 at the cost of $58.66
# 4 xlarge servers used with a utilisation of 40.10 at the cost of $129.91
# =============================== [ Overall ] ===============================
# actual simulation end time: 88555, #jobs: 405
# total #servers used: 20, avg utilisation: 39.29 and total cost: $227.78
# avg waiting time: 11, avg exec time: 1140 and avg turnaround time: 1151

>>>>>>>>>>>>>>>>>>>>>>>>>>>>>>>>>>>>>>>>> minwjbf <<<<<<<<<<<<<<<<<<<<<<<<<<<<<<<<<<<<<<<<<<
# ds-sim server 11-Mar, 2020 @ MQ
# Server-side simulator started with './ds-server -c ./configs/journal/config20-med-med.xml -f teragrid -v stats'
# Waiting for connection to port 50000 of IP address 127.0.0.1
# Welcome  jak0723!
# The system information can be read from 'system.xml'
# ---------------------------------------------------------------------------
# 4 tiny servers used with a utilisation of 32.61 at the cost of $5.76
# 4 small servers used with a utilisation of 30.89 at the cost of $13.92
# 4 medium servers used with a utilisation of 47.04 at the cost of $19.53
# 4 large servers used with a utilisation of 45.79 at the cost of $58.66
# 4 xlarge servers used with a utilisation of 40.10 at the cost of $129.91
# =============================== [ Overall ] ===============================
# actual simulation end time: 88555, #jobs: 405
# total #servers used: 20, avg utilisation: 39.29 and total cost: $227.78
# avg waiting time: 11, avg exec time: 1140 and avg turnaround time: 1151

>>>>>>>>>>>>>>>>>>>>>>>>>>>>>>>>>>>>>>>>> csa <<<<<<<<<<<<<<<<<<<<<<<<<<<<<<<<<<<<<<<<<<
# ds-sim server 11-Mar, 2020 @ MQ
# Server-side simulator started with './ds-server -c ./configs/journal/config20-med-med.xml -f teragrid -v stats'
# Waiting for connection to port 50000 of IP address 127.0.0.1
# Welcome  jak0723!
# The system information can be read from 'system.xml'
# ---------------------------------------------------------------------------
# 4 tiny servers used with a utilisation of 32.61 at the cost of $5.76
# 4 small servers used with a utilisation of 30.89 at the cost of $13.92
# 3 medium servers used with a utilisation of 34.86 at the cost of $19.68
# 4 large servers used with a utilisation of 45.79 at the cost of $58.66
# 4 xlarge servers used with a utilisation of 40.10 at the cost of $129.91
# =============================== [ Overall ] ===============================
# actual simulation end time: 88555, #jobs: 405
# total #servers used: 19, avg utilisation: 36.96 and total cost: $227.93
# avg waiting time: 11, avg exec time: 1140 and avg turnaround time: 1151
