
>>>>>>>>>>>>>>>>>>>>>>>>>>>>>>>>>>>>>>>>> ff <<<<<<<<<<<<<<<<<<<<<<<<<<<<<<<<<<<<<<<<<<
# ds-sim server 11-Mar, 2020 @ MQ
# Server-side simulator started with './ds-server -c ./configs/journal/config20-short-med.xml -f ldns04 -v stats'
# Waiting for connection to port 50000 of IP address 127.0.0.1
# Welcome  jak0723!
# The system information can be read from 'system.xml'
# ---------------------------------------------------------------------------
# 4 tiny servers used with a utilisation of 32.15 at the cost of $8.12
# 4 small servers used with a utilisation of 18.77 at the cost of $16.75
# 3 medium servers used with a utilisation of 13.97 at the cost of $18.62
# 4 large servers used with a utilisation of 33.65 at the cost of $49.55
# 4 xlarge servers used with a utilisation of 41.36 at the cost of $141.73
# =============================== [ Overall ] ===============================
# actual simulation end time: 88694, #jobs: 712
# total #servers used: 19, avg utilisation: 28.72 and total cost: $234.76
# avg waiting time: 27, avg exec time: 560 and avg turnaround time: 587

>>>>>>>>>>>>>>>>>>>>>>>>>>>>>>>>>>>>>>>>> bf <<<<<<<<<<<<<<<<<<<<<<<<<<<<<<<<<<<<<<<<<<
# ds-sim server 11-Mar, 2020 @ MQ
# Server-side simulator started with './ds-server -c ./configs/journal/config20-short-med.xml -f ldns04 -v stats'
# Waiting for connection to port 50000 of IP address 127.0.0.1
# Welcome  jak0723!
# The system information can be read from 'system.xml'
# ---------------------------------------------------------------------------
# 4 tiny servers used with a utilisation of 32.15 at the cost of $8.12
# 4 small servers used with a utilisation of 17.84 at the cost of $16.70
# 3 medium servers used with a utilisation of 14.96 at the cost of $17.12
# 4 large servers used with a utilisation of 21.43 at the cost of $47.27
# 4 xlarge servers used with a utilisation of 39.81 at the cost of $141.73
# =============================== [ Overall ] ===============================
# actual simulation end time: 88694, #jobs: 712
# total #servers used: 19, avg utilisation: 25.78 and total cost: $230.93
# avg waiting time: 25, avg exec time: 560 and avg turnaround time: 585

>>>>>>>>>>>>>>>>>>>>>>>>>>>>>>>>>>>>>>>>> minwjff <<<<<<<<<<<<<<<<<<<<<<<<<<<<<<<<<<<<<<<<<<
# ds-sim server 11-Mar, 2020 @ MQ
# Server-side simulator started with './ds-server -c ./configs/journal/config20-short-med.xml -f ldns04 -v stats'
# Waiting for connection to port 50000 of IP address 127.0.0.1
# Welcome  jak0723!
# The system information can be read from 'system.xml'
# ---------------------------------------------------------------------------
# 3 tiny servers used with a utilisation of 33.81 at the cost of $5.11
# 3 small servers used with a utilisation of 32.15 at the cost of $11.09
# 3 medium servers used with a utilisation of 18.13 at the cost of $18.13
# 3 large servers used with a utilisation of 32.50 at the cost of $53.18
# 4 xlarge servers used with a utilisation of 40.96 at the cost of $139.26
# =============================== [ Overall ] ===============================
# actual simulation end time: 88694, #jobs: 712
# total #servers used: 16, avg utilisation: 32.10 and total cost: $226.78
# avg waiting time: 19, avg exec time: 560 and avg turnaround time: 579

>>>>>>>>>>>>>>>>>>>>>>>>>>>>>>>>>>>>>>>>> minwjbf <<<<<<<<<<<<<<<<<<<<<<<<<<<<<<<<<<<<<<<<<<
# ds-sim server 11-Mar, 2020 @ MQ
# Server-side simulator started with './ds-server -c ./configs/journal/config20-short-med.xml -f ldns04 -v stats'
# Waiting for connection to port 50000 of IP address 127.0.0.1
# Welcome  jak0723!
# The system information can be read from 'system.xml'
# ---------------------------------------------------------------------------
# 3 tiny servers used with a utilisation of 33.81 at the cost of $5.11
# 3 small servers used with a utilisation of 32.15 at the cost of $11.09
# 3 medium servers used with a utilisation of 18.13 at the cost of $18.13
# 3 large servers used with a utilisation of 32.50 at the cost of $53.18
# 4 xlarge servers used with a utilisation of 40.96 at the cost of $139.26
# =============================== [ Overall ] ===============================
# actual simulation end time: 88694, #jobs: 712
# total #servers used: 16, avg utilisation: 32.10 and total cost: $226.78
# avg waiting time: 19, avg exec time: 560 and avg turnaround time: 579

>>>>>>>>>>>>>>>>>>>>>>>>>>>>>>>>>>>>>>>>> csa <<<<<<<<<<<<<<<<<<<<<<<<<<<<<<<<<<<<<<<<<<
# ds-sim server 11-Mar, 2020 @ MQ
# Server-side simulator started with './ds-server -c ./configs/journal/config20-short-med.xml -f ldns04 -v stats'
# Waiting for connection to port 50000 of IP address 127.0.0.1
# Welcome  jak0723!
# The system information can be read from 'system.xml'
# ---------------------------------------------------------------------------
# 4 tiny servers used with a utilisation of 26.57 at the cost of $5.51
# 4 small servers used with a utilisation of 25.97 at the cost of $12.25
# 3 medium servers used with a utilisation of 18.19 at the cost of $17.49
# 3 large servers used with a utilisation of 31.54 at the cost of $53.18
# 4 xlarge servers used with a utilisation of 40.96 at the cost of $139.26
# =============================== [ Overall ] ===============================
# actual simulation end time: 88694, #jobs: 712
# total #servers used: 18, avg utilisation: 29.07 and total cost: $227.69
# avg waiting time: 20, avg exec time: 560 and avg turnaround time: 580
