
>>>>>>>>>>>>>>>>>>>>>>>>>>>>>>>>>>>>>>>>> ff <<<<<<<<<<<<<<<<<<<<<<<<<<<<<<<<<<<<<<<<<<
# ds-sim server 11-Mar, 2020 @ MQ
# Server-side simulator started with './ds-server -c ./configs/journal/config20-long-low.xml -f teragrid -v stats'
# Waiting for connection to port 50000 of IP address 127.0.0.1
# Welcome  jak0723!
# The system information can be read from 'system.xml'
# ---------------------------------------------------------------------------
# 4 tiny servers used with a utilisation of 50.11 at the cost of $7.73
# 4 small servers used with a utilisation of 29.20 at the cost of $13.11
# 4 medium servers used with a utilisation of 23.08 at the cost of $28.00
# 4 large servers used with a utilisation of 65.21 at the cost of $43.47
# 4 xlarge servers used with a utilisation of 58.44 at the cost of $135.22
# =============================== [ Overall ] ===============================
# actual simulation end time: 96794, #jobs: 252
# total #servers used: 20, avg utilisation: 45.21 and total cost: $227.53
# avg waiting time: 2855, avg exec time: 2292 and avg turnaround time: 5147

>>>>>>>>>>>>>>>>>>>>>>>>>>>>>>>>>>>>>>>>> bf <<<<<<<<<<<<<<<<<<<<<<<<<<<<<<<<<<<<<<<<<<
# ds-sim server 11-Mar, 2020 @ MQ
# Server-side simulator started with './ds-server -c ./configs/journal/config20-long-low.xml -f teragrid -v stats'
# Waiting for connection to port 50000 of IP address 127.0.0.1
# Welcome  jak0723!
# The system information can be read from 'system.xml'
# ---------------------------------------------------------------------------
# 4 tiny servers used with a utilisation of 50.11 at the cost of $7.73
# 4 small servers used with a utilisation of 25.74 at the cost of $12.92
# 4 medium servers used with a utilisation of 21.32 at the cost of $28.27
# 4 large servers used with a utilisation of 63.49 at the cost of $41.69
# 4 xlarge servers used with a utilisation of 57.22 at the cost of $136.59
# =============================== [ Overall ] ===============================
# actual simulation end time: 96794, #jobs: 252
# total #servers used: 20, avg utilisation: 43.58 and total cost: $227.21
# avg waiting time: 2919, avg exec time: 2292 and avg turnaround time: 5211

>>>>>>>>>>>>>>>>>>>>>>>>>>>>>>>>>>>>>>>>> minwjff <<<<<<<<<<<<<<<<<<<<<<<<<<<<<<<<<<<<<<<<<<
# ds-sim server 11-Mar, 2020 @ MQ
# Server-side simulator started with './ds-server -c ./configs/journal/config20-long-low.xml -f teragrid -v stats'
# Waiting for connection to port 50000 of IP address 127.0.0.1
# Welcome  jak0723!
# The system information can be read from 'system.xml'
# ---------------------------------------------------------------------------
# 4 tiny servers used with a utilisation of 49.57 at the cost of $8.00
# 4 small servers used with a utilisation of 29.20 at the cost of $13.11
# 4 medium servers used with a utilisation of 28.82 at the cost of $19.38
# 4 large servers used with a utilisation of 62.78 at the cost of $44.16
# 4 xlarge servers used with a utilisation of 59.46 at the cost of $122.84
# =============================== [ Overall ] ===============================
# actual simulation end time: 89236, #jobs: 252
# total #servers used: 20, avg utilisation: 45.97 and total cost: $207.49
# avg waiting time: 1724, avg exec time: 2292 and avg turnaround time: 4016

>>>>>>>>>>>>>>>>>>>>>>>>>>>>>>>>>>>>>>>>> minwjbf <<<<<<<<<<<<<<<<<<<<<<<<<<<<<<<<<<<<<<<<<<
# ds-sim server 11-Mar, 2020 @ MQ
# Server-side simulator started with './ds-server -c ./configs/journal/config20-long-low.xml -f teragrid -v stats'
# Waiting for connection to port 50000 of IP address 127.0.0.1
# Welcome  jak0723!
# The system information can be read from 'system.xml'
# ---------------------------------------------------------------------------
# 4 tiny servers used with a utilisation of 49.57 at the cost of $8.00
# 4 small servers used with a utilisation of 29.20 at the cost of $13.11
# 4 medium servers used with a utilisation of 28.82 at the cost of $19.38
# 4 large servers used with a utilisation of 71.00 at the cost of $43.29
# 4 xlarge servers used with a utilisation of 64.38 at the cost of $111.66
# =============================== [ Overall ] ===============================
# actual simulation end time: 89236, #jobs: 252
# total #servers used: 20, avg utilisation: 48.59 and total cost: $195.44
# avg waiting time: 1341, avg exec time: 2292 and avg turnaround time: 3633

>>>>>>>>>>>>>>>>>>>>>>>>>>>>>>>>>>>>>>>>> csa <<<<<<<<<<<<<<<<<<<<<<<<<<<<<<<<<<<<<<<<<<
# ds-sim server 11-Mar, 2020 @ MQ
# Server-side simulator started with './ds-server -c ./configs/journal/config20-long-low.xml -f teragrid -v stats'
# Waiting for connection to port 50000 of IP address 127.0.0.1
# Welcome  jak0723!
# The system information can be read from 'system.xml'
# ---------------------------------------------------------------------------
# 4 tiny servers used with a utilisation of 49.57 at the cost of $8.00
# 4 small servers used with a utilisation of 29.20 at the cost of $13.11
# 4 medium servers used with a utilisation of 28.82 at the cost of $19.38
# 4 large servers used with a utilisation of 65.19 at the cost of $43.23
# 4 xlarge servers used with a utilisation of 58.77 at the cost of $124.01
# =============================== [ Overall ] ===============================
# actual simulation end time: 89236, #jobs: 252
# total #servers used: 20, avg utilisation: 46.31 and total cost: $207.72
# avg waiting time: 1751, avg exec time: 2292 and avg turnaround time: 4043
