
>>>>>>>>>>>>>>>>>>>>>>>>>>>>>>>>>>>>>>>>> ff <<<<<<<<<<<<<<<<<<<<<<<<<<<<<<<<<<<<<<<<<<
# ds-sim server 11-Mar, 2020 @ MQ
# Server-side simulator started with './ds-server -c ./configs/journal/config20-short-low.xml -f g5k06 -v stats'
# Waiting for connection to port 50000 of IP address 127.0.0.1
# Welcome  jak0723!
# The system information can be read from 'system.xml'
# ---------------------------------------------------------------------------
# 4 tiny servers used with a utilisation of 24.52 at the cost of $6.00
# 3 small servers used with a utilisation of 26.91 at the cost of $5.74
# 4 medium servers used with a utilisation of 18.75 at the cost of $8.68
# 4 large servers used with a utilisation of 23.28 at the cost of $27.82
# 4 xlarge servers used with a utilisation of 30.84 at the cost of $93.35
# =============================== [ Overall ] ===============================
# actual simulation end time: 135844, #jobs: 353
# total #servers used: 19, avg utilisation: 24.75 and total cost: $141.59
# avg waiting time: 1305, avg exec time: 665 and avg turnaround time: 1970

>>>>>>>>>>>>>>>>>>>>>>>>>>>>>>>>>>>>>>>>> bf <<<<<<<<<<<<<<<<<<<<<<<<<<<<<<<<<<<<<<<<<<
# ds-sim server 11-Mar, 2020 @ MQ
# Server-side simulator started with './ds-server -c ./configs/journal/config20-short-low.xml -f g5k06 -v stats'
# Waiting for connection to port 50000 of IP address 127.0.0.1
# Welcome  jak0723!
# The system information can be read from 'system.xml'
# ---------------------------------------------------------------------------
# 4 tiny servers used with a utilisation of 24.52 at the cost of $6.00
# 3 small servers used with a utilisation of 27.16 at the cost of $5.80
# 3 medium servers used with a utilisation of 24.54 at the cost of $8.20
# 4 large servers used with a utilisation of 23.99 at the cost of $27.54
# 4 xlarge servers used with a utilisation of 30.92 at the cost of $93.35
# =============================== [ Overall ] ===============================
# actual simulation end time: 135844, #jobs: 353
# total #servers used: 18, avg utilisation: 26.27 and total cost: $140.88
# avg waiting time: 1313, avg exec time: 665 and avg turnaround time: 1978

>>>>>>>>>>>>>>>>>>>>>>>>>>>>>>>>>>>>>>>>> minwjff <<<<<<<<<<<<<<<<<<<<<<<<<<<<<<<<<<<<<<<<<<
# ds-sim server 11-Mar, 2020 @ MQ
# Server-side simulator started with './ds-server -c ./configs/journal/config20-short-low.xml -f g5k06 -v stats'
# Waiting for connection to port 50000 of IP address 127.0.0.1
# Welcome  jak0723!
# The system information can be read from 'system.xml'
# ---------------------------------------------------------------------------
# 4 tiny servers used with a utilisation of 33.68 at the cost of $2.70
# 3 small servers used with a utilisation of 26.52 at the cost of $0.18
# 3 medium servers used with a utilisation of 43.99 at the cost of $6.56
# 4 large servers used with a utilisation of 32.63 at the cost of $31.88
# 4 xlarge servers used with a utilisation of 29.64 at the cost of $97.11
# =============================== [ Overall ] ===============================
# actual simulation end time: 138443, #jobs: 353
# total #servers used: 18, avg utilisation: 33.07 and total cost: $138.41
# avg waiting time: 1392, avg exec time: 665 and avg turnaround time: 2057

>>>>>>>>>>>>>>>>>>>>>>>>>>>>>>>>>>>>>>>>> minwjbf <<<<<<<<<<<<<<<<<<<<<<<<<<<<<<<<<<<<<<<<<<
# ds-sim server 11-Mar, 2020 @ MQ
# Server-side simulator started with './ds-server -c ./configs/journal/config20-short-low.xml -f g5k06 -v stats'
# Waiting for connection to port 50000 of IP address 127.0.0.1
# Welcome  jak0723!
# The system information can be read from 'system.xml'
# ---------------------------------------------------------------------------
# 4 tiny servers used with a utilisation of 22.19 at the cost of $1.76
# 3 small servers used with a utilisation of 21.91 at the cost of $0.62
# 3 medium servers used with a utilisation of 32.33 at the cost of $7.31
# 4 large servers used with a utilisation of 31.13 at the cost of $24.38
# 4 xlarge servers used with a utilisation of 32.38 at the cost of $92.73
# =============================== [ Overall ] ===============================
# actual simulation end time: 135977, #jobs: 353
# total #servers used: 18, avg utilisation: 28.08 and total cost: $126.80
# avg waiting time: 1204, avg exec time: 665 and avg turnaround time: 1869

>>>>>>>>>>>>>>>>>>>>>>>>>>>>>>>>>>>>>>>>> csa <<<<<<<<<<<<<<<<<<<<<<<<<<<<<<<<<<<<<<<<<<
# ds-sim server 11-Mar, 2020 @ MQ
# Server-side simulator started with './ds-server -c ./configs/journal/config20-short-low.xml -f g5k06 -v stats'
# Waiting for connection to port 50000 of IP address 127.0.0.1
# Welcome  jak0723!
# The system information can be read from 'system.xml'
# ---------------------------------------------------------------------------
# 4 tiny servers used with a utilisation of 16.39 at the cost of $5.25
# 3 small servers used with a utilisation of 32.49 at the cost of $1.72
# 4 medium servers used with a utilisation of 25.39 at the cost of $10.09
# 4 large servers used with a utilisation of 25.90 at the cost of $40.26
# 4 xlarge servers used with a utilisation of 28.83 at the cost of $99.47
# =============================== [ Overall ] ===============================
# actual simulation end time: 136789, #jobs: 353
# total #servers used: 19, avg utilisation: 25.45 and total cost: $156.80
# avg waiting time: 1636, avg exec time: 665 and avg turnaround time: 2301
