
>>>>>>>>>>>>>>>>>>>>>>>>>>>>>>>>>>>>>>>>> ff <<<<<<<<<<<<<<<<<<<<<<<<<<<<<<<<<<<<<<<<<<
# ds-sim server 11-Mar, 2020 @ MQ
# Server-side simulator started with './ds-server -c ./configs/journal/config20-med-low.xml -f teragrid -v stats'
# Waiting for connection to port 50000 of IP address 127.0.0.1
# Welcome  jak0723!
# The system information can be read from 'system.xml'
# ---------------------------------------------------------------------------
# 4 tiny servers used with a utilisation of 38.71 at the cost of $7.07
# 4 small servers used with a utilisation of 22.98 at the cost of $8.83
# 4 medium servers used with a utilisation of 49.72 at the cost of $18.54
# 4 large servers used with a utilisation of 37.82 at the cost of $45.88
# 3 xlarge servers used with a utilisation of 47.98 at the cost of $74.36
# =============================== [ Overall ] ===============================
# actual simulation end time: 88218, #jobs: 270
# total #servers used: 19, avg utilisation: 38.99 and total cost: $154.68
# avg waiting time: 96, avg exec time: 1149 and avg turnaround time: 1245

>>>>>>>>>>>>>>>>>>>>>>>>>>>>>>>>>>>>>>>>> bf <<<<<<<<<<<<<<<<<<<<<<<<<<<<<<<<<<<<<<<<<<
# ds-sim server 11-Mar, 2020 @ MQ
# Server-side simulator started with './ds-server -c ./configs/journal/config20-med-low.xml -f teragrid -v stats'
# Waiting for connection to port 50000 of IP address 127.0.0.1
# Welcome  jak0723!
# The system information can be read from 'system.xml'
# ---------------------------------------------------------------------------
# 4 tiny servers used with a utilisation of 38.71 at the cost of $7.07
# 4 small servers used with a utilisation of 46.48 at the cost of $6.26
# 4 medium servers used with a utilisation of 39.29 at the cost of $18.38
# 4 large servers used with a utilisation of 29.65 at the cost of $44.88
# 3 xlarge servers used with a utilisation of 49.49 at the cost of $74.36
# =============================== [ Overall ] ===============================
# actual simulation end time: 88218, #jobs: 270
# total #servers used: 19, avg utilisation: 40.26 and total cost: $150.96
# avg waiting time: 104, avg exec time: 1149 and avg turnaround time: 1253

>>>>>>>>>>>>>>>>>>>>>>>>>>>>>>>>>>>>>>>>> minwjff <<<<<<<<<<<<<<<<<<<<<<<<<<<<<<<<<<<<<<<<<<
# ds-sim server 11-Mar, 2020 @ MQ
# Server-side simulator started with './ds-server -c ./configs/journal/config20-med-low.xml -f teragrid -v stats'
# Waiting for connection to port 50000 of IP address 127.0.0.1
# Welcome  jak0723!
# The system information can be read from 'system.xml'
# ---------------------------------------------------------------------------
# 4 tiny servers used with a utilisation of 38.71 at the cost of $7.07
# 4 small servers used with a utilisation of 57.46 at the cost of $4.84
# 4 medium servers used with a utilisation of 50.94 at the cost of $18.68
# 3 large servers used with a utilisation of 36.98 at the cost of $40.06
# 4 xlarge servers used with a utilisation of 59.18 at the cost of $77.48
# =============================== [ Overall ] ===============================
# actual simulation end time: 88218, #jobs: 270
# total #servers used: 19, avg utilisation: 49.27 and total cost: $148.13
# avg waiting time: 8, avg exec time: 1149 and avg turnaround time: 1157

>>>>>>>>>>>>>>>>>>>>>>>>>>>>>>>>>>>>>>>>> minwjbf <<<<<<<<<<<<<<<<<<<<<<<<<<<<<<<<<<<<<<<<<<
# ds-sim server 11-Mar, 2020 @ MQ
# Server-side simulator started with './ds-server -c ./configs/journal/config20-med-low.xml -f teragrid -v stats'
# Waiting for connection to port 50000 of IP address 127.0.0.1
# Welcome  jak0723!
# The system information can be read from 'system.xml'
# ---------------------------------------------------------------------------
# 4 tiny servers used with a utilisation of 38.71 at the cost of $7.07
# 4 small servers used with a utilisation of 57.46 at the cost of $4.84
# 4 medium servers used with a utilisation of 50.94 at the cost of $18.68
# 3 large servers used with a utilisation of 36.98 at the cost of $40.06
# 4 xlarge servers used with a utilisation of 59.18 at the cost of $77.48
# =============================== [ Overall ] ===============================
# actual simulation end time: 88218, #jobs: 270
# total #servers used: 19, avg utilisation: 49.27 and total cost: $148.13
# avg waiting time: 8, avg exec time: 1149 and avg turnaround time: 1157

>>>>>>>>>>>>>>>>>>>>>>>>>>>>>>>>>>>>>>>>> csa <<<<<<<<<<<<<<<<<<<<<<<<<<<<<<<<<<<<<<<<<<
# ds-sim server 11-Mar, 2020 @ MQ
# Server-side simulator started with './ds-server -c ./configs/journal/config20-med-low.xml -f teragrid -v stats'
# Waiting for connection to port 50000 of IP address 127.0.0.1
# Welcome  jak0723!
# The system information can be read from 'system.xml'
# ---------------------------------------------------------------------------
# 4 tiny servers used with a utilisation of 38.71 at the cost of $7.07
# 4 small servers used with a utilisation of 50.05 at the cost of $5.14
# 4 medium servers used with a utilisation of 50.76 at the cost of $18.71
# 4 large servers used with a utilisation of 29.37 at the cost of $39.95
# 4 xlarge servers used with a utilisation of 59.15 at the cost of $77.47
# =============================== [ Overall ] ===============================
# actual simulation end time: 88218, #jobs: 270
# total #servers used: 20, avg utilisation: 45.61 and total cost: $148.34
# avg waiting time: 10, avg exec time: 1149 and avg turnaround time: 1159
