
>>>>>>>>>>>>>>>>>>>>>>>>>>>>>>>>>>>>>>>>> ff <<<<<<<<<<<<<<<<<<<<<<<<<<<<<<<<<<<<<<<<<<
# ds-sim server 11-Mar, 2020 @ MQ
# Server-side simulator started with './ds-server -c ./configs/journal/config20-med-high.xml -f pl05 -v stats'
# Waiting for connection to port 50000 of IP address 127.0.0.1
# Welcome  jak0723!
# The system information can be read from 'system.xml'
# ---------------------------------------------------------------------------
# 4 tiny servers used with a utilisation of 10.01 at the cost of $2.53
# 4 small servers used with a utilisation of 31.33 at the cost of $11.67
# 4 medium servers used with a utilisation of 37.37 at the cost of $22.20
# 4 large servers used with a utilisation of 50.03 at the cost of $58.27
# 4 xlarge servers used with a utilisation of 48.41 at the cost of $162.46
# =============================== [ Overall ] ===============================
# actual simulation end time: 179179, #jobs: 549
# total #servers used: 20, avg utilisation: 35.43 and total cost: $257.13
# avg waiting time: 10413, avg exec time: 1179 and avg turnaround time: 11592

>>>>>>>>>>>>>>>>>>>>>>>>>>>>>>>>>>>>>>>>> bf <<<<<<<<<<<<<<<<<<<<<<<<<<<<<<<<<<<<<<<<<<
# ds-sim server 11-Mar, 2020 @ MQ
# Server-side simulator started with './ds-server -c ./configs/journal/config20-med-high.xml -f pl05 -v stats'
# Waiting for connection to port 50000 of IP address 127.0.0.1
# Welcome  jak0723!
# The system information can be read from 'system.xml'
# ---------------------------------------------------------------------------
# 4 tiny servers used with a utilisation of 14.53 at the cost of $2.07
# 4 small servers used with a utilisation of 26.98 at the cost of $11.06
# 4 medium servers used with a utilisation of 47.86 at the cost of $19.20
# 4 large servers used with a utilisation of 43.47 at the cost of $52.89
# 4 xlarge servers used with a utilisation of 51.89 at the cost of $154.46
# =============================== [ Overall ] ===============================
# actual simulation end time: 174075, #jobs: 549
# total #servers used: 20, avg utilisation: 36.95 and total cost: $239.67
# avg waiting time: 8516, avg exec time: 1179 and avg turnaround time: 9695

>>>>>>>>>>>>>>>>>>>>>>>>>>>>>>>>>>>>>>>>> minwjff <<<<<<<<<<<<<<<<<<<<<<<<<<<<<<<<<<<<<<<<<<
# ds-sim server 11-Mar, 2020 @ MQ
# Server-side simulator started with './ds-server -c ./configs/journal/config20-med-high.xml -f pl05 -v stats'
# Waiting for connection to port 50000 of IP address 127.0.0.1
# Welcome  jak0723!
# The system information can be read from 'system.xml'
# ---------------------------------------------------------------------------
# 1 tiny servers used with a utilisation of 65.29 at the cost of $0.04
# 2 small servers used with a utilisation of 33.61 at the cost of $7.26
# 4 medium servers used with a utilisation of 36.09 at the cost of $9.40
# 4 large servers used with a utilisation of 55.07 at the cost of $61.56
# 4 xlarge servers used with a utilisation of 48.91 at the cost of $148.88
# =============================== [ Overall ] ===============================
# actual simulation end time: 138551, #jobs: 549
# total #servers used: 15, avg utilisation: 46.19 and total cost: $227.14
# avg waiting time: 5470, avg exec time: 1179 and avg turnaround time: 6649

>>>>>>>>>>>>>>>>>>>>>>>>>>>>>>>>>>>>>>>>> minwjbf <<<<<<<<<<<<<<<<<<<<<<<<<<<<<<<<<<<<<<<<<<
# ds-sim server 11-Mar, 2020 @ MQ
# Server-side simulator started with './ds-server -c ./configs/journal/config20-med-high.xml -f pl05 -v stats'
# Waiting for connection to port 50000 of IP address 127.0.0.1
# Welcome  jak0723!
# The system information can be read from 'system.xml'
# ---------------------------------------------------------------------------
# 1 tiny servers used with a utilisation of 65.29 at the cost of $0.04
# 4 small servers used with a utilisation of 10.11 at the cost of $4.80
# 4 medium servers used with a utilisation of 51.81 at the cost of $8.46
# 4 large servers used with a utilisation of 58.80 at the cost of $60.41
# 4 xlarge servers used with a utilisation of 49.61 at the cost of $147.91
# =============================== [ Overall ] ===============================
# actual simulation end time: 134991, #jobs: 549
# total #servers used: 17, avg utilisation: 43.92 and total cost: $221.61
# avg waiting time: 5520, avg exec time: 1179 and avg turnaround time: 6699

>>>>>>>>>>>>>>>>>>>>>>>>>>>>>>>>>>>>>>>>> csa <<<<<<<<<<<<<<<<<<<<<<<<<<<<<<<<<<<<<<<<<<
# ds-sim server 11-Mar, 2020 @ MQ
# Server-side simulator started with './ds-server -c ./configs/journal/config20-med-high.xml -f pl05 -v stats'
# Waiting for connection to port 50000 of IP address 127.0.0.1
# Welcome  jak0723!
# The system information can be read from 'system.xml'
# ---------------------------------------------------------------------------
# 1 tiny servers used with a utilisation of 17.07 at the cost of $0.19
# 4 small servers used with a utilisation of 10.78 at the cost of $6.98
# 4 medium servers used with a utilisation of 35.75 at the cost of $13.93
# 4 large servers used with a utilisation of 55.93 at the cost of $65.92
# 4 xlarge servers used with a utilisation of 50.83 at the cost of $151.76
# =============================== [ Overall ] ===============================
# actual simulation end time: 135567, #jobs: 549
# total #servers used: 17, avg utilisation: 37.07 and total cost: $238.78
# avg waiting time: 6520, avg exec time: 1179 and avg turnaround time: 7699
