
>>>>>>>>>>>>>>>>>>>>>>>>>>>>>>>>>>>>>>>>> ff <<<<<<<<<<<<<<<<<<<<<<<<<<<<<<<<<<<<<<<<<<
# ds-sim server 11-Mar, 2020 @ MQ
# Server-side simulator started with './ds-server -c ./configs/journal/config20-med-low.xml -v stats'
# Waiting for connection to port 50000 of IP address 127.0.0.1
# Welcome  jak0723!
# The system information can be read from 'system.xml'
# ---------------------------------------------------------------------------
# 4 tiny servers used with a utilisation of 37.39 at the cost of $7.07
# 4 small servers used with a utilisation of 47.78 at the cost of $8.59
# 4 medium servers used with a utilisation of 49.72 at the cost of $18.54
# 4 large servers used with a utilisation of 41.75 at the cost of $58.80
# 4 xlarge servers used with a utilisation of 58.86 at the cost of $75.11
# =============================== [ Overall ] ===============================
# actual simulation end time: 88218, #jobs: 270
# total #servers used: 20, avg utilisation: 47.10 and total cost: $168.12
# avg waiting time: 4, avg exec time: 1149 and avg turnaround time: 1153

>>>>>>>>>>>>>>>>>>>>>>>>>>>>>>>>>>>>>>>>> bf <<<<<<<<<<<<<<<<<<<<<<<<<<<<<<<<<<<<<<<<<<
# ds-sim server 11-Mar, 2020 @ MQ
# Server-side simulator started with './ds-server -c ./configs/journal/config20-med-low.xml -v stats'
# Waiting for connection to port 50000 of IP address 127.0.0.1
# Welcome  jak0723!
# The system information can be read from 'system.xml'
# ---------------------------------------------------------------------------
# 4 tiny servers used with a utilisation of 37.39 at the cost of $7.07
# 3 small servers used with a utilisation of 42.16 at the cost of $8.29
# 4 medium servers used with a utilisation of 54.08 at the cost of $18.38
# 4 large servers used with a utilisation of 39.07 at the cost of $58.80
# 4 xlarge servers used with a utilisation of 58.75 at the cost of $75.31
# =============================== [ Overall ] ===============================
# actual simulation end time: 88218, #jobs: 270
# total #servers used: 19, avg utilisation: 46.51 and total cost: $167.85
# avg waiting time: 4, avg exec time: 1149 and avg turnaround time: 1153
