
>>>>>>>>>>>>>>>>>>>>>>>>>>>>>>>>>>>>>>>>> ff <<<<<<<<<<<<<<<<<<<<<<<<<<<<<<<<<<<<<<<<<<
# ds-sim server 11-Mar, 2020 @ MQ
# Server-side simulator started with './ds-server -c ./configs/journal/config20-long-low.xml -f websites02 -v stats'
# Waiting for connection to port 50000 of IP address 127.0.0.1
# Welcome  jak0723!
# The system information can be read from 'system.xml'
# ---------------------------------------------------------------------------
# 4 tiny servers used with a utilisation of 31.67 at the cost of $5.22
# 4 small servers used with a utilisation of 49.15 at the cost of $10.95
# 4 medium servers used with a utilisation of 43.72 at the cost of $17.02
# 4 large servers used with a utilisation of 15.54 at the cost of $32.01
# 4 xlarge servers used with a utilisation of 47.64 at the cost of $146.01
# =============================== [ Overall ] ===============================
# actual simulation end time: 184151, #jobs: 252
# total #servers used: 20, avg utilisation: 37.55 and total cost: $211.21
# avg waiting time: 13870, avg exec time: 2292 and avg turnaround time: 16162

>>>>>>>>>>>>>>>>>>>>>>>>>>>>>>>>>>>>>>>>> bf <<<<<<<<<<<<<<<<<<<<<<<<<<<<<<<<<<<<<<<<<<
# ds-sim server 11-Mar, 2020 @ MQ
# Server-side simulator started with './ds-server -c ./configs/journal/config20-long-low.xml -f websites02 -v stats'
# Waiting for connection to port 50000 of IP address 127.0.0.1
# Welcome  jak0723!
# The system information can be read from 'system.xml'
# ---------------------------------------------------------------------------
# 4 tiny servers used with a utilisation of 29.13 at the cost of $5.24
# 4 small servers used with a utilisation of 49.44 at the cost of $10.08
# 4 medium servers used with a utilisation of 39.63 at the cost of $15.37
# 4 large servers used with a utilisation of 13.18 at the cost of $19.89
# 4 xlarge servers used with a utilisation of 49.70 at the cost of $155.98
# =============================== [ Overall ] ===============================
# actual simulation end time: 191140, #jobs: 252
# total #servers used: 20, avg utilisation: 36.22 and total cost: $206.56
# avg waiting time: 14579, avg exec time: 2292 and avg turnaround time: 16871

>>>>>>>>>>>>>>>>>>>>>>>>>>>>>>>>>>>>>>>>> minwjff <<<<<<<<<<<<<<<<<<<<<<<<<<<<<<<<<<<<<<<<<<
# ds-sim server 11-Mar, 2020 @ MQ
# Server-side simulator started with './ds-server -c ./configs/journal/config20-long-low.xml -f websites02 -v stats'
# Waiting for connection to port 50000 of IP address 127.0.0.1
# Welcome  jak0723!
# The system information can be read from 'system.xml'
# ---------------------------------------------------------------------------
# 3 tiny servers used with a utilisation of 30.75 at the cost of $0.88
# 4 small servers used with a utilisation of 57.60 at the cost of $7.08
# 4 medium servers used with a utilisation of 46.02 at the cost of $19.45
# 4 large servers used with a utilisation of 8.92 at the cost of $22.89
# 4 xlarge servers used with a utilisation of 51.65 at the cost of $153.93
# =============================== [ Overall ] ===============================
# actual simulation end time: 148309, #jobs: 252
# total #servers used: 19, avg utilisation: 39.42 and total cost: $204.22
# avg waiting time: 11903, avg exec time: 2292 and avg turnaround time: 14195

>>>>>>>>>>>>>>>>>>>>>>>>>>>>>>>>>>>>>>>>> minwjbf <<<<<<<<<<<<<<<<<<<<<<<<<<<<<<<<<<<<<<<<<<
# ds-sim server 11-Mar, 2020 @ MQ
# Server-side simulator started with './ds-server -c ./configs/journal/config20-long-low.xml -f websites02 -v stats'
# Waiting for connection to port 50000 of IP address 127.0.0.1
# Welcome  jak0723!
# The system information can be read from 'system.xml'
# ---------------------------------------------------------------------------
# 4 tiny servers used with a utilisation of 24.49 at the cost of $1.35
# 4 small servers used with a utilisation of 36.84 at the cost of $7.26
# 4 medium servers used with a utilisation of 64.35 at the cost of $14.79
# 4 large servers used with a utilisation of 18.34 at the cost of $29.94
# 4 xlarge servers used with a utilisation of 55.15 at the cost of $158.74
# =============================== [ Overall ] ===============================
# actual simulation end time: 143552, #jobs: 252
# total #servers used: 20, avg utilisation: 39.83 and total cost: $212.07
# avg waiting time: 12404, avg exec time: 2292 and avg turnaround time: 14696

>>>>>>>>>>>>>>>>>>>>>>>>>>>>>>>>>>>>>>>>> csa <<<<<<<<<<<<<<<<<<<<<<<<<<<<<<<<<<<<<<<<<<
# ds-sim server 11-Mar, 2020 @ MQ
# Server-side simulator started with './ds-server -c ./configs/journal/config20-long-low.xml -f websites02 -v stats'
# Waiting for connection to port 50000 of IP address 127.0.0.1
# Welcome  jak0723!
# The system information can be read from 'system.xml'
# ---------------------------------------------------------------------------
# 3 tiny servers used with a utilisation of 19.93 at the cost of $1.37
# 4 small servers used with a utilisation of 32.88 at the cost of $8.51
# 4 medium servers used with a utilisation of 45.35 at the cost of $24.79
# 4 large servers used with a utilisation of 9.20 at the cost of $20.66
# 4 xlarge servers used with a utilisation of 55.33 at the cost of $150.19
# =============================== [ Overall ] ===============================
# actual simulation end time: 142039, #jobs: 252
# total #servers used: 19, avg utilisation: 33.20 and total cost: $205.53
# avg waiting time: 11131, avg exec time: 2292 and avg turnaround time: 13423
