
>>>>>>>>>>>>>>>>>>>>>>>>>>>>>>>>>>>>>>>>> ff <<<<<<<<<<<<<<<<<<<<<<<<<<<<<<<<<<<<<<<<<<
# ds-sim server 11-Mar, 2020 @ MQ
# Server-side simulator started with './ds-server -c ./configs/journal/config100-med-med.xml -f g5k06 -v stats'
# Waiting for connection to port 50000 of IP address 127.0.0.1
# Welcome  jak0723!
# The system information can be read from 'system.xml'
# ---------------------------------------------------------------------------
# 19 tiny servers used with a utilisation of 33.68 at the cost of $26.29
# 15 small servers used with a utilisation of 30.74 at the cost of $30.06
# 20 medium servers used with a utilisation of 24.96 at the cost of $53.60
# 20 large servers used with a utilisation of 27.12 at the cost of $185.77
# 20 xlarge servers used with a utilisation of 32.51 at the cost of $629.01
# =============================== [ Overall ] ===============================
# actual simulation end time: 135723, #jobs: 1532
# total #servers used: 94, avg utilisation: 29.71 and total cost: $924.73
# avg waiting time: 2205, avg exec time: 1127 and avg turnaround time: 3332

>>>>>>>>>>>>>>>>>>>>>>>>>>>>>>>>>>>>>>>>> bf <<<<<<<<<<<<<<<<<<<<<<<<<<<<<<<<<<<<<<<<<<
# ds-sim server 11-Mar, 2020 @ MQ
# Server-side simulator started with './ds-server -c ./configs/journal/config100-med-med.xml -f g5k06 -v stats'
# Waiting for connection to port 50000 of IP address 127.0.0.1
# Welcome  jak0723!
# The system information can be read from 'system.xml'
# ---------------------------------------------------------------------------
# 19 tiny servers used with a utilisation of 32.64 at the cost of $26.18
# 11 small servers used with a utilisation of 34.21 at the cost of $26.70
# 15 medium servers used with a utilisation of 26.53 at the cost of $40.96
# 20 large servers used with a utilisation of 21.64 at the cost of $124.80
# 20 xlarge servers used with a utilisation of 33.43 at the cost of $661.97
# =============================== [ Overall ] ===============================
# actual simulation end time: 135421, #jobs: 1532
# total #servers used: 85, avg utilisation: 29.36 and total cost: $880.61
# avg waiting time: 2497, avg exec time: 1127 and avg turnaround time: 3624

>>>>>>>>>>>>>>>>>>>>>>>>>>>>>>>>>>>>>>>>> minwjff <<<<<<<<<<<<<<<<<<<<<<<<<<<<<<<<<<<<<<<<<<
# ds-sim server 11-Mar, 2020 @ MQ
# Server-side simulator started with './ds-server -c ./configs/journal/config100-med-med.xml -f g5k06 -v stats'
# Waiting for connection to port 50000 of IP address 127.0.0.1
# Welcome  jak0723!
# The system information can be read from 'system.xml'
# ---------------------------------------------------------------------------
# 13 tiny servers used with a utilisation of 44.08 at the cost of $1.84
# 11 small servers used with a utilisation of 36.23 at the cost of $21.44
# 12 medium servers used with a utilisation of 31.76 at the cost of $35.66
# 15 large servers used with a utilisation of 36.30 at the cost of $126.66
# 20 xlarge servers used with a utilisation of 35.83 at the cost of $593.59
# =============================== [ Overall ] ===============================
# actual simulation end time: 108322, #jobs: 1532
# total #servers used: 71, avg utilisation: 36.81 and total cost: $779.20
# avg waiting time: 1141, avg exec time: 1127 and avg turnaround time: 2268

>>>>>>>>>>>>>>>>>>>>>>>>>>>>>>>>>>>>>>>>> minwjbf <<<<<<<<<<<<<<<<<<<<<<<<<<<<<<<<<<<<<<<<<<
# ds-sim server 11-Mar, 2020 @ MQ
# Server-side simulator started with './ds-server -c ./configs/journal/config100-med-med.xml -f g5k06 -v stats'
# Waiting for connection to port 50000 of IP address 127.0.0.1
# Welcome  jak0723!
# The system information can be read from 'system.xml'
# ---------------------------------------------------------------------------
# 14 tiny servers used with a utilisation of 38.53 at the cost of $2.28
# 13 small servers used with a utilisation of 42.16 at the cost of $7.58
# 13 medium servers used with a utilisation of 38.54 at the cost of $27.76
# 20 large servers used with a utilisation of 38.59 at the cost of $126.33
# 20 xlarge servers used with a utilisation of 37.93 at the cost of $637.70
# =============================== [ Overall ] ===============================
# actual simulation end time: 136444, #jobs: 1532
# total #servers used: 80, avg utilisation: 38.99 and total cost: $801.66
# avg waiting time: 1771, avg exec time: 1127 and avg turnaround time: 2898

>>>>>>>>>>>>>>>>>>>>>>>>>>>>>>>>>>>>>>>>> csa <<<<<<<<<<<<<<<<<<<<<<<<<<<<<<<<<<<<<<<<<<
# ds-sim server 11-Mar, 2020 @ MQ
# Server-side simulator started with './ds-server -c ./configs/journal/config100-med-med.xml -f g5k06 -v stats'
# Waiting for connection to port 50000 of IP address 127.0.0.1
# Welcome  jak0723!
# The system information can be read from 'system.xml'
# ---------------------------------------------------------------------------
# 17 tiny servers used with a utilisation of 39.31 at the cost of $5.08
# 18 small servers used with a utilisation of 29.71 at the cost of $36.65
# 18 medium servers used with a utilisation of 30.31 at the cost of $57.24
# 20 large servers used with a utilisation of 30.98 at the cost of $167.97
# 20 xlarge servers used with a utilisation of 33.43 at the cost of $663.95
# =============================== [ Overall ] ===============================
# actual simulation end time: 118268, #jobs: 1532
# total #servers used: 93, avg utilisation: 32.65 and total cost: $930.89
# avg waiting time: 1494, avg exec time: 1127 and avg turnaround time: 2621
