
>>>>>>>>>>>>>>>>>>>>>>>>>>>>>>>>>>>>>>>>> ff <<<<<<<<<<<<<<<<<<<<<<<<<<<<<<<<<<<<<<<<<<
# ds-sim server 11-Mar, 2020 @ MQ
# Server-side simulator started with './ds-server -c ./configs/journal/config20-long-high.xml -f websites02 -v stats'
# Waiting for connection to port 50000 of IP address 127.0.0.1
# Welcome  jak0723!
# The system information can be read from 'system.xml'
# ---------------------------------------------------------------------------
# 4 tiny servers used with a utilisation of 24.39 at the cost of $5.70
# 4 small servers used with a utilisation of 32.94 at the cost of $9.32
# 4 medium servers used with a utilisation of 41.28 at the cost of $29.25
# 4 large servers used with a utilisation of 22.95 at the cost of $45.81
# 4 xlarge servers used with a utilisation of 53.61 at the cost of $227.91
# =============================== [ Overall ] ===============================
# actual simulation end time: 278512, #jobs: 328
# total #servers used: 20, avg utilisation: 35.04 and total cost: $317.99
# avg waiting time: 32538, avg exec time: 2333 and avg turnaround time: 34871

>>>>>>>>>>>>>>>>>>>>>>>>>>>>>>>>>>>>>>>>> bf <<<<<<<<<<<<<<<<<<<<<<<<<<<<<<<<<<<<<<<<<<
# ds-sim server 11-Mar, 2020 @ MQ
# Server-side simulator started with './ds-server -c ./configs/journal/config20-long-high.xml -f websites02 -v stats'
# Waiting for connection to port 50000 of IP address 127.0.0.1
# Welcome  jak0723!
# The system information can be read from 'system.xml'
# ---------------------------------------------------------------------------
# 4 tiny servers used with a utilisation of 25.38 at the cost of $5.80
# 4 small servers used with a utilisation of 35.97 at the cost of $7.21
# 4 medium servers used with a utilisation of 44.25 at the cost of $25.84
# 4 large servers used with a utilisation of 15.95 at the cost of $39.29
# 4 xlarge servers used with a utilisation of 54.15 at the cost of $230.97
# =============================== [ Overall ] ===============================
# actual simulation end time: 280653, #jobs: 328
# total #servers used: 20, avg utilisation: 35.14 and total cost: $309.11
# avg waiting time: 32616, avg exec time: 2333 and avg turnaround time: 34949

>>>>>>>>>>>>>>>>>>>>>>>>>>>>>>>>>>>>>>>>> minwjff <<<<<<<<<<<<<<<<<<<<<<<<<<<<<<<<<<<<<<<<<<
# ds-sim server 11-Mar, 2020 @ MQ
# Server-side simulator started with './ds-server -c ./configs/journal/config20-long-high.xml -f websites02 -v stats'
# Waiting for connection to port 50000 of IP address 127.0.0.1
# Welcome  jak0723!
# The system information can be read from 'system.xml'
# ---------------------------------------------------------------------------
# 4 tiny servers used with a utilisation of 34.89 at the cost of $0.83
# 4 small servers used with a utilisation of 23.84 at the cost of $2.82
# 4 medium servers used with a utilisation of 54.06 at the cost of $31.56
# 4 large servers used with a utilisation of 26.59 at the cost of $42.72
# 4 xlarge servers used with a utilisation of 59.18 at the cost of $240.60
# =============================== [ Overall ] ===============================
# actual simulation end time: 192877, #jobs: 328
# total #servers used: 20, avg utilisation: 39.71 and total cost: $318.53
# avg waiting time: 23964, avg exec time: 2333 and avg turnaround time: 26297

>>>>>>>>>>>>>>>>>>>>>>>>>>>>>>>>>>>>>>>>> minwjbf <<<<<<<<<<<<<<<<<<<<<<<<<<<<<<<<<<<<<<<<<<
# ds-sim server 11-Mar, 2020 @ MQ
# Server-side simulator started with './ds-server -c ./configs/journal/config20-long-high.xml -f websites02 -v stats'
# Waiting for connection to port 50000 of IP address 127.0.0.1
# Welcome  jak0723!
# The system information can be read from 'system.xml'
# ---------------------------------------------------------------------------
# 4 tiny servers used with a utilisation of 40.90 at the cost of $1.69
# 4 small servers used with a utilisation of 34.02 at the cost of $2.43
# 4 medium servers used with a utilisation of 58.01 at the cost of $24.30
# 4 large servers used with a utilisation of 25.93 at the cost of $46.39
# 4 xlarge servers used with a utilisation of 61.48 at the cost of $230.29
# =============================== [ Overall ] ===============================
# actual simulation end time: 182132, #jobs: 328
# total #servers used: 20, avg utilisation: 44.07 and total cost: $305.11
# avg waiting time: 20940, avg exec time: 2333 and avg turnaround time: 23273

>>>>>>>>>>>>>>>>>>>>>>>>>>>>>>>>>>>>>>>>> csa <<<<<<<<<<<<<<<<<<<<<<<<<<<<<<<<<<<<<<<<<<
# ds-sim server 11-Mar, 2020 @ MQ
# Server-side simulator started with './ds-server -c ./configs/journal/config20-long-high.xml -f websites02 -v stats'
# Waiting for connection to port 50000 of IP address 127.0.0.1
# Welcome  jak0723!
# The system information can be read from 'system.xml'
# ---------------------------------------------------------------------------
# 3 tiny servers used with a utilisation of 16.39 at the cost of $1.35
# 4 small servers used with a utilisation of 19.32 at the cost of $5.45
# 4 medium servers used with a utilisation of 42.23 at the cost of $36.23
# 4 large servers used with a utilisation of 20.22 at the cost of $48.18
# 4 xlarge servers used with a utilisation of 62.54 at the cost of $238.74
# =============================== [ Overall ] ===============================
# actual simulation end time: 190065, #jobs: 328
# total #servers used: 19, avg utilisation: 32.97 and total cost: $329.95
# avg waiting time: 20566, avg exec time: 2333 and avg turnaround time: 22899
