
>>>>>>>>>>>>>>>>>>>>>>>>>>>>>>>>>>>>>>>>> ff <<<<<<<<<<<<<<<<<<<<<<<<<<<<<<<<<<<<<<<<<<
# ds-sim server 11-Mar, 2020 @ MQ
# Server-side simulator started with './ds-server -c ./configs/journal/config100-med-med.xml -f pl05 -v stats'
# Waiting for connection to port 50000 of IP address 127.0.0.1
# Welcome  jak0723!
# The system information can be read from 'system.xml'
# ---------------------------------------------------------------------------
# 18 tiny servers used with a utilisation of 41.39 at the cost of $23.72
# 12 small servers used with a utilisation of 25.83 at the cost of $27.36
# 16 medium servers used with a utilisation of 30.14 at the cost of $57.78
# 14 large servers used with a utilisation of 47.27 at the cost of $138.21
# 18 xlarge servers used with a utilisation of 42.95 at the cost of $517.43
# =============================== [ Overall ] ===============================
# actual simulation end time: 99569, #jobs: 1532
# total #servers used: 78, avg utilisation: 38.10 and total cost: $764.51
# avg waiting time: 615, avg exec time: 1127 and avg turnaround time: 1742

>>>>>>>>>>>>>>>>>>>>>>>>>>>>>>>>>>>>>>>>> bf <<<<<<<<<<<<<<<<<<<<<<<<<<<<<<<<<<<<<<<<<<
# ds-sim server 11-Mar, 2020 @ MQ
# Server-side simulator started with './ds-server -c ./configs/journal/config100-med-med.xml -f pl05 -v stats'
# Waiting for connection to port 50000 of IP address 127.0.0.1
# Welcome  jak0723!
# The system information can be read from 'system.xml'
# ---------------------------------------------------------------------------
# 18 tiny servers used with a utilisation of 38.97 at the cost of $24.38
# 11 small servers used with a utilisation of 29.33 at the cost of $26.86
# 13 medium servers used with a utilisation of 22.83 at the cost of $47.38
# 11 large servers used with a utilisation of 36.84 at the cost of $83.99
# 18 xlarge servers used with a utilisation of 45.90 at the cost of $517.41
# =============================== [ Overall ] ===============================
# actual simulation end time: 103279, #jobs: 1532
# total #servers used: 71, avg utilisation: 35.95 and total cost: $700.01
# avg waiting time: 667, avg exec time: 1127 and avg turnaround time: 1794

>>>>>>>>>>>>>>>>>>>>>>>>>>>>>>>>>>>>>>>>> minwjff <<<<<<<<<<<<<<<<<<<<<<<<<<<<<<<<<<<<<<<<<<
# ds-sim server 11-Mar, 2020 @ MQ
# Server-side simulator started with './ds-server -c ./configs/journal/config100-med-med.xml -f pl05 -v stats'
# Waiting for connection to port 50000 of IP address 127.0.0.1
# Welcome  jak0723!
# The system information can be read from 'system.xml'
# ---------------------------------------------------------------------------
# 14 tiny servers used with a utilisation of 44.05 at the cost of $4.53
# 12 small servers used with a utilisation of 37.09 at the cost of $21.07
# 12 medium servers used with a utilisation of 31.68 at the cost of $25.28
# 12 large servers used with a utilisation of 40.53 at the cost of $104.42
# 18 xlarge servers used with a utilisation of 47.94 at the cost of $446.20
# =============================== [ Overall ] ===============================
# actual simulation end time: 91589, #jobs: 1532
# total #servers used: 68, avg utilisation: 41.05 and total cost: $601.49
# avg waiting time: 232, avg exec time: 1127 and avg turnaround time: 1359

>>>>>>>>>>>>>>>>>>>>>>>>>>>>>>>>>>>>>>>>> minwjbf <<<<<<<<<<<<<<<<<<<<<<<<<<<<<<<<<<<<<<<<<<
# ds-sim server 11-Mar, 2020 @ MQ
# Server-side simulator started with './ds-server -c ./configs/journal/config100-med-med.xml -f pl05 -v stats'
# Waiting for connection to port 50000 of IP address 127.0.0.1
# Welcome  jak0723!
# The system information can be read from 'system.xml'
# ---------------------------------------------------------------------------
# 14 tiny servers used with a utilisation of 46.03 at the cost of $4.04
# 10 small servers used with a utilisation of 43.07 at the cost of $15.09
# 13 medium servers used with a utilisation of 32.09 at the cost of $10.73
# 13 large servers used with a utilisation of 41.35 at the cost of $68.55
# 18 xlarge servers used with a utilisation of 54.39 at the cost of $452.46
# =============================== [ Overall ] ===============================
# actual simulation end time: 93785, #jobs: 1532
# total #servers used: 68, avg utilisation: 44.25 and total cost: $550.86
# avg waiting time: 403, avg exec time: 1127 and avg turnaround time: 1530

>>>>>>>>>>>>>>>>>>>>>>>>>>>>>>>>>>>>>>>>> csa <<<<<<<<<<<<<<<<<<<<<<<<<<<<<<<<<<<<<<<<<<
# ds-sim server 11-Mar, 2020 @ MQ
# Server-side simulator started with './ds-server -c ./configs/journal/config100-med-med.xml -f pl05 -v stats'
# Waiting for connection to port 50000 of IP address 127.0.0.1
# Welcome  jak0723!
# The system information can be read from 'system.xml'
# ---------------------------------------------------------------------------
# 16 tiny servers used with a utilisation of 33.13 at the cost of $9.52
# 17 small servers used with a utilisation of 30.32 at the cost of $33.17
# 15 medium servers used with a utilisation of 25.22 at the cost of $42.41
# 18 large servers used with a utilisation of 27.30 at the cost of $110.31
# 18 xlarge servers used with a utilisation of 46.49 at the cost of $507.58
# =============================== [ Overall ] ===============================
# actual simulation end time: 91936, #jobs: 1532
# total #servers used: 84, avg utilisation: 32.76 and total cost: $702.99
# avg waiting time: 362, avg exec time: 1127 and avg turnaround time: 1489
