
>>>>>>>>>>>>>>>>>>>>>>>>>>>>>>>>>>>>>>>>> ff <<<<<<<<<<<<<<<<<<<<<<<<<<<<<<<<<<<<<<<<<<
# ds-sim server 11-Mar, 2020 @ MQ
# Server-side simulator started with './ds-server -c ./configs/journal/config20-short-med.xml -f g5k06 -v stats'
# Waiting for connection to port 50000 of IP address 127.0.0.1
# Welcome  jak0723!
# The system information can be read from 'system.xml'
# ---------------------------------------------------------------------------
# 4 tiny servers used with a utilisation of 23.20 at the cost of $6.65
# 4 small servers used with a utilisation of 31.38 at the cost of $8.84
# 4 medium servers used with a utilisation of 31.78 at the cost of $15.90
# 4 large servers used with a utilisation of 31.41 at the cost of $51.33
# 4 xlarge servers used with a utilisation of 33.61 at the cost of $116.61
# =============================== [ Overall ] ===============================
# actual simulation end time: 177361, #jobs: 712
# total #servers used: 20, avg utilisation: 30.28 and total cost: $199.34
# avg waiting time: 5647, avg exec time: 560 and avg turnaround time: 6207

>>>>>>>>>>>>>>>>>>>>>>>>>>>>>>>>>>>>>>>>> bf <<<<<<<<<<<<<<<<<<<<<<<<<<<<<<<<<<<<<<<<<<
# ds-sim server 11-Mar, 2020 @ MQ
# Server-side simulator started with './ds-server -c ./configs/journal/config20-short-med.xml -f g5k06 -v stats'
# Waiting for connection to port 50000 of IP address 127.0.0.1
# Welcome  jak0723!
# The system information can be read from 'system.xml'
# ---------------------------------------------------------------------------
# 4 tiny servers used with a utilisation of 24.28 at the cost of $6.68
# 4 small servers used with a utilisation of 32.49 at the cost of $8.23
# 4 medium servers used with a utilisation of 33.71 at the cost of $15.59
# 4 large servers used with a utilisation of 31.42 at the cost of $47.97
# 4 xlarge servers used with a utilisation of 35.78 at the cost of $113.74
# =============================== [ Overall ] ===============================
# actual simulation end time: 168573, #jobs: 712
# total #servers used: 20, avg utilisation: 31.54 and total cost: $192.20
# avg waiting time: 5101, avg exec time: 560 and avg turnaround time: 5661

>>>>>>>>>>>>>>>>>>>>>>>>>>>>>>>>>>>>>>>>> minwjff <<<<<<<<<<<<<<<<<<<<<<<<<<<<<<<<<<<<<<<<<<
# ds-sim server 11-Mar, 2020 @ MQ
# Server-side simulator started with './ds-server -c ./configs/journal/config20-short-med.xml -f g5k06 -v stats'
# Waiting for connection to port 50000 of IP address 127.0.0.1
# Welcome  jak0723!
# The system information can be read from 'system.xml'
# ---------------------------------------------------------------------------
# 4 tiny servers used with a utilisation of 18.63 at the cost of $0.42
# 2 small servers used with a utilisation of 22.21 at the cost of $4.02
# 3 medium servers used with a utilisation of 28.71 at the cost of $15.92
# 4 large servers used with a utilisation of 29.56 at the cost of $48.60
# 4 xlarge servers used with a utilisation of 37.01 at the cost of $120.06
# =============================== [ Overall ] ===============================
# actual simulation end time: 175723, #jobs: 712
# total #servers used: 17, avg utilisation: 27.73 and total cost: $189.01
# avg waiting time: 5899, avg exec time: 560 and avg turnaround time: 6459

>>>>>>>>>>>>>>>>>>>>>>>>>>>>>>>>>>>>>>>>> minwjbf <<<<<<<<<<<<<<<<<<<<<<<<<<<<<<<<<<<<<<<<<<
# ds-sim server 11-Mar, 2020 @ MQ
# Server-side simulator started with './ds-server -c ./configs/journal/config20-short-med.xml -f g5k06 -v stats'
# Waiting for connection to port 50000 of IP address 127.0.0.1
# Welcome  jak0723!
# The system information can be read from 'system.xml'
# ---------------------------------------------------------------------------
# 4 tiny servers used with a utilisation of 14.72 at the cost of $0.51
# 4 small servers used with a utilisation of 11.59 at the cost of $1.53
# 4 medium servers used with a utilisation of 38.04 at the cost of $15.10
# 4 large servers used with a utilisation of 37.51 at the cost of $44.90
# 4 xlarge servers used with a utilisation of 33.59 at the cost of $116.70
# =============================== [ Overall ] ===============================
# actual simulation end time: 169935, #jobs: 712
# total #servers used: 20, avg utilisation: 27.09 and total cost: $178.74
# avg waiting time: 4698, avg exec time: 560 and avg turnaround time: 5258

>>>>>>>>>>>>>>>>>>>>>>>>>>>>>>>>>>>>>>>>> csa <<<<<<<<<<<<<<<<<<<<<<<<<<<<<<<<<<<<<<<<<<
# ds-sim server 11-Mar, 2020 @ MQ
# Server-side simulator started with './ds-server -c ./configs/journal/config20-short-med.xml -f g5k06 -v stats'
# Waiting for connection to port 50000 of IP address 127.0.0.1
# Welcome  jak0723!
# The system information can be read from 'system.xml'
# ---------------------------------------------------------------------------
# 4 tiny servers used with a utilisation of 21.70 at the cost of $1.44
# 4 small servers used with a utilisation of 25.81 at the cost of $4.94
# 4 medium servers used with a utilisation of 28.54 at the cost of $17.52
# 4 large servers used with a utilisation of 24.62 at the cost of $60.60
# 4 xlarge servers used with a utilisation of 36.55 at the cost of $123.96
# =============================== [ Overall ] ===============================
# actual simulation end time: 174505, #jobs: 712
# total #servers used: 20, avg utilisation: 27.44 and total cost: $208.46
# avg waiting time: 6350, avg exec time: 560 and avg turnaround time: 6910
