
>>>>>>>>>>>>>>>>>>>>>>>>>>>>>>>>>>>>>>>>> ff <<<<<<<<<<<<<<<<<<<<<<<<<<<<<<<<<<<<<<<<<<
# ds-sim server 11-Mar, 2020 @ MQ
# Server-side simulator started with './ds-server -c ./configs/journal/config20-long-low.xml -v stats'
# Waiting for connection to port 50000 of IP address 127.0.0.1
# Welcome  jak0723!
# The system information can be read from 'system.xml'
# ---------------------------------------------------------------------------
# 4 tiny servers used with a utilisation of 49.88 at the cost of $7.75
# 4 small servers used with a utilisation of 29.20 at the cost of $13.11
# 4 medium servers used with a utilisation of 37.50 at the cost of $17.29
# 4 large servers used with a utilisation of 66.16 at the cost of $43.54
# 4 xlarge servers used with a utilisation of 55.20 at the cost of $150.26
# =============================== [ Overall ] ===============================
# actual simulation end time: 87018, #jobs: 252
# total #servers used: 20, avg utilisation: 47.59 and total cost: $231.96
# avg waiting time: 930, avg exec time: 2292 and avg turnaround time: 3222

>>>>>>>>>>>>>>>>>>>>>>>>>>>>>>>>>>>>>>>>> bf <<<<<<<<<<<<<<<<<<<<<<<<<<<<<<<<<<<<<<<<<<
# ds-sim server 11-Mar, 2020 @ MQ
# Server-side simulator started with './ds-server -c ./configs/journal/config20-long-low.xml -v stats'
# Waiting for connection to port 50000 of IP address 127.0.0.1
# Welcome  jak0723!
# The system information can be read from 'system.xml'
# ---------------------------------------------------------------------------
# 4 tiny servers used with a utilisation of 49.88 at the cost of $7.75
# 4 small servers used with a utilisation of 41.63 at the cost of $12.61
# 4 medium servers used with a utilisation of 55.20 at the cost of $13.61
# 4 large servers used with a utilisation of 61.41 at the cost of $41.75
# 4 xlarge servers used with a utilisation of 54.74 at the cost of $150.51
# =============================== [ Overall ] ===============================
# actual simulation end time: 87018, #jobs: 252
# total #servers used: 20, avg utilisation: 52.57 and total cost: $226.23
# avg waiting time: 900, avg exec time: 2292 and avg turnaround time: 3192
