
>>>>>>>>>>>>>>>>>>>>>>>>>>>>>>>>>>>>>>>>> ff <<<<<<<<<<<<<<<<<<<<<<<<<<<<<<<<<<<<<<<<<<
# ds-sim server 11-Mar, 2020 @ MQ
# Server-side simulator started with './ds-server -c ./configs/journal/config100-med-high.xml -f nd07cpu -v stats'
# Waiting for connection to port 50000 of IP address 127.0.0.1
# Welcome  jak0723!
# The system information can be read from 'system.xml'
# ---------------------------------------------------------------------------
# 20 tiny servers used with a utilisation of 36.33 at the cost of $29.43
# 15 small servers used with a utilisation of 34.49 at the cost of $39.06
# 17 medium servers used with a utilisation of 40.40 at the cost of $75.93
# 19 large servers used with a utilisation of 40.43 at the cost of $263.19
# 19 xlarge servers used with a utilisation of 52.95 at the cost of $792.86
# =============================== [ Overall ] ===============================
# actual simulation end time: 135518, #jobs: 2437
# total #servers used: 90, avg utilisation: 41.17 and total cost: $1200.48
# avg waiting time: 1909, avg exec time: 1151 and avg turnaround time: 3060

>>>>>>>>>>>>>>>>>>>>>>>>>>>>>>>>>>>>>>>>> bf <<<<<<<<<<<<<<<<<<<<<<<<<<<<<<<<<<<<<<<<<<
# ds-sim server 11-Mar, 2020 @ MQ
# Server-side simulator started with './ds-server -c ./configs/journal/config100-med-high.xml -f nd07cpu -v stats'
# Waiting for connection to port 50000 of IP address 127.0.0.1
# Welcome  jak0723!
# The system information can be read from 'system.xml'
# ---------------------------------------------------------------------------
# 20 tiny servers used with a utilisation of 34.61 at the cost of $29.60
# 13 small servers used with a utilisation of 33.02 at the cost of $37.25
# 15 medium servers used with a utilisation of 32.11 at the cost of $58.55
# 16 large servers used with a utilisation of 35.30 at the cost of $185.35
# 19 xlarge servers used with a utilisation of 54.75 at the cost of $776.49
# =============================== [ Overall ] ===============================
# actual simulation end time: 121752, #jobs: 2437
# total #servers used: 83, avg utilisation: 38.65 and total cost: $1087.23
# avg waiting time: 1955, avg exec time: 1151 and avg turnaround time: 3106

>>>>>>>>>>>>>>>>>>>>>>>>>>>>>>>>>>>>>>>>> minwjff <<<<<<<<<<<<<<<<<<<<<<<<<<<<<<<<<<<<<<<<<<
# ds-sim server 11-Mar, 2020 @ MQ
# Server-side simulator started with './ds-server -c ./configs/journal/config100-med-high.xml -f nd07cpu -v stats'
# Waiting for connection to port 50000 of IP address 127.0.0.1
# Welcome  jak0723!
# The system information can be read from 'system.xml'
# ---------------------------------------------------------------------------
# 12 tiny servers used with a utilisation of 43.38 at the cost of $9.72
# 11 small servers used with a utilisation of 34.35 at the cost of $18.59
# 11 medium servers used with a utilisation of 39.74 at the cost of $40.40
# 18 large servers used with a utilisation of 47.07 at the cost of $165.90
# 19 xlarge servers used with a utilisation of 58.25 at the cost of $760.11
# =============================== [ Overall ] ===============================
# actual simulation end time: 115564, #jobs: 2437
# total #servers used: 71, avg utilisation: 46.33 and total cost: $994.72
# avg waiting time: 2385, avg exec time: 1151 and avg turnaround time: 3536

>>>>>>>>>>>>>>>>>>>>>>>>>>>>>>>>>>>>>>>>> minwjbf <<<<<<<<<<<<<<<<<<<<<<<<<<<<<<<<<<<<<<<<<<
# ds-sim server 11-Mar, 2020 @ MQ
# Server-side simulator started with './ds-server -c ./configs/journal/config100-med-high.xml -f nd07cpu -v stats'
# Waiting for connection to port 50000 of IP address 127.0.0.1
# Welcome  jak0723!
# The system information can be read from 'system.xml'
# ---------------------------------------------------------------------------
# 12 tiny servers used with a utilisation of 52.18 at the cost of $6.94
# 9 small servers used with a utilisation of 46.67 at the cost of $7.88
# 9 medium servers used with a utilisation of 50.80 at the cost of $23.57
# 19 large servers used with a utilisation of 45.83 at the cost of $141.19
# 19 xlarge servers used with a utilisation of 60.70 at the cost of $739.25
# =============================== [ Overall ] ===============================
# actual simulation end time: 114880, #jobs: 2437
# total #servers used: 68, avg utilisation: 51.88 and total cost: $918.82
# avg waiting time: 2223, avg exec time: 1151 and avg turnaround time: 3374

>>>>>>>>>>>>>>>>>>>>>>>>>>>>>>>>>>>>>>>>> csa <<<<<<<<<<<<<<<<<<<<<<<<<<<<<<<<<<<<<<<<<<
# ds-sim server 11-Mar, 2020 @ MQ
# Server-side simulator started with './ds-server -c ./configs/journal/config100-med-high.xml -f nd07cpu -v stats'
# Waiting for connection to port 50000 of IP address 127.0.0.1
# Welcome  jak0723!
# The system information can be read from 'system.xml'
# ---------------------------------------------------------------------------
# 18 tiny servers used with a utilisation of 36.16 at the cost of $15.50
# 16 small servers used with a utilisation of 30.60 at the cost of $28.08
# 18 medium servers used with a utilisation of 25.66 at the cost of $70.79
# 19 large servers used with a utilisation of 31.76 at the cost of $221.05
# 19 xlarge servers used with a utilisation of 58.12 at the cost of $809.34
# =============================== [ Overall ] ===============================
# actual simulation end time: 119156, #jobs: 2437
# total #servers used: 90, avg utilisation: 36.78 and total cost: $1144.77
# avg waiting time: 2434, avg exec time: 1151 and avg turnaround time: 3585
