
>>>>>>>>>>>>>>>>>>>>>>>>>>>>>>>>>>>>>>>>> ff <<<<<<<<<<<<<<<<<<<<<<<<<<<<<<<<<<<<<<<<<<
# ds-sim server 11-Mar, 2020 @ MQ
# Server-side simulator started with './ds-server -c ./configs/journal/config20-long-high.xml -f g5k06 -v stats'
# Waiting for connection to port 50000 of IP address 127.0.0.1
# Welcome  jak0723!
# The system information can be read from 'system.xml'
# ---------------------------------------------------------------------------
# 4 tiny servers used with a utilisation of 27.66 at the cost of $5.00
# 4 small servers used with a utilisation of 25.58 at the cost of $11.64
# 4 medium servers used with a utilisation of 43.65 at the cost of $29.02
# 4 large servers used with a utilisation of 15.26 at the cost of $47.12
# 4 xlarge servers used with a utilisation of 44.20 at the cost of $253.63
# =============================== [ Overall ] ===============================
# actual simulation end time: 314901, #jobs: 328
# total #servers used: 20, avg utilisation: 31.27 and total cost: $346.41
# avg waiting time: 41196, avg exec time: 2333 and avg turnaround time: 43529

>>>>>>>>>>>>>>>>>>>>>>>>>>>>>>>>>>>>>>>>> bf <<<<<<<<<<<<<<<<<<<<<<<<<<<<<<<<<<<<<<<<<<
# ds-sim server 11-Mar, 2020 @ MQ
# Server-side simulator started with './ds-server -c ./configs/journal/config20-long-high.xml -f g5k06 -v stats'
# Waiting for connection to port 50000 of IP address 127.0.0.1
# Welcome  jak0723!
# The system information can be read from 'system.xml'
# ---------------------------------------------------------------------------
# 4 tiny servers used with a utilisation of 17.08 at the cost of $6.29
# 4 small servers used with a utilisation of 21.51 at the cost of $11.45
# 4 medium servers used with a utilisation of 41.70 at the cost of $26.18
# 4 large servers used with a utilisation of 13.04 at the cost of $44.82
# 4 xlarge servers used with a utilisation of 46.11 at the cost of $253.47
# =============================== [ Overall ] ===============================
# actual simulation end time: 316712, #jobs: 328
# total #servers used: 20, avg utilisation: 27.89 and total cost: $342.21
# avg waiting time: 42421, avg exec time: 2333 and avg turnaround time: 44754

>>>>>>>>>>>>>>>>>>>>>>>>>>>>>>>>>>>>>>>>> minwjff <<<<<<<<<<<<<<<<<<<<<<<<<<<<<<<<<<<<<<<<<<
# ds-sim server 11-Mar, 2020 @ MQ
# Server-side simulator started with './ds-server -c ./configs/journal/config20-long-high.xml -f g5k06 -v stats'
# Waiting for connection to port 50000 of IP address 127.0.0.1
# Welcome  jak0723!
# The system information can be read from 'system.xml'
# ---------------------------------------------------------------------------
# 3 tiny servers used with a utilisation of 25.28 at the cost of $1.04
# 3 small servers used with a utilisation of 38.24 at the cost of $3.43
# 4 medium servers used with a utilisation of 50.52 at the cost of $29.52
# 4 large servers used with a utilisation of 12.57 at the cost of $30.11
# 4 xlarge servers used with a utilisation of 51.54 at the cost of $250.52
# =============================== [ Overall ] ===============================
# actual simulation end time: 215689, #jobs: 328
# total #servers used: 18, avg utilisation: 36.06 and total cost: $314.62
# avg waiting time: 28740, avg exec time: 2333 and avg turnaround time: 31073

>>>>>>>>>>>>>>>>>>>>>>>>>>>>>>>>>>>>>>>>> minwjbf <<<<<<<<<<<<<<<<<<<<<<<<<<<<<<<<<<<<<<<<<<
# ds-sim server 11-Mar, 2020 @ MQ
# Server-side simulator started with './ds-server -c ./configs/journal/config20-long-high.xml -f g5k06 -v stats'
# Waiting for connection to port 50000 of IP address 127.0.0.1
# Welcome  jak0723!
# The system information can be read from 'system.xml'
# ---------------------------------------------------------------------------
# 4 tiny servers used with a utilisation of 21.27 at the cost of $2.32
# 4 small servers used with a utilisation of 19.06 at the cost of $3.98
# 4 medium servers used with a utilisation of 56.90 at the cost of $27.71
# 4 large servers used with a utilisation of 13.19 at the cost of $41.35
# 4 xlarge servers used with a utilisation of 51.84 at the cost of $254.01
# =============================== [ Overall ] ===============================
# actual simulation end time: 222219, #jobs: 328
# total #servers used: 20, avg utilisation: 32.45 and total cost: $329.38
# avg waiting time: 29618, avg exec time: 2333 and avg turnaround time: 31951

>>>>>>>>>>>>>>>>>>>>>>>>>>>>>>>>>>>>>>>>> csa <<<<<<<<<<<<<<<<<<<<<<<<<<<<<<<<<<<<<<<<<<
# ds-sim server 11-Mar, 2020 @ MQ
# Server-side simulator started with './ds-server -c ./configs/journal/config20-long-high.xml -f g5k06 -v stats'
# Waiting for connection to port 50000 of IP address 127.0.0.1
# Welcome  jak0723!
# The system information can be read from 'system.xml'
# ---------------------------------------------------------------------------
# 4 tiny servers used with a utilisation of 7.20 at the cost of $1.71
# 4 small servers used with a utilisation of 18.52 at the cost of $4.41
# 4 medium servers used with a utilisation of 50.36 at the cost of $31.44
# 4 large servers used with a utilisation of 13.72 at the cost of $36.14
# 4 xlarge servers used with a utilisation of 53.77 at the cost of $252.38
# =============================== [ Overall ] ===============================
# actual simulation end time: 217204, #jobs: 328
# total #servers used: 20, avg utilisation: 28.72 and total cost: $326.09
# avg waiting time: 28477, avg exec time: 2333 and avg turnaround time: 30810
