
>>>>>>>>>>>>>>>>>>>>>>>>>>>>>>>>>>>>>>>>> ff <<<<<<<<<<<<<<<<<<<<<<<<<<<<<<<<<<<<<<<<<<
# ds-sim server 11-Mar, 2020 @ MQ
# Server-side simulator started with './ds-server -c ./configs/journal/config100-long-high.xml -f pl05 -v stats'
# Waiting for connection to port 50000 of IP address 127.0.0.1
# Welcome  jak0723!
# The system information can be read from 'system.xml'
# ---------------------------------------------------------------------------
# 19 tiny servers used with a utilisation of 35.75 at the cost of $27.56
# 16 small servers used with a utilisation of 27.49 at the cost of $36.18
# 17 medium servers used with a utilisation of 30.87 at the cost of $77.08
# 18 large servers used with a utilisation of 25.90 at the cost of $231.10
# 20 xlarge servers used with a utilisation of 37.23 at the cost of $838.46
# =============================== [ Overall ] ===============================
# actual simulation end time: 632985, #jobs: 1144
# total #servers used: 90, avg utilisation: 31.72 and total cost: $1210.38
# avg waiting time: 48319, avg exec time: 2522 and avg turnaround time: 50841

>>>>>>>>>>>>>>>>>>>>>>>>>>>>>>>>>>>>>>>>> bf <<<<<<<<<<<<<<<<<<<<<<<<<<<<<<<<<<<<<<<<<<
# ds-sim server 11-Mar, 2020 @ MQ
# Server-side simulator started with './ds-server -c ./configs/journal/config100-long-high.xml -f pl05 -v stats'
# Waiting for connection to port 50000 of IP address 127.0.0.1
# Welcome  jak0723!
# The system information can be read from 'system.xml'
# ---------------------------------------------------------------------------
# 19 tiny servers used with a utilisation of 35.93 at the cost of $27.15
# 14 small servers used with a utilisation of 33.95 at the cost of $30.94
# 17 medium servers used with a utilisation of 24.82 at the cost of $64.99
# 18 large servers used with a utilisation of 24.99 at the cost of $194.22
# 20 xlarge servers used with a utilisation of 38.99 at the cost of $818.53
# =============================== [ Overall ] ===============================
# actual simulation end time: 574726, #jobs: 1144
# total #servers used: 88, avg utilisation: 31.93 and total cost: $1135.82
# avg waiting time: 39358, avg exec time: 2522 and avg turnaround time: 41880

>>>>>>>>>>>>>>>>>>>>>>>>>>>>>>>>>>>>>>>>> minwjff <<<<<<<<<<<<<<<<<<<<<<<<<<<<<<<<<<<<<<<<<<
# ds-sim server 11-Mar, 2020 @ MQ
# Server-side simulator started with './ds-server -c ./configs/journal/config100-long-high.xml -f pl05 -v stats'
# Waiting for connection to port 50000 of IP address 127.0.0.1
# Welcome  jak0723!
# The system information can be read from 'system.xml'
# ---------------------------------------------------------------------------
# 14 tiny servers used with a utilisation of 34.12 at the cost of $3.69
# 12 small servers used with a utilisation of 55.49 at the cost of $30.24
# 11 medium servers used with a utilisation of 38.10 at the cost of $43.32
# 17 large servers used with a utilisation of 26.60 at the cost of $127.97
# 20 xlarge servers used with a utilisation of 39.64 at the cost of $851.08
# =============================== [ Overall ] ===============================
# actual simulation end time: 387592, #jobs: 1144
# total #servers used: 74, avg utilisation: 37.94 and total cost: $1056.30
# avg waiting time: 30345, avg exec time: 2522 and avg turnaround time: 32867

>>>>>>>>>>>>>>>>>>>>>>>>>>>>>>>>>>>>>>>>> minwjbf <<<<<<<<<<<<<<<<<<<<<<<<<<<<<<<<<<<<<<<<<<
# ds-sim server 11-Mar, 2020 @ MQ
# Server-side simulator started with './ds-server -c ./configs/journal/config100-long-high.xml -f pl05 -v stats'
# Waiting for connection to port 50000 of IP address 127.0.0.1
# Welcome  jak0723!
# The system information can be read from 'system.xml'
# ---------------------------------------------------------------------------
# 14 tiny servers used with a utilisation of 37.65 at the cost of $2.79
# 11 small servers used with a utilisation of 54.26 at the cost of $22.78
# 16 medium servers used with a utilisation of 34.36 at the cost of $32.53
# 18 large servers used with a utilisation of 26.33 at the cost of $145.97
# 20 xlarge servers used with a utilisation of 41.32 at the cost of $829.93
# =============================== [ Overall ] ===============================
# actual simulation end time: 377680, #jobs: 1144
# total #servers used: 79, avg utilisation: 37.65 and total cost: $1034.00
# avg waiting time: 30060, avg exec time: 2522 and avg turnaround time: 32582

>>>>>>>>>>>>>>>>>>>>>>>>>>>>>>>>>>>>>>>>> csa <<<<<<<<<<<<<<<<<<<<<<<<<<<<<<<<<<<<<<<<<<
# ds-sim server 11-Mar, 2020 @ MQ
# Server-side simulator started with './ds-server -c ./configs/journal/config100-long-high.xml -f pl05 -v stats'
# Waiting for connection to port 50000 of IP address 127.0.0.1
# Welcome  jak0723!
# The system information can be read from 'system.xml'
# ---------------------------------------------------------------------------
# 19 tiny servers used with a utilisation of 24.33 at the cost of $15.94
# 17 small servers used with a utilisation of 33.80 at the cost of $53.25
# 16 medium servers used with a utilisation of 23.48 at the cost of $63.11
# 18 large servers used with a utilisation of 22.47 at the cost of $185.69
# 20 xlarge servers used with a utilisation of 37.34 at the cost of $887.83
# =============================== [ Overall ] ===============================
# actual simulation end time: 383060, #jobs: 1144
# total #servers used: 90, avg utilisation: 28.49 and total cost: $1205.83
# avg waiting time: 30230, avg exec time: 2522 and avg turnaround time: 32752
