
>>>>>>>>>>>>>>>>>>>>>>>>>>>>>>>>>>>>>>>>> ff <<<<<<<<<<<<<<<<<<<<<<<<<<<<<<<<<<<<<<<<<<
# ds-sim server 11-Mar, 2020 @ MQ
# Server-side simulator started with './ds-server -c ./configs/journal/config20-long-high.xml -f nd07cpu -v stats'
# Waiting for connection to port 50000 of IP address 127.0.0.1
# Welcome  jak0723!
# The system information can be read from 'system.xml'
# ---------------------------------------------------------------------------
# 3 tiny servers used with a utilisation of 39.12 at the cost of $4.20
# 4 small servers used with a utilisation of 39.72 at the cost of $10.86
# 4 medium servers used with a utilisation of 31.79 at the cost of $24.54
# 4 large servers used with a utilisation of 42.47 at the cost of $44.86
# 4 xlarge servers used with a utilisation of 35.49 at the cost of $210.62
# =============================== [ Overall ] ===============================
# actual simulation end time: 306038, #jobs: 328
# total #servers used: 19, avg utilisation: 37.64 and total cost: $295.09
# avg waiting time: 34249, avg exec time: 2333 and avg turnaround time: 36582

>>>>>>>>>>>>>>>>>>>>>>>>>>>>>>>>>>>>>>>>> bf <<<<<<<<<<<<<<<<<<<<<<<<<<<<<<<<<<<<<<<<<<
# ds-sim server 11-Mar, 2020 @ MQ
# Server-side simulator started with './ds-server -c ./configs/journal/config20-long-high.xml -f nd07cpu -v stats'
# Waiting for connection to port 50000 of IP address 127.0.0.1
# Welcome  jak0723!
# The system information can be read from 'system.xml'
# ---------------------------------------------------------------------------
# 3 tiny servers used with a utilisation of 38.65 at the cost of $4.32
# 4 small servers used with a utilisation of 37.75 at the cost of $9.39
# 4 medium servers used with a utilisation of 29.32 at the cost of $24.11
# 4 large servers used with a utilisation of 39.68 at the cost of $48.04
# 4 xlarge servers used with a utilisation of 37.55 at the cost of $207.44
# =============================== [ Overall ] ===============================
# actual simulation end time: 300730, #jobs: 328
# total #servers used: 19, avg utilisation: 36.48 and total cost: $293.30
# avg waiting time: 33814, avg exec time: 2333 and avg turnaround time: 36147

>>>>>>>>>>>>>>>>>>>>>>>>>>>>>>>>>>>>>>>>> minwjff <<<<<<<<<<<<<<<<<<<<<<<<<<<<<<<<<<<<<<<<<<
# ds-sim server 11-Mar, 2020 @ MQ
# Server-side simulator started with './ds-server -c ./configs/journal/config20-long-high.xml -f nd07cpu -v stats'
# Waiting for connection to port 50000 of IP address 127.0.0.1
# Welcome  jak0723!
# The system information can be read from 'system.xml'
# ---------------------------------------------------------------------------
# 3 tiny servers used with a utilisation of 21.98 at the cost of $0.92
# 4 small servers used with a utilisation of 48.91 at the cost of $8.90
# 4 medium servers used with a utilisation of 43.94 at the cost of $16.37
# 4 large servers used with a utilisation of 35.59 at the cost of $43.69
# 4 xlarge servers used with a utilisation of 38.23 at the cost of $218.86
# =============================== [ Overall ] ===============================
# actual simulation end time: 320018, #jobs: 328
# total #servers used: 19, avg utilisation: 38.56 and total cost: $288.74
# avg waiting time: 39085, avg exec time: 2333 and avg turnaround time: 41418

>>>>>>>>>>>>>>>>>>>>>>>>>>>>>>>>>>>>>>>>> minwjbf <<<<<<<<<<<<<<<<<<<<<<<<<<<<<<<<<<<<<<<<<<
# ds-sim server 11-Mar, 2020 @ MQ
# Server-side simulator started with './ds-server -c ./configs/journal/config20-long-high.xml -f nd07cpu -v stats'
# Waiting for connection to port 50000 of IP address 127.0.0.1
# Welcome  jak0723!
# The system information can be read from 'system.xml'
# ---------------------------------------------------------------------------
# 3 tiny servers used with a utilisation of 37.02 at the cost of $1.04
# 4 small servers used with a utilisation of 45.52 at the cost of $6.76
# 4 medium servers used with a utilisation of 34.62 at the cost of $14.75
# 4 large servers used with a utilisation of 36.53 at the cost of $48.43
# 4 xlarge servers used with a utilisation of 37.97 at the cost of $211.90
# =============================== [ Overall ] ===============================
# actual simulation end time: 315631, #jobs: 328
# total #servers used: 19, avg utilisation: 38.40 and total cost: $282.88
# avg waiting time: 35266, avg exec time: 2333 and avg turnaround time: 37599

>>>>>>>>>>>>>>>>>>>>>>>>>>>>>>>>>>>>>>>>> csa <<<<<<<<<<<<<<<<<<<<<<<<<<<<<<<<<<<<<<<<<<
# ds-sim server 11-Mar, 2020 @ MQ
# Server-side simulator started with './ds-server -c ./configs/journal/config20-long-high.xml -f nd07cpu -v stats'
# Waiting for connection to port 50000 of IP address 127.0.0.1
# Welcome  jak0723!
# The system information can be read from 'system.xml'
# ---------------------------------------------------------------------------
# 3 tiny servers used with a utilisation of 14.24 at the cost of $1.50
# 4 small servers used with a utilisation of 37.20 at the cost of $9.96
# 4 medium servers used with a utilisation of 37.06 at the cost of $22.89
# 4 large servers used with a utilisation of 28.79 at the cost of $52.45
# 4 xlarge servers used with a utilisation of 37.83 at the cost of $226.28
# =============================== [ Overall ] ===============================
# actual simulation end time: 326198, #jobs: 328
# total #servers used: 19, avg utilisation: 31.91 and total cost: $313.08
# avg waiting time: 39020, avg exec time: 2333 and avg turnaround time: 41353
