
>>>>>>>>>>>>>>>>>>>>>>>>>>>>>>>>>>>>>>>>> ff <<<<<<<<<<<<<<<<<<<<<<<<<<<<<<<<<<<<<<<<<<
# ds-sim server 11-Mar, 2020 @ MQ
# Server-side simulator started with './ds-server -c ./configs/journal/config20-short-high.xml -f websites02 -v stats'
# Waiting for connection to port 50000 of IP address 127.0.0.1
# Welcome  jak0723!
# The system information can be read from 'system.xml'
# ---------------------------------------------------------------------------
# 4 tiny servers used with a utilisation of 41.83 at the cost of $7.85
# 4 small servers used with a utilisation of 30.29 at the cost of $10.13
# 4 medium servers used with a utilisation of 31.83 at the cost of $17.36
# 4 large servers used with a utilisation of 36.11 at the cost of $52.78
# 4 xlarge servers used with a utilisation of 45.91 at the cost of $140.59
# =============================== [ Overall ] ===============================
# actual simulation end time: 178532, #jobs: 1026
# total #servers used: 20, avg utilisation: 37.20 and total cost: $228.71
# avg waiting time: 5457, avg exec time: 582 and avg turnaround time: 6039

>>>>>>>>>>>>>>>>>>>>>>>>>>>>>>>>>>>>>>>>> bf <<<<<<<<<<<<<<<<<<<<<<<<<<<<<<<<<<<<<<<<<<
# ds-sim server 11-Mar, 2020 @ MQ
# Server-side simulator started with './ds-server -c ./configs/journal/config20-short-high.xml -f websites02 -v stats'
# Waiting for connection to port 50000 of IP address 127.0.0.1
# Welcome  jak0723!
# The system information can be read from 'system.xml'
# ---------------------------------------------------------------------------
# 4 tiny servers used with a utilisation of 40.90 at the cost of $7.82
# 4 small servers used with a utilisation of 30.53 at the cost of $8.73
# 4 medium servers used with a utilisation of 19.48 at the cost of $15.05
# 4 large servers used with a utilisation of 40.69 at the cost of $50.52
# 4 xlarge servers used with a utilisation of 46.89 at the cost of $137.70
# =============================== [ Overall ] ===============================
# actual simulation end time: 173777, #jobs: 1026
# total #servers used: 20, avg utilisation: 35.70 and total cost: $219.81
# avg waiting time: 4898, avg exec time: 582 and avg turnaround time: 5480

>>>>>>>>>>>>>>>>>>>>>>>>>>>>>>>>>>>>>>>>> minwjff <<<<<<<<<<<<<<<<<<<<<<<<<<<<<<<<<<<<<<<<<<
# ds-sim server 11-Mar, 2020 @ MQ
# Server-side simulator started with './ds-server -c ./configs/journal/config20-short-high.xml -f websites02 -v stats'
# Waiting for connection to port 50000 of IP address 127.0.0.1
# Welcome  jak0723!
# The system information can be read from 'system.xml'
# ---------------------------------------------------------------------------
# 3 tiny servers used with a utilisation of 23.46 at the cost of $2.64
# 4 small servers used with a utilisation of 41.66 at the cost of $2.49
# 4 medium servers used with a utilisation of 32.46 at the cost of $15.25
# 4 large servers used with a utilisation of 36.76 at the cost of $50.58
# 4 xlarge servers used with a utilisation of 51.25 at the cost of $143.92
# =============================== [ Overall ] ===============================
# actual simulation end time: 170528, #jobs: 1026
# total #servers used: 19, avg utilisation: 37.84 and total cost: $214.88
# avg waiting time: 4242, avg exec time: 582 and avg turnaround time: 4824

>>>>>>>>>>>>>>>>>>>>>>>>>>>>>>>>>>>>>>>>> minwjbf <<<<<<<<<<<<<<<<<<<<<<<<<<<<<<<<<<<<<<<<<<
# ds-sim server 11-Mar, 2020 @ MQ
# Server-side simulator started with './ds-server -c ./configs/journal/config20-short-high.xml -f websites02 -v stats'
# Waiting for connection to port 50000 of IP address 127.0.0.1
# Welcome  jak0723!
# The system information can be read from 'system.xml'
# ---------------------------------------------------------------------------
# 4 tiny servers used with a utilisation of 23.46 at the cost of $2.32
# 4 small servers used with a utilisation of 38.21 at the cost of $2.98
# 4 medium servers used with a utilisation of 35.55 at the cost of $13.33
# 4 large servers used with a utilisation of 48.61 at the cost of $50.62
# 4 xlarge servers used with a utilisation of 54.61 at the cost of $134.55
# =============================== [ Overall ] ===============================
# actual simulation end time: 161051, #jobs: 1026
# total #servers used: 20, avg utilisation: 40.09 and total cost: $203.80
# avg waiting time: 3850, avg exec time: 582 and avg turnaround time: 4432

>>>>>>>>>>>>>>>>>>>>>>>>>>>>>>>>>>>>>>>>> csa <<<<<<<<<<<<<<<<<<<<<<<<<<<<<<<<<<<<<<<<<<
# ds-sim server 11-Mar, 2020 @ MQ
# Server-side simulator started with './ds-server -c ./configs/journal/config20-short-high.xml -f websites02 -v stats'
# Waiting for connection to port 50000 of IP address 127.0.0.1
# Welcome  jak0723!
# The system information can be read from 'system.xml'
# ---------------------------------------------------------------------------
# 4 tiny servers used with a utilisation of 28.57 at the cost of $3.34
# 4 small servers used with a utilisation of 19.16 at the cost of $4.74
# 4 medium servers used with a utilisation of 32.75 at the cost of $18.60
# 4 large servers used with a utilisation of 40.80 at the cost of $54.34
# 4 xlarge servers used with a utilisation of 53.23 at the cost of $151.57
# =============================== [ Overall ] ===============================
# actual simulation end time: 173999, #jobs: 1026
# total #servers used: 20, avg utilisation: 34.90 and total cost: $232.59
# avg waiting time: 5648, avg exec time: 582 and avg turnaround time: 6230
