
>>>>>>>>>>>>>>>>>>>>>>>>>>>>>>>>>>>>>>>>> ff <<<<<<<<<<<<<<<<<<<<<<<<<<<<<<<<<<<<<<<<<<
# ds-sim server 11-Mar, 2020 @ MQ
# Server-side simulator started with './ds-server -c ./configs/journal/config20-med-med.xml -f g5k06 -v stats'
# Waiting for connection to port 50000 of IP address 127.0.0.1
# Welcome  jak0723!
# The system information can be read from 'system.xml'
# ---------------------------------------------------------------------------
# 4 tiny servers used with a utilisation of 23.91 at the cost of $5.36
# 4 small servers used with a utilisation of 28.81 at the cost of $8.57
# 4 medium servers used with a utilisation of 44.49 at the cost of $14.40
# 4 large servers used with a utilisation of 36.19 at the cost of $52.89
# 4 xlarge servers used with a utilisation of 45.43 at the cost of $108.78
# =============================== [ Overall ] ===============================
# actual simulation end time: 113973, #jobs: 405
# total #servers used: 20, avg utilisation: 35.77 and total cost: $190.00
# avg waiting time: 2894, avg exec time: 1140 and avg turnaround time: 4034

>>>>>>>>>>>>>>>>>>>>>>>>>>>>>>>>>>>>>>>>> bf <<<<<<<<<<<<<<<<<<<<<<<<<<<<<<<<<<<<<<<<<<
# ds-sim server 11-Mar, 2020 @ MQ
# Server-side simulator started with './ds-server -c ./configs/journal/config20-med-med.xml -f g5k06 -v stats'
# Waiting for connection to port 50000 of IP address 127.0.0.1
# Welcome  jak0723!
# The system information can be read from 'system.xml'
# ---------------------------------------------------------------------------
# 4 tiny servers used with a utilisation of 26.33 at the cost of $4.74
# 4 small servers used with a utilisation of 32.27 at the cost of $8.34
# 4 medium servers used with a utilisation of 46.25 at the cost of $12.64
# 4 large servers used with a utilisation of 44.52 at the cost of $41.75
# 4 xlarge servers used with a utilisation of 41.15 at the cost of $112.18
# =============================== [ Overall ] ===============================
# actual simulation end time: 117967, #jobs: 405
# total #servers used: 20, avg utilisation: 38.10 and total cost: $179.64
# avg waiting time: 2659, avg exec time: 1140 and avg turnaround time: 3799

>>>>>>>>>>>>>>>>>>>>>>>>>>>>>>>>>>>>>>>>> minwjff <<<<<<<<<<<<<<<<<<<<<<<<<<<<<<<<<<<<<<<<<<
# ds-sim server 11-Mar, 2020 @ MQ
# Server-side simulator started with './ds-server -c ./configs/journal/config20-med-med.xml -f g5k06 -v stats'
# Waiting for connection to port 50000 of IP address 127.0.0.1
# Welcome  jak0723!
# The system information can be read from 'system.xml'
# ---------------------------------------------------------------------------
# 2 tiny servers used with a utilisation of 0.00 at the cost of $0.00
# 3 small servers used with a utilisation of 22.35 at the cost of $6.26
# 4 medium servers used with a utilisation of 41.22 at the cost of $14.80
# 4 large servers used with a utilisation of 44.75 at the cost of $46.56
# 4 xlarge servers used with a utilisation of 47.80 at the cost of $100.38
# =============================== [ Overall ] ===============================
# actual simulation end time: 94107, #jobs: 405
# total #servers used: 17, avg utilisation: 35.42 and total cost: $168.01
# avg waiting time: 1785, avg exec time: 1140 and avg turnaround time: 2925

>>>>>>>>>>>>>>>>>>>>>>>>>>>>>>>>>>>>>>>>> minwjbf <<<<<<<<<<<<<<<<<<<<<<<<<<<<<<<<<<<<<<<<<<
# ds-sim server 11-Mar, 2020 @ MQ
# Server-side simulator started with './ds-server -c ./configs/journal/config20-med-med.xml -f g5k06 -v stats'
# Waiting for connection to port 50000 of IP address 127.0.0.1
# Welcome  jak0723!
# The system information can be read from 'system.xml'
# ---------------------------------------------------------------------------
# 4 tiny servers used with a utilisation of 36.12 at the cost of $0.73
# 4 small servers used with a utilisation of 29.56 at the cost of $3.82
# 4 medium servers used with a utilisation of 45.12 at the cost of $12.20
# 4 large servers used with a utilisation of 46.04 at the cost of $43.20
# 4 xlarge servers used with a utilisation of 47.89 at the cost of $95.69
# =============================== [ Overall ] ===============================
# actual simulation end time: 92841, #jobs: 405
# total #servers used: 20, avg utilisation: 40.95 and total cost: $155.63
# avg waiting time: 1759, avg exec time: 1140 and avg turnaround time: 2899

>>>>>>>>>>>>>>>>>>>>>>>>>>>>>>>>>>>>>>>>> csa <<<<<<<<<<<<<<<<<<<<<<<<<<<<<<<<<<<<<<<<<<
# ds-sim server 11-Mar, 2020 @ MQ
# Server-side simulator started with './ds-server -c ./configs/journal/config20-med-med.xml -f g5k06 -v stats'
# Waiting for connection to port 50000 of IP address 127.0.0.1
# Welcome  jak0723!
# The system information can be read from 'system.xml'
# ---------------------------------------------------------------------------
# 3 tiny servers used with a utilisation of 10.04 at the cost of $0.23
# 4 small servers used with a utilisation of 35.47 at the cost of $7.19
# 4 medium servers used with a utilisation of 32.41 at the cost of $16.29
# 4 large servers used with a utilisation of 41.79 at the cost of $48.82
# 4 xlarge servers used with a utilisation of 48.17 at the cost of $105.11
# =============================== [ Overall ] ===============================
# actual simulation end time: 101912, #jobs: 405
# total #servers used: 19, avg utilisation: 34.81 and total cost: $177.65
# avg waiting time: 1655, avg exec time: 1140 and avg turnaround time: 2795
