
>>>>>>>>>>>>>>>>>>>>>>>>>>>>>>>>>>>>>>>>> ff <<<<<<<<<<<<<<<<<<<<<<<<<<<<<<<<<<<<<<<<<<
# ds-sim server 11-Mar, 2020 @ MQ
# Server-side simulator started with './ds-server -c ./configs/journal/config100-long-med.xml -f pl05 -v stats'
# Waiting for connection to port 50000 of IP address 127.0.0.1
# Welcome  jak0723!
# The system information can be read from 'system.xml'
# ---------------------------------------------------------------------------
# 18 tiny servers used with a utilisation of 32.47 at the cost of $17.81
# 7 small servers used with a utilisation of 40.19 at the cost of $17.02
# 16 medium servers used with a utilisation of 33.35 at the cost of $47.50
# 17 large servers used with a utilisation of 35.11 at the cost of $187.62
# 20 xlarge servers used with a utilisation of 46.02 at the cost of $546.38
# =============================== [ Overall ] ===============================
# actual simulation end time: 102942, #jobs: 780
# total #servers used: 78, avg utilisation: 37.39 and total cost: $816.33
# avg waiting time: 1655, avg exec time: 2372 and avg turnaround time: 4027

>>>>>>>>>>>>>>>>>>>>>>>>>>>>>>>>>>>>>>>>> bf <<<<<<<<<<<<<<<<<<<<<<<<<<<<<<<<<<<<<<<<<<
# ds-sim server 11-Mar, 2020 @ MQ
# Server-side simulator started with './ds-server -c ./configs/journal/config100-long-med.xml -f pl05 -v stats'
# Waiting for connection to port 50000 of IP address 127.0.0.1
# Welcome  jak0723!
# The system information can be read from 'system.xml'
# ---------------------------------------------------------------------------
# 18 tiny servers used with a utilisation of 32.47 at the cost of $17.81
# 7 small servers used with a utilisation of 40.19 at the cost of $17.02
# 12 medium servers used with a utilisation of 29.80 at the cost of $36.66
# 12 large servers used with a utilisation of 28.38 at the cost of $107.75
# 20 xlarge servers used with a utilisation of 46.01 at the cost of $566.55
# =============================== [ Overall ] ===============================
# actual simulation end time: 115656, #jobs: 780
# total #servers used: 69, avg utilisation: 36.00 and total cost: $745.79
# avg waiting time: 1788, avg exec time: 2372 and avg turnaround time: 4160

>>>>>>>>>>>>>>>>>>>>>>>>>>>>>>>>>>>>>>>>> minwjff <<<<<<<<<<<<<<<<<<<<<<<<<<<<<<<<<<<<<<<<<<
# ds-sim server 11-Mar, 2020 @ MQ
# Server-side simulator started with './ds-server -c ./configs/journal/config100-long-med.xml -f pl05 -v stats'
# Waiting for connection to port 50000 of IP address 127.0.0.1
# Welcome  jak0723!
# The system information can be read from 'system.xml'
# ---------------------------------------------------------------------------
# 10 tiny servers used with a utilisation of 40.95 at the cost of $9.00
# 7 small servers used with a utilisation of 43.30 at the cost of $15.77
# 10 medium servers used with a utilisation of 33.83 at the cost of $35.51
# 15 large servers used with a utilisation of 23.36 at the cost of $83.88
# 20 xlarge servers used with a utilisation of 49.18 at the cost of $560.82
# =============================== [ Overall ] ===============================
# actual simulation end time: 104088, #jobs: 780
# total #servers used: 62, avg utilisation: 38.47 and total cost: $704.99
# avg waiting time: 1279, avg exec time: 2372 and avg turnaround time: 3651

>>>>>>>>>>>>>>>>>>>>>>>>>>>>>>>>>>>>>>>>> minwjbf <<<<<<<<<<<<<<<<<<<<<<<<<<<<<<<<<<<<<<<<<<
# ds-sim server 11-Mar, 2020 @ MQ
# Server-side simulator started with './ds-server -c ./configs/journal/config100-long-med.xml -f pl05 -v stats'
# Waiting for connection to port 50000 of IP address 127.0.0.1
# Welcome  jak0723!
# The system information can be read from 'system.xml'
# ---------------------------------------------------------------------------
# 10 tiny servers used with a utilisation of 42.81 at the cost of $7.54
# 6 small servers used with a utilisation of 51.28 at the cost of $10.80
# 10 medium servers used with a utilisation of 27.80 at the cost of $24.24
# 13 large servers used with a utilisation of 35.54 at the cost of $72.82
# 20 xlarge servers used with a utilisation of 48.67 at the cost of $580.19
# =============================== [ Overall ] ===============================
# actual simulation end time: 106467, #jobs: 780
# total #servers used: 59, avg utilisation: 41.51 and total cost: $695.60
# avg waiting time: 1944, avg exec time: 2372 and avg turnaround time: 4316

>>>>>>>>>>>>>>>>>>>>>>>>>>>>>>>>>>>>>>>>> csa <<<<<<<<<<<<<<<<<<<<<<<<<<<<<<<<<<<<<<<<<<
# ds-sim server 11-Mar, 2020 @ MQ
# Server-side simulator started with './ds-server -c ./configs/journal/config100-long-med.xml -f pl05 -v stats'
# Waiting for connection to port 50000 of IP address 127.0.0.1
# Welcome  jak0723!
# The system information can be read from 'system.xml'
# ---------------------------------------------------------------------------
# 17 tiny servers used with a utilisation of 38.68 at the cost of $18.33
# 10 small servers used with a utilisation of 27.33 at the cost of $22.83
# 15 medium servers used with a utilisation of 16.98 at the cost of $36.52
# 16 large servers used with a utilisation of 25.72 at the cost of $128.34
# 20 xlarge servers used with a utilisation of 47.42 at the cost of $644.46
# =============================== [ Overall ] ===============================
# actual simulation end time: 117443, #jobs: 780
# total #servers used: 78, avg utilisation: 32.64 and total cost: $850.49
# avg waiting time: 2222, avg exec time: 2372 and avg turnaround time: 4594
