
>>>>>>>>>>>>>>>>>>>>>>>>>>>>>>>>>>>>>>>>> ff <<<<<<<<<<<<<<<<<<<<<<<<<<<<<<<<<<<<<<<<<<
# ds-sim server 11-Mar, 2020 @ MQ
# Server-side simulator started with './ds-server -c ./configs/journal/config100-med-low.xml -f ldns04 -v stats'
# Waiting for connection to port 50000 of IP address 127.0.0.1
# Welcome  jak0723!
# The system information can be read from 'system.xml'
# ---------------------------------------------------------------------------
# 17 tiny servers used with a utilisation of 41.60 at the cost of $18.90
# 5 small servers used with a utilisation of 40.03 at the cost of $14.00
# 5 medium servers used with a utilisation of 43.45 at the cost of $33.95
# 7 large servers used with a utilisation of 48.41 at the cost of $71.13
# 13 xlarge servers used with a utilisation of 44.41 at the cost of $302.06
# =============================== [ Overall ] ===============================
# actual simulation end time: 87433, #jobs: 716
# total #servers used: 47, avg utilisation: 43.42 and total cost: $440.04
# avg waiting time: 107, avg exec time: 1129 and avg turnaround time: 1236

>>>>>>>>>>>>>>>>>>>>>>>>>>>>>>>>>>>>>>>>> bf <<<<<<<<<<<<<<<<<<<<<<<<<<<<<<<<<<<<<<<<<<
# ds-sim server 11-Mar, 2020 @ MQ
# Server-side simulator started with './ds-server -c ./configs/journal/config100-med-low.xml -f ldns04 -v stats'
# Waiting for connection to port 50000 of IP address 127.0.0.1
# Welcome  jak0723!
# The system information can be read from 'system.xml'
# ---------------------------------------------------------------------------
# 17 tiny servers used with a utilisation of 41.60 at the cost of $18.90
# 5 small servers used with a utilisation of 40.03 at the cost of $14.00
# 4 medium servers used with a utilisation of 48.61 at the cost of $21.66
# 5 large servers used with a utilisation of 28.64 at the cost of $59.07
# 13 xlarge servers used with a utilisation of 41.89 at the cost of $307.72
# =============================== [ Overall ] ===============================
# actual simulation end time: 87433, #jobs: 716
# total #servers used: 44, avg utilisation: 40.67 and total cost: $421.34
# avg waiting time: 104, avg exec time: 1129 and avg turnaround time: 1233

>>>>>>>>>>>>>>>>>>>>>>>>>>>>>>>>>>>>>>>>> minwjff <<<<<<<<<<<<<<<<<<<<<<<<<<<<<<<<<<<<<<<<<<
# ds-sim server 11-Mar, 2020 @ MQ
# Server-side simulator started with './ds-server -c ./configs/journal/config100-med-low.xml -f ldns04 -v stats'
# Waiting for connection to port 50000 of IP address 127.0.0.1
# Welcome  jak0723!
# The system information can be read from 'system.xml'
# ---------------------------------------------------------------------------
# 17 tiny servers used with a utilisation of 38.38 at the cost of $20.16
# 7 small servers used with a utilisation of 39.33 at the cost of $13.06
# 6 medium servers used with a utilisation of 38.10 at the cost of $35.26
# 8 large servers used with a utilisation of 39.06 at the cost of $83.59
# 17 xlarge servers used with a utilisation of 34.91 at the cost of $298.14
# =============================== [ Overall ] ===============================
# actual simulation end time: 87373, #jobs: 716
# total #servers used: 55, avg utilisation: 37.50 and total cost: $450.21
# avg waiting time: 13, avg exec time: 1129 and avg turnaround time: 1142

>>>>>>>>>>>>>>>>>>>>>>>>>>>>>>>>>>>>>>>>> minwjbf <<<<<<<<<<<<<<<<<<<<<<<<<<<<<<<<<<<<<<<<<<
# ds-sim server 11-Mar, 2020 @ MQ
# Server-side simulator started with './ds-server -c ./configs/journal/config100-med-low.xml -f ldns04 -v stats'
# Waiting for connection to port 50000 of IP address 127.0.0.1
# Welcome  jak0723!
# The system information can be read from 'system.xml'
# ---------------------------------------------------------------------------
# 17 tiny servers used with a utilisation of 38.38 at the cost of $20.16
# 7 small servers used with a utilisation of 39.33 at the cost of $13.06
# 6 medium servers used with a utilisation of 38.10 at the cost of $35.26
# 8 large servers used with a utilisation of 39.06 at the cost of $83.59
# 17 xlarge servers used with a utilisation of 34.91 at the cost of $298.14
# =============================== [ Overall ] ===============================
# actual simulation end time: 87373, #jobs: 716
# total #servers used: 55, avg utilisation: 37.50 and total cost: $450.21
# avg waiting time: 13, avg exec time: 1129 and avg turnaround time: 1142

>>>>>>>>>>>>>>>>>>>>>>>>>>>>>>>>>>>>>>>>> csa <<<<<<<<<<<<<<<<<<<<<<<<<<<<<<<<<<<<<<<<<<
# ds-sim server 11-Mar, 2020 @ MQ
# Server-side simulator started with './ds-server -c ./configs/journal/config100-med-low.xml -f ldns04 -v stats'
# Waiting for connection to port 50000 of IP address 127.0.0.1
# Welcome  jak0723!
# The system information can be read from 'system.xml'
# ---------------------------------------------------------------------------
# 17 tiny servers used with a utilisation of 32.40 at the cost of $20.11
# 5 small servers used with a utilisation of 33.47 at the cost of $11.91
# 5 medium servers used with a utilisation of 26.24 at the cost of $35.43
# 7 large servers used with a utilisation of 46.95 at the cost of $67.73
# 13 xlarge servers used with a utilisation of 40.85 at the cost of $331.65
# =============================== [ Overall ] ===============================
# actual simulation end time: 87373, #jobs: 716
# total #servers used: 47, avg utilisation: 36.36 and total cost: $466.82
# avg waiting time: 34, avg exec time: 1129 and avg turnaround time: 1163
