
>>>>>>>>>>>>>>>>>>>>>>>>>>>>>>>>>>>>>>>>> ff <<<<<<<<<<<<<<<<<<<<<<<<<<<<<<<<<<<<<<<<<<
# ds-sim server 11-Mar, 2020 @ MQ
# Server-side simulator started with './ds-server -c ./configs/journal/config20-short-low.xml -f websites02 -v stats'
# Waiting for connection to port 50000 of IP address 127.0.0.1
# Welcome  jak0723!
# The system information can be read from 'system.xml'
# ---------------------------------------------------------------------------
# 4 tiny servers used with a utilisation of 20.80 at the cost of $6.81
# 4 small servers used with a utilisation of 20.42 at the cost of $6.32
# 4 medium servers used with a utilisation of 21.38 at the cost of $8.50
# 4 large servers used with a utilisation of 18.51 at the cost of $31.54
# 4 xlarge servers used with a utilisation of 30.46 at the cost of $88.76
# =============================== [ Overall ] ===============================
# actual simulation end time: 104308, #jobs: 353
# total #servers used: 20, avg utilisation: 22.31 and total cost: $141.93
# avg waiting time: 834, avg exec time: 665 and avg turnaround time: 1499

>>>>>>>>>>>>>>>>>>>>>>>>>>>>>>>>>>>>>>>>> bf <<<<<<<<<<<<<<<<<<<<<<<<<<<<<<<<<<<<<<<<<<
# ds-sim server 11-Mar, 2020 @ MQ
# Server-side simulator started with './ds-server -c ./configs/journal/config20-short-low.xml -f websites02 -v stats'
# Waiting for connection to port 50000 of IP address 127.0.0.1
# Welcome  jak0723!
# The system information can be read from 'system.xml'
# ---------------------------------------------------------------------------
# 4 tiny servers used with a utilisation of 20.80 at the cost of $6.81
# 4 small servers used with a utilisation of 20.42 at the cost of $6.32
# 4 medium servers used with a utilisation of 20.95 at the cost of $8.50
# 4 large servers used with a utilisation of 19.37 at the cost of $28.15
# 4 xlarge servers used with a utilisation of 29.62 at the cost of $91.80
# =============================== [ Overall ] ===============================
# actual simulation end time: 110844, #jobs: 353
# total #servers used: 20, avg utilisation: 22.23 and total cost: $141.58
# avg waiting time: 896, avg exec time: 665 and avg turnaround time: 1561

>>>>>>>>>>>>>>>>>>>>>>>>>>>>>>>>>>>>>>>>> minwjff <<<<<<<<<<<<<<<<<<<<<<<<<<<<<<<<<<<<<<<<<<
# ds-sim server 11-Mar, 2020 @ MQ
# Server-side simulator started with './ds-server -c ./configs/journal/config20-short-low.xml -f websites02 -v stats'
# Waiting for connection to port 50000 of IP address 127.0.0.1
# Welcome  jak0723!
# The system information can be read from 'system.xml'
# ---------------------------------------------------------------------------
# 4 tiny servers used with a utilisation of 27.78 at the cost of $3.70
# 3 small servers used with a utilisation of 27.28 at the cost of $0.18
# 3 medium servers used with a utilisation of 36.24 at the cost of $8.92
# 4 large servers used with a utilisation of 27.20 at the cost of $32.71
# 4 xlarge servers used with a utilisation of 29.64 at the cost of $89.83
# =============================== [ Overall ] ===============================
# actual simulation end time: 104308, #jobs: 353
# total #servers used: 18, avg utilisation: 29.39 and total cost: $135.33
# avg waiting time: 553, avg exec time: 665 and avg turnaround time: 1218

>>>>>>>>>>>>>>>>>>>>>>>>>>>>>>>>>>>>>>>>> minwjbf <<<<<<<<<<<<<<<<<<<<<<<<<<<<<<<<<<<<<<<<<<
# ds-sim server 11-Mar, 2020 @ MQ
# Server-side simulator started with './ds-server -c ./configs/journal/config20-short-low.xml -f websites02 -v stats'
# Waiting for connection to port 50000 of IP address 127.0.0.1
# Welcome  jak0723!
# The system information can be read from 'system.xml'
# ---------------------------------------------------------------------------
# 4 tiny servers used with a utilisation of 23.48 at the cost of $2.19
# 3 small servers used with a utilisation of 25.36 at the cost of $0.63
# 3 medium servers used with a utilisation of 22.15 at the cost of $4.91
# 4 large servers used with a utilisation of 28.78 at the cost of $26.36
# 4 xlarge servers used with a utilisation of 35.24 at the cost of $87.91
# =============================== [ Overall ] ===============================
# actual simulation end time: 101631, #jobs: 353
# total #servers used: 18, avg utilisation: 27.36 and total cost: $122.01
# avg waiting time: 660, avg exec time: 665 and avg turnaround time: 1325

>>>>>>>>>>>>>>>>>>>>>>>>>>>>>>>>>>>>>>>>> csa <<<<<<<<<<<<<<<<<<<<<<<<<<<<<<<<<<<<<<<<<<
# ds-sim server 11-Mar, 2020 @ MQ
# Server-side simulator started with './ds-server -c ./configs/journal/config20-short-low.xml -f websites02 -v stats'
# Waiting for connection to port 50000 of IP address 127.0.0.1
# Welcome  jak0723!
# The system information can be read from 'system.xml'
# ---------------------------------------------------------------------------
# 4 tiny servers used with a utilisation of 13.50 at the cost of $5.60
# 3 small servers used with a utilisation of 32.12 at the cost of $0.92
# 4 medium servers used with a utilisation of 13.86 at the cost of $12.24
# 4 large servers used with a utilisation of 18.31 at the cost of $36.92
# 4 xlarge servers used with a utilisation of 29.30 at the cost of $98.35
# =============================== [ Overall ] ===============================
# actual simulation end time: 105321, #jobs: 353
# total #servers used: 19, avg utilisation: 20.86 and total cost: $154.03
# avg waiting time: 874, avg exec time: 665 and avg turnaround time: 1539
