
>>>>>>>>>>>>>>>>>>>>>>>>>>>>>>>>>>>>>>>>> ff <<<<<<<<<<<<<<<<<<<<<<<<<<<<<<<<<<<<<<<<<<
# ds-sim server 11-Mar, 2020 @ MQ
# Server-side simulator started with './ds-server -c ./configs/journal/config20-long-med.xml -f nd07cpu -v stats'
# Waiting for connection to port 50000 of IP address 127.0.0.1
# Welcome  jak0723!
# The system information can be read from 'system.xml'
# ---------------------------------------------------------------------------
# 4 tiny servers used with a utilisation of 28.27 at the cost of $2.97
# 4 small servers used with a utilisation of 30.73 at the cost of $10.87
# 4 medium servers used with a utilisation of 29.33 at the cost of $22.79
# 4 large servers used with a utilisation of 39.63 at the cost of $61.58
# 4 xlarge servers used with a utilisation of 53.61 at the cost of $146.19
# =============================== [ Overall ] ===============================
# actual simulation end time: 154449, #jobs: 288
# total #servers used: 20, avg utilisation: 36.31 and total cost: $244.40
# avg waiting time: 8182, avg exec time: 2400 and avg turnaround time: 10582

>>>>>>>>>>>>>>>>>>>>>>>>>>>>>>>>>>>>>>>>> bf <<<<<<<<<<<<<<<<<<<<<<<<<<<<<<<<<<<<<<<<<<
# ds-sim server 11-Mar, 2020 @ MQ
# Server-side simulator started with './ds-server -c ./configs/journal/config20-long-med.xml -f nd07cpu -v stats'
# Waiting for connection to port 50000 of IP address 127.0.0.1
# Welcome  jak0723!
# The system information can be read from 'system.xml'
# ---------------------------------------------------------------------------
# 4 tiny servers used with a utilisation of 20.20 at the cost of $2.95
# 4 small servers used with a utilisation of 29.28 at the cost of $9.57
# 4 medium servers used with a utilisation of 26.54 at the cost of $21.74
# 4 large servers used with a utilisation of 39.77 at the cost of $60.23
# 4 xlarge servers used with a utilisation of 51.93 at the cost of $145.89
# =============================== [ Overall ] ===============================
# actual simulation end time: 157612, #jobs: 288
# total #servers used: 20, avg utilisation: 33.54 and total cost: $240.39
# avg waiting time: 8332, avg exec time: 2400 and avg turnaround time: 10732

>>>>>>>>>>>>>>>>>>>>>>>>>>>>>>>>>>>>>>>>> minwjff <<<<<<<<<<<<<<<<<<<<<<<<<<<<<<<<<<<<<<<<<<
# ds-sim server 11-Mar, 2020 @ MQ
# Server-side simulator started with './ds-server -c ./configs/journal/config20-long-med.xml -f nd07cpu -v stats'
# Waiting for connection to port 50000 of IP address 127.0.0.1
# Welcome  jak0723!
# The system information can be read from 'system.xml'
# ---------------------------------------------------------------------------
# 2 tiny servers used with a utilisation of 29.02 at the cost of $2.34
# 4 small servers used with a utilisation of 17.93 at the cost of $4.72
# 3 medium servers used with a utilisation of 21.98 at the cost of $8.54
# 4 large servers used with a utilisation of 38.68 at the cost of $71.27
# 4 xlarge servers used with a utilisation of 54.64 at the cost of $137.96
# =============================== [ Overall ] ===============================
# actual simulation end time: 163597, #jobs: 288
# total #servers used: 17, avg utilisation: 33.47 and total cost: $224.83
# avg waiting time: 7482, avg exec time: 2400 and avg turnaround time: 9882

>>>>>>>>>>>>>>>>>>>>>>>>>>>>>>>>>>>>>>>>> minwjbf <<<<<<<<<<<<<<<<<<<<<<<<<<<<<<<<<<<<<<<<<<
# ds-sim server 11-Mar, 2020 @ MQ
# Server-side simulator started with './ds-server -c ./configs/journal/config20-long-med.xml -f nd07cpu -v stats'
# Waiting for connection to port 50000 of IP address 127.0.0.1
# Welcome  jak0723!
# The system information can be read from 'system.xml'
# ---------------------------------------------------------------------------
# 3 tiny servers used with a utilisation of 19.70 at the cost of $2.34
# 4 small servers used with a utilisation of 41.81 at the cost of $2.38
# 4 medium servers used with a utilisation of 15.92 at the cost of $5.45
# 4 large servers used with a utilisation of 43.99 at the cost of $60.45
# 4 xlarge servers used with a utilisation of 52.92 at the cost of $147.89
# =============================== [ Overall ] ===============================
# actual simulation end time: 162189, #jobs: 288
# total #servers used: 19, avg utilisation: 35.67 and total cost: $218.51
# avg waiting time: 8227, avg exec time: 2400 and avg turnaround time: 10627

>>>>>>>>>>>>>>>>>>>>>>>>>>>>>>>>>>>>>>>>> csa <<<<<<<<<<<<<<<<<<<<<<<<<<<<<<<<<<<<<<<<<<
# ds-sim server 11-Mar, 2020 @ MQ
# Server-side simulator started with './ds-server -c ./configs/journal/config20-long-med.xml -f nd07cpu -v stats'
# Waiting for connection to port 50000 of IP address 127.0.0.1
# Welcome  jak0723!
# The system information can be read from 'system.xml'
# ---------------------------------------------------------------------------
# 4 tiny servers used with a utilisation of 15.19 at the cost of $2.34
# 4 small servers used with a utilisation of 8.79 at the cost of $5.20
# 4 medium servers used with a utilisation of 24.06 at the cost of $11.55
# 4 large servers used with a utilisation of 39.67 at the cost of $73.36
# 4 xlarge servers used with a utilisation of 51.64 at the cost of $155.53
# =============================== [ Overall ] ===============================
# actual simulation end time: 160647, #jobs: 288
# total #servers used: 20, avg utilisation: 27.87 and total cost: $247.97
# avg waiting time: 7659, avg exec time: 2400 and avg turnaround time: 10059
