
>>>>>>>>>>>>>>>>>>>>>>>>>>>>>>>>>>>>>>>>> ff <<<<<<<<<<<<<<<<<<<<<<<<<<<<<<<<<<<<<<<<<<
# ds-sim server 11-Mar, 2020 @ MQ
# Server-side simulator started with './ds-server -c ./configs/journal/config100-short-low.xml -v stats'
# Waiting for connection to port 50000 of IP address 127.0.0.1
# Welcome  jak0723!
# The system information can be read from 'system.xml'
# ---------------------------------------------------------------------------
# 12 tiny servers used with a utilisation of 37.35 at the cost of $19.91
# 6 small servers used with a utilisation of 24.89 at the cost of $23.17
# 5 medium servers used with a utilisation of 40.95 at the cost of $33.09
# 6 large servers used with a utilisation of 45.70 at the cost of $95.22
# 10 xlarge servers used with a utilisation of 29.79 at the cost of $332.89
# =============================== [ Overall ] ===============================
# actual simulation end time: 92569, #jobs: 1243
# total #servers used: 39, avg utilisation: 35.24 and total cost: $504.28
# avg waiting time: 1, avg exec time: 574 and avg turnaround time: 575

>>>>>>>>>>>>>>>>>>>>>>>>>>>>>>>>>>>>>>>>> bf <<<<<<<<<<<<<<<<<<<<<<<<<<<<<<<<<<<<<<<<<<
# ds-sim server 11-Mar, 2020 @ MQ
# Server-side simulator started with './ds-server -c ./configs/journal/config100-short-low.xml -v stats'
# Waiting for connection to port 50000 of IP address 127.0.0.1
# Welcome  jak0723!
# The system information can be read from 'system.xml'
# ---------------------------------------------------------------------------
# 12 tiny servers used with a utilisation of 37.35 at the cost of $19.91
# 6 small servers used with a utilisation of 24.89 at the cost of $23.17
# 6 medium servers used with a utilisation of 50.40 at the cost of $28.51
# 4 large servers used with a utilisation of 30.42 at the cost of $75.49
# 10 xlarge servers used with a utilisation of 29.98 at the cost of $335.89
# =============================== [ Overall ] ===============================
# actual simulation end time: 92569, #jobs: 1243
# total #servers used: 38, avg utilisation: 34.77 and total cost: $482.97
# avg waiting time: 1, avg exec time: 574 and avg turnaround time: 575
