
>>>>>>>>>>>>>>>>>>>>>>>>>>>>>>>>>>>>>>>>> ff <<<<<<<<<<<<<<<<<<<<<<<<<<<<<<<<<<<<<<<<<<
# ds-sim server 11-Mar, 2020 @ MQ
# Server-side simulator started with './ds-server -c ./configs/journal/config20-med-med.xml -f ldns04 -v stats'
# Waiting for connection to port 50000 of IP address 127.0.0.1
# Welcome  jak0723!
# The system information can be read from 'system.xml'
# ---------------------------------------------------------------------------
# 4 tiny servers used with a utilisation of 34.22 at the cost of $8.22
# 4 small servers used with a utilisation of 25.02 at the cost of $13.27
# 4 medium servers used with a utilisation of 49.10 at the cost of $20.61
# 4 large servers used with a utilisation of 36.00 at the cost of $59.05
# 4 xlarge servers used with a utilisation of 46.64 at the cost of $122.38
# =============================== [ Overall ] ===============================
# actual simulation end time: 91557, #jobs: 405
# total #servers used: 20, avg utilisation: 38.20 and total cost: $223.54
# avg waiting time: 124, avg exec time: 1140 and avg turnaround time: 1264

>>>>>>>>>>>>>>>>>>>>>>>>>>>>>>>>>>>>>>>>> bf <<<<<<<<<<<<<<<<<<<<<<<<<<<<<<<<<<<<<<<<<<
# ds-sim server 11-Mar, 2020 @ MQ
# Server-side simulator started with './ds-server -c ./configs/journal/config20-med-med.xml -f ldns04 -v stats'
# Waiting for connection to port 50000 of IP address 127.0.0.1
# Welcome  jak0723!
# The system information can be read from 'system.xml'
# ---------------------------------------------------------------------------
# 4 tiny servers used with a utilisation of 34.69 at the cost of $8.22
# 4 small servers used with a utilisation of 36.90 at the cost of $10.28
# 3 medium servers used with a utilisation of 28.51 at the cost of $18.55
# 3 large servers used with a utilisation of 31.67 at the cost of $47.10
# 4 xlarge servers used with a utilisation of 46.60 at the cost of $125.79
# =============================== [ Overall ] ===============================
# actual simulation end time: 91557, #jobs: 405
# total #servers used: 18, avg utilisation: 36.29 and total cost: $209.95
# avg waiting time: 180, avg exec time: 1140 and avg turnaround time: 1320

>>>>>>>>>>>>>>>>>>>>>>>>>>>>>>>>>>>>>>>>> minwjff <<<<<<<<<<<<<<<<<<<<<<<<<<<<<<<<<<<<<<<<<<
# ds-sim server 11-Mar, 2020 @ MQ
# Server-side simulator started with './ds-server -c ./configs/journal/config20-med-med.xml -f ldns04 -v stats'
# Waiting for connection to port 50000 of IP address 127.0.0.1
# Welcome  jak0723!
# The system information can be read from 'system.xml'
# ---------------------------------------------------------------------------
# 4 tiny servers used with a utilisation of 35.70 at the cost of $4.97
# 4 small servers used with a utilisation of 29.56 at the cost of $13.92
# 4 medium servers used with a utilisation of 41.36 at the cost of $10.28
# 4 large servers used with a utilisation of 36.39 at the cost of $59.35
# 4 xlarge servers used with a utilisation of 52.01 at the cost of $111.78
# =============================== [ Overall ] ===============================
# actual simulation end time: 88555, #jobs: 405
# total #servers used: 20, avg utilisation: 39.00 and total cost: $200.30
# avg waiting time: 42, avg exec time: 1140 and avg turnaround time: 1182

>>>>>>>>>>>>>>>>>>>>>>>>>>>>>>>>>>>>>>>>> minwjbf <<<<<<<<<<<<<<<<<<<<<<<<<<<<<<<<<<<<<<<<<<
# ds-sim server 11-Mar, 2020 @ MQ
# Server-side simulator started with './ds-server -c ./configs/journal/config20-med-med.xml -f ldns04 -v stats'
# Waiting for connection to port 50000 of IP address 127.0.0.1
# Welcome  jak0723!
# The system information can be read from 'system.xml'
# ---------------------------------------------------------------------------
# 4 tiny servers used with a utilisation of 35.70 at the cost of $4.97
# 4 small servers used with a utilisation of 29.56 at the cost of $13.92
# 4 medium servers used with a utilisation of 41.36 at the cost of $10.28
# 4 large servers used with a utilisation of 36.39 at the cost of $59.35
# 4 xlarge servers used with a utilisation of 49.84 at the cost of $110.66
# =============================== [ Overall ] ===============================
# actual simulation end time: 88555, #jobs: 405
# total #servers used: 20, avg utilisation: 38.57 and total cost: $199.19
# avg waiting time: 64, avg exec time: 1140 and avg turnaround time: 1204

>>>>>>>>>>>>>>>>>>>>>>>>>>>>>>>>>>>>>>>>> csa <<<<<<<<<<<<<<<<<<<<<<<<<<<<<<<<<<<<<<<<<<
# ds-sim server 11-Mar, 2020 @ MQ
# Server-side simulator started with './ds-server -c ./configs/journal/config20-med-med.xml -f ldns04 -v stats'
# Waiting for connection to port 50000 of IP address 127.0.0.1
# Welcome  jak0723!
# The system information can be read from 'system.xml'
# ---------------------------------------------------------------------------
# 4 tiny servers used with a utilisation of 35.70 at the cost of $4.97
# 4 small servers used with a utilisation of 29.56 at the cost of $13.92
# 3 medium servers used with a utilisation of 53.20 at the cost of $10.51
# 4 large servers used with a utilisation of 36.08 at the cost of $59.35
# 4 xlarge servers used with a utilisation of 47.50 at the cost of $116.17
# =============================== [ Overall ] ===============================
# actual simulation end time: 88555, #jobs: 405
# total #servers used: 19, avg utilisation: 39.73 and total cost: $204.91
# avg waiting time: 66, avg exec time: 1140 and avg turnaround time: 1206
