
>>>>>>>>>>>>>>>>>>>>>>>>>>>>>>>>>>>>>>>>> ff <<<<<<<<<<<<<<<<<<<<<<<<<<<<<<<<<<<<<<<<<<
# ds-sim server 11-Mar, 2020 @ MQ
# Server-side simulator started with './ds-server -c ./configs/journal/config20-long-high.xml -f pl05 -v stats'
# Waiting for connection to port 50000 of IP address 127.0.0.1
# Welcome  jak0723!
# The system information can be read from 'system.xml'
# ---------------------------------------------------------------------------
# 4 tiny servers used with a utilisation of 25.74 at the cost of $3.73
# 4 small servers used with a utilisation of 39.87 at the cost of $11.13
# 4 medium servers used with a utilisation of 33.61 at the cost of $24.24
# 4 large servers used with a utilisation of 37.62 at the cost of $48.29
# 4 xlarge servers used with a utilisation of 34.76 at the cost of $204.42
# =============================== [ Overall ] ===============================
# actual simulation end time: 317395, #jobs: 328
# total #servers used: 20, avg utilisation: 34.32 and total cost: $291.80
# avg waiting time: 37100, avg exec time: 2333 and avg turnaround time: 39433

>>>>>>>>>>>>>>>>>>>>>>>>>>>>>>>>>>>>>>>>> bf <<<<<<<<<<<<<<<<<<<<<<<<<<<<<<<<<<<<<<<<<<
# ds-sim server 11-Mar, 2020 @ MQ
# Server-side simulator started with './ds-server -c ./configs/journal/config20-long-high.xml -f pl05 -v stats'
# Waiting for connection to port 50000 of IP address 127.0.0.1
# Welcome  jak0723!
# The system information can be read from 'system.xml'
# ---------------------------------------------------------------------------
# 4 tiny servers used with a utilisation of 25.64 at the cost of $3.99
# 4 small servers used with a utilisation of 44.60 at the cost of $10.59
# 4 medium servers used with a utilisation of 30.02 at the cost of $23.00
# 4 large servers used with a utilisation of 36.94 at the cost of $48.58
# 4 xlarge servers used with a utilisation of 34.96 at the cost of $205.89
# =============================== [ Overall ] ===============================
# actual simulation end time: 317395, #jobs: 328
# total #servers used: 20, avg utilisation: 34.43 and total cost: $292.06
# avg waiting time: 38153, avg exec time: 2333 and avg turnaround time: 40486

>>>>>>>>>>>>>>>>>>>>>>>>>>>>>>>>>>>>>>>>> minwjff <<<<<<<<<<<<<<<<<<<<<<<<<<<<<<<<<<<<<<<<<<
# ds-sim server 11-Mar, 2020 @ MQ
# Server-side simulator started with './ds-server -c ./configs/journal/config20-long-high.xml -f pl05 -v stats'
# Waiting for connection to port 50000 of IP address 127.0.0.1
# Welcome  jak0723!
# The system information can be read from 'system.xml'
# ---------------------------------------------------------------------------
# 3 tiny servers used with a utilisation of 15.22 at the cost of $0.98
# 4 small servers used with a utilisation of 32.06 at the cost of $8.78
# 4 medium servers used with a utilisation of 39.01 at the cost of $22.78
# 4 large servers used with a utilisation of 34.58 at the cost of $49.06
# 4 xlarge servers used with a utilisation of 34.01 at the cost of $215.51
# =============================== [ Overall ] ===============================
# actual simulation end time: 323831, #jobs: 328
# total #servers used: 19, avg utilisation: 31.81 and total cost: $297.10
# avg waiting time: 37713, avg exec time: 2333 and avg turnaround time: 40046

>>>>>>>>>>>>>>>>>>>>>>>>>>>>>>>>>>>>>>>>> minwjbf <<<<<<<<<<<<<<<<<<<<<<<<<<<<<<<<<<<<<<<<<<
# ds-sim server 11-Mar, 2020 @ MQ
# Server-side simulator started with './ds-server -c ./configs/journal/config20-long-high.xml -f pl05 -v stats'
# Waiting for connection to port 50000 of IP address 127.0.0.1
# Welcome  jak0723!
# The system information can be read from 'system.xml'
# ---------------------------------------------------------------------------
# 3 tiny servers used with a utilisation of 28.50 at the cost of $0.85
# 4 small servers used with a utilisation of 42.98 at the cost of $7.58
# 4 medium servers used with a utilisation of 39.30 at the cost of $21.37
# 4 large servers used with a utilisation of 34.32 at the cost of $51.20
# 4 xlarge servers used with a utilisation of 36.03 at the cost of $211.01
# =============================== [ Overall ] ===============================
# actual simulation end time: 316673, #jobs: 328
# total #servers used: 19, avg utilisation: 36.63 and total cost: $292.02
# avg waiting time: 37316, avg exec time: 2333 and avg turnaround time: 39649

>>>>>>>>>>>>>>>>>>>>>>>>>>>>>>>>>>>>>>>>> csa <<<<<<<<<<<<<<<<<<<<<<<<<<<<<<<<<<<<<<<<<<
# ds-sim server 11-Mar, 2020 @ MQ
# Server-side simulator started with './ds-server -c ./configs/journal/config20-long-high.xml -f pl05 -v stats'
# Waiting for connection to port 50000 of IP address 127.0.0.1
# Welcome  jak0723!
# The system information can be read from 'system.xml'
# ---------------------------------------------------------------------------
# 3 tiny servers used with a utilisation of 19.33 at the cost of $1.26
# 4 small servers used with a utilisation of 46.82 at the cost of $9.24
# 4 medium servers used with a utilisation of 30.89 at the cost of $21.68
# 4 large servers used with a utilisation of 35.23 at the cost of $49.22
# 4 xlarge servers used with a utilisation of 36.73 at the cost of $216.25
# =============================== [ Overall ] ===============================
# actual simulation end time: 324035, #jobs: 328
# total #servers used: 19, avg utilisation: 34.56 and total cost: $297.65
# avg waiting time: 39239, avg exec time: 2333 and avg turnaround time: 41572
