
>>>>>>>>>>>>>>>>>>>>>>>>>>>>>>>>>>>>>>>>> ff <<<<<<<<<<<<<<<<<<<<<<<<<<<<<<<<<<<<<<<<<<
# ds-sim server 11-Mar, 2020 @ MQ
# Server-side simulator started with './ds-server -c ./configs/journal/config20-med-low.xml -f g5k06 -v stats'
# Waiting for connection to port 50000 of IP address 127.0.0.1
# Welcome  jak0723!
# The system information can be read from 'system.xml'
# ---------------------------------------------------------------------------
# 4 tiny servers used with a utilisation of 32.89 at the cost of $6.02
# 4 small servers used with a utilisation of 34.66 at the cost of $8.27
# 4 medium servers used with a utilisation of 24.65 at the cost of $13.38
# 4 large servers used with a utilisation of 13.26 at the cost of $47.47
# 4 xlarge servers used with a utilisation of 21.76 at the cost of $125.11
# =============================== [ Overall ] ===============================
# actual simulation end time: 144781, #jobs: 270
# total #servers used: 20, avg utilisation: 25.44 and total cost: $200.24
# avg waiting time: 6726, avg exec time: 1149 and avg turnaround time: 7875

>>>>>>>>>>>>>>>>>>>>>>>>>>>>>>>>>>>>>>>>> bf <<<<<<<<<<<<<<<<<<<<<<<<<<<<<<<<<<<<<<<<<<
# ds-sim server 11-Mar, 2020 @ MQ
# Server-side simulator started with './ds-server -c ./configs/journal/config20-med-low.xml -f g5k06 -v stats'
# Waiting for connection to port 50000 of IP address 127.0.0.1
# Welcome  jak0723!
# The system information can be read from 'system.xml'
# ---------------------------------------------------------------------------
# 4 tiny servers used with a utilisation of 32.60 at the cost of $5.96
# 4 small servers used with a utilisation of 32.98 at the cost of $8.09
# 4 medium servers used with a utilisation of 26.19 at the cost of $13.09
# 4 large servers used with a utilisation of 16.62 at the cost of $33.03
# 4 xlarge servers used with a utilisation of 22.71 at the cost of $125.45
# =============================== [ Overall ] ===============================
# actual simulation end time: 145353, #jobs: 270
# total #servers used: 20, avg utilisation: 26.22 and total cost: $185.64
# avg waiting time: 7108, avg exec time: 1149 and avg turnaround time: 8257

>>>>>>>>>>>>>>>>>>>>>>>>>>>>>>>>>>>>>>>>> minwjff <<<<<<<<<<<<<<<<<<<<<<<<<<<<<<<<<<<<<<<<<<
# ds-sim server 11-Mar, 2020 @ MQ
# Server-side simulator started with './ds-server -c ./configs/journal/config20-med-low.xml -f g5k06 -v stats'
# Waiting for connection to port 50000 of IP address 127.0.0.1
# Welcome  jak0723!
# The system information can be read from 'system.xml'
# ---------------------------------------------------------------------------
# 3 tiny servers used with a utilisation of 26.63 at the cost of $1.61
# 4 small servers used with a utilisation of 46.70 at the cost of $4.49
# 4 medium servers used with a utilisation of 24.37 at the cost of $18.13
# 4 large servers used with a utilisation of 13.69 at the cost of $30.60
# 4 xlarge servers used with a utilisation of 26.67 at the cost of $131.61
# =============================== [ Overall ] ===============================
# actual simulation end time: 141259, #jobs: 270
# total #servers used: 19, avg utilisation: 27.66 and total cost: $186.43
# avg waiting time: 6287, avg exec time: 1149 and avg turnaround time: 7436

>>>>>>>>>>>>>>>>>>>>>>>>>>>>>>>>>>>>>>>>> minwjbf <<<<<<<<<<<<<<<<<<<<<<<<<<<<<<<<<<<<<<<<<<
# ds-sim server 11-Mar, 2020 @ MQ
# Server-side simulator started with './ds-server -c ./configs/journal/config20-med-low.xml -f g5k06 -v stats'
# Waiting for connection to port 50000 of IP address 127.0.0.1
# Welcome  jak0723!
# The system information can be read from 'system.xml'
# ---------------------------------------------------------------------------
# 4 tiny servers used with a utilisation of 37.84 at the cost of $1.36
# 4 small servers used with a utilisation of 55.25 at the cost of $2.30
# 4 medium servers used with a utilisation of 33.19 at the cost of $11.60
# 4 large servers used with a utilisation of 15.11 at the cost of $42.44
# 4 xlarge servers used with a utilisation of 29.07 at the cost of $127.54
# =============================== [ Overall ] ===============================
# actual simulation end time: 139441, #jobs: 270
# total #servers used: 20, avg utilisation: 34.09 and total cost: $185.24
# avg waiting time: 6371, avg exec time: 1149 and avg turnaround time: 7520

>>>>>>>>>>>>>>>>>>>>>>>>>>>>>>>>>>>>>>>>> csa <<<<<<<<<<<<<<<<<<<<<<<<<<<<<<<<<<<<<<<<<<
# ds-sim server 11-Mar, 2020 @ MQ
# Server-side simulator started with './ds-server -c ./configs/journal/config20-med-low.xml -f g5k06 -v stats'
# Waiting for connection to port 50000 of IP address 127.0.0.1
# Welcome  jak0723!
# The system information can be read from 'system.xml'
# ---------------------------------------------------------------------------
# 4 tiny servers used with a utilisation of 30.07 at the cost of $1.47
# 4 small servers used with a utilisation of 28.78 at the cost of $5.94
# 4 medium servers used with a utilisation of 37.29 at the cost of $17.40
# 4 large servers used with a utilisation of 15.06 at the cost of $36.76
# 4 xlarge servers used with a utilisation of 27.59 at the cost of $135.04
# =============================== [ Overall ] ===============================
# actual simulation end time: 134667, #jobs: 270
# total #servers used: 20, avg utilisation: 27.76 and total cost: $196.61
# avg waiting time: 6815, avg exec time: 1149 and avg turnaround time: 7964
