
>>>>>>>>>>>>>>>>>>>>>>>>>>>>>>>>>>>>>>>>> ff <<<<<<<<<<<<<<<<<<<<<<<<<<<<<<<<<<<<<<<<<<
# ds-sim server 11-Mar, 2020 @ MQ
# Server-side simulator started with './ds-server -c ./configs/journal/config100-long-high.xml -f g5k06 -v stats'
# Waiting for connection to port 50000 of IP address 127.0.0.1
# Welcome  jak0723!
# The system information can be read from 'system.xml'
# ---------------------------------------------------------------------------
# 19 tiny servers used with a utilisation of 31.01 at the cost of $29.95
# 19 small servers used with a utilisation of 29.45 at the cost of $41.12
# 20 medium servers used with a utilisation of 21.71 at the cost of $124.30
# 20 large servers used with a utilisation of 19.34 at the cost of $283.59
# 20 xlarge servers used with a utilisation of 33.15 at the cost of $986.03
# =============================== [ Overall ] ===============================
# actual simulation end time: 656591, #jobs: 1144
# total #servers used: 98, avg utilisation: 26.86 and total cost: $1464.98
# avg waiting time: 51129, avg exec time: 2522 and avg turnaround time: 53651

>>>>>>>>>>>>>>>>>>>>>>>>>>>>>>>>>>>>>>>>> bf <<<<<<<<<<<<<<<<<<<<<<<<<<<<<<<<<<<<<<<<<<
# ds-sim server 11-Mar, 2020 @ MQ
# Server-side simulator started with './ds-server -c ./configs/journal/config100-long-high.xml -f g5k06 -v stats'
# Waiting for connection to port 50000 of IP address 127.0.0.1
# Welcome  jak0723!
# The system information can be read from 'system.xml'
# ---------------------------------------------------------------------------
# 19 tiny servers used with a utilisation of 28.02 at the cost of $31.68
# 17 small servers used with a utilisation of 31.22 at the cost of $28.75
# 20 medium servers used with a utilisation of 21.81 at the cost of $85.67
# 20 large servers used with a utilisation of 18.28 at the cost of $228.42
# 20 xlarge servers used with a utilisation of 35.81 at the cost of $960.60
# =============================== [ Overall ] ===============================
# actual simulation end time: 617677, #jobs: 1144
# total #servers used: 96, avg utilisation: 26.89 and total cost: $1335.13
# avg waiting time: 48482, avg exec time: 2522 and avg turnaround time: 51004

>>>>>>>>>>>>>>>>>>>>>>>>>>>>>>>>>>>>>>>>> minwjff <<<<<<<<<<<<<<<<<<<<<<<<<<<<<<<<<<<<<<<<<<
# ds-sim server 11-Mar, 2020 @ MQ
# Server-side simulator started with './ds-server -c ./configs/journal/config100-long-high.xml -f g5k06 -v stats'
# Waiting for connection to port 50000 of IP address 127.0.0.1
# Welcome  jak0723!
# The system information can be read from 'system.xml'
# ---------------------------------------------------------------------------
# 14 tiny servers used with a utilisation of 24.32 at the cost of $2.52
# 12 small servers used with a utilisation of 50.33 at the cost of $24.30
# 16 medium servers used with a utilisation of 17.23 at the cost of $44.28
# 20 large servers used with a utilisation of 17.30 at the cost of $228.42
# 20 xlarge servers used with a utilisation of 46.65 at the cost of $1047.19
# =============================== [ Overall ] ===============================
# actual simulation end time: 184329, #jobs: 1144
# total #servers used: 82, avg utilisation: 30.48 and total cost: $1346.71
# avg waiting time: 21199, avg exec time: 2522 and avg turnaround time: 23721

>>>>>>>>>>>>>>>>>>>>>>>>>>>>>>>>>>>>>>>>> minwjbf <<<<<<<<<<<<<<<<<<<<<<<<<<<<<<<<<<<<<<<<<<
# ds-sim server 11-Mar, 2020 @ MQ
# Server-side simulator started with './ds-server -c ./configs/journal/config100-long-high.xml -f g5k06 -v stats'
# Waiting for connection to port 50000 of IP address 127.0.0.1
# Welcome  jak0723!
# The system information can be read from 'system.xml'
# ---------------------------------------------------------------------------
# 12 tiny servers used with a utilisation of 29.13 at the cost of $1.52
# 14 small servers used with a utilisation of 40.09 at the cost of $15.28
# 20 medium servers used with a utilisation of 19.92 at the cost of $32.06
# 20 large servers used with a utilisation of 23.41 at the cost of $295.75
# 20 xlarge servers used with a utilisation of 47.30 at the cost of $1016.60
# =============================== [ Overall ] ===============================
# actual simulation end time: 171311, #jobs: 1144
# total #servers used: 86, avg utilisation: 31.67 and total cost: $1361.22
# avg waiting time: 21640, avg exec time: 2522 and avg turnaround time: 24162

>>>>>>>>>>>>>>>>>>>>>>>>>>>>>>>>>>>>>>>>> csa <<<<<<<<<<<<<<<<<<<<<<<<<<<<<<<<<<<<<<<<<<
# ds-sim server 11-Mar, 2020 @ MQ
# Server-side simulator started with './ds-server -c ./configs/journal/config100-long-high.xml -f g5k06 -v stats'
# Waiting for connection to port 50000 of IP address 127.0.0.1
# Welcome  jak0723!
# The system information can be read from 'system.xml'
# ---------------------------------------------------------------------------
# 19 tiny servers used with a utilisation of 13.04 at the cost of $7.34
# 17 small servers used with a utilisation of 25.46 at the cost of $36.38
# 19 medium servers used with a utilisation of 15.85 at the cost of $60.36
# 20 large servers used with a utilisation of 18.05 at the cost of $244.96
# 20 xlarge servers used with a utilisation of 45.93 at the cost of $1060.98
# =============================== [ Overall ] ===============================
# actual simulation end time: 189947, #jobs: 1144
# total #servers used: 95, avg utilisation: 23.80 and total cost: $1410.02
# avg waiting time: 21621, avg exec time: 2522 and avg turnaround time: 24143
