
>>>>>>>>>>>>>>>>>>>>>>>>>>>>>>>>>>>>>>>>> ff <<<<<<<<<<<<<<<<<<<<<<<<<<<<<<<<<<<<<<<<<<
# ds-sim server 11-Mar, 2020 @ MQ
# Server-side simulator started with './ds-server -c ./configs/journal/config100-long-high.xml -f nd07cpu -v stats'
# Waiting for connection to port 50000 of IP address 127.0.0.1
# Welcome  jak0723!
# The system information can be read from 'system.xml'
# ---------------------------------------------------------------------------
# 19 tiny servers used with a utilisation of 34.88 at the cost of $27.22
# 12 small servers used with a utilisation of 40.79 at the cost of $32.55
# 17 medium servers used with a utilisation of 34.09 at the cost of $77.77
# 18 large servers used with a utilisation of 32.71 at the cost of $241.38
# 20 xlarge servers used with a utilisation of 40.18 at the cost of $819.98
# =============================== [ Overall ] ===============================
# actual simulation end time: 416722, #jobs: 1144
# total #servers used: 86, avg utilisation: 36.33 and total cost: $1198.89
# avg waiting time: 20565, avg exec time: 2522 and avg turnaround time: 23087

>>>>>>>>>>>>>>>>>>>>>>>>>>>>>>>>>>>>>>>>> bf <<<<<<<<<<<<<<<<<<<<<<<<<<<<<<<<<<<<<<<<<<
# ds-sim server 11-Mar, 2020 @ MQ
# Server-side simulator started with './ds-server -c ./configs/journal/config100-long-high.xml -f nd07cpu -v stats'
# Waiting for connection to port 50000 of IP address 127.0.0.1
# Welcome  jak0723!
# The system information can be read from 'system.xml'
# ---------------------------------------------------------------------------
# 19 tiny servers used with a utilisation of 35.75 at the cost of $27.34
# 11 small servers used with a utilisation of 28.82 at the cost of $30.57
# 17 medium servers used with a utilisation of 26.29 at the cost of $65.11
# 18 large servers used with a utilisation of 24.25 at the cost of $178.74
# 20 xlarge servers used with a utilisation of 41.23 at the cost of $829.52
# =============================== [ Overall ] ===============================
# actual simulation end time: 403787, #jobs: 1144
# total #servers used: 85, avg utilisation: 31.82 and total cost: $1131.27
# avg waiting time: 18708, avg exec time: 2522 and avg turnaround time: 21230

>>>>>>>>>>>>>>>>>>>>>>>>>>>>>>>>>>>>>>>>> minwjff <<<<<<<<<<<<<<<<<<<<<<<<<<<<<<<<<<<<<<<<<<
# ds-sim server 11-Mar, 2020 @ MQ
# Server-side simulator started with './ds-server -c ./configs/journal/config100-long-high.xml -f nd07cpu -v stats'
# Waiting for connection to port 50000 of IP address 127.0.0.1
# Welcome  jak0723!
# The system information can be read from 'system.xml'
# ---------------------------------------------------------------------------
# 14 tiny servers used with a utilisation of 36.52 at the cost of $6.68
# 14 small servers used with a utilisation of 52.14 at the cost of $37.67
# 11 medium servers used with a utilisation of 43.97 at the cost of $53.35
# 17 large servers used with a utilisation of 33.12 at the cost of $158.24
# 20 xlarge servers used with a utilisation of 43.82 at the cost of $811.83
# =============================== [ Overall ] ===============================
# actual simulation end time: 247176, #jobs: 1144
# total #servers used: 76, avg utilisation: 41.63 and total cost: $1067.77
# avg waiting time: 12610, avg exec time: 2522 and avg turnaround time: 15132

>>>>>>>>>>>>>>>>>>>>>>>>>>>>>>>>>>>>>>>>> minwjbf <<<<<<<<<<<<<<<<<<<<<<<<<<<<<<<<<<<<<<<<<<
# ds-sim server 11-Mar, 2020 @ MQ
# Server-side simulator started with './ds-server -c ./configs/journal/config100-long-high.xml -f nd07cpu -v stats'
# Waiting for connection to port 50000 of IP address 127.0.0.1
# Welcome  jak0723!
# The system information can be read from 'system.xml'
# ---------------------------------------------------------------------------
# 14 tiny servers used with a utilisation of 33.96 at the cost of $6.91
# 14 small servers used with a utilisation of 50.23 at the cost of $26.18
# 14 medium servers used with a utilisation of 36.41 at the cost of $34.17
# 18 large servers used with a utilisation of 30.34 at the cost of $161.04
# 20 xlarge servers used with a utilisation of 47.93 at the cost of $788.17
# =============================== [ Overall ] ===============================
# actual simulation end time: 235965, #jobs: 1144
# total #servers used: 80, avg utilisation: 39.91 and total cost: $1016.46
# avg waiting time: 10641, avg exec time: 2522 and avg turnaround time: 13163

>>>>>>>>>>>>>>>>>>>>>>>>>>>>>>>>>>>>>>>>> csa <<<<<<<<<<<<<<<<<<<<<<<<<<<<<<<<<<<<<<<<<<
# ds-sim server 11-Mar, 2020 @ MQ
# Server-side simulator started with './ds-server -c ./configs/journal/config100-long-high.xml -f nd07cpu -v stats'
# Waiting for connection to port 50000 of IP address 127.0.0.1
# Welcome  jak0723!
# The system information can be read from 'system.xml'
# ---------------------------------------------------------------------------
# 19 tiny servers used with a utilisation of 28.97 at the cost of $17.59
# 14 small servers used with a utilisation of 40.14 at the cost of $47.00
# 16 medium servers used with a utilisation of 23.33 at the cost of $61.46
# 18 large servers used with a utilisation of 26.40 at the cost of $181.29
# 20 xlarge servers used with a utilisation of 44.65 at the cost of $846.56
# =============================== [ Overall ] ===============================
# actual simulation end time: 250394, #jobs: 1144
# total #servers used: 87, avg utilisation: 32.80 and total cost: $1153.90
# avg waiting time: 12799, avg exec time: 2522 and avg turnaround time: 15321
