
>>>>>>>>>>>>>>>>>>>>>>>>>>>>>>>>>>>>>>>>> ff <<<<<<<<<<<<<<<<<<<<<<<<<<<<<<<<<<<<<<<<<<
# ds-sim server 11-Mar, 2020 @ MQ
# Server-side simulator started with './ds-server -c ./configs/journal/config20-long-med.xml -v stats'
# Waiting for connection to port 50000 of IP address 127.0.0.1
# Welcome  jak0723!
# The system information can be read from 'system.xml'
# ---------------------------------------------------------------------------
# 4 tiny servers used with a utilisation of 43.56 at the cost of $8.42
# 4 small servers used with a utilisation of 46.71 at the cost of $12.36
# 4 medium servers used with a utilisation of 40.66 at the cost of $30.33
# 4 large servers used with a utilisation of 43.12 at the cost of $69.56
# 4 xlarge servers used with a utilisation of 71.86 at the cost of $147.70
# =============================== [ Overall ] ===============================
# actual simulation end time: 91024, #jobs: 288
# total #servers used: 20, avg utilisation: 49.18 and total cost: $268.38
# avg waiting time: 786, avg exec time: 2400 and avg turnaround time: 3186

>>>>>>>>>>>>>>>>>>>>>>>>>>>>>>>>>>>>>>>>> bf <<<<<<<<<<<<<<<<<<<<<<<<<<<<<<<<<<<<<<<<<<
# ds-sim server 11-Mar, 2020 @ MQ
# Server-side simulator started with './ds-server -c ./configs/journal/config20-long-med.xml -v stats'
# Waiting for connection to port 50000 of IP address 127.0.0.1
# Welcome  jak0723!
# The system information can be read from 'system.xml'
# ---------------------------------------------------------------------------
# 4 tiny servers used with a utilisation of 43.56 at the cost of $8.42
# 4 small servers used with a utilisation of 44.29 at the cost of $12.28
# 3 medium servers used with a utilisation of 25.89 at the cost of $29.29
# 4 large servers used with a utilisation of 47.74 at the cost of $59.92
# 4 xlarge servers used with a utilisation of 69.45 at the cost of $147.67
# =============================== [ Overall ] ===============================
# actual simulation end time: 91024, #jobs: 288
# total #servers used: 19, avg utilisation: 47.25 and total cost: $257.58
# avg waiting time: 722, avg exec time: 2400 and avg turnaround time: 3122
