
>>>>>>>>>>>>>>>>>>>>>>>>>>>>>>>>>>>>>>>>> ff <<<<<<<<<<<<<<<<<<<<<<<<<<<<<<<<<<<<<<<<<<
# ds-sim server 11-Mar, 2020 @ MQ
# Server-side simulator started with './ds-server -c ./configs/journal/config100-long-med.xml -f nd07cpu -v stats'
# Waiting for connection to port 50000 of IP address 127.0.0.1
# Welcome  jak0723!
# The system information can be read from 'system.xml'
# ---------------------------------------------------------------------------
# 18 tiny servers used with a utilisation of 30.09 at the cost of $19.93
# 7 small servers used with a utilisation of 35.12 at the cost of $17.83
# 15 medium servers used with a utilisation of 30.85 at the cost of $44.87
# 17 large servers used with a utilisation of 37.76 at the cost of $204.79
# 20 xlarge servers used with a utilisation of 45.70 at the cost of $586.46
# =============================== [ Overall ] ===============================
# actual simulation end time: 102452, #jobs: 780
# total #servers used: 77, avg utilisation: 36.44 and total cost: $873.87
# avg waiting time: 1438, avg exec time: 2372 and avg turnaround time: 3810

>>>>>>>>>>>>>>>>>>>>>>>>>>>>>>>>>>>>>>>>> bf <<<<<<<<<<<<<<<<<<<<<<<<<<<<<<<<<<<<<<<<<<
# ds-sim server 11-Mar, 2020 @ MQ
# Server-side simulator started with './ds-server -c ./configs/journal/config100-long-med.xml -f nd07cpu -v stats'
# Waiting for connection to port 50000 of IP address 127.0.0.1
# Welcome  jak0723!
# The system information can be read from 'system.xml'
# ---------------------------------------------------------------------------
# 18 tiny servers used with a utilisation of 30.09 at the cost of $19.93
# 7 small servers used with a utilisation of 35.12 at the cost of $17.83
# 10 medium servers used with a utilisation of 34.58 at the cost of $34.20
# 13 large servers used with a utilisation of 32.16 at the cost of $85.21
# 20 xlarge servers used with a utilisation of 46.41 at the cost of $595.29
# =============================== [ Overall ] ===============================
# actual simulation end time: 102452, #jobs: 780
# total #servers used: 68, avg utilisation: 36.46 and total cost: $752.44
# avg waiting time: 1238, avg exec time: 2372 and avg turnaround time: 3610

>>>>>>>>>>>>>>>>>>>>>>>>>>>>>>>>>>>>>>>>> minwjff <<<<<<<<<<<<<<<<<<<<<<<<<<<<<<<<<<<<<<<<<<
# ds-sim server 11-Mar, 2020 @ MQ
# Server-side simulator started with './ds-server -c ./configs/journal/config100-long-med.xml -f nd07cpu -v stats'
# Waiting for connection to port 50000 of IP address 127.0.0.1
# Welcome  jak0723!
# The system information can be read from 'system.xml'
# ---------------------------------------------------------------------------
# 10 tiny servers used with a utilisation of 42.14 at the cost of $11.87
# 7 small servers used with a utilisation of 32.43 at the cost of $10.57
# 12 medium servers used with a utilisation of 29.45 at the cost of $29.04
# 13 large servers used with a utilisation of 50.52 at the cost of $109.09
# 20 xlarge servers used with a utilisation of 49.13 at the cost of $531.67
# =============================== [ Overall ] ===============================
# actual simulation end time: 97355, #jobs: 780
# total #servers used: 62, avg utilisation: 42.60 and total cost: $692.24
# avg waiting time: 672, avg exec time: 2372 and avg turnaround time: 3044

>>>>>>>>>>>>>>>>>>>>>>>>>>>>>>>>>>>>>>>>> minwjbf <<<<<<<<<<<<<<<<<<<<<<<<<<<<<<<<<<<<<<<<<<
# ds-sim server 11-Mar, 2020 @ MQ
# Server-side simulator started with './ds-server -c ./configs/journal/config100-long-med.xml -f nd07cpu -v stats'
# Waiting for connection to port 50000 of IP address 127.0.0.1
# Welcome  jak0723!
# The system information can be read from 'system.xml'
# ---------------------------------------------------------------------------
# 10 tiny servers used with a utilisation of 45.67 at the cost of $10.52
# 6 small servers used with a utilisation of 28.15 at the cost of $9.43
# 12 medium servers used with a utilisation of 25.74 at the cost of $20.27
# 15 large servers used with a utilisation of 59.21 at the cost of $85.39
# 20 xlarge servers used with a utilisation of 51.24 at the cost of $568.63
# =============================== [ Overall ] ===============================
# actual simulation end time: 98362, #jobs: 780
# total #servers used: 63, avg utilisation: 45.20 and total cost: $694.23
# avg waiting time: 1266, avg exec time: 2372 and avg turnaround time: 3638

>>>>>>>>>>>>>>>>>>>>>>>>>>>>>>>>>>>>>>>>> csa <<<<<<<<<<<<<<<<<<<<<<<<<<<<<<<<<<<<<<<<<<
# ds-sim server 11-Mar, 2020 @ MQ
# Server-side simulator started with './ds-server -c ./configs/journal/config100-long-med.xml -f nd07cpu -v stats'
# Waiting for connection to port 50000 of IP address 127.0.0.1
# Welcome  jak0723!
# The system information can be read from 'system.xml'
# ---------------------------------------------------------------------------
# 19 tiny servers used with a utilisation of 31.62 at the cost of $15.39
# 12 small servers used with a utilisation of 28.44 at the cost of $25.40
# 14 medium servers used with a utilisation of 30.84 at the cost of $23.15
# 17 large servers used with a utilisation of 38.40 at the cost of $120.58
# 20 xlarge servers used with a utilisation of 46.29 at the cost of $612.46
# =============================== [ Overall ] ===============================
# actual simulation end time: 98038, #jobs: 780
# total #servers used: 82, avg utilisation: 36.01 and total cost: $796.97
# avg waiting time: 1111, avg exec time: 2372 and avg turnaround time: 3483
