
>>>>>>>>>>>>>>>>>>>>>>>>>>>>>>>>>>>>>>>>> ff <<<<<<<<<<<<<<<<<<<<<<<<<<<<<<<<<<<<<<<<<<
# ds-sim server 11-Mar, 2020 @ MQ
# Server-side simulator started with './ds-server -c ./configs/journal/config100-med-low.xml -f pl05 -v stats'
# Waiting for connection to port 50000 of IP address 127.0.0.1
# Welcome  jak0723!
# The system information can be read from 'system.xml'
# ---------------------------------------------------------------------------
# 19 tiny servers used with a utilisation of 27.37 at the cost of $13.62
# 9 small servers used with a utilisation of 37.52 at the cost of $9.82
# 8 medium servers used with a utilisation of 30.51 at the cost of $27.15
# 9 large servers used with a utilisation of 36.72 at the cost of $80.57
# 18 xlarge servers used with a utilisation of 32.45 at the cost of $323.60
# =============================== [ Overall ] ===============================
# actual simulation end time: 89225, #jobs: 716
# total #servers used: 63, avg utilisation: 32.00 and total cost: $454.75
# avg waiting time: 805, avg exec time: 1129 and avg turnaround time: 1934

>>>>>>>>>>>>>>>>>>>>>>>>>>>>>>>>>>>>>>>>> bf <<<<<<<<<<<<<<<<<<<<<<<<<<<<<<<<<<<<<<<<<<
# ds-sim server 11-Mar, 2020 @ MQ
# Server-side simulator started with './ds-server -c ./configs/journal/config100-med-low.xml -f pl05 -v stats'
# Waiting for connection to port 50000 of IP address 127.0.0.1
# Welcome  jak0723!
# The system information can be read from 'system.xml'
# ---------------------------------------------------------------------------
# 19 tiny servers used with a utilisation of 27.37 at the cost of $13.62
# 7 small servers used with a utilisation of 27.28 at the cost of $9.54
# 7 medium servers used with a utilisation of 32.86 at the cost of $23.28
# 7 large servers used with a utilisation of 32.87 at the cost of $45.68
# 18 xlarge servers used with a utilisation of 32.07 at the cost of $332.09
# =============================== [ Overall ] ===============================
# actual simulation end time: 90168, #jobs: 716
# total #servers used: 58, avg utilisation: 30.14 and total cost: $424.21
# avg waiting time: 826, avg exec time: 1129 and avg turnaround time: 1955

>>>>>>>>>>>>>>>>>>>>>>>>>>>>>>>>>>>>>>>>> minwjff <<<<<<<<<<<<<<<<<<<<<<<<<<<<<<<<<<<<<<<<<<
# ds-sim server 11-Mar, 2020 @ MQ
# Server-side simulator started with './ds-server -c ./configs/journal/config100-med-low.xml -f pl05 -v stats'
# Waiting for connection to port 50000 of IP address 127.0.0.1
# Welcome  jak0723!
# The system information can be read from 'system.xml'
# ---------------------------------------------------------------------------
# 11 tiny servers used with a utilisation of 29.32 at the cost of $2.68
# 12 small servers used with a utilisation of 35.72 at the cost of $8.13
# 5 medium servers used with a utilisation of 48.05 at the cost of $19.68
# 5 large servers used with a utilisation of 51.52 at the cost of $60.88
# 18 xlarge servers used with a utilisation of 34.59 at the cost of $238.26
# =============================== [ Overall ] ===============================
# actual simulation end time: 87373, #jobs: 716
# total #servers used: 51, avg utilisation: 36.70 and total cost: $329.62
# avg waiting time: 160, avg exec time: 1129 and avg turnaround time: 1289

>>>>>>>>>>>>>>>>>>>>>>>>>>>>>>>>>>>>>>>>> minwjbf <<<<<<<<<<<<<<<<<<<<<<<<<<<<<<<<<<<<<<<<<<
# ds-sim server 11-Mar, 2020 @ MQ
# Server-side simulator started with './ds-server -c ./configs/journal/config100-med-low.xml -f pl05 -v stats'
# Waiting for connection to port 50000 of IP address 127.0.0.1
# Welcome  jak0723!
# The system information can be read from 'system.xml'
# ---------------------------------------------------------------------------
# 11 tiny servers used with a utilisation of 29.32 at the cost of $2.68
# 12 small servers used with a utilisation of 35.72 at the cost of $8.13
# 5 medium servers used with a utilisation of 48.05 at the cost of $19.68
# 6 large servers used with a utilisation of 54.42 at the cost of $53.01
# 18 xlarge servers used with a utilisation of 38.58 at the cost of $230.89
# =============================== [ Overall ] ===============================
# actual simulation end time: 89999, #jobs: 716
# total #servers used: 52, avg utilisation: 38.70 and total cost: $314.38
# avg waiting time: 192, avg exec time: 1129 and avg turnaround time: 1321

>>>>>>>>>>>>>>>>>>>>>>>>>>>>>>>>>>>>>>>>> csa <<<<<<<<<<<<<<<<<<<<<<<<<<<<<<<<<<<<<<<<<<
# ds-sim server 11-Mar, 2020 @ MQ
# Server-side simulator started with './ds-server -c ./configs/journal/config100-med-low.xml -f pl05 -v stats'
# Waiting for connection to port 50000 of IP address 127.0.0.1
# Welcome  jak0723!
# The system information can be read from 'system.xml'
# ---------------------------------------------------------------------------
# 17 tiny servers used with a utilisation of 25.06 at the cost of $5.58
# 13 small servers used with a utilisation of 18.23 at the cost of $10.43
# 9 medium servers used with a utilisation of 37.64 at the cost of $23.83
# 13 large servers used with a utilisation of 27.74 at the cost of $85.31
# 18 xlarge servers used with a utilisation of 32.52 at the cost of $278.67
# =============================== [ Overall ] ===============================
# actual simulation end time: 87373, #jobs: 716
# total #servers used: 70, avg utilisation: 27.82 and total cost: $403.83
# avg waiting time: 311, avg exec time: 1129 and avg turnaround time: 1440
