
>>>>>>>>>>>>>>>>>>>>>>>>>>>>>>>>>>>>>>>>> ff <<<<<<<<<<<<<<<<<<<<<<<<<<<<<<<<<<<<<<<<<<
# ds-sim server 11-Mar, 2020 @ MQ
# Server-side simulator started with './ds-server -c ./configs/journal/config100-med-med.xml -v stats'
# Waiting for connection to port 50000 of IP address 127.0.0.1
# Welcome  jak0723!
# The system information can be read from 'system.xml'
# ---------------------------------------------------------------------------
# 15 tiny servers used with a utilisation of 40.26 at the cost of $32.67
# 10 small servers used with a utilisation of 33.71 at the cost of $29.98
# 10 medium servers used with a utilisation of 35.62 at the cost of $80.26
# 10 large servers used with a utilisation of 47.78 at the cost of $161.98
# 17 xlarge servers used with a utilisation of 50.68 at the cost of $511.80
# =============================== [ Overall ] ===============================
# actual simulation end time: 89627, #jobs: 1532
# total #servers used: 62, avg utilisation: 42.52 and total cost: $816.69
# avg waiting time: 2, avg exec time: 1127 and avg turnaround time: 1129

>>>>>>>>>>>>>>>>>>>>>>>>>>>>>>>>>>>>>>>>> bf <<<<<<<<<<<<<<<<<<<<<<<<<<<<<<<<<<<<<<<<<<
# ds-sim server 11-Mar, 2020 @ MQ
# Server-side simulator started with './ds-server -c ./configs/journal/config100-med-med.xml -v stats'
# Waiting for connection to port 50000 of IP address 127.0.0.1
# Welcome  jak0723!
# The system information can be read from 'system.xml'
# ---------------------------------------------------------------------------
# 15 tiny servers used with a utilisation of 40.26 at the cost of $32.67
# 10 small servers used with a utilisation of 33.71 at the cost of $29.98
# 10 medium servers used with a utilisation of 47.69 at the cost of $61.74
# 7 large servers used with a utilisation of 35.17 at the cost of $111.94
# 17 xlarge servers used with a utilisation of 50.40 at the cost of $516.42
# =============================== [ Overall ] ===============================
# actual simulation end time: 89627, #jobs: 1532
# total #servers used: 59, avg utilisation: 42.73 and total cost: $752.76
# avg waiting time: 2, avg exec time: 1127 and avg turnaround time: 1129
