
>>>>>>>>>>>>>>>>>>>>>>>>>>>>>>>>>>>>>>>>> ff <<<<<<<<<<<<<<<<<<<<<<<<<<<<<<<<<<<<<<<<<<
# ds-sim server 11-Mar, 2020 @ MQ
# Server-side simulator started with './ds-server -c ./configs/journal/config100-med-med.xml -f teragrid -v stats'
# Waiting for connection to port 50000 of IP address 127.0.0.1
# Welcome  jak0723!
# The system information can be read from 'system.xml'
# ---------------------------------------------------------------------------
# 15 tiny servers used with a utilisation of 35.46 at the cost of $31.22
# 10 small servers used with a utilisation of 36.04 at the cost of $28.24
# 11 medium servers used with a utilisation of 28.74 at the cost of $80.38
# 10 large servers used with a utilisation of 48.20 at the cost of $156.54
# 17 xlarge servers used with a utilisation of 50.48 at the cost of $499.87
# =============================== [ Overall ] ===============================
# actual simulation end time: 89627, #jobs: 1532
# total #servers used: 63, avg utilisation: 40.46 and total cost: $796.25
# avg waiting time: 33, avg exec time: 1127 and avg turnaround time: 1160

>>>>>>>>>>>>>>>>>>>>>>>>>>>>>>>>>>>>>>>>> bf <<<<<<<<<<<<<<<<<<<<<<<<<<<<<<<<<<<<<<<<<<
# ds-sim server 11-Mar, 2020 @ MQ
# Server-side simulator started with './ds-server -c ./configs/journal/config100-med-med.xml -f teragrid -v stats'
# Waiting for connection to port 50000 of IP address 127.0.0.1
# Welcome  jak0723!
# The system information can be read from 'system.xml'
# ---------------------------------------------------------------------------
# 15 tiny servers used with a utilisation of 35.46 at the cost of $31.22
# 10 small servers used with a utilisation of 36.04 at the cost of $28.24
# 11 medium servers used with a utilisation of 52.48 at the cost of $54.04
# 9 large servers used with a utilisation of 48.66 at the cost of $113.97
# 17 xlarge servers used with a utilisation of 47.81 at the cost of $501.75
# =============================== [ Overall ] ===============================
# actual simulation end time: 89627, #jobs: 1532
# total #servers used: 62, avg utilisation: 43.87 and total cost: $729.22
# avg waiting time: 31, avg exec time: 1127 and avg turnaround time: 1158

>>>>>>>>>>>>>>>>>>>>>>>>>>>>>>>>>>>>>>>>> minwjff <<<<<<<<<<<<<<<<<<<<<<<<<<<<<<<<<<<<<<<<<<
# ds-sim server 11-Mar, 2020 @ MQ
# Server-side simulator started with './ds-server -c ./configs/journal/config100-med-med.xml -f teragrid -v stats'
# Waiting for connection to port 50000 of IP address 127.0.0.1
# Welcome  jak0723!
# The system information can be read from 'system.xml'
# ---------------------------------------------------------------------------
# 19 tiny servers used with a utilisation of 38.58 at the cost of $30.26
# 11 small servers used with a utilisation of 33.80 at the cost of $28.61
# 11 medium servers used with a utilisation of 34.96 at the cost of $80.41
# 11 large servers used with a utilisation of 48.12 at the cost of $156.54
# 20 xlarge servers used with a utilisation of 52.22 at the cost of $503.37
# =============================== [ Overall ] ===============================
# actual simulation end time: 89627, #jobs: 1532
# total #servers used: 72, avg utilisation: 42.54 and total cost: $799.20
# avg waiting time: 5, avg exec time: 1127 and avg turnaround time: 1132

>>>>>>>>>>>>>>>>>>>>>>>>>>>>>>>>>>>>>>>>> minwjbf <<<<<<<<<<<<<<<<<<<<<<<<<<<<<<<<<<<<<<<<<<
# ds-sim server 11-Mar, 2020 @ MQ
# Server-side simulator started with './ds-server -c ./configs/journal/config100-med-med.xml -f teragrid -v stats'
# Waiting for connection to port 50000 of IP address 127.0.0.1
# Welcome  jak0723!
# The system information can be read from 'system.xml'
# ---------------------------------------------------------------------------
# 19 tiny servers used with a utilisation of 38.58 at the cost of $30.26
# 11 small servers used with a utilisation of 33.80 at the cost of $28.61
# 11 medium servers used with a utilisation of 34.96 at the cost of $80.41
# 11 large servers used with a utilisation of 48.12 at the cost of $156.54
# 20 xlarge servers used with a utilisation of 52.22 at the cost of $503.37
# =============================== [ Overall ] ===============================
# actual simulation end time: 89627, #jobs: 1532
# total #servers used: 72, avg utilisation: 42.54 and total cost: $799.20
# avg waiting time: 5, avg exec time: 1127 and avg turnaround time: 1132

>>>>>>>>>>>>>>>>>>>>>>>>>>>>>>>>>>>>>>>>> csa <<<<<<<<<<<<<<<<<<<<<<<<<<<<<<<<<<<<<<<<<<
# ds-sim server 11-Mar, 2020 @ MQ
# Server-side simulator started with './ds-server -c ./configs/journal/config100-med-med.xml -f teragrid -v stats'
# Waiting for connection to port 50000 of IP address 127.0.0.1
# Welcome  jak0723!
# The system information can be read from 'system.xml'
# ---------------------------------------------------------------------------
# 15 tiny servers used with a utilisation of 38.36 at the cost of $29.41
# 10 small servers used with a utilisation of 26.04 at the cost of $29.14
# 11 medium servers used with a utilisation of 38.36 at the cost of $68.43
# 10 large servers used with a utilisation of 41.35 at the cost of $156.11
# 17 xlarge servers used with a utilisation of 48.18 at the cost of $504.57
# =============================== [ Overall ] ===============================
# actual simulation end time: 89627, #jobs: 1532
# total #servers used: 63, avg utilisation: 39.53 and total cost: $787.66
# avg waiting time: 7, avg exec time: 1127 and avg turnaround time: 1134
