
>>>>>>>>>>>>>>>>>>>>>>>>>>>>>>>>>>>>>>>>> ff <<<<<<<<<<<<<<<<<<<<<<<<<<<<<<<<<<<<<<<<<<
# ds-sim server 11-Mar, 2020 @ MQ
# Server-side simulator started with './ds-server -c ./configs/journal/config100-med-high.xml -f g5k06 -v stats'
# Waiting for connection to port 50000 of IP address 127.0.0.1
# Welcome  jak0723!
# The system information can be read from 'system.xml'
# ---------------------------------------------------------------------------
# 20 tiny servers used with a utilisation of 37.61 at the cost of $28.76
# 20 small servers used with a utilisation of 28.27 at the cost of $41.40
# 20 medium servers used with a utilisation of 32.77 at the cost of $101.93
# 19 large servers used with a utilisation of 35.75 at the cost of $252.39
# 20 xlarge servers used with a utilisation of 40.65 at the cost of $888.41
# =============================== [ Overall ] ===============================
# actual simulation end time: 401863, #jobs: 2437
# total #servers used: 99, avg utilisation: 35.00 and total cost: $1312.88
# avg waiting time: 14201, avg exec time: 1151 and avg turnaround time: 15352

>>>>>>>>>>>>>>>>>>>>>>>>>>>>>>>>>>>>>>>>> bf <<<<<<<<<<<<<<<<<<<<<<<<<<<<<<<<<<<<<<<<<<
# ds-sim server 11-Mar, 2020 @ MQ
# Server-side simulator started with './ds-server -c ./configs/journal/config100-med-high.xml -f g5k06 -v stats'
# Waiting for connection to port 50000 of IP address 127.0.0.1
# Welcome  jak0723!
# The system information can be read from 'system.xml'
# ---------------------------------------------------------------------------
# 20 tiny servers used with a utilisation of 38.71 at the cost of $29.02
# 20 small servers used with a utilisation of 25.53 at the cost of $40.95
# 20 medium servers used with a utilisation of 29.58 at the cost of $77.42
# 19 large servers used with a utilisation of 34.78 at the cost of $196.50
# 20 xlarge servers used with a utilisation of 43.57 at the cost of $879.06
# =============================== [ Overall ] ===============================
# actual simulation end time: 358971, #jobs: 2437
# total #servers used: 99, avg utilisation: 34.43 and total cost: $1222.96
# avg waiting time: 11554, avg exec time: 1151 and avg turnaround time: 12705

>>>>>>>>>>>>>>>>>>>>>>>>>>>>>>>>>>>>>>>>> minwjff <<<<<<<<<<<<<<<<<<<<<<<<<<<<<<<<<<<<<<<<<<
# ds-sim server 11-Mar, 2020 @ MQ
# Server-side simulator started with './ds-server -c ./configs/journal/config100-med-high.xml -f g5k06 -v stats'
# Waiting for connection to port 50000 of IP address 127.0.0.1
# Welcome  jak0723!
# The system information can be read from 'system.xml'
# ---------------------------------------------------------------------------
# 12 tiny servers used with a utilisation of 38.57 at the cost of $7.47
# 13 small servers used with a utilisation of 36.92 at the cost of $18.86
# 14 medium servers used with a utilisation of 41.20 at the cost of $67.10
# 19 large servers used with a utilisation of 36.16 at the cost of $246.89
# 20 xlarge servers used with a utilisation of 47.04 at the cost of $958.51
# =============================== [ Overall ] ===============================
# actual simulation end time: 144206, #jobs: 2437
# total #servers used: 78, avg utilisation: 40.35 and total cost: $1298.83
# avg waiting time: 5926, avg exec time: 1151 and avg turnaround time: 7077

>>>>>>>>>>>>>>>>>>>>>>>>>>>>>>>>>>>>>>>>> minwjbf <<<<<<<<<<<<<<<<<<<<<<<<<<<<<<<<<<<<<<<<<<
# ds-sim server 11-Mar, 2020 @ MQ
# Server-side simulator started with './ds-server -c ./configs/journal/config100-med-high.xml -f g5k06 -v stats'
# Waiting for connection to port 50000 of IP address 127.0.0.1
# Welcome  jak0723!
# The system information can be read from 'system.xml'
# ---------------------------------------------------------------------------
# 17 tiny servers used with a utilisation of 24.27 at the cost of $6.68
# 15 small servers used with a utilisation of 33.87 at the cost of $12.27
# 20 medium servers used with a utilisation of 40.59 at the cost of $64.09
# 19 large servers used with a utilisation of 42.22 at the cost of $280.31
# 20 xlarge servers used with a utilisation of 45.87 at the cost of $943.28
# =============================== [ Overall ] ===============================
# actual simulation end time: 140622, #jobs: 2437
# total #servers used: 91, avg utilisation: 37.93 and total cost: $1306.63
# avg waiting time: 5320, avg exec time: 1151 and avg turnaround time: 6471

>>>>>>>>>>>>>>>>>>>>>>>>>>>>>>>>>>>>>>>>> csa <<<<<<<<<<<<<<<<<<<<<<<<<<<<<<<<<<<<<<<<<<
# ds-sim server 11-Mar, 2020 @ MQ
# Server-side simulator started with './ds-server -c ./configs/journal/config100-med-high.xml -f g5k06 -v stats'
# Waiting for connection to port 50000 of IP address 127.0.0.1
# Welcome  jak0723!
# The system information can be read from 'system.xml'
# ---------------------------------------------------------------------------
# 18 tiny servers used with a utilisation of 27.58 at the cost of $15.69
# 19 small servers used with a utilisation of 20.14 at the cost of $29.65
# 20 medium servers used with a utilisation of 32.32 at the cost of $95.24
# 19 large servers used with a utilisation of 36.37 at the cost of $262.83
# 20 xlarge servers used with a utilisation of 48.82 at the cost of $991.89
# =============================== [ Overall ] ===============================
# actual simulation end time: 149536, #jobs: 2437
# total #servers used: 96, avg utilisation: 33.26 and total cost: $1395.30
# avg waiting time: 7013, avg exec time: 1151 and avg turnaround time: 8164
