
>>>>>>>>>>>>>>>>>>>>>>>>>>>>>>>>>>>>>>>>> ff <<<<<<<<<<<<<<<<<<<<<<<<<<<<<<<<<<<<<<<<<<
# ds-sim server 11-Mar, 2020 @ MQ
# Server-side simulator started with './ds-server -c ./configs/journal/config100-med-med.xml -f ldns04 -v stats'
# Waiting for connection to port 50000 of IP address 127.0.0.1
# Welcome  jak0723!
# The system information can be read from 'system.xml'
# ---------------------------------------------------------------------------
# 15 tiny servers used with a utilisation of 36.92 at the cost of $29.31
# 10 small servers used with a utilisation of 24.08 at the cost of $29.47
# 10 medium servers used with a utilisation of 40.03 at the cost of $67.75
# 12 large servers used with a utilisation of 46.15 at the cost of $155.17
# 17 xlarge servers used with a utilisation of 47.56 at the cost of $488.07
# =============================== [ Overall ] ===============================
# actual simulation end time: 96113, #jobs: 1532
# total #servers used: 64, avg utilisation: 39.96 and total cost: $769.78
# avg waiting time: 91, avg exec time: 1127 and avg turnaround time: 1218

>>>>>>>>>>>>>>>>>>>>>>>>>>>>>>>>>>>>>>>>> bf <<<<<<<<<<<<<<<<<<<<<<<<<<<<<<<<<<<<<<<<<<
# ds-sim server 11-Mar, 2020 @ MQ
# Server-side simulator started with './ds-server -c ./configs/journal/config100-med-med.xml -f ldns04 -v stats'
# Waiting for connection to port 50000 of IP address 127.0.0.1
# Welcome  jak0723!
# The system information can be read from 'system.xml'
# ---------------------------------------------------------------------------
# 15 tiny servers used with a utilisation of 36.92 at the cost of $29.31
# 10 small servers used with a utilisation of 24.08 at the cost of $29.47
# 10 medium servers used with a utilisation of 34.03 at the cost of $53.53
# 8 large servers used with a utilisation of 42.97 at the cost of $106.43
# 17 xlarge servers used with a utilisation of 46.66 at the cost of $497.66
# =============================== [ Overall ] ===============================
# actual simulation end time: 96113, #jobs: 1532
# total #servers used: 60, avg utilisation: 37.86 and total cost: $716.41
# avg waiting time: 86, avg exec time: 1127 and avg turnaround time: 1213

>>>>>>>>>>>>>>>>>>>>>>>>>>>>>>>>>>>>>>>>> minwjff <<<<<<<<<<<<<<<<<<<<<<<<<<<<<<<<<<<<<<<<<<
# ds-sim server 11-Mar, 2020 @ MQ
# Server-side simulator started with './ds-server -c ./configs/journal/config100-med-med.xml -f ldns04 -v stats'
# Waiting for connection to port 50000 of IP address 127.0.0.1
# Welcome  jak0723!
# The system information can be read from 'system.xml'
# ---------------------------------------------------------------------------
# 19 tiny servers used with a utilisation of 39.03 at the cost of $27.60
# 11 small servers used with a utilisation of 32.94 at the cost of $31.40
# 14 medium servers used with a utilisation of 41.34 at the cost of $65.41
# 13 large servers used with a utilisation of 43.90 at the cost of $159.27
# 18 xlarge servers used with a utilisation of 46.98 at the cost of $482.09
# =============================== [ Overall ] ===============================
# actual simulation end time: 89627, #jobs: 1532
# total #servers used: 75, avg utilisation: 41.32 and total cost: $765.76
# avg waiting time: 18, avg exec time: 1127 and avg turnaround time: 1145

>>>>>>>>>>>>>>>>>>>>>>>>>>>>>>>>>>>>>>>>> minwjbf <<<<<<<<<<<<<<<<<<<<<<<<<<<<<<<<<<<<<<<<<<
# ds-sim server 11-Mar, 2020 @ MQ
# Server-side simulator started with './ds-server -c ./configs/journal/config100-med-med.xml -f ldns04 -v stats'
# Waiting for connection to port 50000 of IP address 127.0.0.1
# Welcome  jak0723!
# The system information can be read from 'system.xml'
# ---------------------------------------------------------------------------
# 19 tiny servers used with a utilisation of 39.03 at the cost of $27.60
# 11 small servers used with a utilisation of 32.94 at the cost of $31.40
# 14 medium servers used with a utilisation of 41.34 at the cost of $65.41
# 13 large servers used with a utilisation of 43.90 at the cost of $159.27
# 18 xlarge servers used with a utilisation of 49.68 at the cost of $477.81
# =============================== [ Overall ] ===============================
# actual simulation end time: 89627, #jobs: 1532
# total #servers used: 75, avg utilisation: 41.97 and total cost: $761.48
# avg waiting time: 15, avg exec time: 1127 and avg turnaround time: 1142

>>>>>>>>>>>>>>>>>>>>>>>>>>>>>>>>>>>>>>>>> csa <<<<<<<<<<<<<<<<<<<<<<<<<<<<<<<<<<<<<<<<<<
# ds-sim server 11-Mar, 2020 @ MQ
# Server-side simulator started with './ds-server -c ./configs/journal/config100-med-med.xml -f ldns04 -v stats'
# Waiting for connection to port 50000 of IP address 127.0.0.1
# Welcome  jak0723!
# The system information can be read from 'system.xml'
# ---------------------------------------------------------------------------
# 15 tiny servers used with a utilisation of 41.10 at the cost of $27.06
# 10 small servers used with a utilisation of 24.66 at the cost of $31.50
# 10 medium servers used with a utilisation of 35.49 at the cost of $61.01
# 12 large servers used with a utilisation of 42.30 at the cost of $143.22
# 17 xlarge servers used with a utilisation of 47.47 at the cost of $499.86
# =============================== [ Overall ] ===============================
# actual simulation end time: 89627, #jobs: 1532
# total #servers used: 64, avg utilisation: 39.57 and total cost: $762.65
# avg waiting time: 41, avg exec time: 1127 and avg turnaround time: 1168
