
>>>>>>>>>>>>>>>>>>>>>>>>>>>>>>>>>>>>>>>>> ff <<<<<<<<<<<<<<<<<<<<<<<<<<<<<<<<<<<<<<<<<<
# ds-sim server 11-Mar, 2020 @ MQ
# Server-side simulator started with './ds-server -c ./configs/journal/config100-long-low.xml -f ldns04 -v stats'
# Waiting for connection to port 50000 of IP address 127.0.0.1
# Welcome  jak0723!
# The system information can be read from 'system.xml'
# ---------------------------------------------------------------------------
# 19 tiny servers used with a utilisation of 43.67 at the cost of $19.34
# 4 small servers used with a utilisation of 23.43 at the cost of $11.99
# 5 medium servers used with a utilisation of 48.00 at the cost of $32.65
# 8 large servers used with a utilisation of 54.92 at the cost of $92.24
# 17 xlarge servers used with a utilisation of 55.93 at the cost of $353.63
# =============================== [ Overall ] ===============================
# actual simulation end time: 96467, #jobs: 443
# total #servers used: 53, avg utilisation: 48.18 and total cost: $509.84
# avg waiting time: 445, avg exec time: 2391 and avg turnaround time: 2836

>>>>>>>>>>>>>>>>>>>>>>>>>>>>>>>>>>>>>>>>> bf <<<<<<<<<<<<<<<<<<<<<<<<<<<<<<<<<<<<<<<<<<
# ds-sim server 11-Mar, 2020 @ MQ
# Server-side simulator started with './ds-server -c ./configs/journal/config100-long-low.xml -f ldns04 -v stats'
# Waiting for connection to port 50000 of IP address 127.0.0.1
# Welcome  jak0723!
# The system information can be read from 'system.xml'
# ---------------------------------------------------------------------------
# 19 tiny servers used with a utilisation of 43.67 at the cost of $19.34
# 4 small servers used with a utilisation of 23.43 at the cost of $11.99
# 4 medium servers used with a utilisation of 26.67 at the cost of $32.19
# 6 large servers used with a utilisation of 34.37 at the cost of $78.85
# 17 xlarge servers used with a utilisation of 53.88 at the cost of $367.46
# =============================== [ Overall ] ===============================
# actual simulation end time: 96467, #jobs: 443
# total #servers used: 50, avg utilisation: 43.05 and total cost: $509.82
# avg waiting time: 402, avg exec time: 2391 and avg turnaround time: 2793

>>>>>>>>>>>>>>>>>>>>>>>>>>>>>>>>>>>>>>>>> minwjff <<<<<<<<<<<<<<<<<<<<<<<<<<<<<<<<<<<<<<<<<<
# ds-sim server 11-Mar, 2020 @ MQ
# Server-side simulator started with './ds-server -c ./configs/journal/config100-long-low.xml -f ldns04 -v stats'
# Waiting for connection to port 50000 of IP address 127.0.0.1
# Welcome  jak0723!
# The system information can be read from 'system.xml'
# ---------------------------------------------------------------------------
# 19 tiny servers used with a utilisation of 32.60 at the cost of $19.77
# 5 small servers used with a utilisation of 18.86 at the cost of $13.56
# 6 medium servers used with a utilisation of 43.90 at the cost of $37.37
# 10 large servers used with a utilisation of 47.42 at the cost of $99.44
# 17 xlarge servers used with a utilisation of 44.21 at the cost of $317.12
# =============================== [ Overall ] ===============================
# actual simulation end time: 92222, #jobs: 443
# total #servers used: 57, avg utilisation: 38.65 and total cost: $487.26
# avg waiting time: 39, avg exec time: 2391 and avg turnaround time: 2430

>>>>>>>>>>>>>>>>>>>>>>>>>>>>>>>>>>>>>>>>> minwjbf <<<<<<<<<<<<<<<<<<<<<<<<<<<<<<<<<<<<<<<<<<
# ds-sim server 11-Mar, 2020 @ MQ
# Server-side simulator started with './ds-server -c ./configs/journal/config100-long-low.xml -f ldns04 -v stats'
# Waiting for connection to port 50000 of IP address 127.0.0.1
# Welcome  jak0723!
# The system information can be read from 'system.xml'
# ---------------------------------------------------------------------------
# 19 tiny servers used with a utilisation of 32.60 at the cost of $19.77
# 5 small servers used with a utilisation of 18.86 at the cost of $13.56
# 6 medium servers used with a utilisation of 43.90 at the cost of $37.37
# 10 large servers used with a utilisation of 47.42 at the cost of $99.44
# 16 xlarge servers used with a utilisation of 41.25 at the cost of $308.20
# =============================== [ Overall ] ===============================
# actual simulation end time: 92222, #jobs: 443
# total #servers used: 56, avg utilisation: 37.70 and total cost: $478.33
# avg waiting time: 54, avg exec time: 2391 and avg turnaround time: 2445

>>>>>>>>>>>>>>>>>>>>>>>>>>>>>>>>>>>>>>>>> csa <<<<<<<<<<<<<<<<<<<<<<<<<<<<<<<<<<<<<<<<<<
# ds-sim server 11-Mar, 2020 @ MQ
# Server-side simulator started with './ds-server -c ./configs/journal/config100-long-low.xml -f ldns04 -v stats'
# Waiting for connection to port 50000 of IP address 127.0.0.1
# Welcome  jak0723!
# The system information can be read from 'system.xml'
# ---------------------------------------------------------------------------
# 19 tiny servers used with a utilisation of 41.29 at the cost of $19.97
# 5 small servers used with a utilisation of 25.19 at the cost of $9.70
# 5 medium servers used with a utilisation of 53.97 at the cost of $29.82
# 8 large servers used with a utilisation of 49.68 at the cost of $100.17
# 15 xlarge servers used with a utilisation of 51.14 at the cost of $279.28
# =============================== [ Overall ] ===============================
# actual simulation end time: 92222, #jobs: 443
# total #servers used: 52, avg utilisation: 45.10 and total cost: $438.94
# avg waiting time: 115, avg exec time: 2391 and avg turnaround time: 2506
