
>>>>>>>>>>>>>>>>>>>>>>>>>>>>>>>>>>>>>>>>> ff <<<<<<<<<<<<<<<<<<<<<<<<<<<<<<<<<<<<<<<<<<
# ds-sim server 11-Mar, 2020 @ MQ
# Server-side simulator started with './ds-server -c ./configs/journal/config20-med-low.xml -f ldns04 -v stats'
# Waiting for connection to port 50000 of IP address 127.0.0.1
# Welcome  jak0723!
# The system information can be read from 'system.xml'
# ---------------------------------------------------------------------------
# 4 tiny servers used with a utilisation of 33.00 at the cost of $7.39
# 4 small servers used with a utilisation of 18.69 at the cost of $12.04
# 4 medium servers used with a utilisation of 15.41 at the cost of $19.60
# 4 large servers used with a utilisation of 32.48 at the cost of $41.83
# 4 xlarge servers used with a utilisation of 58.82 at the cost of $76.94
# =============================== [ Overall ] ===============================
# actual simulation end time: 88660, #jobs: 270
# total #servers used: 20, avg utilisation: 31.68 and total cost: $157.81
# avg waiting time: 281, avg exec time: 1149 and avg turnaround time: 1430

>>>>>>>>>>>>>>>>>>>>>>>>>>>>>>>>>>>>>>>>> bf <<<<<<<<<<<<<<<<<<<<<<<<<<<<<<<<<<<<<<<<<<
# ds-sim server 11-Mar, 2020 @ MQ
# Server-side simulator started with './ds-server -c ./configs/journal/config20-med-low.xml -f ldns04 -v stats'
# Waiting for connection to port 50000 of IP address 127.0.0.1
# Welcome  jak0723!
# The system information can be read from 'system.xml'
# ---------------------------------------------------------------------------
# 4 tiny servers used with a utilisation of 32.97 at the cost of $7.39
# 4 small servers used with a utilisation of 17.47 at the cost of $11.89
# 4 medium servers used with a utilisation of 28.64 at the cost of $17.94
# 4 large servers used with a utilisation of 30.46 at the cost of $40.45
# 4 xlarge servers used with a utilisation of 62.42 at the cost of $79.97
# =============================== [ Overall ] ===============================
# actual simulation end time: 88660, #jobs: 270
# total #servers used: 20, avg utilisation: 34.39 and total cost: $157.64
# avg waiting time: 274, avg exec time: 1149 and avg turnaround time: 1423

>>>>>>>>>>>>>>>>>>>>>>>>>>>>>>>>>>>>>>>>> minwjff <<<<<<<<<<<<<<<<<<<<<<<<<<<<<<<<<<<<<<<<<<
# ds-sim server 11-Mar, 2020 @ MQ
# Server-side simulator started with './ds-server -c ./configs/journal/config20-med-low.xml -f ldns04 -v stats'
# Waiting for connection to port 50000 of IP address 127.0.0.1
# Welcome  jak0723!
# The system information can be read from 'system.xml'
# ---------------------------------------------------------------------------
# 3 tiny servers used with a utilisation of 37.25 at the cost of $6.68
# 4 small servers used with a utilisation of 16.73 at the cost of $5.90
# 3 medium servers used with a utilisation of 32.45 at the cost of $9.30
# 4 large servers used with a utilisation of 36.32 at the cost of $25.65
# 4 xlarge servers used with a utilisation of 54.10 at the cost of $90.94
# =============================== [ Overall ] ===============================
# actual simulation end time: 88218, #jobs: 270
# total #servers used: 18, avg utilisation: 35.43 and total cost: $138.47
# avg waiting time: 31, avg exec time: 1149 and avg turnaround time: 1180

>>>>>>>>>>>>>>>>>>>>>>>>>>>>>>>>>>>>>>>>> minwjbf <<<<<<<<<<<<<<<<<<<<<<<<<<<<<<<<<<<<<<<<<<
# ds-sim server 11-Mar, 2020 @ MQ
# Server-side simulator started with './ds-server -c ./configs/journal/config20-med-low.xml -f ldns04 -v stats'
# Waiting for connection to port 50000 of IP address 127.0.0.1
# Welcome  jak0723!
# The system information can be read from 'system.xml'
# ---------------------------------------------------------------------------
# 3 tiny servers used with a utilisation of 37.25 at the cost of $6.68
# 4 small servers used with a utilisation of 16.73 at the cost of $5.90
# 3 medium servers used with a utilisation of 32.45 at the cost of $9.30
# 4 large servers used with a utilisation of 36.32 at the cost of $25.65
# 4 xlarge servers used with a utilisation of 54.10 at the cost of $90.94
# =============================== [ Overall ] ===============================
# actual simulation end time: 88218, #jobs: 270
# total #servers used: 18, avg utilisation: 35.43 and total cost: $138.47
# avg waiting time: 31, avg exec time: 1149 and avg turnaround time: 1180

>>>>>>>>>>>>>>>>>>>>>>>>>>>>>>>>>>>>>>>>> csa <<<<<<<<<<<<<<<<<<<<<<<<<<<<<<<<<<<<<<<<<<
# ds-sim server 11-Mar, 2020 @ MQ
# Server-side simulator started with './ds-server -c ./configs/journal/config20-med-low.xml -f ldns04 -v stats'
# Waiting for connection to port 50000 of IP address 127.0.0.1
# Welcome  jak0723!
# The system information can be read from 'system.xml'
# ---------------------------------------------------------------------------
# 4 tiny servers used with a utilisation of 29.66 at the cost of $6.71
# 4 small servers used with a utilisation of 23.35 at the cost of $6.01
# 4 medium servers used with a utilisation of 42.22 at the cost of $9.49
# 4 large servers used with a utilisation of 35.49 at the cost of $25.65
# 4 xlarge servers used with a utilisation of 53.15 at the cost of $90.50
# =============================== [ Overall ] ===============================
# actual simulation end time: 88218, #jobs: 270
# total #servers used: 20, avg utilisation: 36.77 and total cost: $138.35
# avg waiting time: 31, avg exec time: 1149 and avg turnaround time: 1180
