
>>>>>>>>>>>>>>>>>>>>>>>>>>>>>>>>>>>>>>>>> ff <<<<<<<<<<<<<<<<<<<<<<<<<<<<<<<<<<<<<<<<<<
# ds-sim server 11-Mar, 2020 @ MQ
# Server-side simulator started with './ds-server -c ./configs/journal/config20-med-med.xml -f websites02 -v stats'
# Waiting for connection to port 50000 of IP address 127.0.0.1
# Welcome  jak0723!
# The system information can be read from 'system.xml'
# ---------------------------------------------------------------------------
# 4 tiny servers used with a utilisation of 31.99 at the cost of $4.91
# 4 small servers used with a utilisation of 29.43 at the cost of $10.00
# 4 medium servers used with a utilisation of 31.94 at the cost of $14.33
# 4 large servers used with a utilisation of 43.15 at the cost of $47.98
# 4 xlarge servers used with a utilisation of 47.99 at the cost of $105.61
# =============================== [ Overall ] ===============================
# actual simulation end time: 94484, #jobs: 405
# total #servers used: 20, avg utilisation: 36.90 and total cost: $182.83
# avg waiting time: 1149, avg exec time: 1140 and avg turnaround time: 2289

>>>>>>>>>>>>>>>>>>>>>>>>>>>>>>>>>>>>>>>>> bf <<<<<<<<<<<<<<<<<<<<<<<<<<<<<<<<<<<<<<<<<<
# ds-sim server 11-Mar, 2020 @ MQ
# Server-side simulator started with './ds-server -c ./configs/journal/config20-med-med.xml -f websites02 -v stats'
# Waiting for connection to port 50000 of IP address 127.0.0.1
# Welcome  jak0723!
# The system information can be read from 'system.xml'
# ---------------------------------------------------------------------------
# 4 tiny servers used with a utilisation of 29.26 at the cost of $5.71
# 4 small servers used with a utilisation of 26.33 at the cost of $9.30
# 4 medium servers used with a utilisation of 26.91 at the cost of $13.07
# 4 large servers used with a utilisation of 43.05 at the cost of $34.74
# 4 xlarge servers used with a utilisation of 50.75 at the cost of $103.01
# =============================== [ Overall ] ===============================
# actual simulation end time: 93532, #jobs: 405
# total #servers used: 20, avg utilisation: 35.26 and total cost: $165.84
# avg waiting time: 1370, avg exec time: 1140 and avg turnaround time: 2510

>>>>>>>>>>>>>>>>>>>>>>>>>>>>>>>>>>>>>>>>> minwjff <<<<<<<<<<<<<<<<<<<<<<<<<<<<<<<<<<<<<<<<<<
# ds-sim server 11-Mar, 2020 @ MQ
# Server-side simulator started with './ds-server -c ./configs/journal/config20-med-med.xml -f websites02 -v stats'
# Waiting for connection to port 50000 of IP address 127.0.0.1
# Welcome  jak0723!
# The system information can be read from 'system.xml'
# ---------------------------------------------------------------------------
# 1 tiny servers used with a utilisation of 0.00 at the cost of $0.00
# 3 small servers used with a utilisation of 22.50 at the cost of $5.28
# 4 medium servers used with a utilisation of 32.93 at the cost of $15.79
# 4 large servers used with a utilisation of 41.58 at the cost of $36.07
# 4 xlarge servers used with a utilisation of 54.12 at the cost of $108.51
# =============================== [ Overall ] ===============================
# actual simulation end time: 91505, #jobs: 405
# total #servers used: 16, avg utilisation: 36.38 and total cost: $165.65
# avg waiting time: 874, avg exec time: 1140 and avg turnaround time: 2014

>>>>>>>>>>>>>>>>>>>>>>>>>>>>>>>>>>>>>>>>> minwjbf <<<<<<<<<<<<<<<<<<<<<<<<<<<<<<<<<<<<<<<<<<
# ds-sim server 11-Mar, 2020 @ MQ
# Server-side simulator started with './ds-server -c ./configs/journal/config20-med-med.xml -f websites02 -v stats'
# Waiting for connection to port 50000 of IP address 127.0.0.1
# Welcome  jak0723!
# The system information can be read from 'system.xml'
# ---------------------------------------------------------------------------
# 4 tiny servers used with a utilisation of 10.93 at the cost of $0.49
# 4 small servers used with a utilisation of 19.01 at the cost of $3.53
# 4 medium servers used with a utilisation of 40.58 at the cost of $8.56
# 4 large servers used with a utilisation of 45.06 at the cost of $38.31
# 4 xlarge servers used with a utilisation of 50.62 at the cost of $101.53
# =============================== [ Overall ] ===============================
# actual simulation end time: 90947, #jobs: 405
# total #servers used: 20, avg utilisation: 33.24 and total cost: $152.42
# avg waiting time: 874, avg exec time: 1140 and avg turnaround time: 2014

>>>>>>>>>>>>>>>>>>>>>>>>>>>>>>>>>>>>>>>>> csa <<<<<<<<<<<<<<<<<<<<<<<<<<<<<<<<<<<<<<<<<<
# ds-sim server 11-Mar, 2020 @ MQ
# Server-side simulator started with './ds-server -c ./configs/journal/config20-med-med.xml -f websites02 -v stats'
# Waiting for connection to port 50000 of IP address 127.0.0.1
# Welcome  jak0723!
# The system information can be read from 'system.xml'
# ---------------------------------------------------------------------------
# 4 tiny servers used with a utilisation of 12.53 at the cost of $1.01
# 4 small servers used with a utilisation of 13.14 at the cost of $7.31
# 4 medium servers used with a utilisation of 27.91 at the cost of $17.08
# 4 large servers used with a utilisation of 38.78 at the cost of $55.89
# 4 xlarge servers used with a utilisation of 50.66 at the cost of $113.65
# =============================== [ Overall ] ===============================
# actual simulation end time: 91713, #jobs: 405
# total #servers used: 20, avg utilisation: 28.61 and total cost: $194.94
# avg waiting time: 1241, avg exec time: 1140 and avg turnaround time: 2381
