
>>>>>>>>>>>>>>>>>>>>>>>>>>>>>>>>>>>>>>>>> ff <<<<<<<<<<<<<<<<<<<<<<<<<<<<<<<<<<<<<<<<<<
# ds-sim server 11-Mar, 2020 @ MQ
# Server-side simulator started with './ds-server -c ./configs/journal/config20-long-low.xml -f ldns04 -v stats'
# Waiting for connection to port 50000 of IP address 127.0.0.1
# Welcome  jak0723!
# The system information can be read from 'system.xml'
# ---------------------------------------------------------------------------
# 4 tiny servers used with a utilisation of 51.36 at the cost of $7.51
# 4 small servers used with a utilisation of 20.45 at the cost of $17.63
# 4 medium servers used with a utilisation of 29.26 at the cost of $19.45
# 4 large servers used with a utilisation of 41.61 at the cost of $44.11
# 4 xlarge servers used with a utilisation of 55.43 at the cost of $130.67
# =============================== [ Overall ] ===============================
# actual simulation end time: 98079, #jobs: 252
# total #servers used: 20, avg utilisation: 39.62 and total cost: $219.39
# avg waiting time: 3709, avg exec time: 2292 and avg turnaround time: 6001

>>>>>>>>>>>>>>>>>>>>>>>>>>>>>>>>>>>>>>>>> bf <<<<<<<<<<<<<<<<<<<<<<<<<<<<<<<<<<<<<<<<<<
# ds-sim server 11-Mar, 2020 @ MQ
# Server-side simulator started with './ds-server -c ./configs/journal/config20-long-low.xml -f ldns04 -v stats'
# Waiting for connection to port 50000 of IP address 127.0.0.1
# Welcome  jak0723!
# The system information can be read from 'system.xml'
# ---------------------------------------------------------------------------
# 4 tiny servers used with a utilisation of 51.36 at the cost of $7.51
# 4 small servers used with a utilisation of 28.98 at the cost of $13.00
# 4 medium servers used with a utilisation of 24.69 at the cost of $19.45
# 4 large servers used with a utilisation of 39.55 at the cost of $39.40
# 4 xlarge servers used with a utilisation of 57.11 at the cost of $124.21
# =============================== [ Overall ] ===============================
# actual simulation end time: 93373, #jobs: 252
# total #servers used: 20, avg utilisation: 40.34 and total cost: $203.58
# avg waiting time: 3375, avg exec time: 2292 and avg turnaround time: 5667

>>>>>>>>>>>>>>>>>>>>>>>>>>>>>>>>>>>>>>>>> minwjff <<<<<<<<<<<<<<<<<<<<<<<<<<<<<<<<<<<<<<<<<<
# ds-sim server 11-Mar, 2020 @ MQ
# Server-side simulator started with './ds-server -c ./configs/journal/config20-long-low.xml -f ldns04 -v stats'
# Waiting for connection to port 50000 of IP address 127.0.0.1
# Welcome  jak0723!
# The system information can be read from 'system.xml'
# ---------------------------------------------------------------------------
# 4 tiny servers used with a utilisation of 60.84 at the cost of $5.46
# 4 small servers used with a utilisation of 35.13 at the cost of $13.05
# 4 medium servers used with a utilisation of 46.83 at the cost of $14.78
# 4 large servers used with a utilisation of 38.92 at the cost of $40.76
# 4 xlarge servers used with a utilisation of 66.41 at the cost of $110.58
# =============================== [ Overall ] ===============================
# actual simulation end time: 87018, #jobs: 252
# total #servers used: 20, avg utilisation: 49.63 and total cost: $184.63
# avg waiting time: 1948, avg exec time: 2292 and avg turnaround time: 4240

>>>>>>>>>>>>>>>>>>>>>>>>>>>>>>>>>>>>>>>>> minwjbf <<<<<<<<<<<<<<<<<<<<<<<<<<<<<<<<<<<<<<<<<<
# ds-sim server 11-Mar, 2020 @ MQ
# Server-side simulator started with './ds-server -c ./configs/journal/config20-long-low.xml -f ldns04 -v stats'
# Waiting for connection to port 50000 of IP address 127.0.0.1
# Welcome  jak0723!
# The system information can be read from 'system.xml'
# ---------------------------------------------------------------------------
# 4 tiny servers used with a utilisation of 48.84 at the cost of $5.77
# 4 small servers used with a utilisation of 35.13 at the cost of $13.05
# 4 medium servers used with a utilisation of 34.66 at the cost of $14.53
# 4 large servers used with a utilisation of 44.96 at the cost of $42.47
# 4 xlarge servers used with a utilisation of 65.51 at the cost of $114.27
# =============================== [ Overall ] ===============================
# actual simulation end time: 87018, #jobs: 252
# total #servers used: 20, avg utilisation: 45.82 and total cost: $190.09
# avg waiting time: 2274, avg exec time: 2292 and avg turnaround time: 4566

>>>>>>>>>>>>>>>>>>>>>>>>>>>>>>>>>>>>>>>>> csa <<<<<<<<<<<<<<<<<<<<<<<<<<<<<<<<<<<<<<<<<<
# ds-sim server 11-Mar, 2020 @ MQ
# Server-side simulator started with './ds-server -c ./configs/journal/config20-long-low.xml -f ldns04 -v stats'
# Waiting for connection to port 50000 of IP address 127.0.0.1
# Welcome  jak0723!
# The system information can be read from 'system.xml'
# ---------------------------------------------------------------------------
# 4 tiny servers used with a utilisation of 60.84 at the cost of $5.46
# 4 small servers used with a utilisation of 35.13 at the cost of $13.05
# 4 medium servers used with a utilisation of 45.47 at the cost of $14.46
# 4 large servers used with a utilisation of 41.47 at the cost of $40.76
# 4 xlarge servers used with a utilisation of 68.45 at the cost of $112.41
# =============================== [ Overall ] ===============================
# actual simulation end time: 87018, #jobs: 252
# total #servers used: 20, avg utilisation: 50.27 and total cost: $186.13
# avg waiting time: 1878, avg exec time: 2292 and avg turnaround time: 4170
