
>>>>>>>>>>>>>>>>>>>>>>>>>>>>>>>>>>>>>>>>> ff <<<<<<<<<<<<<<<<<<<<<<<<<<<<<<<<<<<<<<<<<<
# ds-sim server 11-Mar, 2020 @ MQ
# Server-side simulator started with './ds-server -c ./configs/journal/config20-med-low.xml -f websites02 -v stats'
# Waiting for connection to port 50000 of IP address 127.0.0.1
# Welcome  jak0723!
# The system information can be read from 'system.xml'
# ---------------------------------------------------------------------------
# 4 tiny servers used with a utilisation of 36.63 at the cost of $6.41
# 4 small servers used with a utilisation of 32.81 at the cost of $7.49
# 4 medium servers used with a utilisation of 24.16 at the cost of $14.44
# 4 large servers used with a utilisation of 28.49 at the cost of $33.60
# 4 xlarge servers used with a utilisation of 33.58 at the cost of $85.79
# =============================== [ Overall ] ===============================
# actual simulation end time: 103440, #jobs: 270
# total #servers used: 20, avg utilisation: 31.13 and total cost: $147.74
# avg waiting time: 2972, avg exec time: 1149 and avg turnaround time: 4121

>>>>>>>>>>>>>>>>>>>>>>>>>>>>>>>>>>>>>>>>> bf <<<<<<<<<<<<<<<<<<<<<<<<<<<<<<<<<<<<<<<<<<
# ds-sim server 11-Mar, 2020 @ MQ
# Server-side simulator started with './ds-server -c ./configs/journal/config20-med-low.xml -f websites02 -v stats'
# Waiting for connection to port 50000 of IP address 127.0.0.1
# Welcome  jak0723!
# The system information can be read from 'system.xml'
# ---------------------------------------------------------------------------
# 4 tiny servers used with a utilisation of 39.45 at the cost of $6.43
# 4 small servers used with a utilisation of 30.44 at the cost of $7.39
# 4 medium servers used with a utilisation of 24.11 at the cost of $14.42
# 4 large servers used with a utilisation of 28.11 at the cost of $33.57
# 4 xlarge servers used with a utilisation of 32.10 at the cost of $87.78
# =============================== [ Overall ] ===============================
# actual simulation end time: 103820, #jobs: 270
# total #servers used: 20, avg utilisation: 30.84 and total cost: $149.58
# avg waiting time: 2907, avg exec time: 1149 and avg turnaround time: 4056

>>>>>>>>>>>>>>>>>>>>>>>>>>>>>>>>>>>>>>>>> minwjff <<<<<<<<<<<<<<<<<<<<<<<<<<<<<<<<<<<<<<<<<<
# ds-sim server 11-Mar, 2020 @ MQ
# Server-side simulator started with './ds-server -c ./configs/journal/config20-med-low.xml -f websites02 -v stats'
# Waiting for connection to port 50000 of IP address 127.0.0.1
# Welcome  jak0723!
# The system information can be read from 'system.xml'
# ---------------------------------------------------------------------------
# 3 tiny servers used with a utilisation of 23.70 at the cost of $2.41
# 4 small servers used with a utilisation of 45.14 at the cost of $5.01
# 4 medium servers used with a utilisation of 38.69 at the cost of $14.57
# 4 large servers used with a utilisation of 27.27 at the cost of $21.42
# 4 xlarge servers used with a utilisation of 34.72 at the cost of $83.17
# =============================== [ Overall ] ===============================
# actual simulation end time: 92860, #jobs: 270
# total #servers used: 19, avg utilisation: 34.44 and total cost: $126.58
# avg waiting time: 2290, avg exec time: 1149 and avg turnaround time: 3439

>>>>>>>>>>>>>>>>>>>>>>>>>>>>>>>>>>>>>>>>> minwjbf <<<<<<<<<<<<<<<<<<<<<<<<<<<<<<<<<<<<<<<<<<
# ds-sim server 11-Mar, 2020 @ MQ
# Server-side simulator started with './ds-server -c ./configs/journal/config20-med-low.xml -f websites02 -v stats'
# Waiting for connection to port 50000 of IP address 127.0.0.1
# Welcome  jak0723!
# The system information can be read from 'system.xml'
# ---------------------------------------------------------------------------
# 4 tiny servers used with a utilisation of 34.81 at the cost of $1.37
# 4 small servers used with a utilisation of 58.16 at the cost of $2.93
# 4 medium servers used with a utilisation of 48.51 at the cost of $11.93
# 4 large servers used with a utilisation of 31.03 at the cost of $28.64
# 4 xlarge servers used with a utilisation of 37.07 at the cost of $81.68
# =============================== [ Overall ] ===============================
# actual simulation end time: 94264, #jobs: 270
# total #servers used: 20, avg utilisation: 41.91 and total cost: $126.54
# avg waiting time: 2465, avg exec time: 1149 and avg turnaround time: 3614

>>>>>>>>>>>>>>>>>>>>>>>>>>>>>>>>>>>>>>>>> csa <<<<<<<<<<<<<<<<<<<<<<<<<<<<<<<<<<<<<<<<<<
# ds-sim server 11-Mar, 2020 @ MQ
# Server-side simulator started with './ds-server -c ./configs/journal/config20-med-low.xml -f websites02 -v stats'
# Waiting for connection to port 50000 of IP address 127.0.0.1
# Welcome  jak0723!
# The system information can be read from 'system.xml'
# ---------------------------------------------------------------------------
# 4 tiny servers used with a utilisation of 19.08 at the cost of $1.82
# 4 small servers used with a utilisation of 23.02 at the cost of $6.63
# 4 medium servers used with a utilisation of 35.91 at the cost of $15.89
# 4 large servers used with a utilisation of 28.84 at the cost of $31.32
# 4 xlarge servers used with a utilisation of 30.34 at the cost of $99.91
# =============================== [ Overall ] ===============================
# actual simulation end time: 102834, #jobs: 270
# total #servers used: 20, avg utilisation: 27.44 and total cost: $155.57
# avg waiting time: 3215, avg exec time: 1149 and avg turnaround time: 4364
