
>>>>>>>>>>>>>>>>>>>>>>>>>>>>>>>>>>>>>>>>> ff <<<<<<<<<<<<<<<<<<<<<<<<<<<<<<<<<<<<<<<<<<
# ds-sim server 11-Mar, 2020 @ MQ
# Server-side simulator started with './ds-server -c ./configs/journal/config100-med-high.xml -f teragrid -v stats'
# Waiting for connection to port 50000 of IP address 127.0.0.1
# Welcome  jak0723!
# The system information can be read from 'system.xml'
# ---------------------------------------------------------------------------
# 17 tiny servers used with a utilisation of 37.41 at the cost of $34.68
# 10 small servers used with a utilisation of 35.37 at the cost of $38.72
# 12 medium servers used with a utilisation of 40.67 at the cost of $93.53
# 18 large servers used with a utilisation of 42.55 at the cost of $271.64
# 20 xlarge servers used with a utilisation of 61.23 at the cost of $700.74
# =============================== [ Overall ] ===============================
# actual simulation end time: 90873, #jobs: 2437
# total #servers used: 77, avg utilisation: 45.04 and total cost: $1139.31
# avg waiting time: 68, avg exec time: 1151 and avg turnaround time: 1219

>>>>>>>>>>>>>>>>>>>>>>>>>>>>>>>>>>>>>>>>> bf <<<<<<<<<<<<<<<<<<<<<<<<<<<<<<<<<<<<<<<<<<
# ds-sim server 11-Mar, 2020 @ MQ
# Server-side simulator started with './ds-server -c ./configs/journal/config100-med-high.xml -f teragrid -v stats'
# Waiting for connection to port 50000 of IP address 127.0.0.1
# Welcome  jak0723!
# The system information can be read from 'system.xml'
# ---------------------------------------------------------------------------
# 17 tiny servers used with a utilisation of 37.41 at the cost of $34.68
# 10 small servers used with a utilisation of 35.37 at the cost of $38.72
# 10 medium servers used with a utilisation of 46.87 at the cost of $61.19
# 13 large servers used with a utilisation of 43.26 at the cost of $199.79
# 20 xlarge servers used with a utilisation of 60.70 at the cost of $707.17
# =============================== [ Overall ] ===============================
# actual simulation end time: 90873, #jobs: 2437
# total #servers used: 70, avg utilisation: 46.21 and total cost: $1041.55
# avg waiting time: 79, avg exec time: 1151 and avg turnaround time: 1230

>>>>>>>>>>>>>>>>>>>>>>>>>>>>>>>>>>>>>>>>> minwjff <<<<<<<<<<<<<<<<<<<<<<<<<<<<<<<<<<<<<<<<<<
# ds-sim server 11-Mar, 2020 @ MQ
# Server-side simulator started with './ds-server -c ./configs/journal/config100-med-high.xml -f teragrid -v stats'
# Waiting for connection to port 50000 of IP address 127.0.0.1
# Welcome  jak0723!
# The system information can be read from 'system.xml'
# ---------------------------------------------------------------------------
# 18 tiny servers used with a utilisation of 38.54 at the cost of $36.06
# 12 small servers used with a utilisation of 50.68 at the cost of $35.78
# 13 medium servers used with a utilisation of 42.15 at the cost of $84.77
# 18 large servers used with a utilisation of 45.35 at the cost of $261.36
# 20 xlarge servers used with a utilisation of 61.50 at the cost of $685.97
# =============================== [ Overall ] ===============================
# actual simulation end time: 90873, #jobs: 2437
# total #servers used: 81, avg utilisation: 48.10 and total cost: $1103.94
# avg waiting time: 26, avg exec time: 1151 and avg turnaround time: 1177

>>>>>>>>>>>>>>>>>>>>>>>>>>>>>>>>>>>>>>>>> minwjbf <<<<<<<<<<<<<<<<<<<<<<<<<<<<<<<<<<<<<<<<<<
# ds-sim server 11-Mar, 2020 @ MQ
# Server-side simulator started with './ds-server -c ./configs/journal/config100-med-high.xml -f teragrid -v stats'
# Waiting for connection to port 50000 of IP address 127.0.0.1
# Welcome  jak0723!
# The system information can be read from 'system.xml'
# ---------------------------------------------------------------------------
# 18 tiny servers used with a utilisation of 38.54 at the cost of $36.06
# 12 small servers used with a utilisation of 50.68 at the cost of $35.78
# 13 medium servers used with a utilisation of 42.15 at the cost of $84.77
# 18 large servers used with a utilisation of 45.35 at the cost of $261.36
# 20 xlarge servers used with a utilisation of 63.36 at the cost of $667.85
# =============================== [ Overall ] ===============================
# actual simulation end time: 90873, #jobs: 2437
# total #servers used: 81, avg utilisation: 48.56 and total cost: $1085.82
# avg waiting time: 29, avg exec time: 1151 and avg turnaround time: 1180

>>>>>>>>>>>>>>>>>>>>>>>>>>>>>>>>>>>>>>>>> csa <<<<<<<<<<<<<<<<<<<<<<<<<<<<<<<<<<<<<<<<<<
# ds-sim server 11-Mar, 2020 @ MQ
# Server-side simulator started with './ds-server -c ./configs/journal/config100-med-high.xml -f teragrid -v stats'
# Waiting for connection to port 50000 of IP address 127.0.0.1
# Welcome  jak0723!
# The system information can be read from 'system.xml'
# ---------------------------------------------------------------------------
# 18 tiny servers used with a utilisation of 36.10 at the cost of $34.38
# 10 small servers used with a utilisation of 47.82 at the cost of $32.98
# 13 medium servers used with a utilisation of 49.87 at the cost of $78.12
# 18 large servers used with a utilisation of 48.74 at the cost of $256.33
# 20 xlarge servers used with a utilisation of 61.05 at the cost of $694.49
# =============================== [ Overall ] ===============================
# actual simulation end time: 90873, #jobs: 2437
# total #servers used: 79, avg utilisation: 49.05 and total cost: $1096.28
# avg waiting time: 28, avg exec time: 1151 and avg turnaround time: 1179
