
>>>>>>>>>>>>>>>>>>>>>>>>>>>>>>>>>>>>>>>>> ff <<<<<<<<<<<<<<<<<<<<<<<<<<<<<<<<<<<<<<<<<<
# ds-sim server 11-Mar, 2020 @ MQ
# Server-side simulator started with './ds-server -c ./configs/journal/config100-long-low.xml -f websites02 -v stats'
# Waiting for connection to port 50000 of IP address 127.0.0.1
# Welcome  jak0723!
# The system information can be read from 'system.xml'
# ---------------------------------------------------------------------------
# 20 tiny servers used with a utilisation of 32.32 at the cost of $17.04
# 6 small servers used with a utilisation of 26.31 at the cost of $8.12
# 8 medium servers used with a utilisation of 34.63 at the cost of $27.82
# 11 large servers used with a utilisation of 30.76 at the cost of $115.51
# 20 xlarge servers used with a utilisation of 31.50 at the cost of $395.80
# =============================== [ Overall ] ===============================
# actual simulation end time: 103552, #jobs: 443
# total #servers used: 65, avg utilisation: 31.54 and total cost: $564.29
# avg waiting time: 2568, avg exec time: 2391 and avg turnaround time: 4959

>>>>>>>>>>>>>>>>>>>>>>>>>>>>>>>>>>>>>>>>> bf <<<<<<<<<<<<<<<<<<<<<<<<<<<<<<<<<<<<<<<<<<
# ds-sim server 11-Mar, 2020 @ MQ
# Server-side simulator started with './ds-server -c ./configs/journal/config100-long-low.xml -f websites02 -v stats'
# Waiting for connection to port 50000 of IP address 127.0.0.1
# Welcome  jak0723!
# The system information can be read from 'system.xml'
# ---------------------------------------------------------------------------
# 20 tiny servers used with a utilisation of 30.21 at the cost of $16.97
# 5 small servers used with a utilisation of 32.27 at the cost of $8.03
# 9 medium servers used with a utilisation of 28.31 at the cost of $23.15
# 11 large servers used with a utilisation of 30.14 at the cost of $81.55
# 20 xlarge servers used with a utilisation of 33.41 at the cost of $431.24
# =============================== [ Overall ] ===============================
# actual simulation end time: 103659, #jobs: 443
# total #servers used: 65, avg utilisation: 31.08 and total cost: $560.96
# avg waiting time: 2595, avg exec time: 2391 and avg turnaround time: 4986

>>>>>>>>>>>>>>>>>>>>>>>>>>>>>>>>>>>>>>>>> minwjff <<<<<<<<<<<<<<<<<<<<<<<<<<<<<<<<<<<<<<<<<<
# ds-sim server 11-Mar, 2020 @ MQ
# Server-side simulator started with './ds-server -c ./configs/journal/config100-long-low.xml -f websites02 -v stats'
# Waiting for connection to port 50000 of IP address 127.0.0.1
# Welcome  jak0723!
# The system information can be read from 'system.xml'
# ---------------------------------------------------------------------------
# 11 tiny servers used with a utilisation of 22.22 at the cost of $2.48
# 10 small servers used with a utilisation of 45.59 at the cost of $2.22
# 10 medium servers used with a utilisation of 51.87 at the cost of $33.31
# 14 large servers used with a utilisation of 31.20 at the cost of $68.58
# 20 xlarge servers used with a utilisation of 30.58 at the cost of $386.26
# =============================== [ Overall ] ===============================
# actual simulation end time: 94659, #jobs: 443
# total #servers used: 65, avg utilisation: 34.88 and total cost: $492.85
# avg waiting time: 1389, avg exec time: 2391 and avg turnaround time: 3780

>>>>>>>>>>>>>>>>>>>>>>>>>>>>>>>>>>>>>>>>> minwjbf <<<<<<<<<<<<<<<<<<<<<<<<<<<<<<<<<<<<<<<<<<
# ds-sim server 11-Mar, 2020 @ MQ
# Server-side simulator started with './ds-server -c ./configs/journal/config100-long-low.xml -f websites02 -v stats'
# Waiting for connection to port 50000 of IP address 127.0.0.1
# Welcome  jak0723!
# The system information can be read from 'system.xml'
# ---------------------------------------------------------------------------
# 12 tiny servers used with a utilisation of 19.74 at the cost of $1.84
# 10 small servers used with a utilisation of 38.65 at the cost of $2.08
# 10 medium servers used with a utilisation of 52.98 at the cost of $17.86
# 11 large servers used with a utilisation of 38.25 at the cost of $65.60
# 20 xlarge servers used with a utilisation of 35.91 at the cost of $410.79
# =============================== [ Overall ] ===============================
# actual simulation end time: 114061, #jobs: 443
# total #servers used: 63, avg utilisation: 36.38 and total cost: $498.17
# avg waiting time: 2110, avg exec time: 2391 and avg turnaround time: 4501

>>>>>>>>>>>>>>>>>>>>>>>>>>>>>>>>>>>>>>>>> csa <<<<<<<<<<<<<<<<<<<<<<<<<<<<<<<<<<<<<<<<<<
# ds-sim server 11-Mar, 2020 @ MQ
# Server-side simulator started with './ds-server -c ./configs/journal/config100-long-low.xml -f websites02 -v stats'
# Waiting for connection to port 50000 of IP address 127.0.0.1
# Welcome  jak0723!
# The system information can be read from 'system.xml'
# ---------------------------------------------------------------------------
# 20 tiny servers used with a utilisation of 18.05 at the cost of $6.51
# 14 small servers used with a utilisation of 28.91 at the cost of $13.32
# 13 medium servers used with a utilisation of 37.12 at the cost of $33.57
# 16 large servers used with a utilisation of 25.99 at the cost of $92.72
# 20 xlarge servers used with a utilisation of 27.29 at the cost of $474.50
# =============================== [ Overall ] ===============================
# actual simulation end time: 104278, #jobs: 443
# total #servers used: 83, avg utilisation: 26.62 and total cost: $620.62
# avg waiting time: 1804, avg exec time: 2391 and avg turnaround time: 4195
