
>>>>>>>>>>>>>>>>>>>>>>>>>>>>>>>>>>>>>>>>> ff <<<<<<<<<<<<<<<<<<<<<<<<<<<<<<<<<<<<<<<<<<
# ds-sim server 11-Mar, 2020 @ MQ
# Server-side simulator started with './ds-server -c ./configs/journal/config20-short-low.xml -f nd07cpu -v stats'
# Waiting for connection to port 50000 of IP address 127.0.0.1
# Welcome  jak0723!
# The system information can be read from 'system.xml'
# ---------------------------------------------------------------------------
# 4 tiny servers used with a utilisation of 25.80 at the cost of $6.71
# 3 small servers used with a utilisation of 28.42 at the cost of $5.91
# 3 medium servers used with a utilisation of 38.40 at the cost of $9.56
# 3 large servers used with a utilisation of 21.93 at the cost of $25.61
# 3 xlarge servers used with a utilisation of 37.18 at the cost of $77.76
# =============================== [ Overall ] ===============================
# actual simulation end time: 91301, #jobs: 353
# total #servers used: 16, avg utilisation: 30.06 and total cost: $125.55
# avg waiting time: 125, avg exec time: 665 and avg turnaround time: 790

>>>>>>>>>>>>>>>>>>>>>>>>>>>>>>>>>>>>>>>>> bf <<<<<<<<<<<<<<<<<<<<<<<<<<<<<<<<<<<<<<<<<<
# ds-sim server 11-Mar, 2020 @ MQ
# Server-side simulator started with './ds-server -c ./configs/journal/config20-short-low.xml -f nd07cpu -v stats'
# Waiting for connection to port 50000 of IP address 127.0.0.1
# Welcome  jak0723!
# The system information can be read from 'system.xml'
# ---------------------------------------------------------------------------
# 4 tiny servers used with a utilisation of 25.80 at the cost of $6.71
# 3 small servers used with a utilisation of 28.42 at the cost of $5.91
# 3 medium servers used with a utilisation of 37.88 at the cost of $9.56
# 3 large servers used with a utilisation of 21.13 at the cost of $23.49
# 3 xlarge servers used with a utilisation of 37.86 at the cost of $77.46
# =============================== [ Overall ] ===============================
# actual simulation end time: 91301, #jobs: 353
# total #servers used: 16, avg utilisation: 29.94 and total cost: $123.14
# avg waiting time: 122, avg exec time: 665 and avg turnaround time: 787

>>>>>>>>>>>>>>>>>>>>>>>>>>>>>>>>>>>>>>>>> minwjff <<<<<<<<<<<<<<<<<<<<<<<<<<<<<<<<<<<<<<<<<<
# ds-sim server 11-Mar, 2020 @ MQ
# Server-side simulator started with './ds-server -c ./configs/journal/config20-short-low.xml -f nd07cpu -v stats'
# Waiting for connection to port 50000 of IP address 127.0.0.1
# Welcome  jak0723!
# The system information can be read from 'system.xml'
# ---------------------------------------------------------------------------
# 4 tiny servers used with a utilisation of 41.34 at the cost of $5.39
# 3 small servers used with a utilisation of 29.23 at the cost of $0.53
# 3 medium servers used with a utilisation of 43.89 at the cost of $9.84
# 3 large servers used with a utilisation of 17.93 at the cost of $13.05
# 3 xlarge servers used with a utilisation of 39.81 at the cost of $77.36
# =============================== [ Overall ] ===============================
# actual simulation end time: 91301, #jobs: 353
# total #servers used: 16, avg utilisation: 34.87 and total cost: $106.17
# avg waiting time: 122, avg exec time: 665 and avg turnaround time: 787

>>>>>>>>>>>>>>>>>>>>>>>>>>>>>>>>>>>>>>>>> minwjbf <<<<<<<<<<<<<<<<<<<<<<<<<<<<<<<<<<<<<<<<<<
# ds-sim server 11-Mar, 2020 @ MQ
# Server-side simulator started with './ds-server -c ./configs/journal/config20-short-low.xml -f nd07cpu -v stats'
# Waiting for connection to port 50000 of IP address 127.0.0.1
# Welcome  jak0723!
# The system information can be read from 'system.xml'
# ---------------------------------------------------------------------------
# 4 tiny servers used with a utilisation of 41.34 at the cost of $5.39
# 3 small servers used with a utilisation of 29.23 at the cost of $0.53
# 3 medium servers used with a utilisation of 36.04 at the cost of $10.00
# 4 large servers used with a utilisation of 10.31 at the cost of $15.24
# 3 xlarge servers used with a utilisation of 41.03 at the cost of $75.41
# =============================== [ Overall ] ===============================
# actual simulation end time: 91301, #jobs: 353
# total #servers used: 17, avg utilisation: 30.91 and total cost: $106.58
# avg waiting time: 85, avg exec time: 665 and avg turnaround time: 750

>>>>>>>>>>>>>>>>>>>>>>>>>>>>>>>>>>>>>>>>> csa <<<<<<<<<<<<<<<<<<<<<<<<<<<<<<<<<<<<<<<<<<
# ds-sim server 11-Mar, 2020 @ MQ
# Server-side simulator started with './ds-server -c ./configs/journal/config20-short-low.xml -f nd07cpu -v stats'
# Waiting for connection to port 50000 of IP address 127.0.0.1
# Welcome  jak0723!
# The system information can be read from 'system.xml'
# ---------------------------------------------------------------------------
# 4 tiny servers used with a utilisation of 41.34 at the cost of $5.39
# 3 small servers used with a utilisation of 29.23 at the cost of $0.53
# 3 medium servers used with a utilisation of 43.89 at the cost of $9.84
# 3 large servers used with a utilisation of 21.26 at the cost of $6.79
# 3 xlarge servers used with a utilisation of 38.60 at the cost of $77.67
# =============================== [ Overall ] ===============================
# actual simulation end time: 91301, #jobs: 353
# total #servers used: 16, avg utilisation: 35.27 and total cost: $100.23
# avg waiting time: 124, avg exec time: 665 and avg turnaround time: 789
