
>>>>>>>>>>>>>>>>>>>>>>>>>>>>>>>>>>>>>>>>> ff <<<<<<<<<<<<<<<<<<<<<<<<<<<<<<<<<<<<<<<<<<
# ds-sim server 11-Mar, 2020 @ MQ
# Server-side simulator started with './ds-server -c ./configs/journal/config20-short-high.xml -v stats'
# Waiting for connection to port 50000 of IP address 127.0.0.1
# Welcome  jak0723!
# The system information can be read from 'system.xml'
# ---------------------------------------------------------------------------
# 4 tiny servers used with a utilisation of 41.16 at the cost of $9.53
# 4 small servers used with a utilisation of 17.44 at the cost of $18.66
# 3 medium servers used with a utilisation of 21.79 at the cost of $27.98
# 4 large servers used with a utilisation of 38.36 at the cost of $67.19
# 4 xlarge servers used with a utilisation of 60.98 at the cost of $150.07
# =============================== [ Overall ] ===============================
# actual simulation end time: 88828, #jobs: 1026
# total #servers used: 19, avg utilisation: 36.69 and total cost: $273.42
# avg waiting time: 114, avg exec time: 582 and avg turnaround time: 696

>>>>>>>>>>>>>>>>>>>>>>>>>>>>>>>>>>>>>>>>> bf <<<<<<<<<<<<<<<<<<<<<<<<<<<<<<<<<<<<<<<<<<
# ds-sim server 11-Mar, 2020 @ MQ
# Server-side simulator started with './ds-server -c ./configs/journal/config20-short-high.xml -v stats'
# Waiting for connection to port 50000 of IP address 127.0.0.1
# Welcome  jak0723!
# The system information can be read from 'system.xml'
# ---------------------------------------------------------------------------
# 4 tiny servers used with a utilisation of 41.16 at the cost of $9.53
# 4 small servers used with a utilisation of 16.43 at the cost of $18.42
# 3 medium servers used with a utilisation of 16.89 at the cost of $27.58
# 4 large servers used with a utilisation of 33.84 at the cost of $66.33
# 4 xlarge servers used with a utilisation of 52.89 at the cost of $150.33
# =============================== [ Overall ] ===============================
# actual simulation end time: 88828, #jobs: 1026
# total #servers used: 19, avg utilisation: 33.05 and total cost: $272.19
# avg waiting time: 187, avg exec time: 582 and avg turnaround time: 769
