
>>>>>>>>>>>>>>>>>>>>>>>>>>>>>>>>>>>>>>>>> ff <<<<<<<<<<<<<<<<<<<<<<<<<<<<<<<<<<<<<<<<<<
# ds-sim server 11-Mar, 2020 @ MQ
# Server-side simulator started with './ds-server -c ./configs/journal/config100-long-high.xml -v stats'
# Waiting for connection to port 50000 of IP address 127.0.0.1
# Welcome  jak0723!
# The system information can be read from 'system.xml'
# ---------------------------------------------------------------------------
# 18 tiny servers used with a utilisation of 46.55 at the cost of $34.03
# 9 small servers used with a utilisation of 53.02 at the cost of $25.88
# 12 medium servers used with a utilisation of 47.29 at the cost of $92.57
# 17 large servers used with a utilisation of 49.80 at the cost of $296.62
# 20 xlarge servers used with a utilisation of 63.96 at the cost of $772.69
# =============================== [ Overall ] ===============================
# actual simulation end time: 95287, #jobs: 1144
# total #servers used: 76, avg utilisation: 52.74 and total cost: $1221.79
# avg waiting time: 56, avg exec time: 2522 and avg turnaround time: 2578

>>>>>>>>>>>>>>>>>>>>>>>>>>>>>>>>>>>>>>>>> bf <<<<<<<<<<<<<<<<<<<<<<<<<<<<<<<<<<<<<<<<<<
# ds-sim server 11-Mar, 2020 @ MQ
# Server-side simulator started with './ds-server -c ./configs/journal/config100-long-high.xml -v stats'
# Waiting for connection to port 50000 of IP address 127.0.0.1
# Welcome  jak0723!
# The system information can be read from 'system.xml'
# ---------------------------------------------------------------------------
# 18 tiny servers used with a utilisation of 46.55 at the cost of $34.03
# 9 small servers used with a utilisation of 53.02 at the cost of $25.88
# 11 medium servers used with a utilisation of 58.19 at the cost of $75.52
# 11 large servers used with a utilisation of 43.88 at the cost of $182.30
# 20 xlarge servers used with a utilisation of 65.32 at the cost of $772.83
# =============================== [ Overall ] ===============================
# actual simulation end time: 94439, #jobs: 1144
# total #servers used: 69, avg utilisation: 54.26 and total cost: $1090.57
# avg waiting time: 59, avg exec time: 2522 and avg turnaround time: 2581
