
>>>>>>>>>>>>>>>>>>>>>>>>>>>>>>>>>>>>>>>>> ff <<<<<<<<<<<<<<<<<<<<<<<<<<<<<<<<<<<<<<<<<<
# ds-sim server 11-Mar, 2020 @ MQ
# Server-side simulator started with './ds-server -c ./configs/journal/config100-long-low.xml -f teragrid -v stats'
# Waiting for connection to port 50000 of IP address 127.0.0.1
# Welcome  jak0723!
# The system information can be read from 'system.xml'
# ---------------------------------------------------------------------------
# 18 tiny servers used with a utilisation of 55.03 at the cost of $19.00
# 4 small servers used with a utilisation of 44.50 at the cost of $12.13
# 5 medium servers used with a utilisation of 47.20 at the cost of $36.24
# 8 large servers used with a utilisation of 58.28 at the cost of $99.91
# 15 xlarge servers used with a utilisation of 64.14 at the cost of $324.07
# =============================== [ Overall ] ===============================
# actual simulation end time: 92222, #jobs: 443
# total #servers used: 50, avg utilisation: 56.66 and total cost: $491.35
# avg waiting time: 87, avg exec time: 2391 and avg turnaround time: 2478

>>>>>>>>>>>>>>>>>>>>>>>>>>>>>>>>>>>>>>>>> bf <<<<<<<<<<<<<<<<<<<<<<<<<<<<<<<<<<<<<<<<<<
# ds-sim server 11-Mar, 2020 @ MQ
# Server-side simulator started with './ds-server -c ./configs/journal/config100-long-low.xml -f teragrid -v stats'
# Waiting for connection to port 50000 of IP address 127.0.0.1
# Welcome  jak0723!
# The system information can be read from 'system.xml'
# ---------------------------------------------------------------------------
# 18 tiny servers used with a utilisation of 55.03 at the cost of $19.00
# 4 small servers used with a utilisation of 44.50 at the cost of $12.13
# 4 medium servers used with a utilisation of 30.69 at the cost of $27.82
# 7 large servers used with a utilisation of 45.58 at the cost of $89.97
# 15 xlarge servers used with a utilisation of 64.57 at the cost of $325.30
# =============================== [ Overall ] ===============================
# actual simulation end time: 92222, #jobs: 443
# total #servers used: 48, avg utilisation: 53.73 and total cost: $474.22
# avg waiting time: 87, avg exec time: 2391 and avg turnaround time: 2478

>>>>>>>>>>>>>>>>>>>>>>>>>>>>>>>>>>>>>>>>> minwjff <<<<<<<<<<<<<<<<<<<<<<<<<<<<<<<<<<<<<<<<<<
# ds-sim server 11-Mar, 2020 @ MQ
# Server-side simulator started with './ds-server -c ./configs/journal/config100-long-low.xml -f teragrid -v stats'
# Waiting for connection to port 50000 of IP address 127.0.0.1
# Welcome  jak0723!
# The system information can be read from 'system.xml'
# ---------------------------------------------------------------------------
# 19 tiny servers used with a utilisation of 57.25 at the cost of $19.76
# 5 small servers used with a utilisation of 23.52 at the cost of $10.54
# 6 medium servers used with a utilisation of 38.66 at the cost of $37.35
# 8 large servers used with a utilisation of 58.28 at the cost of $99.91
# 19 xlarge servers used with a utilisation of 59.18 at the cost of $314.66
# =============================== [ Overall ] ===============================
# actual simulation end time: 92222, #jobs: 443
# total #servers used: 57, avg utilisation: 53.12 and total cost: $482.22
# avg waiting time: 21, avg exec time: 2391 and avg turnaround time: 2412

>>>>>>>>>>>>>>>>>>>>>>>>>>>>>>>>>>>>>>>>> minwjbf <<<<<<<<<<<<<<<<<<<<<<<<<<<<<<<<<<<<<<<<<<
# ds-sim server 11-Mar, 2020 @ MQ
# Server-side simulator started with './ds-server -c ./configs/journal/config100-long-low.xml -f teragrid -v stats'
# Waiting for connection to port 50000 of IP address 127.0.0.1
# Welcome  jak0723!
# The system information can be read from 'system.xml'
# ---------------------------------------------------------------------------
# 19 tiny servers used with a utilisation of 57.25 at the cost of $19.76
# 5 small servers used with a utilisation of 23.52 at the cost of $10.54
# 6 medium servers used with a utilisation of 38.66 at the cost of $37.35
# 8 large servers used with a utilisation of 58.28 at the cost of $99.91
# 19 xlarge servers used with a utilisation of 59.18 at the cost of $314.66
# =============================== [ Overall ] ===============================
# actual simulation end time: 92222, #jobs: 443
# total #servers used: 57, avg utilisation: 53.12 and total cost: $482.22
# avg waiting time: 21, avg exec time: 2391 and avg turnaround time: 2412

>>>>>>>>>>>>>>>>>>>>>>>>>>>>>>>>>>>>>>>>> csa <<<<<<<<<<<<<<<<<<<<<<<<<<<<<<<<<<<<<<<<<<
# ds-sim server 11-Mar, 2020 @ MQ
# Server-side simulator started with './ds-server -c ./configs/journal/config100-long-low.xml -f teragrid -v stats'
# Waiting for connection to port 50000 of IP address 127.0.0.1
# Welcome  jak0723!
# The system information can be read from 'system.xml'
# ---------------------------------------------------------------------------
# 18 tiny servers used with a utilisation of 50.89 at the cost of $20.02
# 4 small servers used with a utilisation of 34.13 at the cost of $10.62
# 5 medium servers used with a utilisation of 29.27 at the cost of $38.40
# 8 large servers used with a utilisation of 58.28 at the cost of $99.91
# 15 xlarge servers used with a utilisation of 49.45 at the cost of $337.74
# =============================== [ Overall ] ===============================
# actual simulation end time: 92222, #jobs: 443
# total #servers used: 50, avg utilisation: 48.14 and total cost: $506.69
# avg waiting time: 45, avg exec time: 2391 and avg turnaround time: 2436
