
>>>>>>>>>>>>>>>>>>>>>>>>>>>>>>>>>>>>>>>>> ff <<<<<<<<<<<<<<<<<<<<<<<<<<<<<<<<<<<<<<<<<<
# ds-sim server 11-Mar, 2020 @ MQ
# Server-side simulator started with './ds-server -c ./configs/journal/config100-med-med.xml -f websites02 -v stats'
# Waiting for connection to port 50000 of IP address 127.0.0.1
# Welcome  jak0723!
# The system information can be read from 'system.xml'
# ---------------------------------------------------------------------------
# 20 tiny servers used with a utilisation of 37.70 at the cost of $26.47
# 11 small servers used with a utilisation of 29.14 at the cost of $26.30
# 15 medium servers used with a utilisation of 29.01 at the cost of $57.50
# 18 large servers used with a utilisation of 31.97 at the cost of $188.73
# 20 xlarge servers used with a utilisation of 37.90 at the cost of $580.31
# =============================== [ Overall ] ===============================
# actual simulation end time: 135776, #jobs: 1532
# total #servers used: 84, avg utilisation: 33.85 and total cost: $879.32
# avg waiting time: 1048, avg exec time: 1127 and avg turnaround time: 2175

>>>>>>>>>>>>>>>>>>>>>>>>>>>>>>>>>>>>>>>>> bf <<<<<<<<<<<<<<<<<<<<<<<<<<<<<<<<<<<<<<<<<<
# ds-sim server 11-Mar, 2020 @ MQ
# Server-side simulator started with './ds-server -c ./configs/journal/config100-med-med.xml -f websites02 -v stats'
# Waiting for connection to port 50000 of IP address 127.0.0.1
# Welcome  jak0723!
# The system information can be read from 'system.xml'
# ---------------------------------------------------------------------------
# 20 tiny servers used with a utilisation of 34.27 at the cost of $26.99
# 11 small servers used with a utilisation of 28.90 at the cost of $25.95
# 12 medium servers used with a utilisation of 33.37 at the cost of $40.33
# 13 large servers used with a utilisation of 32.06 at the cost of $106.60
# 20 xlarge servers used with a utilisation of 40.09 at the cost of $564.64
# =============================== [ Overall ] ===============================
# actual simulation end time: 108195, #jobs: 1532
# total #servers used: 76, avg utilisation: 34.50 and total cost: $764.50
# avg waiting time: 1151, avg exec time: 1127 and avg turnaround time: 2278

>>>>>>>>>>>>>>>>>>>>>>>>>>>>>>>>>>>>>>>>> minwjff <<<<<<<<<<<<<<<<<<<<<<<<<<<<<<<<<<<<<<<<<<
# ds-sim server 11-Mar, 2020 @ MQ
# Server-side simulator started with './ds-server -c ./configs/journal/config100-med-med.xml -f websites02 -v stats'
# Waiting for connection to port 50000 of IP address 127.0.0.1
# Welcome  jak0723!
# The system information can be read from 'system.xml'
# ---------------------------------------------------------------------------
# 14 tiny servers used with a utilisation of 39.46 at the cost of $2.19
# 11 small servers used with a utilisation of 33.73 at the cost of $19.43
# 12 medium servers used with a utilisation of 33.14 at the cost of $34.05
# 12 large servers used with a utilisation of 45.31 at the cost of $106.76
# 20 xlarge servers used with a utilisation of 43.27 at the cost of $524.11
# =============================== [ Overall ] ===============================
# actual simulation end time: 93302, #jobs: 1532
# total #servers used: 69, avg utilisation: 39.57 and total cost: $686.54
# avg waiting time: 539, avg exec time: 1127 and avg turnaround time: 1666

>>>>>>>>>>>>>>>>>>>>>>>>>>>>>>>>>>>>>>>>> minwjbf <<<<<<<<<<<<<<<<<<<<<<<<<<<<<<<<<<<<<<<<<<
# ds-sim server 11-Mar, 2020 @ MQ
# Server-side simulator started with './ds-server -c ./configs/journal/config100-med-med.xml -f websites02 -v stats'
# Waiting for connection to port 50000 of IP address 127.0.0.1
# Welcome  jak0723!
# The system information can be read from 'system.xml'
# ---------------------------------------------------------------------------
# 14 tiny servers used with a utilisation of 41.00 at the cost of $1.43
# 11 small servers used with a utilisation of 48.87 at the cost of $3.91
# 12 medium servers used with a utilisation of 38.29 at the cost of $15.12
# 16 large servers used with a utilisation of 33.85 at the cost of $82.46
# 20 xlarge servers used with a utilisation of 46.72 at the cost of $544.92
# =============================== [ Overall ] ===============================
# actual simulation end time: 95465, #jobs: 1532
# total #servers used: 73, avg utilisation: 41.74 and total cost: $647.84
# avg waiting time: 805, avg exec time: 1127 and avg turnaround time: 1932

>>>>>>>>>>>>>>>>>>>>>>>>>>>>>>>>>>>>>>>>> csa <<<<<<<<<<<<<<<<<<<<<<<<<<<<<<<<<<<<<<<<<<
# ds-sim server 11-Mar, 2020 @ MQ
# Server-side simulator started with './ds-server -c ./configs/journal/config100-med-med.xml -f websites02 -v stats'
# Waiting for connection to port 50000 of IP address 127.0.0.1
# Welcome  jak0723!
# The system information can be read from 'system.xml'
# ---------------------------------------------------------------------------
# 17 tiny servers used with a utilisation of 28.44 at the cost of $6.52
# 17 small servers used with a utilisation of 27.36 at the cost of $33.75
# 20 medium servers used with a utilisation of 28.26 at the cost of $50.34
# 20 large servers used with a utilisation of 39.50 at the cost of $142.24
# 20 xlarge servers used with a utilisation of 41.06 at the cost of $579.82
# =============================== [ Overall ] ===============================
# actual simulation end time: 93536, #jobs: 1532
# total #servers used: 94, avg utilisation: 33.24 and total cost: $812.68
# avg waiting time: 651, avg exec time: 1127 and avg turnaround time: 1778
