
>>>>>>>>>>>>>>>>>>>>>>>>>>>>>>>>>>>>>>>>> ff <<<<<<<<<<<<<<<<<<<<<<<<<<<<<<<<<<<<<<<<<<
# ds-sim server 11-Mar, 2020 @ MQ
# Server-side simulator started with './ds-server -c ./configs/journal/config20-long-low.xml -f nd07cpu -v stats'
# Waiting for connection to port 50000 of IP address 127.0.0.1
# Welcome  jak0723!
# The system information can be read from 'system.xml'
# ---------------------------------------------------------------------------
# 4 tiny servers used with a utilisation of 37.94 at the cost of $5.25
# 4 small servers used with a utilisation of 37.20 at the cost of $14.07
# 4 medium servers used with a utilisation of 34.06 at the cost of $18.62
# 4 large servers used with a utilisation of 35.58 at the cost of $34.65
# 3 xlarge servers used with a utilisation of 56.28 at the cost of $103.08
# =============================== [ Overall ] ===============================
# actual simulation end time: 169479, #jobs: 252
# total #servers used: 19, avg utilisation: 39.37 and total cost: $175.66
# avg waiting time: 12388, avg exec time: 2292 and avg turnaround time: 14680

>>>>>>>>>>>>>>>>>>>>>>>>>>>>>>>>>>>>>>>>> bf <<<<<<<<<<<<<<<<<<<<<<<<<<<<<<<<<<<<<<<<<<
# ds-sim server 11-Mar, 2020 @ MQ
# Server-side simulator started with './ds-server -c ./configs/journal/config20-long-low.xml -f nd07cpu -v stats'
# Waiting for connection to port 50000 of IP address 127.0.0.1
# Welcome  jak0723!
# The system information can be read from 'system.xml'
# ---------------------------------------------------------------------------
# 4 tiny servers used with a utilisation of 38.00 at the cost of $5.25
# 4 small servers used with a utilisation of 36.85 at the cost of $14.06
# 4 medium servers used with a utilisation of 35.64 at the cost of $18.43
# 4 large servers used with a utilisation of 33.96 at the cost of $34.46
# 3 xlarge servers used with a utilisation of 56.55 at the cost of $102.22
# =============================== [ Overall ] ===============================
# actual simulation end time: 166960, #jobs: 252
# total #servers used: 19, avg utilisation: 39.34 and total cost: $174.41
# avg waiting time: 11993, avg exec time: 2292 and avg turnaround time: 14285

>>>>>>>>>>>>>>>>>>>>>>>>>>>>>>>>>>>>>>>>> minwjff <<<<<<<<<<<<<<<<<<<<<<<<<<<<<<<<<<<<<<<<<<
# ds-sim server 11-Mar, 2020 @ MQ
# Server-side simulator started with './ds-server -c ./configs/journal/config20-long-low.xml -f nd07cpu -v stats'
# Waiting for connection to port 50000 of IP address 127.0.0.1
# Welcome  jak0723!
# The system information can be read from 'system.xml'
# ---------------------------------------------------------------------------
# 3 tiny servers used with a utilisation of 68.32 at the cost of $0.65
# 4 small servers used with a utilisation of 49.08 at the cost of $13.58
# 4 medium servers used with a utilisation of 44.97 at the cost of $14.57
# 4 large servers used with a utilisation of 28.74 at the cost of $25.09
# 3 xlarge servers used with a utilisation of 58.10 at the cost of $110.11
# =============================== [ Overall ] ===============================
# actual simulation end time: 178483, #jobs: 252
# total #servers used: 18, avg utilisation: 48.36 and total cost: $164.00
# avg waiting time: 12137, avg exec time: 2292 and avg turnaround time: 14429

>>>>>>>>>>>>>>>>>>>>>>>>>>>>>>>>>>>>>>>>> minwjbf <<<<<<<<<<<<<<<<<<<<<<<<<<<<<<<<<<<<<<<<<<
# ds-sim server 11-Mar, 2020 @ MQ
# Server-side simulator started with './ds-server -c ./configs/journal/config20-long-low.xml -f nd07cpu -v stats'
# Waiting for connection to port 50000 of IP address 127.0.0.1
# Welcome  jak0723!
# The system information can be read from 'system.xml'
# ---------------------------------------------------------------------------
# 4 tiny servers used with a utilisation of 57.91 at the cost of $0.65
# 4 small servers used with a utilisation of 69.14 at the cost of $11.14
# 4 medium servers used with a utilisation of 30.78 at the cost of $14.39
# 4 large servers used with a utilisation of 29.17 at the cost of $27.19
# 3 xlarge servers used with a utilisation of 59.08 at the cost of $104.26
# =============================== [ Overall ] ===============================
# actual simulation end time: 170550, #jobs: 252
# total #servers used: 19, avg utilisation: 48.70 and total cost: $157.61
# avg waiting time: 12176, avg exec time: 2292 and avg turnaround time: 14468

>>>>>>>>>>>>>>>>>>>>>>>>>>>>>>>>>>>>>>>>> csa <<<<<<<<<<<<<<<<<<<<<<<<<<<<<<<<<<<<<<<<<<
# ds-sim server 11-Mar, 2020 @ MQ
# Server-side simulator started with './ds-server -c ./configs/journal/config20-long-low.xml -f nd07cpu -v stats'
# Waiting for connection to port 50000 of IP address 127.0.0.1
# Welcome  jak0723!
# The system information can be read from 'system.xml'
# ---------------------------------------------------------------------------
# 4 tiny servers used with a utilisation of 38.44 at the cost of $0.63
# 4 small servers used with a utilisation of 54.28 at the cost of $13.77
# 4 medium servers used with a utilisation of 25.64 at the cost of $16.34
# 4 large servers used with a utilisation of 24.05 at the cost of $35.19
# 3 xlarge servers used with a utilisation of 57.93 at the cost of $120.60
# =============================== [ Overall ] ===============================
# actual simulation end time: 185002, #jobs: 252
# total #servers used: 19, avg utilisation: 39.13 and total cost: $186.54
# avg waiting time: 14149, avg exec time: 2292 and avg turnaround time: 16441
