
>>>>>>>>>>>>>>>>>>>>>>>>>>>>>>>>>>>>>>>>> ff <<<<<<<<<<<<<<<<<<<<<<<<<<<<<<<<<<<<<<<<<<
# ds-sim server 11-Mar, 2020 @ MQ
# Server-side simulator started with './ds-server -c ./configs/journal/config100-med-low.xml -f g5k06 -v stats'
# Waiting for connection to port 50000 of IP address 127.0.0.1
# Welcome  jak0723!
# The system information can be read from 'system.xml'
# ---------------------------------------------------------------------------
# 20 tiny servers used with a utilisation of 26.31 at the cost of $16.67
# 10 small servers used with a utilisation of 25.51 at the cost of $8.99
# 12 medium servers used with a utilisation of 17.93 at the cost of $29.51
# 10 large servers used with a utilisation of 28.23 at the cost of $79.75
# 19 xlarge servers used with a utilisation of 22.74 at the cost of $401.49
# =============================== [ Overall ] ===============================
# actual simulation end time: 131514, #jobs: 716
# total #servers used: 71, avg utilisation: 24.10 and total cost: $536.41
# avg waiting time: 2493, avg exec time: 1129 and avg turnaround time: 3622

>>>>>>>>>>>>>>>>>>>>>>>>>>>>>>>>>>>>>>>>> bf <<<<<<<<<<<<<<<<<<<<<<<<<<<<<<<<<<<<<<<<<<
# ds-sim server 11-Mar, 2020 @ MQ
# Server-side simulator started with './ds-server -c ./configs/journal/config100-med-low.xml -f g5k06 -v stats'
# Waiting for connection to port 50000 of IP address 127.0.0.1
# Welcome  jak0723!
# The system information can be read from 'system.xml'
# ---------------------------------------------------------------------------
# 20 tiny servers used with a utilisation of 25.85 at the cost of $16.41
# 8 small servers used with a utilisation of 31.89 at the cost of $8.99
# 8 medium servers used with a utilisation of 21.03 at the cost of $25.53
# 9 large servers used with a utilisation of 21.93 at the cost of $57.12
# 19 xlarge servers used with a utilisation of 23.73 at the cost of $386.35
# =============================== [ Overall ] ===============================
# actual simulation end time: 131514, #jobs: 716
# total #servers used: 64, avg utilisation: 24.82 and total cost: $494.41
# avg waiting time: 2222, avg exec time: 1129 and avg turnaround time: 3351

>>>>>>>>>>>>>>>>>>>>>>>>>>>>>>>>>>>>>>>>> minwjff <<<<<<<<<<<<<<<<<<<<<<<<<<<<<<<<<<<<<<<<<<
# ds-sim server 11-Mar, 2020 @ MQ
# Server-side simulator started with './ds-server -c ./configs/journal/config100-med-low.xml -f g5k06 -v stats'
# Waiting for connection to port 50000 of IP address 127.0.0.1
# Welcome  jak0723!
# The system information can be read from 'system.xml'
# ---------------------------------------------------------------------------
# 10 tiny servers used with a utilisation of 25.06 at the cost of $2.08
# 12 small servers used with a utilisation of 28.43 at the cost of $6.27
# 8 medium servers used with a utilisation of 27.64 at the cost of $12.50
# 7 large servers used with a utilisation of 42.23 at the cost of $61.58
# 19 xlarge servers used with a utilisation of 29.13 at the cost of $307.10
# =============================== [ Overall ] ===============================
# actual simulation end time: 93967, #jobs: 716
# total #servers used: 56, avg utilisation: 29.68 and total cost: $389.53
# avg waiting time: 680, avg exec time: 1129 and avg turnaround time: 1809

>>>>>>>>>>>>>>>>>>>>>>>>>>>>>>>>>>>>>>>>> minwjbf <<<<<<<<<<<<<<<<<<<<<<<<<<<<<<<<<<<<<<<<<<
# ds-sim server 11-Mar, 2020 @ MQ
# Server-side simulator started with './ds-server -c ./configs/journal/config100-med-low.xml -f g5k06 -v stats'
# Waiting for connection to port 50000 of IP address 127.0.0.1
# Welcome  jak0723!
# The system information can be read from 'system.xml'
# ---------------------------------------------------------------------------
# 11 tiny servers used with a utilisation of 25.01 at the cost of $0.47
# 15 small servers used with a utilisation of 30.44 at the cost of $3.08
# 12 medium servers used with a utilisation of 23.59 at the cost of $5.36
# 10 large servers used with a utilisation of 37.90 at the cost of $49.82
# 19 xlarge servers used with a utilisation of 30.52 at the cost of $364.21
# =============================== [ Overall ] ===============================
# actual simulation end time: 93556, #jobs: 716
# total #servers used: 67, avg utilisation: 29.45 and total cost: $422.95
# avg waiting time: 1280, avg exec time: 1129 and avg turnaround time: 2409

>>>>>>>>>>>>>>>>>>>>>>>>>>>>>>>>>>>>>>>>> csa <<<<<<<<<<<<<<<<<<<<<<<<<<<<<<<<<<<<<<<<<<
# ds-sim server 11-Mar, 2020 @ MQ
# Server-side simulator started with './ds-server -c ./configs/journal/config100-med-low.xml -f g5k06 -v stats'
# Waiting for connection to port 50000 of IP address 127.0.0.1
# Welcome  jak0723!
# The system information can be read from 'system.xml'
# ---------------------------------------------------------------------------
# 19 tiny servers used with a utilisation of 25.16 at the cost of $6.03
# 15 small servers used with a utilisation of 31.81 at the cost of $11.39
# 13 medium servers used with a utilisation of 25.33 at the cost of $24.48
# 15 large servers used with a utilisation of 25.35 at the cost of $91.17
# 19 xlarge servers used with a utilisation of 24.34 at the cost of $413.01
# =============================== [ Overall ] ===============================
# actual simulation end time: 103135, #jobs: 716
# total #servers used: 81, avg utilisation: 26.26 and total cost: $546.09
# avg waiting time: 1257, avg exec time: 1129 and avg turnaround time: 2386
