
>>>>>>>>>>>>>>>>>>>>>>>>>>>>>>>>>>>>>>>>> ff <<<<<<<<<<<<<<<<<<<<<<<<<<<<<<<<<<<<<<<<<<
# ds-sim server 11-Mar, 2020 @ MQ
# Server-side simulator started with './ds-server -c ./configs/journal/config20-short-high.xml -f teragrid -v stats'
# Waiting for connection to port 50000 of IP address 127.0.0.1
# Welcome  jak0723!
# The system information can be read from 'system.xml'
# ---------------------------------------------------------------------------
# 4 tiny servers used with a utilisation of 40.12 at the cost of $9.16
# 4 small servers used with a utilisation of 18.78 at the cost of $18.67
# 3 medium servers used with a utilisation of 22.78 at the cost of $22.29
# 4 large servers used with a utilisation of 38.36 at the cost of $67.19
# 4 xlarge servers used with a utilisation of 60.98 at the cost of $150.07
# =============================== [ Overall ] ===============================
# actual simulation end time: 88828, #jobs: 1026
# total #servers used: 19, avg utilisation: 36.91 and total cost: $267.37
# avg waiting time: 123, avg exec time: 582 and avg turnaround time: 705

>>>>>>>>>>>>>>>>>>>>>>>>>>>>>>>>>>>>>>>>> bf <<<<<<<<<<<<<<<<<<<<<<<<<<<<<<<<<<<<<<<<<<
# ds-sim server 11-Mar, 2020 @ MQ
# Server-side simulator started with './ds-server -c ./configs/journal/config20-short-high.xml -f teragrid -v stats'
# Waiting for connection to port 50000 of IP address 127.0.0.1
# Welcome  jak0723!
# The system information can be read from 'system.xml'
# ---------------------------------------------------------------------------
# 4 tiny servers used with a utilisation of 40.12 at the cost of $9.16
# 4 small servers used with a utilisation of 17.27 at the cost of $18.42
# 3 medium servers used with a utilisation of 17.84 at the cost of $21.85
# 4 large servers used with a utilisation of 32.73 at the cost of $66.33
# 4 xlarge servers used with a utilisation of 53.08 at the cost of $150.33
# =============================== [ Overall ] ===============================
# actual simulation end time: 88828, #jobs: 1026
# total #servers used: 19, avg utilisation: 32.97 and total cost: $266.09
# avg waiting time: 197, avg exec time: 582 and avg turnaround time: 779

>>>>>>>>>>>>>>>>>>>>>>>>>>>>>>>>>>>>>>>>> minwjff <<<<<<<<<<<<<<<<<<<<<<<<<<<<<<<<<<<<<<<<<<
# ds-sim server 11-Mar, 2020 @ MQ
# Server-side simulator started with './ds-server -c ./configs/journal/config20-short-high.xml -f teragrid -v stats'
# Waiting for connection to port 50000 of IP address 127.0.0.1
# Welcome  jak0723!
# The system information can be read from 'system.xml'
# ---------------------------------------------------------------------------
# 4 tiny servers used with a utilisation of 34.52 at the cost of $4.93
# 3 small servers used with a utilisation of 29.59 at the cost of $14.36
# 3 medium servers used with a utilisation of 33.22 at the cost of $20.18
# 4 large servers used with a utilisation of 38.59 at the cost of $67.35
# 4 xlarge servers used with a utilisation of 61.54 at the cost of $149.90
# =============================== [ Overall ] ===============================
# actual simulation end time: 88828, #jobs: 1026
# total #servers used: 18, avg utilisation: 40.39 and total cost: $256.72
# avg waiting time: 99, avg exec time: 582 and avg turnaround time: 681

>>>>>>>>>>>>>>>>>>>>>>>>>>>>>>>>>>>>>>>>> minwjbf <<<<<<<<<<<<<<<<<<<<<<<<<<<<<<<<<<<<<<<<<<
# ds-sim server 11-Mar, 2020 @ MQ
# Server-side simulator started with './ds-server -c ./configs/journal/config20-short-high.xml -f teragrid -v stats'
# Waiting for connection to port 50000 of IP address 127.0.0.1
# Welcome  jak0723!
# The system information can be read from 'system.xml'
# ---------------------------------------------------------------------------
# 4 tiny servers used with a utilisation of 34.52 at the cost of $4.93
# 3 small servers used with a utilisation of 29.59 at the cost of $14.36
# 3 medium servers used with a utilisation of 33.22 at the cost of $20.18
# 4 large servers used with a utilisation of 38.59 at the cost of $67.35
# 4 xlarge servers used with a utilisation of 61.54 at the cost of $149.90
# =============================== [ Overall ] ===============================
# actual simulation end time: 88828, #jobs: 1026
# total #servers used: 18, avg utilisation: 40.39 and total cost: $256.72
# avg waiting time: 99, avg exec time: 582 and avg turnaround time: 681

>>>>>>>>>>>>>>>>>>>>>>>>>>>>>>>>>>>>>>>>> csa <<<<<<<<<<<<<<<<<<<<<<<<<<<<<<<<<<<<<<<<<<
# ds-sim server 11-Mar, 2020 @ MQ
# Server-side simulator started with './ds-server -c ./configs/journal/config20-short-high.xml -f teragrid -v stats'
# Waiting for connection to port 50000 of IP address 127.0.0.1
# Welcome  jak0723!
# The system information can be read from 'system.xml'
# ---------------------------------------------------------------------------
# 4 tiny servers used with a utilisation of 34.52 at the cost of $4.93
# 3 small servers used with a utilisation of 29.59 at the cost of $14.36
# 3 medium servers used with a utilisation of 33.22 at the cost of $20.18
# 4 large servers used with a utilisation of 38.59 at the cost of $67.35
# 4 xlarge servers used with a utilisation of 61.54 at the cost of $149.90
# =============================== [ Overall ] ===============================
# actual simulation end time: 88828, #jobs: 1026
# total #servers used: 18, avg utilisation: 40.39 and total cost: $256.72
# avg waiting time: 99, avg exec time: 582 and avg turnaround time: 681
