
>>>>>>>>>>>>>>>>>>>>>>>>>>>>>>>>>>>>>>>>> ff <<<<<<<<<<<<<<<<<<<<<<<<<<<<<<<<<<<<<<<<<<
# ds-sim server 11-Mar, 2020 @ MQ
# Server-side simulator started with './ds-server -c ./configs/journal/config20-med-low.xml -f pl05 -v stats'
# Waiting for connection to port 50000 of IP address 127.0.0.1
# Welcome  jak0723!
# The system information can be read from 'system.xml'
# ---------------------------------------------------------------------------
# 4 tiny servers used with a utilisation of 36.28 at the cost of $6.27
# 4 small servers used with a utilisation of 30.53 at the cost of $8.46
# 4 medium servers used with a utilisation of 48.09 at the cost of $11.47
# 4 large servers used with a utilisation of 23.02 at the cost of $25.13
# 4 xlarge servers used with a utilisation of 39.39 at the cost of $75.76
# =============================== [ Overall ] ===============================
# actual simulation end time: 91513, #jobs: 270
# total #servers used: 20, avg utilisation: 35.46 and total cost: $127.08
# avg waiting time: 697, avg exec time: 1149 and avg turnaround time: 1846

>>>>>>>>>>>>>>>>>>>>>>>>>>>>>>>>>>>>>>>>> bf <<<<<<<<<<<<<<<<<<<<<<<<<<<<<<<<<<<<<<<<<<
# ds-sim server 11-Mar, 2020 @ MQ
# Server-side simulator started with './ds-server -c ./configs/journal/config20-med-low.xml -f pl05 -v stats'
# Waiting for connection to port 50000 of IP address 127.0.0.1
# Welcome  jak0723!
# The system information can be read from 'system.xml'
# ---------------------------------------------------------------------------
# 4 tiny servers used with a utilisation of 36.37 at the cost of $6.25
# 4 small servers used with a utilisation of 24.46 at the cost of $8.24
# 4 medium servers used with a utilisation of 40.28 at the cost of $11.79
# 4 large servers used with a utilisation of 21.74 at the cost of $22.00
# 4 xlarge servers used with a utilisation of 31.13 at the cost of $78.22
# =============================== [ Overall ] ===============================
# actual simulation end time: 89546, #jobs: 270
# total #servers used: 20, avg utilisation: 30.79 and total cost: $126.51
# avg waiting time: 765, avg exec time: 1149 and avg turnaround time: 1914

>>>>>>>>>>>>>>>>>>>>>>>>>>>>>>>>>>>>>>>>> minwjff <<<<<<<<<<<<<<<<<<<<<<<<<<<<<<<<<<<<<<<<<<
# ds-sim server 11-Mar, 2020 @ MQ
# Server-side simulator started with './ds-server -c ./configs/journal/config20-med-low.xml -f pl05 -v stats'
# Waiting for connection to port 50000 of IP address 127.0.0.1
# Welcome  jak0723!
# The system information can be read from 'system.xml'
# ---------------------------------------------------------------------------
# 3 tiny servers used with a utilisation of 36.83 at the cost of $2.38
# 4 small servers used with a utilisation of 32.27 at the cost of $4.56
# 4 medium servers used with a utilisation of 17.26 at the cost of $15.56
# 4 large servers used with a utilisation of 21.50 at the cost of $10.54
# 4 xlarge servers used with a utilisation of 40.70 at the cost of $76.42
# =============================== [ Overall ] ===============================
# actual simulation end time: 88218, #jobs: 270
# total #servers used: 19, avg utilisation: 29.34 and total cost: $109.46
# avg waiting time: 642, avg exec time: 1149 and avg turnaround time: 1791

>>>>>>>>>>>>>>>>>>>>>>>>>>>>>>>>>>>>>>>>> minwjbf <<<<<<<<<<<<<<<<<<<<<<<<<<<<<<<<<<<<<<<<<<
# ds-sim server 11-Mar, 2020 @ MQ
# Server-side simulator started with './ds-server -c ./configs/journal/config20-med-low.xml -f pl05 -v stats'
# Waiting for connection to port 50000 of IP address 127.0.0.1
# Welcome  jak0723!
# The system information can be read from 'system.xml'
# ---------------------------------------------------------------------------
# 3 tiny servers used with a utilisation of 30.81 at the cost of $2.33
# 4 small servers used with a utilisation of 56.04 at the cost of $1.00
# 4 medium servers used with a utilisation of 22.84 at the cost of $15.92
# 4 large servers used with a utilisation of 21.13 at the cost of $11.61
# 4 xlarge servers used with a utilisation of 40.04 at the cost of $72.44
# =============================== [ Overall ] ===============================
# actual simulation end time: 88218, #jobs: 270
# total #servers used: 19, avg utilisation: 34.35 and total cost: $103.31
# avg waiting time: 700, avg exec time: 1149 and avg turnaround time: 1849

>>>>>>>>>>>>>>>>>>>>>>>>>>>>>>>>>>>>>>>>> csa <<<<<<<<<<<<<<<<<<<<<<<<<<<<<<<<<<<<<<<<<<
# ds-sim server 11-Mar, 2020 @ MQ
# Server-side simulator started with './ds-server -c ./configs/journal/config20-med-low.xml -f pl05 -v stats'
# Waiting for connection to port 50000 of IP address 127.0.0.1
# Welcome  jak0723!
# The system information can be read from 'system.xml'
# ---------------------------------------------------------------------------
# 3 tiny servers used with a utilisation of 26.98 at the cost of $3.82
# 4 small servers used with a utilisation of 28.56 at the cost of $4.50
# 4 medium servers used with a utilisation of 17.07 at the cost of $15.69
# 4 large servers used with a utilisation of 15.76 at the cost of $11.68
# 4 xlarge servers used with a utilisation of 45.13 at the cost of $83.48
# =============================== [ Overall ] ===============================
# actual simulation end time: 88218, #jobs: 270
# total #servers used: 19, avg utilisation: 26.69 and total cost: $119.16
# avg waiting time: 637, avg exec time: 1149 and avg turnaround time: 1786
