
>>>>>>>>>>>>>>>>>>>>>>>>>>>>>>>>>>>>>>>>> ff <<<<<<<<<<<<<<<<<<<<<<<<<<<<<<<<<<<<<<<<<<
# ds-sim server 11-Mar, 2020 @ MQ
# Server-side simulator started with './ds-server -c ./configs/journal/config20-short-med.xml -f websites02 -v stats'
# Waiting for connection to port 50000 of IP address 127.0.0.1
# Welcome  jak0723!
# The system information can be read from 'system.xml'
# ---------------------------------------------------------------------------
# 4 tiny servers used with a utilisation of 30.22 at the cost of $7.48
# 4 small servers used with a utilisation of 33.15 at the cost of $9.06
# 4 medium servers used with a utilisation of 22.16 at the cost of $11.57
# 4 large servers used with a utilisation of 31.17 at the cost of $53.10
# 4 xlarge servers used with a utilisation of 36.77 at the cost of $125.68
# =============================== [ Overall ] ===============================
# actual simulation end time: 145540, #jobs: 712
# total #servers used: 20, avg utilisation: 30.69 and total cost: $206.89
# avg waiting time: 3378, avg exec time: 560 and avg turnaround time: 3938

>>>>>>>>>>>>>>>>>>>>>>>>>>>>>>>>>>>>>>>>> bf <<<<<<<<<<<<<<<<<<<<<<<<<<<<<<<<<<<<<<<<<<
# ds-sim server 11-Mar, 2020 @ MQ
# Server-side simulator started with './ds-server -c ./configs/journal/config20-short-med.xml -f websites02 -v stats'
# Waiting for connection to port 50000 of IP address 127.0.0.1
# Welcome  jak0723!
# The system information can be read from 'system.xml'
# ---------------------------------------------------------------------------
# 4 tiny servers used with a utilisation of 30.36 at the cost of $7.55
# 4 small servers used with a utilisation of 30.89 at the cost of $8.79
# 4 medium servers used with a utilisation of 17.39 at the cost of $10.98
# 4 large servers used with a utilisation of 29.67 at the cost of $49.37
# 4 xlarge servers used with a utilisation of 37.81 at the cost of $120.62
# =============================== [ Overall ] ===============================
# actual simulation end time: 136453, #jobs: 712
# total #servers used: 20, avg utilisation: 29.22 and total cost: $197.29
# avg waiting time: 2836, avg exec time: 560 and avg turnaround time: 3396

>>>>>>>>>>>>>>>>>>>>>>>>>>>>>>>>>>>>>>>>> minwjff <<<<<<<<<<<<<<<<<<<<<<<<<<<<<<<<<<<<<<<<<<
# ds-sim server 11-Mar, 2020 @ MQ
# Server-side simulator started with './ds-server -c ./configs/journal/config20-short-med.xml -f websites02 -v stats'
# Waiting for connection to port 50000 of IP address 127.0.0.1
# Welcome  jak0723!
# The system information can be read from 'system.xml'
# ---------------------------------------------------------------------------
# 4 tiny servers used with a utilisation of 38.57 at the cost of $0.41
# 2 small servers used with a utilisation of 19.88 at the cost of $3.77
# 3 medium servers used with a utilisation of 31.89 at the cost of $10.40
# 4 large servers used with a utilisation of 28.45 at the cost of $57.80
# 4 xlarge servers used with a utilisation of 39.62 at the cost of $126.36
# =============================== [ Overall ] ===============================
# actual simulation end time: 135533, #jobs: 712
# total #servers used: 17, avg utilisation: 33.06 and total cost: $198.74
# avg waiting time: 2762, avg exec time: 560 and avg turnaround time: 3322

>>>>>>>>>>>>>>>>>>>>>>>>>>>>>>>>>>>>>>>>> minwjbf <<<<<<<<<<<<<<<<<<<<<<<<<<<<<<<<<<<<<<<<<<
# ds-sim server 11-Mar, 2020 @ MQ
# Server-side simulator started with './ds-server -c ./configs/journal/config20-short-med.xml -f websites02 -v stats'
# Waiting for connection to port 50000 of IP address 127.0.0.1
# Welcome  jak0723!
# The system information can be read from 'system.xml'
# ---------------------------------------------------------------------------
# 4 tiny servers used with a utilisation of 34.08 at the cost of $0.50
# 3 small servers used with a utilisation of 15.74 at the cost of $2.34
# 4 medium servers used with a utilisation of 25.29 at the cost of $9.62
# 4 large servers used with a utilisation of 38.90 at the cost of $51.03
# 4 xlarge servers used with a utilisation of 39.04 at the cost of $122.32
# =============================== [ Overall ] ===============================
# actual simulation end time: 132601, #jobs: 712
# total #servers used: 19, avg utilisation: 31.39 and total cost: $185.82
# avg waiting time: 2721, avg exec time: 560 and avg turnaround time: 3281

>>>>>>>>>>>>>>>>>>>>>>>>>>>>>>>>>>>>>>>>> csa <<<<<<<<<<<<<<<<<<<<<<<<<<<<<<<<<<<<<<<<<<
# ds-sim server 11-Mar, 2020 @ MQ
# Server-side simulator started with './ds-server -c ./configs/journal/config20-short-med.xml -f websites02 -v stats'
# Waiting for connection to port 50000 of IP address 127.0.0.1
# Welcome  jak0723!
# The system information can be read from 'system.xml'
# ---------------------------------------------------------------------------
# 4 tiny servers used with a utilisation of 22.39 at the cost of $1.46
# 4 small servers used with a utilisation of 15.78 at the cost of $4.91
# 4 medium servers used with a utilisation of 28.73 at the cost of $11.85
# 4 large servers used with a utilisation of 28.35 at the cost of $63.65
# 4 xlarge servers used with a utilisation of 38.54 at the cost of $129.67
# =============================== [ Overall ] ===============================
# actual simulation end time: 132243, #jobs: 712
# total #servers used: 20, avg utilisation: 26.76 and total cost: $211.55
# avg waiting time: 2538, avg exec time: 560 and avg turnaround time: 3098
