
>>>>>>>>>>>>>>>>>>>>>>>>>>>>>>>>>>>>>>>>> ff <<<<<<<<<<<<<<<<<<<<<<<<<<<<<<<<<<<<<<<<<<
# ds-sim server 11-Mar, 2020 @ MQ
# Server-side simulator started with './ds-server -c ./configs/journal/config20-short-high.xml -f pl05 -v stats'
# Waiting for connection to port 50000 of IP address 127.0.0.1
# Welcome  jak0723!
# The system information can be read from 'system.xml'
# ---------------------------------------------------------------------------
# 4 tiny servers used with a utilisation of 32.97 at the cost of $8.33
# 4 small servers used with a utilisation of 37.26 at the cost of $11.04
# 4 medium servers used with a utilisation of 21.71 at the cost of $17.97
# 4 large servers used with a utilisation of 29.12 at the cost of $35.42
# 4 xlarge servers used with a utilisation of 49.00 at the cost of $135.04
# =============================== [ Overall ] ===============================
# actual simulation end time: 163574, #jobs: 1026
# total #servers used: 20, avg utilisation: 34.01 and total cost: $207.79
# avg waiting time: 6384, avg exec time: 582 and avg turnaround time: 6966

>>>>>>>>>>>>>>>>>>>>>>>>>>>>>>>>>>>>>>>>> bf <<<<<<<<<<<<<<<<<<<<<<<<<<<<<<<<<<<<<<<<<<
# ds-sim server 11-Mar, 2020 @ MQ
# Server-side simulator started with './ds-server -c ./configs/journal/config20-short-high.xml -f pl05 -v stats'
# Waiting for connection to port 50000 of IP address 127.0.0.1
# Welcome  jak0723!
# The system information can be read from 'system.xml'
# ---------------------------------------------------------------------------
# 4 tiny servers used with a utilisation of 34.74 at the cost of $8.33
# 4 small servers used with a utilisation of 36.40 at the cost of $9.98
# 4 medium servers used with a utilisation of 19.86 at the cost of $16.92
# 4 large servers used with a utilisation of 30.88 at the cost of $35.08
# 4 xlarge servers used with a utilisation of 48.35 at the cost of $134.99
# =============================== [ Overall ] ===============================
# actual simulation end time: 163218, #jobs: 1026
# total #servers used: 20, avg utilisation: 34.05 and total cost: $205.31
# avg waiting time: 6377, avg exec time: 582 and avg turnaround time: 6959

>>>>>>>>>>>>>>>>>>>>>>>>>>>>>>>>>>>>>>>>> minwjff <<<<<<<<<<<<<<<<<<<<<<<<<<<<<<<<<<<<<<<<<<
# ds-sim server 11-Mar, 2020 @ MQ
# Server-side simulator started with './ds-server -c ./configs/journal/config20-short-high.xml -f pl05 -v stats'
# Waiting for connection to port 50000 of IP address 127.0.0.1
# Welcome  jak0723!
# The system information can be read from 'system.xml'
# ---------------------------------------------------------------------------
# 3 tiny servers used with a utilisation of 26.86 at the cost of $3.92
# 4 small servers used with a utilisation of 32.31 at the cost of $7.62
# 4 medium servers used with a utilisation of 24.31 at the cost of $17.04
# 4 large servers used with a utilisation of 29.47 at the cost of $30.02
# 4 xlarge servers used with a utilisation of 49.21 at the cost of $133.33
# =============================== [ Overall ] ===============================
# actual simulation end time: 167921, #jobs: 1026
# total #servers used: 19, avg utilisation: 32.73 and total cost: $191.94
# avg waiting time: 6869, avg exec time: 582 and avg turnaround time: 7451

>>>>>>>>>>>>>>>>>>>>>>>>>>>>>>>>>>>>>>>>> minwjbf <<<<<<<<<<<<<<<<<<<<<<<<<<<<<<<<<<<<<<<<<<
# ds-sim server 11-Mar, 2020 @ MQ
# Server-side simulator started with './ds-server -c ./configs/journal/config20-short-high.xml -f pl05 -v stats'
# Waiting for connection to port 50000 of IP address 127.0.0.1
# Welcome  jak0723!
# The system information can be read from 'system.xml'
# ---------------------------------------------------------------------------
# 4 tiny servers used with a utilisation of 23.96 at the cost of $3.27
# 4 small servers used with a utilisation of 40.46 at the cost of $7.66
# 4 medium servers used with a utilisation of 24.89 at the cost of $13.33
# 4 large servers used with a utilisation of 34.23 at the cost of $33.05
# 4 xlarge servers used with a utilisation of 54.38 at the cost of $130.09
# =============================== [ Overall ] ===============================
# actual simulation end time: 159383, #jobs: 1026
# total #servers used: 20, avg utilisation: 35.58 and total cost: $187.40
# avg waiting time: 5705, avg exec time: 582 and avg turnaround time: 6287

>>>>>>>>>>>>>>>>>>>>>>>>>>>>>>>>>>>>>>>>> csa <<<<<<<<<<<<<<<<<<<<<<<<<<<<<<<<<<<<<<<<<<
# ds-sim server 11-Mar, 2020 @ MQ
# Server-side simulator started with './ds-server -c ./configs/journal/config20-short-high.xml -f pl05 -v stats'
# Waiting for connection to port 50000 of IP address 127.0.0.1
# Welcome  jak0723!
# The system information can be read from 'system.xml'
# ---------------------------------------------------------------------------
# 4 tiny servers used with a utilisation of 22.23 at the cost of $4.54
# 4 small servers used with a utilisation of 32.07 at the cost of $9.09
# 4 medium servers used with a utilisation of 21.45 at the cost of $18.98
# 4 large servers used with a utilisation of 33.97 at the cost of $33.53
# 4 xlarge servers used with a utilisation of 49.55 at the cost of $139.16
# =============================== [ Overall ] ===============================
# actual simulation end time: 167516, #jobs: 1026
# total #servers used: 20, avg utilisation: 31.85 and total cost: $205.29
# avg waiting time: 6839, avg exec time: 582 and avg turnaround time: 7421
