
>>>>>>>>>>>>>>>>>>>>>>>>>>>>>>>>>>>>>>>>> ff <<<<<<<<<<<<<<<<<<<<<<<<<<<<<<<<<<<<<<<<<<
# ds-sim server 11-Mar, 2020 @ MQ
# Server-side simulator started with './ds-server -c ./configs/journal/config100-short-high.xml -v stats'
# Waiting for connection to port 50000 of IP address 127.0.0.1
# Welcome  jak0723!
# The system information can be read from 'system.xml'
# ---------------------------------------------------------------------------
# 19 tiny servers used with a utilisation of 48.20 at the cost of $36.14
# 11 small servers used with a utilisation of 37.11 at the cost of $36.71
# 9 medium servers used with a utilisation of 39.01 at the cost of $68.24
# 16 large servers used with a utilisation of 52.20 at the cost of $251.83
# 20 xlarge servers used with a utilisation of 56.55 at the cost of $768.83
# =============================== [ Overall ] ===============================
# actual simulation end time: 93325, #jobs: 4299
# total #servers used: 75, avg utilisation: 48.55 and total cost: $1161.75
# avg waiting time: 10, avg exec time: 620 and avg turnaround time: 630

>>>>>>>>>>>>>>>>>>>>>>>>>>>>>>>>>>>>>>>>> bf <<<<<<<<<<<<<<<<<<<<<<<<<<<<<<<<<<<<<<<<<<
# ds-sim server 11-Mar, 2020 @ MQ
# Server-side simulator started with './ds-server -c ./configs/journal/config100-short-high.xml -v stats'
# Waiting for connection to port 50000 of IP address 127.0.0.1
# Welcome  jak0723!
# The system information can be read from 'system.xml'
# ---------------------------------------------------------------------------
# 19 tiny servers used with a utilisation of 48.20 at the cost of $36.14
# 11 small servers used with a utilisation of 37.11 at the cost of $36.71
# 7 medium servers used with a utilisation of 39.58 at the cost of $50.02
# 11 large servers used with a utilisation of 40.09 at the cost of $175.75
# 20 xlarge servers used with a utilisation of 52.73 at the cost of $770.59
# =============================== [ Overall ] ===============================
# actual simulation end time: 93325, #jobs: 4299
# total #servers used: 68, avg utilisation: 45.54 and total cost: $1069.21
# avg waiting time: 18, avg exec time: 620 and avg turnaround time: 638
