
>>>>>>>>>>>>>>>>>>>>>>>>>>>>>>>>>>>>>>>>> ff <<<<<<<<<<<<<<<<<<<<<<<<<<<<<<<<<<<<<<<<<<
# ds-sim server 11-Mar, 2020 @ MQ
# Server-side simulator started with './ds-server -c ./configs/journal/config100-short-med.xml -f nd07cpu -v stats'
# Waiting for connection to port 50000 of IP address 127.0.0.1
# Welcome  jak0723!
# The system information can be read from 'system.xml'
# ---------------------------------------------------------------------------
# 19 tiny servers used with a utilisation of 33.19 at the cost of $24.98
# 15 small servers used with a utilisation of 27.15 at the cost of $26.70
# 10 medium servers used with a utilisation of 38.81 at the cost of $45.84
# 17 large servers used with a utilisation of 29.90 at the cost of $178.53
# 19 xlarge servers used with a utilisation of 40.52 at the cost of $496.05
# =============================== [ Overall ] ===============================
# actual simulation end time: 119509, #jobs: 2654
# total #servers used: 80, avg utilisation: 33.80 and total cost: $772.09
# avg waiting time: 350, avg exec time: 613 and avg turnaround time: 963

>>>>>>>>>>>>>>>>>>>>>>>>>>>>>>>>>>>>>>>>> bf <<<<<<<<<<<<<<<<<<<<<<<<<<<<<<<<<<<<<<<<<<
# ds-sim server 11-Mar, 2020 @ MQ
# Server-side simulator started with './ds-server -c ./configs/journal/config100-short-med.xml -f nd07cpu -v stats'
# Waiting for connection to port 50000 of IP address 127.0.0.1
# Welcome  jak0723!
# The system information can be read from 'system.xml'
# ---------------------------------------------------------------------------
# 19 tiny servers used with a utilisation of 33.47 at the cost of $24.96
# 15 small servers used with a utilisation of 27.09 at the cost of $26.70
# 8 medium servers used with a utilisation of 31.08 at the cost of $42.29
# 13 large servers used with a utilisation of 26.66 at the cost of $121.44
# 19 xlarge servers used with a utilisation of 37.74 at the cost of $517.84
# =============================== [ Overall ] ===============================
# actual simulation end time: 119509, #jobs: 2654
# total #servers used: 74, avg utilisation: 31.82 and total cost: $733.23
# avg waiting time: 452, avg exec time: 613 and avg turnaround time: 1065

>>>>>>>>>>>>>>>>>>>>>>>>>>>>>>>>>>>>>>>>> minwjff <<<<<<<<<<<<<<<<<<<<<<<<<<<<<<<<<<<<<<<<<<
# ds-sim server 11-Mar, 2020 @ MQ
# Server-side simulator started with './ds-server -c ./configs/journal/config100-short-med.xml -f nd07cpu -v stats'
# Waiting for connection to port 50000 of IP address 127.0.0.1
# Welcome  jak0723!
# The system information can be read from 'system.xml'
# ---------------------------------------------------------------------------
# 13 tiny servers used with a utilisation of 28.87 at the cost of $6.88
# 8 small servers used with a utilisation of 29.67 at the cost of $7.14
# 7 medium servers used with a utilisation of 49.64 at the cost of $39.79
# 14 large servers used with a utilisation of 29.55 at the cost of $124.55
# 19 xlarge servers used with a utilisation of 39.29 at the cost of $452.22
# =============================== [ Overall ] ===============================
# actual simulation end time: 96982, #jobs: 2654
# total #servers used: 61, avg utilisation: 34.76 and total cost: $630.59
# avg waiting time: 158, avg exec time: 613 and avg turnaround time: 771

>>>>>>>>>>>>>>>>>>>>>>>>>>>>>>>>>>>>>>>>> minwjbf <<<<<<<<<<<<<<<<<<<<<<<<<<<<<<<<<<<<<<<<<<
# ds-sim server 11-Mar, 2020 @ MQ
# Server-side simulator started with './ds-server -c ./configs/journal/config100-short-med.xml -f nd07cpu -v stats'
# Waiting for connection to port 50000 of IP address 127.0.0.1
# Welcome  jak0723!
# The system information can be read from 'system.xml'
# ---------------------------------------------------------------------------
# 13 tiny servers used with a utilisation of 36.79 at the cost of $3.76
# 7 small servers used with a utilisation of 40.07 at the cost of $1.09
# 8 medium servers used with a utilisation of 47.03 at the cost of $32.97
# 15 large servers used with a utilisation of 35.31 at the cost of $93.52
# 19 xlarge servers used with a utilisation of 42.57 at the cost of $451.51
# =============================== [ Overall ] ===============================
# actual simulation end time: 98206, #jobs: 2654
# total #servers used: 62, avg utilisation: 39.90 and total cost: $582.84
# avg waiting time: 220, avg exec time: 613 and avg turnaround time: 833

>>>>>>>>>>>>>>>>>>>>>>>>>>>>>>>>>>>>>>>>> csa <<<<<<<<<<<<<<<<<<<<<<<<<<<<<<<<<<<<<<<<<<
# ds-sim server 11-Mar, 2020 @ MQ
# Server-side simulator started with './ds-server -c ./configs/journal/config100-short-med.xml -f nd07cpu -v stats'
# Waiting for connection to port 50000 of IP address 127.0.0.1
# Welcome  jak0723!
# The system information can be read from 'system.xml'
# ---------------------------------------------------------------------------
# 18 tiny servers used with a utilisation of 23.50 at the cost of $14.30
# 18 small servers used with a utilisation of 18.45 at the cost of $21.76
# 14 medium servers used with a utilisation of 33.55 at the cost of $52.39
# 17 large servers used with a utilisation of 34.02 at the cost of $161.05
# 19 xlarge servers used with a utilisation of 41.27 at the cost of $508.03
# =============================== [ Overall ] ===============================
# actual simulation end time: 95369, #jobs: 2654
# total #servers used: 86, avg utilisation: 30.08 and total cost: $757.53
# avg waiting time: 259, avg exec time: 613 and avg turnaround time: 872
