
>>>>>>>>>>>>>>>>>>>>>>>>>>>>>>>>>>>>>>>>> ff <<<<<<<<<<<<<<<<<<<<<<<<<<<<<<<<<<<<<<<<<<
# ds-sim server 11-Mar, 2020 @ MQ
# Server-side simulator started with './ds-server -c ./configs/journal/config100-med-low.xml -f websites02 -v stats'
# Waiting for connection to port 50000 of IP address 127.0.0.1
# Welcome  jak0723!
# The system information can be read from 'system.xml'
# ---------------------------------------------------------------------------
# 19 tiny servers used with a utilisation of 29.81 at the cost of $12.65
# 10 small servers used with a utilisation of 22.16 at the cost of $9.89
# 9 medium servers used with a utilisation of 31.56 at the cost of $24.88
# 9 large servers used with a utilisation of 37.98 at the cost of $73.70
# 20 xlarge servers used with a utilisation of 27.60 at the cost of $381.03
# =============================== [ Overall ] ===============================
# actual simulation end time: 94518, #jobs: 716
# total #servers used: 67, avg utilisation: 29.34 and total cost: $502.14
# avg waiting time: 1404, avg exec time: 1129 and avg turnaround time: 2533

>>>>>>>>>>>>>>>>>>>>>>>>>>>>>>>>>>>>>>>>> bf <<<<<<<<<<<<<<<<<<<<<<<<<<<<<<<<<<<<<<<<<<
# ds-sim server 11-Mar, 2020 @ MQ
# Server-side simulator started with './ds-server -c ./configs/journal/config100-med-low.xml -f websites02 -v stats'
# Waiting for connection to port 50000 of IP address 127.0.0.1
# Welcome  jak0723!
# The system information can be read from 'system.xml'
# ---------------------------------------------------------------------------
# 19 tiny servers used with a utilisation of 30.97 at the cost of $13.26
# 8 small servers used with a utilisation of 25.09 at the cost of $9.62
# 8 medium servers used with a utilisation of 29.24 at the cost of $20.27
# 6 large servers used with a utilisation of 37.22 at the cost of $51.68
# 20 xlarge servers used with a utilisation of 27.46 at the cost of $376.08
# =============================== [ Overall ] ===============================
# actual simulation end time: 93407, #jobs: 716
# total #servers used: 61, avg utilisation: 29.44 and total cost: $470.91
# avg waiting time: 1246, avg exec time: 1129 and avg turnaround time: 2375

>>>>>>>>>>>>>>>>>>>>>>>>>>>>>>>>>>>>>>>>> minwjff <<<<<<<<<<<<<<<<<<<<<<<<<<<<<<<<<<<<<<<<<<
# ds-sim server 11-Mar, 2020 @ MQ
# Server-side simulator started with './ds-server -c ./configs/journal/config100-med-low.xml -f websites02 -v stats'
# Waiting for connection to port 50000 of IP address 127.0.0.1
# Welcome  jak0723!
# The system information can be read from 'system.xml'
# ---------------------------------------------------------------------------
# 10 tiny servers used with a utilisation of 16.96 at the cost of $1.58
# 12 small servers used with a utilisation of 28.51 at the cost of $5.91
# 7 medium servers used with a utilisation of 37.68 at the cost of $9.36
# 7 large servers used with a utilisation of 41.43 at the cost of $56.66
# 20 xlarge servers used with a utilisation of 29.75 at the cost of $290.19
# =============================== [ Overall ] ===============================
# actual simulation end time: 87433, #jobs: 716
# total #servers used: 56, avg utilisation: 29.65 and total cost: $363.71
# avg waiting time: 400, avg exec time: 1129 and avg turnaround time: 1529

>>>>>>>>>>>>>>>>>>>>>>>>>>>>>>>>>>>>>>>>> minwjbf <<<<<<<<<<<<<<<<<<<<<<<<<<<<<<<<<<<<<<<<<<
# ds-sim server 11-Mar, 2020 @ MQ
# Server-side simulator started with './ds-server -c ./configs/journal/config100-med-low.xml -f websites02 -v stats'
# Waiting for connection to port 50000 of IP address 127.0.0.1
# Welcome  jak0723!
# The system information can be read from 'system.xml'
# ---------------------------------------------------------------------------
# 10 tiny servers used with a utilisation of 19.78 at the cost of $0.34
# 13 small servers used with a utilisation of 30.11 at the cost of $3.03
# 8 medium servers used with a utilisation of 42.46 at the cost of $4.07
# 8 large servers used with a utilisation of 42.12 at the cost of $43.54
# 20 xlarge servers used with a utilisation of 34.62 at the cost of $322.50
# =============================== [ Overall ] ===============================
# actual simulation end time: 90717, #jobs: 716
# total #servers used: 59, avg utilisation: 33.19 and total cost: $373.48
# avg waiting time: 813, avg exec time: 1129 and avg turnaround time: 1942

>>>>>>>>>>>>>>>>>>>>>>>>>>>>>>>>>>>>>>>>> csa <<<<<<<<<<<<<<<<<<<<<<<<<<<<<<<<<<<<<<<<<<
# ds-sim server 11-Mar, 2020 @ MQ
# Server-side simulator started with './ds-server -c ./configs/journal/config100-med-low.xml -f websites02 -v stats'
# Waiting for connection to port 50000 of IP address 127.0.0.1
# Welcome  jak0723!
# The system information can be read from 'system.xml'
# ---------------------------------------------------------------------------
# 20 tiny servers used with a utilisation of 22.91 at the cost of $5.59
# 15 small servers used with a utilisation of 24.49 at the cost of $12.62
# 14 medium servers used with a utilisation of 19.50 at the cost of $23.68
# 13 large servers used with a utilisation of 25.91 at the cost of $91.13
# 20 xlarge servers used with a utilisation of 31.98 at the cost of $369.11
# =============================== [ Overall ] ===============================
# actual simulation end time: 92054, #jobs: 716
# total #servers used: 82, avg utilisation: 25.30 and total cost: $502.13
# avg waiting time: 777, avg exec time: 1129 and avg turnaround time: 1906
