
>>>>>>>>>>>>>>>>>>>>>>>>>>>>>>>>>>>>>>>>> ff <<<<<<<<<<<<<<<<<<<<<<<<<<<<<<<<<<<<<<<<<<
# ds-sim server 11-Mar, 2020 @ MQ
# Server-side simulator started with './ds-server -c ./configs/journal/config20-long-med.xml -f g5k06 -v stats'
# Waiting for connection to port 50000 of IP address 127.0.0.1
# Welcome  jak0723!
# The system information can be read from 'system.xml'
# ---------------------------------------------------------------------------
# 4 tiny servers used with a utilisation of 20.38 at the cost of $4.15
# 4 small servers used with a utilisation of 22.18 at the cost of $12.57
# 4 medium servers used with a utilisation of 26.39 at the cost of $18.42
# 4 large servers used with a utilisation of 52.23 at the cost of $54.37
# 4 xlarge servers used with a utilisation of 27.74 at the cost of $205.69
# =============================== [ Overall ] ===============================
# actual simulation end time: 301404, #jobs: 288
# total #servers used: 20, avg utilisation: 29.78 and total cost: $295.19
# avg waiting time: 34701, avg exec time: 2400 and avg turnaround time: 37101

>>>>>>>>>>>>>>>>>>>>>>>>>>>>>>>>>>>>>>>>> bf <<<<<<<<<<<<<<<<<<<<<<<<<<<<<<<<<<<<<<<<<<
# ds-sim server 11-Mar, 2020 @ MQ
# Server-side simulator started with './ds-server -c ./configs/journal/config20-long-med.xml -f g5k06 -v stats'
# Waiting for connection to port 50000 of IP address 127.0.0.1
# Welcome  jak0723!
# The system information can be read from 'system.xml'
# ---------------------------------------------------------------------------
# 4 tiny servers used with a utilisation of 19.56 at the cost of $4.37
# 4 small servers used with a utilisation of 22.90 at the cost of $11.90
# 4 medium servers used with a utilisation of 25.92 at the cost of $15.51
# 4 large servers used with a utilisation of 52.50 at the cost of $55.34
# 4 xlarge servers used with a utilisation of 26.74 at the cost of $208.95
# =============================== [ Overall ] ===============================
# actual simulation end time: 312783, #jobs: 288
# total #servers used: 20, avg utilisation: 29.53 and total cost: $296.06
# avg waiting time: 35845, avg exec time: 2400 and avg turnaround time: 38245

>>>>>>>>>>>>>>>>>>>>>>>>>>>>>>>>>>>>>>>>> minwjff <<<<<<<<<<<<<<<<<<<<<<<<<<<<<<<<<<<<<<<<<<
# ds-sim server 11-Mar, 2020 @ MQ
# Server-side simulator started with './ds-server -c ./configs/journal/config20-long-med.xml -f g5k06 -v stats'
# Waiting for connection to port 50000 of IP address 127.0.0.1
# Welcome  jak0723!
# The system information can be read from 'system.xml'
# ---------------------------------------------------------------------------
# 4 tiny servers used with a utilisation of 10.78 at the cost of $2.74
# 4 small servers used with a utilisation of 21.11 at the cost of $5.18
# 4 medium servers used with a utilisation of 23.32 at the cost of $11.57
# 4 large servers used with a utilisation of 51.21 at the cost of $59.01
# 4 xlarge servers used with a utilisation of 34.85 at the cost of $214.43
# =============================== [ Overall ] ===============================
# actual simulation end time: 220670, #jobs: 288
# total #servers used: 20, avg utilisation: 28.25 and total cost: $292.93
# avg waiting time: 26503, avg exec time: 2400 and avg turnaround time: 28903

>>>>>>>>>>>>>>>>>>>>>>>>>>>>>>>>>>>>>>>>> minwjbf <<<<<<<<<<<<<<<<<<<<<<<<<<<<<<<<<<<<<<<<<<
# ds-sim server 11-Mar, 2020 @ MQ
# Server-side simulator started with './ds-server -c ./configs/journal/config20-long-med.xml -f g5k06 -v stats'
# Waiting for connection to port 50000 of IP address 127.0.0.1
# Welcome  jak0723!
# The system information can be read from 'system.xml'
# ---------------------------------------------------------------------------
# 4 tiny servers used with a utilisation of 10.46 at the cost of $1.45
# 4 small servers used with a utilisation of 32.39 at the cost of $4.40
# 4 medium servers used with a utilisation of 31.51 at the cost of $6.64
# 4 large servers used with a utilisation of 57.22 at the cost of $55.80
# 4 xlarge servers used with a utilisation of 33.61 at the cost of $213.85
# =============================== [ Overall ] ===============================
# actual simulation end time: 224906, #jobs: 288
# total #servers used: 20, avg utilisation: 33.04 and total cost: $282.13
# avg waiting time: 27891, avg exec time: 2400 and avg turnaround time: 30291

>>>>>>>>>>>>>>>>>>>>>>>>>>>>>>>>>>>>>>>>> csa <<<<<<<<<<<<<<<<<<<<<<<<<<<<<<<<<<<<<<<<<<
# ds-sim server 11-Mar, 2020 @ MQ
# Server-side simulator started with './ds-server -c ./configs/journal/config20-long-med.xml -f g5k06 -v stats'
# Waiting for connection to port 50000 of IP address 127.0.0.1
# Welcome  jak0723!
# The system information can be read from 'system.xml'
# ---------------------------------------------------------------------------
# 4 tiny servers used with a utilisation of 11.23 at the cost of $2.83
# 4 small servers used with a utilisation of 19.83 at the cost of $5.56
# 4 medium servers used with a utilisation of 18.92 at the cost of $14.09
# 4 large servers used with a utilisation of 51.32 at the cost of $62.45
# 4 xlarge servers used with a utilisation of 33.54 at the cost of $213.00
# =============================== [ Overall ] ===============================
# actual simulation end time: 219410, #jobs: 288
# total #servers used: 20, avg utilisation: 26.97 and total cost: $297.92
# avg waiting time: 25894, avg exec time: 2400 and avg turnaround time: 28294
