
>>>>>>>>>>>>>>>>>>>>>>>>>>>>>>>>>>>>>>>>> ff <<<<<<<<<<<<<<<<<<<<<<<<<<<<<<<<<<<<<<<<<<
# ds-sim server 11-Mar, 2020 @ MQ
# Server-side simulator started with './ds-server -c ./configs/journal/config100-long-high.xml -f teragrid -v stats'
# Waiting for connection to port 50000 of IP address 127.0.0.1
# Welcome  jak0723!
# The system information can be read from 'system.xml'
# ---------------------------------------------------------------------------
# 18 tiny servers used with a utilisation of 44.07 at the cost of $32.26
# 10 small servers used with a utilisation of 48.30 at the cost of $25.81
# 12 medium servers used with a utilisation of 40.37 at the cost of $94.46
# 17 large servers used with a utilisation of 50.23 at the cost of $291.54
# 20 xlarge servers used with a utilisation of 64.86 at the cost of $710.74
# =============================== [ Overall ] ===============================
# actual simulation end time: 95287, #jobs: 1144
# total #servers used: 77, avg utilisation: 50.80 and total cost: $1154.82
# avg waiting time: 164, avg exec time: 2522 and avg turnaround time: 2686

>>>>>>>>>>>>>>>>>>>>>>>>>>>>>>>>>>>>>>>>> bf <<<<<<<<<<<<<<<<<<<<<<<<<<<<<<<<<<<<<<<<<<
# ds-sim server 11-Mar, 2020 @ MQ
# Server-side simulator started with './ds-server -c ./configs/journal/config100-long-high.xml -f teragrid -v stats'
# Waiting for connection to port 50000 of IP address 127.0.0.1
# Welcome  jak0723!
# The system information can be read from 'system.xml'
# ---------------------------------------------------------------------------
# 18 tiny servers used with a utilisation of 44.07 at the cost of $32.26
# 10 small servers used with a utilisation of 48.30 at the cost of $25.81
# 10 medium servers used with a utilisation of 45.51 at the cost of $79.76
# 11 large servers used with a utilisation of 44.69 at the cost of $185.54
# 20 xlarge servers used with a utilisation of 66.98 at the cost of $710.70
# =============================== [ Overall ] ===============================
# actual simulation end time: 97007, #jobs: 1144
# total #servers used: 69, avg utilisation: 51.63 and total cost: $1034.07
# avg waiting time: 148, avg exec time: 2522 and avg turnaround time: 2670

>>>>>>>>>>>>>>>>>>>>>>>>>>>>>>>>>>>>>>>>> minwjff <<<<<<<<<<<<<<<<<<<<<<<<<<<<<<<<<<<<<<<<<<
# ds-sim server 11-Mar, 2020 @ MQ
# Server-side simulator started with './ds-server -c ./configs/journal/config100-long-high.xml -f teragrid -v stats'
# Waiting for connection to port 50000 of IP address 127.0.0.1
# Welcome  jak0723!
# The system information can be read from 'system.xml'
# ---------------------------------------------------------------------------
# 19 tiny servers used with a utilisation of 37.49 at the cost of $32.61
# 9 small servers used with a utilisation of 48.51 at the cost of $25.87
# 12 medium servers used with a utilisation of 47.12 at the cost of $93.05
# 18 large servers used with a utilisation of 47.19 at the cost of $291.50
# 20 xlarge servers used with a utilisation of 65.63 at the cost of $703.02
# =============================== [ Overall ] ===============================
# actual simulation end time: 91786, #jobs: 1144
# total #servers used: 78, avg utilisation: 49.70 and total cost: $1146.04
# avg waiting time: 60, avg exec time: 2522 and avg turnaround time: 2582

>>>>>>>>>>>>>>>>>>>>>>>>>>>>>>>>>>>>>>>>> minwjbf <<<<<<<<<<<<<<<<<<<<<<<<<<<<<<<<<<<<<<<<<<
# ds-sim server 11-Mar, 2020 @ MQ
# Server-side simulator started with './ds-server -c ./configs/journal/config100-long-high.xml -f teragrid -v stats'
# Waiting for connection to port 50000 of IP address 127.0.0.1
# Welcome  jak0723!
# The system information can be read from 'system.xml'
# ---------------------------------------------------------------------------
# 19 tiny servers used with a utilisation of 37.49 at the cost of $32.61
# 9 small servers used with a utilisation of 48.51 at the cost of $25.87
# 12 medium servers used with a utilisation of 47.12 at the cost of $93.05
# 18 large servers used with a utilisation of 47.19 at the cost of $291.50
# 20 xlarge servers used with a utilisation of 65.87 at the cost of $699.57
# =============================== [ Overall ] ===============================
# actual simulation end time: 91786, #jobs: 1144
# total #servers used: 78, avg utilisation: 49.76 and total cost: $1142.59
# avg waiting time: 52, avg exec time: 2522 and avg turnaround time: 2574

>>>>>>>>>>>>>>>>>>>>>>>>>>>>>>>>>>>>>>>>> csa <<<<<<<<<<<<<<<<<<<<<<<<<<<<<<<<<<<<<<<<<<
# ds-sim server 11-Mar, 2020 @ MQ
# Server-side simulator started with './ds-server -c ./configs/journal/config100-long-high.xml -f teragrid -v stats'
# Waiting for connection to port 50000 of IP address 127.0.0.1
# Welcome  jak0723!
# The system information can be read from 'system.xml'
# ---------------------------------------------------------------------------
# 18 tiny servers used with a utilisation of 47.54 at the cost of $31.74
# 10 small servers used with a utilisation of 40.14 at the cost of $27.13
# 12 medium servers used with a utilisation of 40.37 at the cost of $94.46
# 17 large servers used with a utilisation of 48.28 at the cost of $292.66
# 20 xlarge servers used with a utilisation of 65.62 at the cost of $702.96
# =============================== [ Overall ] ===============================
# actual simulation end time: 91786, #jobs: 1144
# total #servers used: 77, avg utilisation: 50.32 and total cost: $1148.94
# avg waiting time: 68, avg exec time: 2522 and avg turnaround time: 2590
