
>>>>>>>>>>>>>>>>>>>>>>>>>>>>>>>>>>>>>>>>> ff <<<<<<<<<<<<<<<<<<<<<<<<<<<<<<<<<<<<<<<<<<
# ds-sim server 11-Mar, 2020 @ MQ
# Server-side simulator started with './ds-server -c ./configs/journal/config100-long-med.xml -f g5k06 -v stats'
# Waiting for connection to port 50000 of IP address 127.0.0.1
# Welcome  jak0723!
# The system information can be read from 'system.xml'
# ---------------------------------------------------------------------------
# 20 tiny servers used with a utilisation of 27.21 at the cost of $22.16
# 10 small servers used with a utilisation of 31.94 at the cost of $19.76
# 17 medium servers used with a utilisation of 27.29 at the cost of $61.33
# 19 large servers used with a utilisation of 25.26 at the cost of $261.21
# 20 xlarge servers used with a utilisation of 35.05 at the cost of $813.67
# =============================== [ Overall ] ===============================
# actual simulation end time: 257302, #jobs: 780
# total #servers used: 86, avg utilisation: 29.17 and total cost: $1178.13
# avg waiting time: 14526, avg exec time: 2372 and avg turnaround time: 16898

>>>>>>>>>>>>>>>>>>>>>>>>>>>>>>>>>>>>>>>>> bf <<<<<<<<<<<<<<<<<<<<<<<<<<<<<<<<<<<<<<<<<<
# ds-sim server 11-Mar, 2020 @ MQ
# Server-side simulator started with './ds-server -c ./configs/journal/config100-long-med.xml -f g5k06 -v stats'
# Waiting for connection to port 50000 of IP address 127.0.0.1
# Welcome  jak0723!
# The system information can be read from 'system.xml'
# ---------------------------------------------------------------------------
# 20 tiny servers used with a utilisation of 29.02 at the cost of $22.20
# 10 small servers used with a utilisation of 32.75 at the cost of $19.40
# 16 medium servers used with a utilisation of 19.41 at the cost of $42.49
# 19 large servers used with a utilisation of 23.60 at the cost of $205.18
# 20 xlarge servers used with a utilisation of 36.97 at the cost of $820.38
# =============================== [ Overall ] ===============================
# actual simulation end time: 283693, #jobs: 780
# total #servers used: 85, avg utilisation: 28.31 and total cost: $1109.64
# avg waiting time: 15483, avg exec time: 2372 and avg turnaround time: 17855

>>>>>>>>>>>>>>>>>>>>>>>>>>>>>>>>>>>>>>>>> minwjff <<<<<<<<<<<<<<<<<<<<<<<<<<<<<<<<<<<<<<<<<<
# ds-sim server 11-Mar, 2020 @ MQ
# Server-side simulator started with './ds-server -c ./configs/journal/config100-long-med.xml -f g5k06 -v stats'
# Waiting for connection to port 50000 of IP address 127.0.0.1
# Welcome  jak0723!
# The system information can be read from 'system.xml'
# ---------------------------------------------------------------------------
# 10 tiny servers used with a utilisation of 32.38 at the cost of $10.26
# 8 small servers used with a utilisation of 43.82 at the cost of $13.76
# 13 medium servers used with a utilisation of 26.79 at the cost of $35.35
# 19 large servers used with a utilisation of 25.89 at the cost of $211.59
# 20 xlarge servers used with a utilisation of 35.16 at the cost of $914.50
# =============================== [ Overall ] ===============================
# actual simulation end time: 147853, #jobs: 780
# total #servers used: 70, avg utilisation: 31.68 and total cost: $1185.47
# avg waiting time: 10271, avg exec time: 2372 and avg turnaround time: 12643

>>>>>>>>>>>>>>>>>>>>>>>>>>>>>>>>>>>>>>>>> minwjbf <<<<<<<<<<<<<<<<<<<<<<<<<<<<<<<<<<<<<<<<<<
# ds-sim server 11-Mar, 2020 @ MQ
# Server-side simulator started with './ds-server -c ./configs/journal/config100-long-med.xml -f g5k06 -v stats'
# Waiting for connection to port 50000 of IP address 127.0.0.1
# Welcome  jak0723!
# The system information can be read from 'system.xml'
# ---------------------------------------------------------------------------
# 14 tiny servers used with a utilisation of 32.69 at the cost of $4.97
# 10 small servers used with a utilisation of 33.55 at the cost of $8.57
# 16 medium servers used with a utilisation of 30.80 at the cost of $38.20
# 19 large servers used with a utilisation of 30.28 at the cost of $249.90
# 20 xlarge servers used with a utilisation of 33.97 at the cost of $912.47
# =============================== [ Overall ] ===============================
# actual simulation end time: 146227, #jobs: 780
# total #servers used: 79, avg utilisation: 32.16 and total cost: $1214.11
# avg waiting time: 11920, avg exec time: 2372 and avg turnaround time: 14292

>>>>>>>>>>>>>>>>>>>>>>>>>>>>>>>>>>>>>>>>> csa <<<<<<<<<<<<<<<<<<<<<<<<<<<<<<<<<<<<<<<<<<
# ds-sim server 11-Mar, 2020 @ MQ
# Server-side simulator started with './ds-server -c ./configs/journal/config100-long-med.xml -f g5k06 -v stats'
# Waiting for connection to port 50000 of IP address 127.0.0.1
# Welcome  jak0723!
# The system information can be read from 'system.xml'
# ---------------------------------------------------------------------------
# 17 tiny servers used with a utilisation of 28.15 at the cost of $13.80
# 15 small servers used with a utilisation of 31.21 at the cost of $18.30
# 19 medium servers used with a utilisation of 13.05 at the cost of $60.31
# 19 large servers used with a utilisation of 23.91 at the cost of $240.41
# 20 xlarge servers used with a utilisation of 35.01 at the cost of $925.38
# =============================== [ Overall ] ===============================
# actual simulation end time: 147279, #jobs: 780
# total #servers used: 90, avg utilisation: 26.10 and total cost: $1258.20
# avg waiting time: 12035, avg exec time: 2372 and avg turnaround time: 14407
