
>>>>>>>>>>>>>>>>>>>>>>>>>>>>>>>>>>>>>>>>> ff <<<<<<<<<<<<<<<<<<<<<<<<<<<<<<<<<<<<<<<<<<
# ds-sim server 11-Mar, 2020 @ MQ
# Server-side simulator started with './ds-server -c ./configs/journal/config20-short-high.xml -f nd07cpu -v stats'
# Waiting for connection to port 50000 of IP address 127.0.0.1
# Welcome  jak0723!
# The system information can be read from 'system.xml'
# ---------------------------------------------------------------------------
# 4 tiny servers used with a utilisation of 42.38 at the cost of $7.64
# 4 small servers used with a utilisation of 31.16 at the cost of $11.35
# 3 medium servers used with a utilisation of 30.58 at the cost of $20.02
# 4 large servers used with a utilisation of 33.95 at the cost of $33.93
# 4 xlarge servers used with a utilisation of 50.76 at the cost of $122.62
# =============================== [ Overall ] ===============================
# actual simulation end time: 146191, #jobs: 1026
# total #servers used: 19, avg utilisation: 38.14 and total cost: $195.57
# avg waiting time: 3939, avg exec time: 582 and avg turnaround time: 4521

>>>>>>>>>>>>>>>>>>>>>>>>>>>>>>>>>>>>>>>>> bf <<<<<<<<<<<<<<<<<<<<<<<<<<<<<<<<<<<<<<<<<<
# ds-sim server 11-Mar, 2020 @ MQ
# Server-side simulator started with './ds-server -c ./configs/journal/config20-short-high.xml -f nd07cpu -v stats'
# Waiting for connection to port 50000 of IP address 127.0.0.1
# Welcome  jak0723!
# The system information can be read from 'system.xml'
# ---------------------------------------------------------------------------
# 4 tiny servers used with a utilisation of 39.47 at the cost of $7.80
# 4 small servers used with a utilisation of 31.24 at the cost of $10.38
# 3 medium servers used with a utilisation of 28.24 at the cost of $18.65
# 4 large servers used with a utilisation of 32.85 at the cost of $33.42
# 4 xlarge servers used with a utilisation of 50.83 at the cost of $122.52
# =============================== [ Overall ] ===============================
# actual simulation end time: 146267, #jobs: 1026
# total #servers used: 19, avg utilisation: 36.96 and total cost: $192.77
# avg waiting time: 3988, avg exec time: 582 and avg turnaround time: 4570

>>>>>>>>>>>>>>>>>>>>>>>>>>>>>>>>>>>>>>>>> minwjff <<<<<<<<<<<<<<<<<<<<<<<<<<<<<<<<<<<<<<<<<<
# ds-sim server 11-Mar, 2020 @ MQ
# Server-side simulator started with './ds-server -c ./configs/journal/config20-short-high.xml -f nd07cpu -v stats'
# Waiting for connection to port 50000 of IP address 127.0.0.1
# Welcome  jak0723!
# The system information can be read from 'system.xml'
# ---------------------------------------------------------------------------
# 3 tiny servers used with a utilisation of 22.60 at the cost of $2.40
# 3 small servers used with a utilisation of 34.31 at the cost of $6.58
# 3 medium servers used with a utilisation of 27.25 at the cost of $15.82
# 4 large servers used with a utilisation of 26.33 at the cost of $22.38
# 4 xlarge servers used with a utilisation of 49.87 at the cost of $135.97
# =============================== [ Overall ] ===============================
# actual simulation end time: 177725, #jobs: 1026
# total #servers used: 17, avg utilisation: 32.78 and total cost: $183.16
# avg waiting time: 6478, avg exec time: 582 and avg turnaround time: 7060

>>>>>>>>>>>>>>>>>>>>>>>>>>>>>>>>>>>>>>>>> minwjbf <<<<<<<<<<<<<<<<<<<<<<<<<<<<<<<<<<<<<<<<<<
# ds-sim server 11-Mar, 2020 @ MQ
# Server-side simulator started with './ds-server -c ./configs/journal/config20-short-high.xml -f nd07cpu -v stats'
# Waiting for connection to port 50000 of IP address 127.0.0.1
# Welcome  jak0723!
# The system information can be read from 'system.xml'
# ---------------------------------------------------------------------------
# 4 tiny servers used with a utilisation of 40.75 at the cost of $0.62
# 4 small servers used with a utilisation of 35.24 at the cost of $6.56
# 3 medium servers used with a utilisation of 25.51 at the cost of $8.47
# 4 large servers used with a utilisation of 33.31 at the cost of $24.13
# 4 xlarge servers used with a utilisation of 48.51 at the cost of $132.70
# =============================== [ Overall ] ===============================
# actual simulation end time: 174601, #jobs: 1026
# total #servers used: 19, avg utilisation: 37.25 and total cost: $172.47
# avg waiting time: 6765, avg exec time: 582 and avg turnaround time: 7347

>>>>>>>>>>>>>>>>>>>>>>>>>>>>>>>>>>>>>>>>> csa <<<<<<<<<<<<<<<<<<<<<<<<<<<<<<<<<<<<<<<<<<
# ds-sim server 11-Mar, 2020 @ MQ
# Server-side simulator started with './ds-server -c ./configs/journal/config20-short-high.xml -f nd07cpu -v stats'
# Waiting for connection to port 50000 of IP address 127.0.0.1
# Welcome  jak0723!
# The system information can be read from 'system.xml'
# ---------------------------------------------------------------------------
# 4 tiny servers used with a utilisation of 30.71 at the cost of $2.11
# 4 small servers used with a utilisation of 24.71 at the cost of $7.12
# 4 medium servers used with a utilisation of 21.29 at the cost of $13.98
# 4 large servers used with a utilisation of 28.96 at the cost of $24.44
# 4 xlarge servers used with a utilisation of 64.54 at the cost of $137.52
# =============================== [ Overall ] ===============================
# actual simulation end time: 180193, #jobs: 1026
# total #servers used: 20, avg utilisation: 34.04 and total cost: $185.16
# avg waiting time: 6680, avg exec time: 582 and avg turnaround time: 7262
