
>>>>>>>>>>>>>>>>>>>>>>>>>>>>>>>>>>>>>>>>> ff <<<<<<<<<<<<<<<<<<<<<<<<<<<<<<<<<<<<<<<<<<
# ds-sim server 11-Mar, 2020 @ MQ
# Server-side simulator started with './ds-server -c ./configs/journal/config20-short-high.xml -f g5k06 -v stats'
# Waiting for connection to port 50000 of IP address 127.0.0.1
# Welcome  jak0723!
# The system information can be read from 'system.xml'
# ---------------------------------------------------------------------------
# 4 tiny servers used with a utilisation of 45.80 at the cost of $7.35
# 4 small servers used with a utilisation of 34.76 at the cost of $8.57
# 4 medium servers used with a utilisation of 36.76 at the cost of $16.73
# 4 large servers used with a utilisation of 35.53 at the cost of $47.66
# 4 xlarge servers used with a utilisation of 45.57 at the cost of $143.28
# =============================== [ Overall ] ===============================
# actual simulation end time: 197636, #jobs: 1026
# total #servers used: 20, avg utilisation: 39.68 and total cost: $223.59
# avg waiting time: 8790, avg exec time: 582 and avg turnaround time: 9372

>>>>>>>>>>>>>>>>>>>>>>>>>>>>>>>>>>>>>>>>> bf <<<<<<<<<<<<<<<<<<<<<<<<<<<<<<<<<<<<<<<<<<
# ds-sim server 11-Mar, 2020 @ MQ
# Server-side simulator started with './ds-server -c ./configs/journal/config20-short-high.xml -f g5k06 -v stats'
# Waiting for connection to port 50000 of IP address 127.0.0.1
# Welcome  jak0723!
# The system information can be read from 'system.xml'
# ---------------------------------------------------------------------------
# 4 tiny servers used with a utilisation of 42.18 at the cost of $7.32
# 4 small servers used with a utilisation of 33.84 at the cost of $8.69
# 4 medium servers used with a utilisation of 24.38 at the cost of $18.82
# 4 large servers used with a utilisation of 35.85 at the cost of $46.84
# 4 xlarge servers used with a utilisation of 46.51 at the cost of $141.83
# =============================== [ Overall ] ===============================
# actual simulation end time: 197017, #jobs: 1026
# total #servers used: 20, avg utilisation: 36.55 and total cost: $223.49
# avg waiting time: 8315, avg exec time: 582 and avg turnaround time: 8897

>>>>>>>>>>>>>>>>>>>>>>>>>>>>>>>>>>>>>>>>> minwjff <<<<<<<<<<<<<<<<<<<<<<<<<<<<<<<<<<<<<<<<<<
# ds-sim server 11-Mar, 2020 @ MQ
# Server-side simulator started with './ds-server -c ./configs/journal/config20-short-high.xml -f g5k06 -v stats'
# Waiting for connection to port 50000 of IP address 127.0.0.1
# Welcome  jak0723!
# The system information can be read from 'system.xml'
# ---------------------------------------------------------------------------
# 4 tiny servers used with a utilisation of 17.99 at the cost of $3.12
# 4 small servers used with a utilisation of 24.94 at the cost of $2.89
# 4 medium servers used with a utilisation of 23.50 at the cost of $19.10
# 4 large servers used with a utilisation of 36.20 at the cost of $48.98
# 4 xlarge servers used with a utilisation of 47.49 at the cost of $150.78
# =============================== [ Overall ] ===============================
# actual simulation end time: 184167, #jobs: 1026
# total #servers used: 20, avg utilisation: 30.02 and total cost: $224.87
# avg waiting time: 7187, avg exec time: 582 and avg turnaround time: 7769

>>>>>>>>>>>>>>>>>>>>>>>>>>>>>>>>>>>>>>>>> minwjbf <<<<<<<<<<<<<<<<<<<<<<<<<<<<<<<<<<<<<<<<<<
# ds-sim server 11-Mar, 2020 @ MQ
# Server-side simulator started with './ds-server -c ./configs/journal/config20-short-high.xml -f g5k06 -v stats'
# Waiting for connection to port 50000 of IP address 127.0.0.1
# Welcome  jak0723!
# The system information can be read from 'system.xml'
# ---------------------------------------------------------------------------
# 4 tiny servers used with a utilisation of 25.11 at the cost of $3.29
# 4 small servers used with a utilisation of 32.80 at the cost of $2.90
# 4 medium servers used with a utilisation of 21.53 at the cost of $17.27
# 4 large servers used with a utilisation of 44.48 at the cost of $46.07
# 4 xlarge servers used with a utilisation of 50.05 at the cost of $140.14
# =============================== [ Overall ] ===============================
# actual simulation end time: 189991, #jobs: 1026
# total #servers used: 20, avg utilisation: 34.79 and total cost: $209.68
# avg waiting time: 6502, avg exec time: 582 and avg turnaround time: 7084

>>>>>>>>>>>>>>>>>>>>>>>>>>>>>>>>>>>>>>>>> csa <<<<<<<<<<<<<<<<<<<<<<<<<<<<<<<<<<<<<<<<<<
# ds-sim server 11-Mar, 2020 @ MQ
# Server-side simulator started with './ds-server -c ./configs/journal/config20-short-high.xml -f g5k06 -v stats'
# Waiting for connection to port 50000 of IP address 127.0.0.1
# Welcome  jak0723!
# The system information can be read from 'system.xml'
# ---------------------------------------------------------------------------
# 4 tiny servers used with a utilisation of 21.02 at the cost of $3.63
# 4 small servers used with a utilisation of 17.05 at the cost of $4.38
# 4 medium servers used with a utilisation of 33.13 at the cost of $21.79
# 4 large servers used with a utilisation of 41.94 at the cost of $46.55
# 4 xlarge servers used with a utilisation of 46.41 at the cost of $151.21
# =============================== [ Overall ] ===============================
# actual simulation end time: 195618, #jobs: 1026
# total #servers used: 20, avg utilisation: 31.91 and total cost: $227.56
# avg waiting time: 8440, avg exec time: 582 and avg turnaround time: 9022
