
>>>>>>>>>>>>>>>>>>>>>>>>>>>>>>>>>>>>>>>>> ff <<<<<<<<<<<<<<<<<<<<<<<<<<<<<<<<<<<<<<<<<<
# ds-sim server 11-Mar, 2020 @ MQ
# Server-side simulator started with './ds-server -c ./configs/journal/config100-long-low.xml -f nd07cpu -v stats'
# Waiting for connection to port 50000 of IP address 127.0.0.1
# Welcome  jak0723!
# The system information can be read from 'system.xml'
# ---------------------------------------------------------------------------
# 19 tiny servers used with a utilisation of 30.85 at the cost of $16.70
# 5 small servers used with a utilisation of 29.84 at the cost of $11.24
# 8 medium servers used with a utilisation of 27.36 at the cost of $31.84
# 10 large servers used with a utilisation of 33.35 at the cost of $104.64
# 20 xlarge servers used with a utilisation of 31.13 at the cost of $340.54
# =============================== [ Overall ] ===============================
# actual simulation end time: 92282, #jobs: 443
# total #servers used: 62, avg utilisation: 30.81 and total cost: $504.97
# avg waiting time: 1394, avg exec time: 2391 and avg turnaround time: 3785

>>>>>>>>>>>>>>>>>>>>>>>>>>>>>>>>>>>>>>>>> bf <<<<<<<<<<<<<<<<<<<<<<<<<<<<<<<<<<<<<<<<<<
# ds-sim server 11-Mar, 2020 @ MQ
# Server-side simulator started with './ds-server -c ./configs/journal/config100-long-low.xml -f nd07cpu -v stats'
# Waiting for connection to port 50000 of IP address 127.0.0.1
# Welcome  jak0723!
# The system information can be read from 'system.xml'
# ---------------------------------------------------------------------------
# 19 tiny servers used with a utilisation of 30.50 at the cost of $16.91
# 4 small servers used with a utilisation of 27.51 at the cost of $7.80
# 7 medium servers used with a utilisation of 25.39 at the cost of $26.73
# 9 large servers used with a utilisation of 33.08 at the cost of $62.67
# 20 xlarge servers used with a utilisation of 32.08 at the cost of $340.84
# =============================== [ Overall ] ===============================
# actual simulation end time: 95706, #jobs: 443
# total #servers used: 59, avg utilisation: 30.62 and total cost: $454.96
# avg waiting time: 1399, avg exec time: 2391 and avg turnaround time: 3790

>>>>>>>>>>>>>>>>>>>>>>>>>>>>>>>>>>>>>>>>> minwjff <<<<<<<<<<<<<<<<<<<<<<<<<<<<<<<<<<<<<<<<<<
# ds-sim server 11-Mar, 2020 @ MQ
# Server-side simulator started with './ds-server -c ./configs/journal/config100-long-low.xml -f nd07cpu -v stats'
# Waiting for connection to port 50000 of IP address 127.0.0.1
# Welcome  jak0723!
# The system information can be read from 'system.xml'
# ---------------------------------------------------------------------------
# 13 tiny servers used with a utilisation of 42.25 at the cost of $4.86
# 9 small servers used with a utilisation of 51.68 at the cost of $7.48
# 9 medium servers used with a utilisation of 47.36 at the cost of $35.03
# 10 large servers used with a utilisation of 41.35 at the cost of $63.68
# 17 xlarge servers used with a utilisation of 34.73 at the cost of $290.74
# =============================== [ Overall ] ===============================
# actual simulation end time: 92234, #jobs: 443
# total #servers used: 58, avg utilisation: 42.15 and total cost: $401.80
# avg waiting time: 447, avg exec time: 2391 and avg turnaround time: 2838

>>>>>>>>>>>>>>>>>>>>>>>>>>>>>>>>>>>>>>>>> minwjbf <<<<<<<<<<<<<<<<<<<<<<<<<<<<<<<<<<<<<<<<<<
# ds-sim server 11-Mar, 2020 @ MQ
# Server-side simulator started with './ds-server -c ./configs/journal/config100-long-low.xml -f nd07cpu -v stats'
# Waiting for connection to port 50000 of IP address 127.0.0.1
# Welcome  jak0723!
# The system information can be read from 'system.xml'
# ---------------------------------------------------------------------------
# 13 tiny servers used with a utilisation of 42.25 at the cost of $4.86
# 9 small servers used with a utilisation of 51.68 at the cost of $7.48
# 9 medium servers used with a utilisation of 48.79 at the cost of $34.79
# 11 large servers used with a utilisation of 46.27 at the cost of $53.88
# 20 xlarge servers used with a utilisation of 31.79 at the cost of $296.65
# =============================== [ Overall ] ===============================
# actual simulation end time: 94603, #jobs: 443
# total #servers used: 62, avg utilisation: 41.91 and total cost: $397.67
# avg waiting time: 780, avg exec time: 2391 and avg turnaround time: 3171

>>>>>>>>>>>>>>>>>>>>>>>>>>>>>>>>>>>>>>>>> csa <<<<<<<<<<<<<<<<<<<<<<<<<<<<<<<<<<<<<<<<<<
# ds-sim server 11-Mar, 2020 @ MQ
# Server-side simulator started with './ds-server -c ./configs/journal/config100-long-low.xml -f nd07cpu -v stats'
# Waiting for connection to port 50000 of IP address 127.0.0.1
# Welcome  jak0723!
# The system information can be read from 'system.xml'
# ---------------------------------------------------------------------------
# 18 tiny servers used with a utilisation of 41.34 at the cost of $7.98
# 9 small servers used with a utilisation of 25.91 at the cost of $9.08
# 9 medium servers used with a utilisation of 39.44 at the cost of $29.95
# 15 large servers used with a utilisation of 36.02 at the cost of $94.33
# 20 xlarge servers used with a utilisation of 29.63 at the cost of $371.16
# =============================== [ Overall ] ===============================
# actual simulation end time: 93836, #jobs: 443
# total #servers used: 71, avg utilisation: 34.72 and total cost: $512.51
# avg waiting time: 949, avg exec time: 2391 and avg turnaround time: 3340
