
>>>>>>>>>>>>>>>>>>>>>>>>>>>>>>>>>>>>>>>>> ff <<<<<<<<<<<<<<<<<<<<<<<<<<<<<<<<<<<<<<<<<<
# ds-sim server 11-Mar, 2020 @ MQ
# Server-side simulator started with './ds-server -c ./configs/journal/config100-short-med.xml -f ldns04 -v stats'
# Waiting for connection to port 50000 of IP address 127.0.0.1
# Welcome  jak0723!
# The system information can be read from 'system.xml'
# ---------------------------------------------------------------------------
# 16 tiny servers used with a utilisation of 32.44 at the cost of $27.84
# 10 small servers used with a utilisation of 32.78 at the cost of $34.62
# 7 medium servers used with a utilisation of 33.73 at the cost of $48.99
# 12 large servers used with a utilisation of 38.56 at the cost of $188.00
# 18 xlarge servers used with a utilisation of 43.31 at the cost of $548.83
# =============================== [ Overall ] ===============================
# actual simulation end time: 92320, #jobs: 2654
# total #servers used: 63, avg utilisation: 36.91 and total cost: $848.28
# avg waiting time: 53, avg exec time: 613 and avg turnaround time: 666

>>>>>>>>>>>>>>>>>>>>>>>>>>>>>>>>>>>>>>>>> bf <<<<<<<<<<<<<<<<<<<<<<<<<<<<<<<<<<<<<<<<<<
# ds-sim server 11-Mar, 2020 @ MQ
# Server-side simulator started with './ds-server -c ./configs/journal/config100-short-med.xml -f ldns04 -v stats'
# Waiting for connection to port 50000 of IP address 127.0.0.1
# Welcome  jak0723!
# The system information can be read from 'system.xml'
# ---------------------------------------------------------------------------
# 16 tiny servers used with a utilisation of 32.44 at the cost of $27.84
# 10 small servers used with a utilisation of 32.78 at the cost of $34.62
# 7 medium servers used with a utilisation of 28.59 at the cost of $47.71
# 10 large servers used with a utilisation of 27.65 at the cost of $155.44
# 20 xlarge servers used with a utilisation of 49.27 at the cost of $549.62
# =============================== [ Overall ] ===============================
# actual simulation end time: 92320, #jobs: 2654
# total #servers used: 63, avg utilisation: 36.65 and total cost: $815.23
# avg waiting time: 42, avg exec time: 613 and avg turnaround time: 655

>>>>>>>>>>>>>>>>>>>>>>>>>>>>>>>>>>>>>>>>> minwjff <<<<<<<<<<<<<<<<<<<<<<<<<<<<<<<<<<<<<<<<<<
# ds-sim server 11-Mar, 2020 @ MQ
# Server-side simulator started with './ds-server -c ./configs/journal/config100-short-med.xml -f ldns04 -v stats'
# Waiting for connection to port 50000 of IP address 127.0.0.1
# Welcome  jak0723!
# The system information can be read from 'system.xml'
# ---------------------------------------------------------------------------
# 16 tiny servers used with a utilisation of 39.27 at the cost of $21.05
# 13 small servers used with a utilisation of 31.19 at the cost of $34.52
# 8 medium servers used with a utilisation of 44.34 at the cost of $51.52
# 15 large servers used with a utilisation of 39.32 at the cost of $198.38
# 19 xlarge servers used with a utilisation of 44.17 at the cost of $515.29
# =============================== [ Overall ] ===============================
# actual simulation end time: 92320, #jobs: 2654
# total #servers used: 71, avg utilisation: 39.69 and total cost: $820.76
# avg waiting time: 4, avg exec time: 613 and avg turnaround time: 617

>>>>>>>>>>>>>>>>>>>>>>>>>>>>>>>>>>>>>>>>> minwjbf <<<<<<<<<<<<<<<<<<<<<<<<<<<<<<<<<<<<<<<<<<
# ds-sim server 11-Mar, 2020 @ MQ
# Server-side simulator started with './ds-server -c ./configs/journal/config100-short-med.xml -f ldns04 -v stats'
# Waiting for connection to port 50000 of IP address 127.0.0.1
# Welcome  jak0723!
# The system information can be read from 'system.xml'
# ---------------------------------------------------------------------------
# 16 tiny servers used with a utilisation of 39.27 at the cost of $21.05
# 13 small servers used with a utilisation of 31.19 at the cost of $34.52
# 8 medium servers used with a utilisation of 44.34 at the cost of $51.52
# 15 large servers used with a utilisation of 39.32 at the cost of $198.38
# 18 xlarge servers used with a utilisation of 40.40 at the cost of $527.21
# =============================== [ Overall ] ===============================
# actual simulation end time: 92320, #jobs: 2654
# total #servers used: 70, avg utilisation: 38.65 and total cost: $832.68
# avg waiting time: 5, avg exec time: 613 and avg turnaround time: 618

>>>>>>>>>>>>>>>>>>>>>>>>>>>>>>>>>>>>>>>>> csa <<<<<<<<<<<<<<<<<<<<<<<<<<<<<<<<<<<<<<<<<<
# ds-sim server 11-Mar, 2020 @ MQ
# Server-side simulator started with './ds-server -c ./configs/journal/config100-short-med.xml -f ldns04 -v stats'
# Waiting for connection to port 50000 of IP address 127.0.0.1
# Welcome  jak0723!
# The system information can be read from 'system.xml'
# ---------------------------------------------------------------------------
# 18 tiny servers used with a utilisation of 28.99 at the cost of $26.36
# 10 small servers used with a utilisation of 27.88 at the cost of $32.30
# 8 medium servers used with a utilisation of 29.16 at the cost of $51.04
# 14 large servers used with a utilisation of 35.73 at the cost of $178.28
# 17 xlarge servers used with a utilisation of 41.96 at the cost of $496.15
# =============================== [ Overall ] ===============================
# actual simulation end time: 92320, #jobs: 2654
# total #servers used: 67, avg utilisation: 33.54 and total cost: $784.13
# avg waiting time: 15, avg exec time: 613 and avg turnaround time: 628
