
>>>>>>>>>>>>>>>>>>>>>>>>>>>>>>>>>>>>>>>>> ff <<<<<<<<<<<<<<<<<<<<<<<<<<<<<<<<<<<<<<<<<<
# ds-sim server 11-Mar, 2020 @ MQ
# Server-side simulator started with './ds-server -c ./configs/journal/config100-med-low.xml -f teragrid -v stats'
# Waiting for connection to port 50000 of IP address 127.0.0.1
# Welcome  jak0723!
# The system information can be read from 'system.xml'
# ---------------------------------------------------------------------------
# 16 tiny servers used with a utilisation of 54.62 at the cost of $16.23
# 5 small servers used with a utilisation of 34.97 at the cost of $14.38
# 5 medium servers used with a utilisation of 28.45 at the cost of $35.89
# 6 large servers used with a utilisation of 30.95 at the cost of $91.42
# 12 xlarge servers used with a utilisation of 37.46 at the cost of $314.46
# =============================== [ Overall ] ===============================
# actual simulation end time: 87373, #jobs: 716
# total #servers used: 44, avg utilisation: 41.51 and total cost: $472.37
# avg waiting time: 16, avg exec time: 1129 and avg turnaround time: 1145

>>>>>>>>>>>>>>>>>>>>>>>>>>>>>>>>>>>>>>>>> bf <<<<<<<<<<<<<<<<<<<<<<<<<<<<<<<<<<<<<<<<<<
# ds-sim server 11-Mar, 2020 @ MQ
# Server-side simulator started with './ds-server -c ./configs/journal/config100-med-low.xml -f teragrid -v stats'
# Waiting for connection to port 50000 of IP address 127.0.0.1
# Welcome  jak0723!
# The system information can be read from 'system.xml'
# ---------------------------------------------------------------------------
# 16 tiny servers used with a utilisation of 54.62 at the cost of $16.23
# 5 small servers used with a utilisation of 34.97 at the cost of $14.38
# 4 medium servers used with a utilisation of 45.65 at the cost of $27.34
# 5 large servers used with a utilisation of 26.41 at the cost of $72.95
# 13 xlarge servers used with a utilisation of 41.69 at the cost of $316.93
# =============================== [ Overall ] ===============================
# actual simulation end time: 87373, #jobs: 716
# total #servers used: 43, avg utilisation: 44.31 and total cost: $447.83
# avg waiting time: 19, avg exec time: 1129 and avg turnaround time: 1148

>>>>>>>>>>>>>>>>>>>>>>>>>>>>>>>>>>>>>>>>> minwjff <<<<<<<<<<<<<<<<<<<<<<<<<<<<<<<<<<<<<<<<<<
# ds-sim server 11-Mar, 2020 @ MQ
# Server-side simulator started with './ds-server -c ./configs/journal/config100-med-low.xml -f teragrid -v stats'
# Waiting for connection to port 50000 of IP address 127.0.0.1
# Welcome  jak0723!
# The system information can be read from 'system.xml'
# ---------------------------------------------------------------------------
# 16 tiny servers used with a utilisation of 44.54 at the cost of $19.03
# 5 small servers used with a utilisation of 34.97 at the cost of $14.38
# 5 medium servers used with a utilisation of 42.50 at the cost of $35.63
# 6 large servers used with a utilisation of 30.95 at the cost of $91.42
# 14 xlarge servers used with a utilisation of 32.15 at the cost of $317.75
# =============================== [ Overall ] ===============================
# actual simulation end time: 87373, #jobs: 716
# total #servers used: 46, avg utilisation: 37.74 and total cost: $478.21
# avg waiting time: 6, avg exec time: 1129 and avg turnaround time: 1135

>>>>>>>>>>>>>>>>>>>>>>>>>>>>>>>>>>>>>>>>> minwjbf <<<<<<<<<<<<<<<<<<<<<<<<<<<<<<<<<<<<<<<<<<
# ds-sim server 11-Mar, 2020 @ MQ
# Server-side simulator started with './ds-server -c ./configs/journal/config100-med-low.xml -f teragrid -v stats'
# Waiting for connection to port 50000 of IP address 127.0.0.1
# Welcome  jak0723!
# The system information can be read from 'system.xml'
# ---------------------------------------------------------------------------
# 16 tiny servers used with a utilisation of 44.54 at the cost of $19.03
# 5 small servers used with a utilisation of 34.97 at the cost of $14.38
# 5 medium servers used with a utilisation of 42.50 at the cost of $35.63
# 6 large servers used with a utilisation of 30.95 at the cost of $91.42
# 14 xlarge servers used with a utilisation of 32.15 at the cost of $317.75
# =============================== [ Overall ] ===============================
# actual simulation end time: 87373, #jobs: 716
# total #servers used: 46, avg utilisation: 37.74 and total cost: $478.21
# avg waiting time: 6, avg exec time: 1129 and avg turnaround time: 1135

>>>>>>>>>>>>>>>>>>>>>>>>>>>>>>>>>>>>>>>>> csa <<<<<<<<<<<<<<<<<<<<<<<<<<<<<<<<<<<<<<<<<<
# ds-sim server 11-Mar, 2020 @ MQ
# Server-side simulator started with './ds-server -c ./configs/journal/config100-med-low.xml -f teragrid -v stats'
# Waiting for connection to port 50000 of IP address 127.0.0.1
# Welcome  jak0723!
# The system information can be read from 'system.xml'
# ---------------------------------------------------------------------------
# 16 tiny servers used with a utilisation of 38.19 at the cost of $19.00
# 5 small servers used with a utilisation of 24.41 at the cost of $14.45
# 6 medium servers used with a utilisation of 24.03 at the cost of $35.87
# 6 large servers used with a utilisation of 30.95 at the cost of $91.42
# 12 xlarge servers used with a utilisation of 38.82 at the cost of $327.55
# =============================== [ Overall ] ===============================
# actual simulation end time: 87373, #jobs: 716
# total #servers used: 45, avg utilisation: 33.97 and total cost: $488.28
# avg waiting time: 8, avg exec time: 1129 and avg turnaround time: 1137
