
>>>>>>>>>>>>>>>>>>>>>>>>>>>>>>>>>>>>>>>>> ff <<<<<<<<<<<<<<<<<<<<<<<<<<<<<<<<<<<<<<<<<<
# ds-sim server 11-Mar, 2020 @ MQ
# Server-side simulator started with './ds-server -c ./configs/journal/config100-long-low.xml -f pl05 -v stats'
# Waiting for connection to port 50000 of IP address 127.0.0.1
# Welcome  jak0723!
# The system information can be read from 'system.xml'
# ---------------------------------------------------------------------------
# 20 tiny servers used with a utilisation of 22.24 at the cost of $17.81
# 5 small servers used with a utilisation of 43.56 at the cost of $10.85
# 9 medium servers used with a utilisation of 20.23 at the cost of $31.65
# 10 large servers used with a utilisation of 32.87 at the cost of $99.28
# 19 xlarge servers used with a utilisation of 31.25 at the cost of $337.64
# =============================== [ Overall ] ===============================
# actual simulation end time: 96667, #jobs: 443
# total #servers used: 63, avg utilisation: 28.05 and total cost: $497.23
# avg waiting time: 1921, avg exec time: 2391 and avg turnaround time: 4312

>>>>>>>>>>>>>>>>>>>>>>>>>>>>>>>>>>>>>>>>> bf <<<<<<<<<<<<<<<<<<<<<<<<<<<<<<<<<<<<<<<<<<
# ds-sim server 11-Mar, 2020 @ MQ
# Server-side simulator started with './ds-server -c ./configs/journal/config100-long-low.xml -f pl05 -v stats'
# Waiting for connection to port 50000 of IP address 127.0.0.1
# Welcome  jak0723!
# The system information can be read from 'system.xml'
# ---------------------------------------------------------------------------
# 20 tiny servers used with a utilisation of 29.00 at the cost of $15.52
# 5 small servers used with a utilisation of 38.75 at the cost of $12.07
# 8 medium servers used with a utilisation of 18.14 at the cost of $29.47
# 8 large servers used with a utilisation of 29.47 at the cost of $63.17
# 19 xlarge servers used with a utilisation of 25.98 at the cost of $370.83
# =============================== [ Overall ] ===============================
# actual simulation end time: 114178, #jobs: 443
# total #servers used: 60, avg utilisation: 27.47 and total cost: $491.06
# avg waiting time: 1977, avg exec time: 2391 and avg turnaround time: 4368

>>>>>>>>>>>>>>>>>>>>>>>>>>>>>>>>>>>>>>>>> minwjff <<<<<<<<<<<<<<<<<<<<<<<<<<<<<<<<<<<<<<<<<<
# ds-sim server 11-Mar, 2020 @ MQ
# Server-side simulator started with './ds-server -c ./configs/journal/config100-long-low.xml -f pl05 -v stats'
# Waiting for connection to port 50000 of IP address 127.0.0.1
# Welcome  jak0723!
# The system information can be read from 'system.xml'
# ---------------------------------------------------------------------------
# 11 tiny servers used with a utilisation of 32.13 at the cost of $3.47
# 12 small servers used with a utilisation of 42.06 at the cost of $4.96
# 9 medium servers used with a utilisation of 32.65 at the cost of $34.43
# 11 large servers used with a utilisation of 36.80 at the cost of $82.79
# 19 xlarge servers used with a utilisation of 28.59 at the cost of $315.50
# =============================== [ Overall ] ===============================
# actual simulation end time: 94671, #jobs: 443
# total #servers used: 62, avg utilisation: 33.87 and total cost: $441.15
# avg waiting time: 783, avg exec time: 2391 and avg turnaround time: 3174

>>>>>>>>>>>>>>>>>>>>>>>>>>>>>>>>>>>>>>>>> minwjbf <<<<<<<<<<<<<<<<<<<<<<<<<<<<<<<<<<<<<<<<<<
# ds-sim server 11-Mar, 2020 @ MQ
# Server-side simulator started with './ds-server -c ./configs/journal/config100-long-low.xml -f pl05 -v stats'
# Waiting for connection to port 50000 of IP address 127.0.0.1
# Welcome  jak0723!
# The system information can be read from 'system.xml'
# ---------------------------------------------------------------------------
# 11 tiny servers used with a utilisation of 32.13 at the cost of $3.47
# 12 small servers used with a utilisation of 40.85 at the cost of $4.41
# 11 medium servers used with a utilisation of 31.30 at the cost of $28.38
# 10 large servers used with a utilisation of 45.13 at the cost of $59.48
# 19 xlarge servers used with a utilisation of 28.28 at the cost of $338.69
# =============================== [ Overall ] ===============================
# actual simulation end time: 103405, #jobs: 443
# total #servers used: 63, avg utilisation: 34.55 and total cost: $434.44
# avg waiting time: 1428, avg exec time: 2391 and avg turnaround time: 3819

>>>>>>>>>>>>>>>>>>>>>>>>>>>>>>>>>>>>>>>>> csa <<<<<<<<<<<<<<<<<<<<<<<<<<<<<<<<<<<<<<<<<<
# ds-sim server 11-Mar, 2020 @ MQ
# Server-side simulator started with './ds-server -c ./configs/journal/config100-long-low.xml -f pl05 -v stats'
# Waiting for connection to port 50000 of IP address 127.0.0.1
# Welcome  jak0723!
# The system information can be read from 'system.xml'
# ---------------------------------------------------------------------------
# 18 tiny servers used with a utilisation of 21.60 at the cost of $6.24
# 13 small servers used with a utilisation of 37.25 at the cost of $13.46
# 11 medium servers used with a utilisation of 31.83 at the cost of $33.02
# 16 large servers used with a utilisation of 35.59 at the cost of $98.63
# 19 xlarge servers used with a utilisation of 27.11 at the cost of $379.19
# =============================== [ Overall ] ===============================
# actual simulation end time: 103796, #jobs: 443
# total #servers used: 77, avg utilisation: 29.97 and total cost: $530.54
# avg waiting time: 1360, avg exec time: 2391 and avg turnaround time: 3751
